[8.923s] Invoking command in '/home/brsd/microros_ws/src/joystick_input': PYTHONPATH=/home/brsd/microros_ws/build/joystick_input/prefix_override:/usr/lib/python3/dist-packages/colcon_core/task/python/colcon_distutils_commands:/home/brsd/microros_ws/install/joystick_input/lib/python3.8/site-packages:${PYTHONPATH} /usr/bin/python3 -W ignore:setup.py install is deprecated setup.py egg_info --egg-base ../../build/joystick_input build --build-base /home/brsd/microros_ws/build/joystick_input/build install --record /home/brsd/microros_ws/build/joystick_input/install.log --install-scripts $base/lib/joystick_input --single-version-externally-managed install_data
[10.674s] running egg_info
[10.675s] writing ../../build/joystick_input/joystick_input.egg-info/PKG-INFO
[10.675s] writing dependency_links to ../../build/joystick_input/joystick_input.egg-info/dependency_links.txt
[10.676s] writing entry points to ../../build/joystick_input/joystick_input.egg-info/entry_points.txt
[10.676s] writing requirements to ../../build/joystick_input/joystick_input.egg-info/requires.txt
[10.677s] writing top-level names to ../../build/joystick_input/joystick_input.egg-info/top_level.txt
[10.677s] reading manifest file '../../build/joystick_input/joystick_input.egg-info/SOURCES.txt'
[10.686s] writing manifest file '../../build/joystick_input/joystick_input.egg-info/SOURCES.txt'
[10.687s] running build
[10.687s] running build_py
[10.688s] running install
[10.688s] running install_lib
[10.689s] running install_data
[10.689s] running install_egg_info
[10.690s] removing '/home/brsd/microros_ws/install/joystick_input/lib/python3.8/site-packages/joystick_input-0.0.0-py3.8.egg-info' (and everything under it)
[10.690s] Copying ../../build/joystick_input/joystick_input.egg-info to /home/brsd/microros_ws/install/joystick_input/lib/python3.8/site-packages/joystick_input-0.0.0-py3.8.egg-info
[10.691s] running install_scripts
[10.818s] Installing joystick_node script to /home/brsd/microros_ws/install/joystick_input/lib/joystick_input
[10.822s] writing list of installed files to '/home/brsd/microros_ws/build/joystick_input/install.log'
[10.961s] Invoked command in '/home/brsd/microros_ws/src/joystick_input' returned '0': PYTHONPATH=/home/brsd/microros_ws/build/joystick_input/prefix_override:/usr/lib/python3/dist-packages/colcon_core/task/python/colcon_distutils_commands:/home/brsd/microros_ws/install/joystick_input/lib/python3.8/site-packages:${PYTHONPATH} /usr/bin/python3 -W ignore:setup.py install is deprecated setup.py egg_info --egg-base ../../build/joystick_input build --build-base /home/brsd/microros_ws/build/joystick_input/build install --record /home/brsd/microros_ws/build/joystick_input/install.log --install-scripts $base/lib/joystick_input --single-version-externally-managed install_data
