[9.184s] Invoking command in '/home/brsd/microros_ws/src/jetson_comm': PYTHONPATH=/home/brsd/microros_ws/build/jetson_comm/prefix_override:/usr/lib/python3/dist-packages/colcon_core/task/python/colcon_distutils_commands:/home/brsd/microros_ws/install/jetson_comm/lib/python3.8/site-packages:${PYTHONPATH} /usr/bin/python3 -W ignore:setup.py install is deprecated setup.py egg_info --egg-base ../../build/jetson_comm build --build-base /home/brsd/microros_ws/build/jetson_comm/build install --record /home/brsd/microros_ws/build/jetson_comm/install.log --install-scripts $base/lib/jetson_comm --single-version-externally-managed install_data
[12.053s] running egg_info
[12.059s] writing ../../build/jetson_comm/jetson_comm.egg-info/PKG-INFO
[12.062s] writing dependency_links to ../../build/jetson_comm/jetson_comm.egg-info/dependency_links.txt
[12.065s] writing entry points to ../../build/jetson_comm/jetson_comm.egg-info/entry_points.txt
[12.068s] writing requirements to ../../build/jetson_comm/jetson_comm.egg-info/requires.txt
[12.069s] writing top-level names to ../../build/jetson_comm/jetson_comm.egg-info/top_level.txt
[12.319s] reading manifest file '../../build/jetson_comm/jetson_comm.egg-info/SOURCES.txt'
[12.330s] writing manifest file '../../build/jetson_comm/jetson_comm.egg-info/SOURCES.txt'
[12.331s] running build
[12.331s] running build_py
[12.331s] running install
[12.334s] running install_lib
[12.351s] running install_data
[12.352s] running install_egg_info
[12.367s] removing '/home/brsd/microros_ws/install/jetson_comm/lib/python3.8/site-packages/jetson_comm-0.0.0-py3.8.egg-info' (and everything under it)
[12.368s] Copying ../../build/jetson_comm/jetson_comm.egg-info to /home/brsd/microros_ws/install/jetson_comm/lib/python3.8/site-packages/jetson_comm-0.0.0-py3.8.egg-info
[12.382s] running install_scripts
[12.569s] Installing jetson_node script to /home/brsd/microros_ws/install/jetson_comm/lib/jetson_comm
[12.574s] writing list of installed files to '/home/brsd/microros_ws/build/jetson_comm/install.log'
[13.826s] Invoked command in '/home/brsd/microros_ws/src/jetson_comm' returned '0': PYTHONPATH=/home/brsd/microros_ws/build/jetson_comm/prefix_override:/usr/lib/python3/dist-packages/colcon_core/task/python/colcon_distutils_commands:/home/brsd/microros_ws/install/jetson_comm/lib/python3.8/site-packages:${PYTHONPATH} /usr/bin/python3 -W ignore:setup.py install is deprecated setup.py egg_info --egg-base ../../build/jetson_comm build --build-base /home/brsd/microros_ws/build/jetson_comm/build install --record /home/brsd/microros_ws/build/jetson_comm/install.log --install-scripts $base/lib/jetson_comm --single-version-externally-managed install_data
