[4.840s] Invoking command in '/home/brsd/microros_ws/src/pathfinding': PYTHONPATH=/home/brsd/microros_ws/build/pathfinding/prefix_override:/usr/lib/python3/dist-packages/colcon_core/task/python/colcon_distutils_commands:/home/brsd/microros_ws/install/pathfinding/lib/python3.8/site-packages:${PYTHONPATH} /usr/bin/python3 -W ignore:setup.py install is deprecated setup.py egg_info --egg-base ../../build/pathfinding build --build-base /home/brsd/microros_ws/build/pathfinding/build install --record /home/brsd/microros_ws/build/pathfinding/install.log --install-scripts $base/lib/pathfinding --single-version-externally-managed install_data
[5.913s] running egg_info
[5.916s] writing ../../build/pathfinding/pathfinding.egg-info/PKG-INFO
[5.918s] writing dependency_links to ../../build/pathfinding/pathfinding.egg-info/dependency_links.txt
[5.919s] writing entry points to ../../build/pathfinding/pathfinding.egg-info/entry_points.txt
[5.919s] writing requirements to ../../build/pathfinding/pathfinding.egg-info/requires.txt
[5.920s] writing top-level names to ../../build/pathfinding/pathfinding.egg-info/top_level.txt
[6.088s] reading manifest file '../../build/pathfinding/pathfinding.egg-info/SOURCES.txt'
[6.095s] writing manifest file '../../build/pathfinding/pathfinding.egg-info/SOURCES.txt'
[6.095s] running build
[6.095s] running build_py
[6.096s] copying pathfinding/pathfinding.py -> /home/brsd/microros_ws/build/pathfinding/build/lib/pathfinding
[6.097s] running install
[6.101s] running install_lib
[6.105s] copying /home/brsd/microros_ws/build/pathfinding/build/lib/pathfinding/pathfinding.py -> /home/brsd/microros_ws/install/pathfinding/lib/python3.8/site-packages/pathfinding
[6.107s] byte-compiling /home/brsd/microros_ws/install/pathfinding/lib/python3.8/site-packages/pathfinding/pathfinding.py to pathfinding.cpython-38.pyc
[6.116s] running install_data
[6.116s] running install_egg_info
[6.124s] removing '/home/brsd/microros_ws/install/pathfinding/lib/python3.8/site-packages/pathfinding-0.0.0-py3.8.egg-info' (and everything under it)
[6.125s] Copying ../../build/pathfinding/pathfinding.egg-info to /home/brsd/microros_ws/install/pathfinding/lib/python3.8/site-packages/pathfinding-0.0.0-py3.8.egg-info
[6.129s] running install_scripts
[6.204s] Installing pathfinding_node script to /home/brsd/microros_ws/install/pathfinding/lib/pathfinding
[6.206s] writing list of installed files to '/home/brsd/microros_ws/build/pathfinding/install.log'
[6.319s] Invoked command in '/home/brsd/microros_ws/src/pathfinding' returned '0': PYTHONPATH=/home/brsd/microros_ws/build/pathfinding/prefix_override:/usr/lib/python3/dist-packages/colcon_core/task/python/colcon_distutils_commands:/home/brsd/microros_ws/install/pathfinding/lib/python3.8/site-packages:${PYTHONPATH} /usr/bin/python3 -W ignore:setup.py install is deprecated setup.py egg_info --egg-base ../../build/pathfinding build --build-base /home/brsd/microros_ws/build/pathfinding/build install --record /home/brsd/microros_ws/build/pathfinding/install.log --install-scripts $base/lib/pathfinding --single-version-externally-managed install_data
