[9.035s] Invoking command in '/home/brsd/microros_ws/src/pathfinding': PYTHONPATH=/home/brsd/microros_ws/build/pathfinding/prefix_override:/usr/lib/python3/dist-packages/colcon_core/task/python/colcon_distutils_commands:/home/brsd/microros_ws/install/pathfinding/lib/python3.8/site-packages:${PYTHONPATH} /usr/bin/python3 -W ignore:setup.py install is deprecated setup.py egg_info --egg-base ../../build/pathfinding build --build-base /home/brsd/microros_ws/build/pathfinding/build install --record /home/brsd/microros_ws/build/pathfinding/install.log --install-scripts $base/lib/pathfinding --single-version-externally-managed install_data
[11.568s] running egg_info
[11.573s] writing ../../build/pathfinding/pathfinding.egg-info/PKG-INFO
[11.577s] writing dependency_links to ../../build/pathfinding/pathfinding.egg-info/dependency_links.txt
[11.578s] writing entry points to ../../build/pathfinding/pathfinding.egg-info/entry_points.txt
[11.579s] writing requirements to ../../build/pathfinding/pathfinding.egg-info/requires.txt
[11.581s] writing top-level names to ../../build/pathfinding/pathfinding.egg-info/top_level.txt
[11.812s] reading manifest file '../../build/pathfinding/pathfinding.egg-info/SOURCES.txt'
[11.827s] writing manifest file '../../build/pathfinding/pathfinding.egg-info/SOURCES.txt'
[11.830s] running build
[11.831s] running build_py
[11.831s] copying pathfinding/pathfinding.py -> /home/brsd/microros_ws/build/pathfinding/build/lib/pathfinding
[11.832s] running install
[11.837s] running install_lib
[11.838s] copying /home/brsd/microros_ws/build/pathfinding/build/lib/pathfinding/pathfinding.py -> /home/brsd/microros_ws/install/pathfinding/lib/python3.8/site-packages/pathfinding
[11.839s] byte-compiling /home/brsd/microros_ws/install/pathfinding/lib/python3.8/site-packages/pathfinding/pathfinding.py to pathfinding.cpython-38.pyc
[11.849s] running install_data
[11.850s] running install_egg_info
[11.860s] removing '/home/brsd/microros_ws/install/pathfinding/lib/python3.8/site-packages/pathfinding-0.0.0-py3.8.egg-info' (and everything under it)
[11.861s] Copying ../../build/pathfinding/pathfinding.egg-info to /home/brsd/microros_ws/install/pathfinding/lib/python3.8/site-packages/pathfinding-0.0.0-py3.8.egg-info
[11.869s] running install_scripts
[11.972s] Installing pathfinding_node script to /home/brsd/microros_ws/install/pathfinding/lib/pathfinding
[11.974s] writing list of installed files to '/home/brsd/microros_ws/build/pathfinding/install.log'
[12.116s] Invoked command in '/home/brsd/microros_ws/src/pathfinding' returned '0': PYTHONPATH=/home/brsd/microros_ws/build/pathfinding/prefix_override:/usr/lib/python3/dist-packages/colcon_core/task/python/colcon_distutils_commands:/home/brsd/microros_ws/install/pathfinding/lib/python3.8/site-packages:${PYTHONPATH} /usr/bin/python3 -W ignore:setup.py install is deprecated setup.py egg_info --egg-base ../../build/pathfinding build --build-base /home/brsd/microros_ws/build/pathfinding/build install --record /home/brsd/microros_ws/build/pathfinding/install.log --install-scripts $base/lib/pathfinding --single-version-externally-managed install_data
