[3.375s] Invoking command in '/home/brsd/microros_ws/src/object_detection_pkg': PYTHONPATH=/home/brsd/microros_ws/build/object_detection_pkg/prefix_override:/usr/lib/python3/dist-packages/colcon_core/task/python/colcon_distutils_commands:/home/brsd/microros_ws/install/object_detection_pkg/lib/python3.8/site-packages:${PYTHONPATH} /usr/bin/python3 -W ignore:setup.py install is deprecated setup.py egg_info --egg-base ../../build/object_detection_pkg build --build-base /home/brsd/microros_ws/build/object_detection_pkg/build install --record /home/brsd/microros_ws/build/object_detection_pkg/install.log --install-scripts $base/lib/object_detection_pkg --single-version-externally-managed install_data
[4.304s] running egg_info
[4.306s] creating ../../build/object_detection_pkg/object_detection_pkg.egg-info
[4.306s] writing ../../build/object_detection_pkg/object_detection_pkg.egg-info/PKG-INFO
[4.307s] writing dependency_links to ../../build/object_detection_pkg/object_detection_pkg.egg-info/dependency_links.txt
[4.308s] writing entry points to ../../build/object_detection_pkg/object_detection_pkg.egg-info/entry_points.txt
[4.308s] writing requirements to ../../build/object_detection_pkg/object_detection_pkg.egg-info/requires.txt
[4.309s] writing top-level names to ../../build/object_detection_pkg/object_detection_pkg.egg-info/top_level.txt
[4.314s] writing manifest file '../../build/object_detection_pkg/object_detection_pkg.egg-info/SOURCES.txt'
[4.475s] reading manifest file '../../build/object_detection_pkg/object_detection_pkg.egg-info/SOURCES.txt'
[4.478s] writing manifest file '../../build/object_detection_pkg/object_detection_pkg.egg-info/SOURCES.txt'
[4.479s] running build
[4.479s] running build_py
[4.480s] creating /home/brsd/microros_ws/build/object_detection_pkg/build
[4.480s] creating /home/brsd/microros_ws/build/object_detection_pkg/build/lib
[4.480s] creating /home/brsd/microros_ws/build/object_detection_pkg/build/lib/object_detection_pkg
[4.481s] copying object_detection_pkg/__init__.py -> /home/brsd/microros_ws/build/object_detection_pkg/build/lib/object_detection_pkg
[4.481s] copying object_detection_pkg/object_detection.py -> /home/brsd/microros_ws/build/object_detection_pkg/build/lib/object_detection_pkg
[4.482s] running install
[4.484s] running install_lib
[4.487s] creating /home/brsd/microros_ws/install/object_detection_pkg/lib/python3.8/site-packages/object_detection_pkg
[4.488s] copying /home/brsd/microros_ws/build/object_detection_pkg/build/lib/object_detection_pkg/__init__.py -> /home/brsd/microros_ws/install/object_detection_pkg/lib/python3.8/site-packages/object_detection_pkg
[4.488s] copying /home/brsd/microros_ws/build/object_detection_pkg/build/lib/object_detection_pkg/object_detection.py -> /home/brsd/microros_ws/install/object_detection_pkg/lib/python3.8/site-packages/object_detection_pkg
[4.490s] byte-compiling /home/brsd/microros_ws/install/object_detection_pkg/lib/python3.8/site-packages/object_detection_pkg/__init__.py to __init__.cpython-38.pyc
[4.495s] byte-compiling /home/brsd/microros_ws/install/object_detection_pkg/lib/python3.8/site-packages/object_detection_pkg/object_detection.py to object_detection.cpython-38.pyc
[4.496s] running install_data
[4.496s] creating /home/brsd/microros_ws/install/object_detection_pkg/share/ament_index
[4.497s] creating /home/brsd/microros_ws/install/object_detection_pkg/share/ament_index/resource_index
[4.497s] creating /home/brsd/microros_ws/install/object_detection_pkg/share/ament_index/resource_index/packages
[4.497s] copying resource/object_detection_pkg -> /home/brsd/microros_ws/install/object_detection_pkg/share/ament_index/resource_index/packages
[4.498s] copying package.xml -> /home/brsd/microros_ws/install/object_detection_pkg/share/object_detection_pkg
[4.498s] running install_egg_info
[4.504s] Copying ../../build/object_detection_pkg/object_detection_pkg.egg-info to /home/brsd/microros_ws/install/object_detection_pkg/lib/python3.8/site-packages/object_detection_pkg-0.0.0-py3.8.egg-info
[4.507s] running install_scripts
[4.578s] writing list of installed files to '/home/brsd/microros_ws/build/object_detection_pkg/install.log'
[4.681s] Invoked command in '/home/brsd/microros_ws/src/object_detection_pkg' returned '0': PYTHONPATH=/home/brsd/microros_ws/build/object_detection_pkg/prefix_override:/usr/lib/python3/dist-packages/colcon_core/task/python/colcon_distutils_commands:/home/brsd/microros_ws/install/object_detection_pkg/lib/python3.8/site-packages:${PYTHONPATH} /usr/bin/python3 -W ignore:setup.py install is deprecated setup.py egg_info --egg-base ../../build/object_detection_pkg build --build-base /home/brsd/microros_ws/build/object_detection_pkg/build install --record /home/brsd/microros_ws/build/object_detection_pkg/install.log --install-scripts $base/lib/object_detection_pkg --single-version-externally-managed install_data
