[0.139s] Invoking command in '/home/brsd/microros_ws/build/micro_ros_msgs': CMAKE_PREFIX_PATH=${CMAKE_PREFIX_PATH}:/home/brsd/microros_ws/install/jetson_comm:/opt/ros/foxy /usr/bin/cmake --build /home/brsd/microros_ws/build/micro_ros_msgs -- -j4 -l4
[1.450s] [  2%] Built target micro_ros_msgs__cpp
[1.451s] [ 12%] Built target micro_ros_msgs__rosidl_generator_c
[1.454s] [ 23%] Built target micro_ros_msgs__rosidl_typesupport_cpp
[1.455s] [ 34%] Built target micro_ros_msgs__rosidl_typesupport_c
[1.456s] [ 44%] Built target micro_ros_msgs__rosidl_typesupport_introspection_cpp
[1.456s] [ 55%] Built target micro_ros_msgs__rosidl_typesupport_fastrtps_cpp
[1.457s] [ 65%] Built target micro_ros_msgs__rosidl_typesupport_introspection_c
[1.457s] [ 76%] Built target micro_ros_msgs__rosidl_typesupport_fastrtps_c
[1.458s] [ 76%] Built target micro_ros_msgs
[1.458s] [ 78%] Built target micro_ros_msgs__py
[1.458s] [ 87%] Built target micro_ros_msgs__python
[1.459s] [ 91%] Built target micro_ros_msgs__rosidl_typesupport_introspection_c__pyext
[1.460s] [ 95%] Built target micro_ros_msgs__rosidl_typesupport_fastrtps_c__pyext
[1.462s] [100%] Built target micro_ros_msgs__rosidl_typesupport_c__pyext
[1.502s] Invoked command in '/home/brsd/microros_ws/build/micro_ros_msgs' returned '0': CMAKE_PREFIX_PATH=${CMAKE_PREFIX_PATH}:/home/brsd/microros_ws/install/jetson_comm:/opt/ros/foxy /usr/bin/cmake --build /home/brsd/microros_ws/build/micro_ros_msgs -- -j4 -l4
[2.018s] Invoking command in '/home/brsd/microros_ws/build/micro_ros_msgs': CMAKE_PREFIX_PATH=${CMAKE_PREFIX_PATH}:/home/brsd/microros_ws/install/jetson_comm:/opt/ros/foxy /usr/bin/cmake --install /home/brsd/microros_ws/build/micro_ros_msgs
[2.026s] -- Install configuration: ""
[2.026s] -- Up-to-date: /home/brsd/microros_ws/install/micro_ros_msgs/share/ament_index/resource_index/rosidl_interfaces/micro_ros_msgs
[2.027s] -- Up-to-date: /home/brsd/microros_ws/install/micro_ros_msgs/include/micro_ros_msgs
[2.028s] -- Up-to-date: /home/brsd/microros_ws/install/micro_ros_msgs/include/micro_ros_msgs/msg
[2.029s] -- Up-to-date: /home/brsd/microros_ws/install/micro_ros_msgs/include/micro_ros_msgs/msg/entity.h
[2.029s] -- Up-to-date: /home/brsd/microros_ws/install/micro_ros_msgs/include/micro_ros_msgs/msg/node.h
[2.029s] -- Up-to-date: /home/brsd/microros_ws/install/micro_ros_msgs/include/micro_ros_msgs/msg/graph.h
[2.031s] -- Up-to-date: /home/brsd/microros_ws/install/micro_ros_msgs/include/micro_ros_msgs/msg/detail
[2.036s] -- Up-to-date: /home/brsd/microros_ws/install/micro_ros_msgs/include/micro_ros_msgs/msg/detail/graph__type_support.h
[2.037s] -- Up-to-date: /home/brsd/microros_ws/install/micro_ros_msgs/include/micro_ros_msgs/msg/detail/node__type_support.h
[2.037s] -- Up-to-date: /home/brsd/microros_ws/install/micro_ros_msgs/include/micro_ros_msgs/msg/detail/entity__struct.h
[2.038s] -- Up-to-date: /home/brsd/microros_ws/install/micro_ros_msgs/include/micro_ros_msgs/msg/detail/node__functions.h
[2.038s] -- Up-to-date: /home/brsd/microros_ws/install/micro_ros_msgs/include/micro_ros_msgs/msg/detail/entity__functions.h
[2.039s] -- Up-to-date: /home/brsd/microros_ws/install/micro_ros_msgs/include/micro_ros_msgs/msg/detail/node__struct.h
[2.040s] -- Up-to-date: /home/brsd/microros_ws/install/micro_ros_msgs/include/micro_ros_msgs/msg/detail/graph__functions.c
[2.040s] -- Up-to-date: /home/brsd/microros_ws/install/micro_ros_msgs/include/micro_ros_msgs/msg/detail/node__functions.c
[2.040s] -- Up-to-date: /home/brsd/microros_ws/install/micro_ros_msgs/include/micro_ros_msgs/msg/detail/graph__struct.h
[2.041s] -- Up-to-date: /home/brsd/microros_ws/install/micro_ros_msgs/include/micro_ros_msgs/msg/detail/entity__type_support.h
[2.041s] -- Up-to-date: /home/brsd/microros_ws/install/micro_ros_msgs/include/micro_ros_msgs/msg/detail/graph__functions.h
[2.042s] -- Up-to-date: /home/brsd/microros_ws/install/micro_ros_msgs/include/micro_ros_msgs/msg/detail/entity__functions.c
[2.042s] -- Up-to-date: /home/brsd/microros_ws/install/micro_ros_msgs/include/micro_ros_msgs/msg/rosidl_generator_c__visibility_control.h
[2.043s] -- Up-to-date: /home/brsd/microros_ws/install/micro_ros_msgs/share/micro_ros_msgs/environment/library_path.sh
[2.043s] -- Up-to-date: /home/brsd/microros_ws/install/micro_ros_msgs/share/micro_ros_msgs/environment/library_path.dsv
[2.044s] -- Up-to-date: /home/brsd/microros_ws/install/micro_ros_msgs/lib/libmicro_ros_msgs__rosidl_generator_c.so
[2.044s] -- Up-to-date: /home/brsd/microros_ws/install/micro_ros_msgs/include/micro_ros_msgs
[2.045s] -- Up-to-date: /home/brsd/microros_ws/install/micro_ros_msgs/include/micro_ros_msgs/msg
[2.045s] -- Up-to-date: /home/brsd/microros_ws/install/micro_ros_msgs/include/micro_ros_msgs/msg/rosidl_typesupport_fastrtps_c__visibility_control.h
[2.045s] -- Up-to-date: /home/brsd/microros_ws/install/micro_ros_msgs/include/micro_ros_msgs/msg/detail
[2.046s] -- Up-to-date: /home/brsd/microros_ws/install/micro_ros_msgs/include/micro_ros_msgs/msg/detail/graph__rosidl_typesupport_fastrtps_c.h
[2.046s] -- Up-to-date: /home/brsd/microros_ws/install/micro_ros_msgs/include/micro_ros_msgs/msg/detail/node__rosidl_typesupport_fastrtps_c.h
[2.047s] -- Up-to-date: /home/brsd/microros_ws/install/micro_ros_msgs/include/micro_ros_msgs/msg/detail/entity__rosidl_typesupport_fastrtps_c.h
[2.047s] -- Up-to-date: /home/brsd/microros_ws/install/micro_ros_msgs/lib/libmicro_ros_msgs__rosidl_typesupport_fastrtps_c.so
[2.048s] -- Up-to-date: /home/brsd/microros_ws/install/micro_ros_msgs/include/micro_ros_msgs
[2.049s] -- Up-to-date: /home/brsd/microros_ws/install/micro_ros_msgs/include/micro_ros_msgs/msg
[2.049s] -- Up-to-date: /home/brsd/microros_ws/install/micro_ros_msgs/include/micro_ros_msgs/msg/rosidl_typesupport_fastrtps_cpp__visibility_control.h
[2.050s] -- Up-to-date: /home/brsd/microros_ws/install/micro_ros_msgs/include/micro_ros_msgs/msg/detail
[2.050s] -- Up-to-date: /home/brsd/microros_ws/install/micro_ros_msgs/include/micro_ros_msgs/msg/detail/node__rosidl_typesupport_fastrtps_cpp.hpp
[2.051s] -- Up-to-date: /home/brsd/microros_ws/install/micro_ros_msgs/include/micro_ros_msgs/msg/detail/graph__rosidl_typesupport_fastrtps_cpp.hpp
[2.052s] -- Up-to-date: /home/brsd/microros_ws/install/micro_ros_msgs/include/micro_ros_msgs/msg/detail/entity__rosidl_typesupport_fastrtps_cpp.hpp
[2.056s] -- Up-to-date: /home/brsd/microros_ws/install/micro_ros_msgs/include/micro_ros_msgs/msg/detail/dds_fastrtps
[2.057s] -- Up-to-date: /home/brsd/microros_ws/install/micro_ros_msgs/lib/libmicro_ros_msgs__rosidl_typesupport_fastrtps_cpp.so
[2.057s] -- Up-to-date: /home/brsd/microros_ws/install/micro_ros_msgs/include/micro_ros_msgs
[2.058s] -- Up-to-date: /home/brsd/microros_ws/install/micro_ros_msgs/include/micro_ros_msgs/msg
[2.058s] -- Up-to-date: /home/brsd/microros_ws/install/micro_ros_msgs/include/micro_ros_msgs/msg/detail
[2.060s] -- Up-to-date: /home/brsd/microros_ws/install/micro_ros_msgs/include/micro_ros_msgs/msg/detail/node__rosidl_typesupport_introspection_c.h
[2.060s] -- Up-to-date: /home/brsd/microros_ws/install/micro_ros_msgs/include/micro_ros_msgs/msg/detail/node__type_support.c
[2.061s] -- Up-to-date: /home/brsd/microros_ws/install/micro_ros_msgs/include/micro_ros_msgs/msg/detail/graph__type_support.c
[2.062s] -- Up-to-date: /home/brsd/microros_ws/install/micro_ros_msgs/include/micro_ros_msgs/msg/detail/entity__type_support.c
[2.062s] -- Up-to-date: /home/brsd/microros_ws/install/micro_ros_msgs/include/micro_ros_msgs/msg/detail/graph__rosidl_typesupport_introspection_c.h
[2.063s] -- Up-to-date: /home/brsd/microros_ws/install/micro_ros_msgs/include/micro_ros_msgs/msg/detail/entity__rosidl_typesupport_introspection_c.h
[2.063s] -- Up-to-date: /home/brsd/microros_ws/install/micro_ros_msgs/include/micro_ros_msgs/msg/rosidl_typesupport_introspection_c__visibility_control.h
[2.064s] -- Up-to-date: /home/brsd/microros_ws/install/micro_ros_msgs/lib/libmicro_ros_msgs__rosidl_typesupport_introspection_c.so
[2.064s] -- Up-to-date: /home/brsd/microros_ws/install/micro_ros_msgs/lib/libmicro_ros_msgs__rosidl_typesupport_c.so
[2.065s] -- Up-to-date: /home/brsd/microros_ws/install/micro_ros_msgs/include/micro_ros_msgs
[2.065s] -- Up-to-date: /home/brsd/microros_ws/install/micro_ros_msgs/include/micro_ros_msgs/msg
[2.066s] -- Up-to-date: /home/brsd/microros_ws/install/micro_ros_msgs/include/micro_ros_msgs/msg/entity.hpp
[2.067s] -- Up-to-date: /home/brsd/microros_ws/install/micro_ros_msgs/include/micro_ros_msgs/msg/node.hpp
[2.067s] -- Up-to-date: /home/brsd/microros_ws/install/micro_ros_msgs/include/micro_ros_msgs/msg/rosidl_generator_cpp__visibility_control.hpp
[2.068s] -- Up-to-date: /home/brsd/microros_ws/install/micro_ros_msgs/include/micro_ros_msgs/msg/graph.hpp
[2.068s] -- Up-to-date: /home/brsd/microros_ws/install/micro_ros_msgs/include/micro_ros_msgs/msg/detail
[2.069s] -- Up-to-date: /home/brsd/microros_ws/install/micro_ros_msgs/include/micro_ros_msgs/msg/detail/graph__type_support.hpp
[2.069s] -- Up-to-date: /home/brsd/microros_ws/install/micro_ros_msgs/include/micro_ros_msgs/msg/detail/entity__traits.hpp
[2.070s] -- Up-to-date: /home/brsd/microros_ws/install/micro_ros_msgs/include/micro_ros_msgs/msg/detail/entity__struct.hpp
[2.071s] -- Up-to-date: /home/brsd/microros_ws/install/micro_ros_msgs/include/micro_ros_msgs/msg/detail/entity__type_support.hpp
[2.072s] -- Up-to-date: /home/brsd/microros_ws/install/micro_ros_msgs/include/micro_ros_msgs/msg/detail/node__struct.hpp
[2.073s] -- Up-to-date: /home/brsd/microros_ws/install/micro_ros_msgs/include/micro_ros_msgs/msg/detail/graph__struct.hpp
[2.073s] -- Up-to-date: /home/brsd/microros_ws/install/micro_ros_msgs/include/micro_ros_msgs/msg/detail/node__type_support.hpp
[2.089s] -- Up-to-date: /home/brsd/microros_ws/install/micro_ros_msgs/include/micro_ros_msgs/msg/detail/node__builder.hpp
[2.091s] -- Up-to-date: /home/brsd/microros_ws/install/micro_ros_msgs/include/micro_ros_msgs/msg/detail/node__traits.hpp
[2.091s] -- Up-to-date: /home/brsd/microros_ws/install/micro_ros_msgs/include/micro_ros_msgs/msg/detail/graph__builder.hpp
[2.092s] -- Up-to-date: /home/brsd/microros_ws/install/micro_ros_msgs/include/micro_ros_msgs/msg/detail/graph__traits.hpp
[2.093s] -- Up-to-date: /home/brsd/microros_ws/install/micro_ros_msgs/include/micro_ros_msgs/msg/detail/entity__builder.hpp
[2.094s] -- Up-to-date: /home/brsd/microros_ws/install/micro_ros_msgs/include/micro_ros_msgs
[2.094s] -- Up-to-date: /home/brsd/microros_ws/install/micro_ros_msgs/include/micro_ros_msgs/msg
[2.095s] -- Up-to-date: /home/brsd/microros_ws/install/micro_ros_msgs/include/micro_ros_msgs/msg/detail
[2.096s] -- Up-to-date: /home/brsd/microros_ws/install/micro_ros_msgs/include/micro_ros_msgs/msg/detail/node__type_support.cpp
[2.096s] -- Up-to-date: /home/brsd/microros_ws/install/micro_ros_msgs/include/micro_ros_msgs/msg/detail/node__rosidl_typesupport_introspection_cpp.hpp
[2.096s] -- Up-to-date: /home/brsd/microros_ws/install/micro_ros_msgs/include/micro_ros_msgs/msg/detail/graph__type_support.cpp
[2.097s] -- Up-to-date: /home/brsd/microros_ws/install/micro_ros_msgs/include/micro_ros_msgs/msg/detail/graph__rosidl_typesupport_introspection_cpp.hpp
[2.097s] -- Up-to-date: /home/brsd/microros_ws/install/micro_ros_msgs/include/micro_ros_msgs/msg/detail/entity__type_support.cpp
[2.098s] -- Up-to-date: /home/brsd/microros_ws/install/micro_ros_msgs/include/micro_ros_msgs/msg/detail/entity__rosidl_typesupport_introspection_cpp.hpp
[2.098s] -- Up-to-date: /home/brsd/microros_ws/install/micro_ros_msgs/lib/libmicro_ros_msgs__rosidl_typesupport_introspection_cpp.so
[2.108s] -- Up-to-date: /home/brsd/microros_ws/install/micro_ros_msgs/lib/libmicro_ros_msgs__rosidl_typesupport_cpp.so
[2.109s] -- Up-to-date: /home/brsd/microros_ws/install/micro_ros_msgs/share/micro_ros_msgs/environment/pythonpath.sh
[2.109s] -- Up-to-date: /home/brsd/microros_ws/install/micro_ros_msgs/share/micro_ros_msgs/environment/pythonpath.dsv
[2.110s] -- Up-to-date: /home/brsd/microros_ws/install/micro_ros_msgs/lib/python3.8/site-packages/micro_ros_msgs/__init__.py
[2.211s] -- Up-to-date: /home/brsd/microros_ws/install/micro_ros_msgs/lib/python3.8/site-packages/micro_ros_msgs/msg
[2.211s] -- Up-to-date: /home/brsd/microros_ws/install/micro_ros_msgs/lib/python3.8/site-packages/micro_ros_msgs/msg/_graph_s.c
[2.212s] -- Up-to-date: /home/brsd/microros_ws/install/micro_ros_msgs/lib/python3.8/site-packages/micro_ros_msgs/msg/__init__.py
[2.212s] -- Up-to-date: /home/brsd/microros_ws/install/micro_ros_msgs/lib/python3.8/site-packages/micro_ros_msgs/msg/_node.py
[2.213s] -- Up-to-date: /home/brsd/microros_ws/install/micro_ros_msgs/lib/python3.8/site-packages/micro_ros_msgs/msg/_graph.py
[2.213s] -- Up-to-date: /home/brsd/microros_ws/install/micro_ros_msgs/lib/python3.8/site-packages/micro_ros_msgs/msg/_entity_s.c
[2.214s] -- Up-to-date: /home/brsd/microros_ws/install/micro_ros_msgs/lib/python3.8/site-packages/micro_ros_msgs/msg/_entity.py
[2.221s] -- Up-to-date: /home/brsd/microros_ws/install/micro_ros_msgs/lib/python3.8/site-packages/micro_ros_msgs/msg/_node_s.c
[2.222s] -- Up-to-date: /home/brsd/microros_ws/install/micro_ros_msgs/lib/python3.8/site-packages/micro_ros_msgs/micro_ros_msgs_s__rosidl_typesupport_fastrtps_c.cpython-38-aarch64-linux-gnu.so
[2.222s] -- Up-to-date: /home/brsd/microros_ws/install/micro_ros_msgs/lib/python3.8/site-packages/micro_ros_msgs/micro_ros_msgs_s__rosidl_typesupport_introspection_c.cpython-38-aarch64-linux-gnu.so
[2.223s] -- Up-to-date: /home/brsd/microros_ws/install/micro_ros_msgs/lib/python3.8/site-packages/micro_ros_msgs/micro_ros_msgs_s__rosidl_typesupport_c.cpython-38-aarch64-linux-gnu.so
[2.224s] -- Up-to-date: /home/brsd/microros_ws/install/micro_ros_msgs/lib/libmicro_ros_msgs__python.so
[2.224s] -- Up-to-date: /home/brsd/microros_ws/install/micro_ros_msgs/share/micro_ros_msgs/msg/Graph.idl
[2.225s] -- Up-to-date: /home/brsd/microros_ws/install/micro_ros_msgs/share/micro_ros_msgs/msg/Node.idl
[2.225s] -- Up-to-date: /home/brsd/microros_ws/install/micro_ros_msgs/share/micro_ros_msgs/msg/Entity.idl
[2.226s] -- Up-to-date: /home/brsd/microros_ws/install/micro_ros_msgs/share/micro_ros_msgs/msg/Graph.msg
[2.226s] -- Up-to-date: /home/brsd/microros_ws/install/micro_ros_msgs/share/micro_ros_msgs/msg/Node.msg
[2.227s] -- Up-to-date: /home/brsd/microros_ws/install/micro_ros_msgs/share/micro_ros_msgs/msg/Entity.msg
[2.227s] -- Up-to-date: /home/brsd/microros_ws/install/micro_ros_msgs/share/ament_index/resource_index/package_run_dependencies/micro_ros_msgs
[2.228s] -- Up-to-date: /home/brsd/microros_ws/install/micro_ros_msgs/share/ament_index/resource_index/parent_prefix_path/micro_ros_msgs
[2.228s] -- Up-to-date: /home/brsd/microros_ws/install/micro_ros_msgs/share/micro_ros_msgs/environment/ament_prefix_path.sh
[2.229s] -- Up-to-date: /home/brsd/microros_ws/install/micro_ros_msgs/share/micro_ros_msgs/environment/ament_prefix_path.dsv
[2.229s] -- Up-to-date: /home/brsd/microros_ws/install/micro_ros_msgs/share/micro_ros_msgs/environment/path.sh
[2.229s] -- Up-to-date: /home/brsd/microros_ws/install/micro_ros_msgs/share/micro_ros_msgs/environment/path.dsv
[2.230s] -- Up-to-date: /home/brsd/microros_ws/install/micro_ros_msgs/share/micro_ros_msgs/local_setup.bash
[2.231s] -- Up-to-date: /home/brsd/microros_ws/install/micro_ros_msgs/share/micro_ros_msgs/local_setup.sh
[2.231s] -- Up-to-date: /home/brsd/microros_ws/install/micro_ros_msgs/share/micro_ros_msgs/local_setup.zsh
[2.232s] -- Up-to-date: /home/brsd/microros_ws/install/micro_ros_msgs/share/micro_ros_msgs/local_setup.dsv
[2.232s] -- Installing: /home/brsd/microros_ws/install/micro_ros_msgs/share/micro_ros_msgs/package.dsv
[2.233s] -- Up-to-date: /home/brsd/microros_ws/install/micro_ros_msgs/share/ament_index/resource_index/packages/micro_ros_msgs
[2.233s] -- Up-to-date: /home/brsd/microros_ws/install/micro_ros_msgs/share/micro_ros_msgs/cmake/micro_ros_msgs__rosidl_generator_cExport.cmake
[2.233s] -- Up-to-date: /home/brsd/microros_ws/install/micro_ros_msgs/share/micro_ros_msgs/cmake/micro_ros_msgs__rosidl_generator_cExport-noconfig.cmake
[2.242s] -- Up-to-date: /home/brsd/microros_ws/install/micro_ros_msgs/share/micro_ros_msgs/cmake/micro_ros_msgs__rosidl_typesupport_introspection_cExport.cmake
[2.243s] -- Up-to-date: /home/brsd/microros_ws/install/micro_ros_msgs/share/micro_ros_msgs/cmake/micro_ros_msgs__rosidl_typesupport_introspection_cExport-noconfig.cmake
[2.244s] -- Up-to-date: /home/brsd/microros_ws/install/micro_ros_msgs/share/micro_ros_msgs/cmake/micro_ros_msgs__rosidl_typesupport_cExport.cmake
[2.245s] -- Up-to-date: /home/brsd/microros_ws/install/micro_ros_msgs/share/micro_ros_msgs/cmake/micro_ros_msgs__rosidl_typesupport_cExport-noconfig.cmake
[2.245s] -- Up-to-date: /home/brsd/microros_ws/install/micro_ros_msgs/share/micro_ros_msgs/cmake/micro_ros_msgs__rosidl_generator_cppExport.cmake
[2.246s] -- Up-to-date: /home/brsd/microros_ws/install/micro_ros_msgs/share/micro_ros_msgs/cmake/micro_ros_msgs__rosidl_typesupport_introspection_cppExport.cmake
[2.247s] -- Up-to-date: /home/brsd/microros_ws/install/micro_ros_msgs/share/micro_ros_msgs/cmake/micro_ros_msgs__rosidl_typesupport_introspection_cppExport-noconfig.cmake
[2.248s] -- Up-to-date: /home/brsd/microros_ws/install/micro_ros_msgs/share/micro_ros_msgs/cmake/micro_ros_msgs__rosidl_typesupport_cppExport.cmake
[2.249s] -- Up-to-date: /home/brsd/microros_ws/install/micro_ros_msgs/share/micro_ros_msgs/cmake/micro_ros_msgs__rosidl_typesupport_cppExport-noconfig.cmake
[2.250s] -- Up-to-date: /home/brsd/microros_ws/install/micro_ros_msgs/share/micro_ros_msgs/cmake/rosidl_cmake-extras.cmake
[2.251s] -- Up-to-date: /home/brsd/microros_ws/install/micro_ros_msgs/share/micro_ros_msgs/cmake/ament_cmake_export_dependencies-extras.cmake
[2.254s] -- Up-to-date: /home/brsd/microros_ws/install/micro_ros_msgs/share/micro_ros_msgs/cmake/ament_cmake_export_libraries-extras.cmake
[2.255s] -- Up-to-date: /home/brsd/microros_ws/install/micro_ros_msgs/share/micro_ros_msgs/cmake/ament_cmake_export_targets-extras.cmake
[2.256s] -- Up-to-date: /home/brsd/microros_ws/install/micro_ros_msgs/share/micro_ros_msgs/cmake/ament_cmake_export_include_directories-extras.cmake
[2.257s] -- Up-to-date: /home/brsd/microros_ws/install/micro_ros_msgs/share/micro_ros_msgs/cmake/rosidl_cmake_export_typesupport_libraries-extras.cmake
[2.258s] -- Up-to-date: /home/brsd/microros_ws/install/micro_ros_msgs/share/micro_ros_msgs/cmake/rosidl_cmake_export_typesupport_targets-extras.cmake
[2.259s] -- Up-to-date: /home/brsd/microros_ws/install/micro_ros_msgs/share/micro_ros_msgs/cmake/micro_ros_msgsConfig.cmake
[2.259s] -- Up-to-date: /home/brsd/microros_ws/install/micro_ros_msgs/share/micro_ros_msgs/cmake/micro_ros_msgsConfig-version.cmake
[2.260s] -- Up-to-date: /home/brsd/microros_ws/install/micro_ros_msgs/share/micro_ros_msgs/package.xml
[2.267s] Invoked command in '/home/brsd/microros_ws/build/micro_ros_msgs' returned '0': CMAKE_PREFIX_PATH=${CMAKE_PREFIX_PATH}:/home/brsd/microros_ws/install/jetson_comm:/opt/ros/foxy /usr/bin/cmake --install /home/brsd/microros_ws/build/micro_ros_msgs
