[6.255s] Invoking command in '/home/brsd/microros_ws/src/object_detection_pkg': PYTHONPATH=/home/brsd/microros_ws/build/object_detection_pkg/prefix_override:/usr/lib/python3/dist-packages/colcon_core/task/python/colcon_distutils_commands:/home/brsd/microros_ws/install/object_detection_pkg/lib/python3.8/site-packages:${PYTHONPATH} /usr/bin/python3 -W ignore:setup.py install is deprecated setup.py egg_info --egg-base ../../build/object_detection_pkg build --build-base /home/brsd/microros_ws/build/object_detection_pkg/build install --record /home/brsd/microros_ws/build/object_detection_pkg/install.log --install-scripts $base/lib/object_detection_pkg --single-version-externally-managed install_data
[9.314s] running egg_info
[9.337s] writing ../../build/object_detection_pkg/object_detection_pkg.egg-info/PKG-INFO
[9.337s] writing dependency_links to ../../build/object_detection_pkg/object_detection_pkg.egg-info/dependency_links.txt
[9.345s] writing entry points to ../../build/object_detection_pkg/object_detection_pkg.egg-info/entry_points.txt
[9.345s] writing requirements to ../../build/object_detection_pkg/object_detection_pkg.egg-info/requires.txt
[9.346s] writing top-level names to ../../build/object_detection_pkg/object_detection_pkg.egg-info/top_level.txt
[9.730s] reading manifest file '../../build/object_detection_pkg/object_detection_pkg.egg-info/SOURCES.txt'
[9.731s] writing manifest file '../../build/object_detection_pkg/object_detection_pkg.egg-info/SOURCES.txt'
[9.756s] running build
[9.756s] running build_py
[9.766s] running install
[9.768s] running install_lib
[9.769s] running install_data
[9.770s] running install_egg_info
[9.779s] removing '/home/brsd/microros_ws/install/object_detection_pkg/lib/python3.8/site-packages/object_detection_pkg-0.0.0-py3.8.egg-info' (and everything under it)
[9.782s] Copying ../../build/object_detection_pkg/object_detection_pkg.egg-info to /home/brsd/microros_ws/install/object_detection_pkg/lib/python3.8/site-packages/object_detection_pkg-0.0.0-py3.8.egg-info
[9.788s] running install_scripts
[9.881s] writing list of installed files to '/home/brsd/microros_ws/build/object_detection_pkg/install.log'
[10.048s] Invoked command in '/home/brsd/microros_ws/src/object_detection_pkg' returned '0': PYTHONPATH=/home/brsd/microros_ws/build/object_detection_pkg/prefix_override:/usr/lib/python3/dist-packages/colcon_core/task/python/colcon_distutils_commands:/home/brsd/microros_ws/install/object_detection_pkg/lib/python3.8/site-packages:${PYTHONPATH} /usr/bin/python3 -W ignore:setup.py install is deprecated setup.py egg_info --egg-base ../../build/object_detection_pkg build --build-base /home/brsd/microros_ws/build/object_detection_pkg/build install --record /home/brsd/microros_ws/build/object_detection_pkg/install.log --install-scripts $base/lib/object_detection_pkg --single-version-externally-managed install_data
