[5.405s] Invoking command in '/home/brsd/microros_ws/src/pathfinding': PYTHONPATH=/home/brsd/microros_ws/build/pathfinding/prefix_override:/usr/lib/python3/dist-packages/colcon_core/task/python/colcon_distutils_commands:/home/brsd/microros_ws/install/pathfinding/lib/python3.8/site-packages:${PYTHONPATH} /usr/bin/python3 -W ignore:setup.py install is deprecated setup.py egg_info --egg-base ../../build/pathfinding build --build-base /home/brsd/microros_ws/build/pathfinding/build install --record /home/brsd/microros_ws/build/pathfinding/install.log --install-scripts $base/lib/pathfinding --single-version-externally-managed install_data
[7.003s] running egg_info
[7.005s] writing ../../build/pathfinding/pathfinding.egg-info/PKG-INFO
[7.009s] writing dependency_links to ../../build/pathfinding/pathfinding.egg-info/dependency_links.txt
[7.009s] writing entry points to ../../build/pathfinding/pathfinding.egg-info/entry_points.txt
[7.010s] writing requirements to ../../build/pathfinding/pathfinding.egg-info/requires.txt
[7.010s] writing top-level names to ../../build/pathfinding/pathfinding.egg-info/top_level.txt
[7.247s] reading manifest file '../../build/pathfinding/pathfinding.egg-info/SOURCES.txt'
[7.254s] writing manifest file '../../build/pathfinding/pathfinding.egg-info/SOURCES.txt'
[7.256s] running build
[7.257s] running build_py
[7.259s] copying pathfinding/pathfinding_oldd.py -> /home/brsd/microros_ws/build/pathfinding/build/lib/pathfinding
[7.260s] copying pathfinding/pathfinding.py -> /home/brsd/microros_ws/build/pathfinding/build/lib/pathfinding
[7.260s] running install
[7.263s] running install_lib
[7.268s] copying /home/brsd/microros_ws/build/pathfinding/build/lib/pathfinding/pathfinding_oldd.py -> /home/brsd/microros_ws/install/pathfinding/lib/python3.8/site-packages/pathfinding
[7.268s] copying /home/brsd/microros_ws/build/pathfinding/build/lib/pathfinding/pathfinding.py -> /home/brsd/microros_ws/install/pathfinding/lib/python3.8/site-packages/pathfinding
[7.271s] byte-compiling /home/brsd/microros_ws/install/pathfinding/lib/python3.8/site-packages/pathfinding/pathfinding_oldd.py to pathfinding_oldd.cpython-38.pyc
[7.280s] byte-compiling /home/brsd/microros_ws/install/pathfinding/lib/python3.8/site-packages/pathfinding/pathfinding.py to pathfinding.cpython-38.pyc
[7.296s] running install_data
[7.297s] running install_egg_info
[7.298s] removing '/home/brsd/microros_ws/install/pathfinding/lib/python3.8/site-packages/pathfinding-0.0.0-py3.8.egg-info' (and everything under it)
[7.298s] Copying ../../build/pathfinding/pathfinding.egg-info to /home/brsd/microros_ws/install/pathfinding/lib/python3.8/site-packages/pathfinding-0.0.0-py3.8.egg-info
[7.304s] running install_scripts
[7.400s] Installing pathfinding_node script to /home/brsd/microros_ws/install/pathfinding/lib/pathfinding
[7.401s] writing list of installed files to '/home/brsd/microros_ws/build/pathfinding/install.log'
[7.585s] Invoked command in '/home/brsd/microros_ws/src/pathfinding' returned '0': PYTHONPATH=/home/brsd/microros_ws/build/pathfinding/prefix_override:/usr/lib/python3/dist-packages/colcon_core/task/python/colcon_distutils_commands:/home/brsd/microros_ws/install/pathfinding/lib/python3.8/site-packages:${PYTHONPATH} /usr/bin/python3 -W ignore:setup.py install is deprecated setup.py egg_info --egg-base ../../build/pathfinding build --build-base /home/brsd/microros_ws/build/pathfinding/build install --record /home/brsd/microros_ws/build/pathfinding/install.log --install-scripts $base/lib/pathfinding --single-version-externally-managed install_data
