[0.148s] Invoking command in '/home/brsd/microros_ws/src/build/micro_ros_msgs': CMAKE_PREFIX_PATH=${CMAKE_PREFIX_PATH}:/home/brsd/microros_ws/install/person_detection:/home/brsd/microros_ws/install/pathfinding:/home/brsd/microros_ws/install/object_detection_pkg:/home/brsd/microros_ws/install/joystick_input:/home/brsd/microros_ws/install/jetson_comm:/opt/ros/foxy /usr/bin/cmake /home/brsd/microros_ws/src/uros/micro_ros_msgs -DCMAKE_INSTALL_PREFIX=/home/brsd/microros_ws/src/install/micro_ros_msgs
[0.789s] -- The C compiler identification is GNU 9.4.0
[1.277s] -- The CXX compiler identification is GNU 9.4.0
[1.307s] -- Check for working C compiler: /usr/bin/cc
[1.616s] -- Check for working C compiler: /usr/bin/cc -- works
[1.629s] -- Detecting C compiler ABI info
[1.981s] -- Detecting C compiler ABI info - done
[2.034s] -- Detecting C compile features
[2.036s] -- Detecting C compile features - done
[2.047s] -- Check for working CXX compiler: /usr/bin/c++
[2.412s] -- Check for working CXX compiler: /usr/bin/c++ -- works
[2.418s] -- Detecting CXX compiler ABI info
[2.807s] -- Detecting CXX compiler ABI info - done
[2.868s] -- Detecting CXX compile features
[2.871s] -- Detecting CXX compile features - done
[2.893s] -- Found ament_cmake: 0.9.12 (/opt/ros/foxy/share/ament_cmake/cmake)
[3.040s] -- Found PythonInterp: /usr/bin/python3 (found suitable version "3.8.10", minimum required is "3") 
[3.040s] -- Using PYTHON_EXECUTABLE: /usr/bin/python3
[4.284s] -- Found rosidl_default_generators: 1.0.1 (/opt/ros/foxy/share/rosidl_default_generators/cmake)
[4.325s] -- Using all available rosidl_typesupport_c: rosidl_typesupport_fastrtps_c;rosidl_typesupport_introspection_c
[4.394s] -- Found rosidl_adapter: 1.3.1 (/opt/ros/foxy/share/rosidl_adapter/cmake)
[5.047s] -- Found OpenSSL: /usr/lib/aarch64-linux-gnu/libcrypto.so (found version "1.1.1f")  
[5.184s] -- Found FastRTPS: /opt/ros/foxy/include  
[5.679s] -- Using all available rosidl_typesupport_cpp: rosidl_typesupport_fastrtps_cpp;rosidl_typesupport_introspection_cpp
[5.869s] -- Found ament_lint_auto: 0.9.8 (/opt/ros/foxy/share/ament_lint_auto/cmake)
[6.500s] -- Found PythonInterp: /usr/bin/python3 (found version "3.8.10") 
[7.133s] -- Found ament_cmake_ros: 0.9.2 (/opt/ros/foxy/share/ament_cmake_ros/cmake)
[8.330s] -- Using all available rosidl_typesupport_c: rosidl_typesupport_fastrtps_c;rosidl_typesupport_introspection_c
[8.431s] -- Using all available rosidl_typesupport_cpp: rosidl_typesupport_fastrtps_cpp;rosidl_typesupport_introspection_cpp
[8.780s] -- Found PythonInterp: /usr/bin/python3 (found suitable version "3.8.10", minimum required is "3.5") 
[8.805s] -- Found python_cmake_module: 0.8.1 (/opt/ros/foxy/share/python_cmake_module/cmake)
[9.031s] -- Found PythonLibs: /usr/lib/aarch64-linux-gnu/libpython3.8.so (found suitable version "3.8.10", minimum required is "3.5") 
[9.033s] -- Using PYTHON_EXECUTABLE: /usr/bin/python3
[9.034s] -- Using PYTHON_INCLUDE_DIRS: /usr/include/python3.8
[9.035s] -- Using PYTHON_LIBRARIES: /usr/lib/aarch64-linux-gnu/libpython3.8.so
[9.296s] -- Found PythonExtra: .so  
[9.839s] -- Added test 'copyright' to check source files copyright and LICENSE
[10.362s] -- Added test 'lint_cmake' to check CMake code style
[10.569s] -- Added test 'xmllint' to check XML markup files
[10.614s] -- Configuring done
[11.018s] -- Generating done
[11.039s] -- Build files have been written to: /home/brsd/microros_ws/src/build/micro_ros_msgs
[11.209s] Invoked command in '/home/brsd/microros_ws/src/build/micro_ros_msgs' returned '0': CMAKE_PREFIX_PATH=${CMAKE_PREFIX_PATH}:/home/brsd/microros_ws/install/person_detection:/home/brsd/microros_ws/install/pathfinding:/home/brsd/microros_ws/install/object_detection_pkg:/home/brsd/microros_ws/install/joystick_input:/home/brsd/microros_ws/install/jetson_comm:/opt/ros/foxy /usr/bin/cmake /home/brsd/microros_ws/src/uros/micro_ros_msgs -DCMAKE_INSTALL_PREFIX=/home/brsd/microros_ws/src/install/micro_ros_msgs
[11.213s] Invoking command in '/home/brsd/microros_ws/src/build/micro_ros_msgs': CMAKE_PREFIX_PATH=${CMAKE_PREFIX_PATH}:/home/brsd/microros_ws/install/person_detection:/home/brsd/microros_ws/install/pathfinding:/home/brsd/microros_ws/install/object_detection_pkg:/home/brsd/microros_ws/install/joystick_input:/home/brsd/microros_ws/install/jetson_comm:/opt/ros/foxy /usr/bin/cmake --build /home/brsd/microros_ws/src/build/micro_ros_msgs -- -j4 -l4
[11.807s] [35m[1mScanning dependencies of target micro_ros_msgs__cpp[0m
[11.889s] [  2%] [34m[1mGenerating C code for ROS interfaces[0m
[11.995s] [  4%] [34m[1mGenerating C++ code for ROS interfaces[0m
[16.946s] [  4%] Built target micro_ros_msgs__cpp
[17.106s] [  6%] [34m[1mGenerating C++ introspection for ROS interfaces[0m
[17.406s] [35m[1mScanning dependencies of target micro_ros_msgs__rosidl_generator_c[0m
[17.439s] [ 10%] [34m[1mGenerating C++ type support dispatch for ROS interfaces[0m
[17.439s] [ 10%] [34m[1mGenerating C++ type support for eProsima Fast-RTPS[0m
[17.604s] [ 12%] [32mBuilding C object CMakeFiles/micro_ros_msgs__rosidl_generator_c.dir/rosidl_generator_c/micro_ros_msgs/msg/detail/graph__functions.c.o[0m
[18.276s] [ 14%] [32mBuilding C object CMakeFiles/micro_ros_msgs__rosidl_generator_c.dir/rosidl_generator_c/micro_ros_msgs/msg/detail/node__functions.c.o[0m
[18.841s] [ 17%] [32mBuilding C object CMakeFiles/micro_ros_msgs__rosidl_generator_c.dir/rosidl_generator_c/micro_ros_msgs/msg/detail/entity__functions.c.o[0m
[19.342s] [ 19%] [32m[1mLinking C shared library libmicro_ros_msgs__rosidl_generator_c.so[0m
[19.907s] [ 19%] Built target micro_ros_msgs__rosidl_generator_c
[20.093s] [ 21%] [34m[1mGenerating C type support dispatch for ROS interfaces[0m
[22.109s] [35m[1mScanning dependencies of target micro_ros_msgs__rosidl_typesupport_cpp[0m
[22.265s] [35m[1mScanning dependencies of target micro_ros_msgs__rosidl_typesupport_introspection_cpp[0m
[22.324s] [ 23%] [32mBuilding CXX object CMakeFiles/micro_ros_msgs__rosidl_typesupport_cpp.dir/rosidl_typesupport_cpp/micro_ros_msgs/msg/graph__type_support.cpp.o[0m
[22.498s] [ 25%] [32mBuilding CXX object CMakeFiles/micro_ros_msgs__rosidl_typesupport_introspection_cpp.dir/rosidl_typesupport_introspection_cpp/micro_ros_msgs/msg/detail/graph__type_support.cpp.o[0m
[23.411s] [35m[1mScanning dependencies of target micro_ros_msgs__rosidl_typesupport_fastrtps_cpp[0m
[23.696s] [ 27%] [32mBuilding CXX object CMakeFiles/micro_ros_msgs__rosidl_typesupport_fastrtps_cpp.dir/rosidl_typesupport_fastrtps_cpp/micro_ros_msgs/msg/detail/dds_fastrtps/graph__type_support.cpp.o[0m
[25.310s] [35m[1mScanning dependencies of target micro_ros_msgs__rosidl_typesupport_c[0m
[25.537s] [ 29%] [32mBuilding CXX object CMakeFiles/micro_ros_msgs__rosidl_typesupport_c.dir/rosidl_typesupport_c/micro_ros_msgs/msg/graph__type_support.cpp.o[0m
[26.088s] [ 31%] [32mBuilding CXX object CMakeFiles/micro_ros_msgs__rosidl_typesupport_c.dir/rosidl_typesupport_c/micro_ros_msgs/msg/node__type_support.cpp.o[0m
[26.561s] [ 34%] [32mBuilding CXX object CMakeFiles/micro_ros_msgs__rosidl_typesupport_c.dir/rosidl_typesupport_c/micro_ros_msgs/msg/entity__type_support.cpp.o[0m
[26.949s] [ 36%] [32mBuilding CXX object CMakeFiles/micro_ros_msgs__rosidl_typesupport_cpp.dir/rosidl_typesupport_cpp/micro_ros_msgs/msg/node__type_support.cpp.o[0m
[27.088s] [ 38%] [32m[1mLinking CXX shared library libmicro_ros_msgs__rosidl_typesupport_c.so[0m
[27.654s] [ 38%] Built target micro_ros_msgs__rosidl_typesupport_c
[27.904s] [ 40%] [34m[1mGenerating C introspection for ROS interfaces[0m
[28.534s] [ 42%] [32mBuilding CXX object CMakeFiles/micro_ros_msgs__rosidl_typesupport_introspection_cpp.dir/rosidl_typesupport_introspection_cpp/micro_ros_msgs/msg/detail/node__type_support.cpp.o[0m
[31.520s] [ 44%] [32mBuilding CXX object CMakeFiles/micro_ros_msgs__rosidl_typesupport_cpp.dir/rosidl_typesupport_cpp/micro_ros_msgs/msg/entity__type_support.cpp.o[0m
[32.070s] [ 46%] [32mBuilding CXX object CMakeFiles/micro_ros_msgs__rosidl_typesupport_fastrtps_cpp.dir/rosidl_typesupport_fastrtps_cpp/micro_ros_msgs/msg/detail/dds_fastrtps/node__type_support.cpp.o[0m
[33.172s] [ 48%] [32mBuilding CXX object CMakeFiles/micro_ros_msgs__rosidl_typesupport_introspection_cpp.dir/rosidl_typesupport_introspection_cpp/micro_ros_msgs/msg/detail/entity__type_support.cpp.o[0m
[33.746s] [35m[1mScanning dependencies of target micro_ros_msgs__rosidl_typesupport_introspection_c[0m
[33.931s] [ 51%] [32mBuilding C object CMakeFiles/micro_ros_msgs__rosidl_typesupport_introspection_c.dir/rosidl_typesupport_introspection_c/micro_ros_msgs/msg/detail/graph__type_support.c.o[0m
[34.412s] [ 53%] [32mBuilding C object CMakeFiles/micro_ros_msgs__rosidl_typesupport_introspection_c.dir/rosidl_typesupport_introspection_c/micro_ros_msgs/msg/detail/node__type_support.c.o[0m
[34.856s] [ 55%] [32mBuilding C object CMakeFiles/micro_ros_msgs__rosidl_typesupport_introspection_c.dir/rosidl_typesupport_introspection_c/micro_ros_msgs/msg/detail/entity__type_support.c.o[0m
[35.152s] make[2]: *** wait: No child processes.  Stop.
[35.152s] make[2]: *** Waiting for unfinished jobs....
[35.153s] make[2]: *** wait: No child processes.  Stop.
[35.153s] make[2]: *** [CMakeFiles/micro_ros_msgs__rosidl_typesupport_fastrtps_cpp.dir/build.make:105: CMakeFiles/micro_ros_msgs__rosidl_typesupport_fastrtps_cpp.dir/rosidl_typesupport_fastrtps_cpp/micro_ros_msgs/msg/detail/dds_fastrtps/node__type_support.cpp.o] Interrupt
[35.172s] make[1]: *** [CMakeFiles/Makefile2:418: CMakeFiles/micro_ros_msgs__rosidl_typesupport_fastrtps_cpp.dir/all] Interrupt
[35.175s] make[2]: *** [CMakeFiles/micro_ros_msgs__rosidl_typesupport_cpp.dir/build.make:107: CMakeFiles/micro_ros_msgs__rosidl_typesupport_cpp.dir/rosidl_typesupport_cpp/micro_ros_msgs/msg/entity__type_support.cpp.o] Interrupt
[35.184s] make[1]: *** [CMakeFiles/Makefile2:361: CMakeFiles/micro_ros_msgs__rosidl_typesupport_cpp.dir/all] Interrupt
[35.186s] make[2]: *** wait: No child processes.  Stop.
[35.187s] make[2]: *** Waiting for unfinished jobs....
[35.188s] make[2]: *** wait: No child processes.  Stop.
[35.192s] make[1]: *** [CMakeFiles/Makefile2:472: CMakeFiles/micro_ros_msgs__rosidl_typesupport_introspection_c.dir/all] Error 2
[35.193s] make[1]: *** wait: No child processes.  Stop.
[35.194s] make[1]: *** Waiting for unfinished jobs....
[35.197s] make[1]: *** wait: No child processes.  Stop.
[35.197s] make: *** [Makefile:141: all] Error 2
