[0.235s] Invoking command in '/home/brsd/microros_ws/build/multisense_msgs': CMAKE_PREFIX_PATH=${CMAKE_PREFIX_PATH}:/home/brsd/microros_ws/install/person_detection:/home/brsd/microros_ws/install/pathfinding:/home/brsd/microros_ws/install/object_detection_pkg:/home/brsd/microros_ws/install/joystick_input:/home/brsd/microros_ws/install/jetson_comm:/home/brsd/microros_ws/install/fsm:/opt/ros/foxy /usr/bin/cmake --build /home/brsd/microros_ws/build/multisense_msgs -- -j4 -l4
[0.664s] [ 12%] Built target multisense_msgs__rosidl_generator_c
[0.673s] [ 12%] Built target multisense_msgs__cpp
[1.002s] [ 24%] Built target multisense_msgs__rosidl_typesupport_c
[1.012s] [ 36%] Built target multisense_msgs__rosidl_typesupport_introspection_c
[1.320s] [ 48%] Built target multisense_msgs__rosidl_typesupport_introspection_cpp
[1.359s] [ 60%] Built target multisense_msgs__rosidl_typesupport_cpp
[1.407s] [ 71%] Built target multisense_msgs__rosidl_typesupport_fastrtps_cpp
[1.631s] [ 83%] Built target multisense_msgs__rosidl_typesupport_fastrtps_c
[1.882s] [ 83%] Built target multisense_msgs
[2.076s] [ 84%] Built target multisense_msgs__py
[2.335s] [ 95%] Built target multisense_msgs__python
[2.691s] [ 97%] Built target multisense_msgs__rosidl_typesupport_introspection_c__pyext
[2.708s] [ 99%] Built target multisense_msgs__rosidl_typesupport_fastrtps_c__pyext
[2.769s] [100%] Built target multisense_msgs__rosidl_typesupport_c__pyext
[2.852s] Invoked command in '/home/brsd/microros_ws/build/multisense_msgs' returned '0': CMAKE_PREFIX_PATH=${CMAKE_PREFIX_PATH}:/home/brsd/microros_ws/install/person_detection:/home/brsd/microros_ws/install/pathfinding:/home/brsd/microros_ws/install/object_detection_pkg:/home/brsd/microros_ws/install/joystick_input:/home/brsd/microros_ws/install/jetson_comm:/home/brsd/microros_ws/install/fsm:/opt/ros/foxy /usr/bin/cmake --build /home/brsd/microros_ws/build/multisense_msgs -- -j4 -l4
[4.647s] Invoking command in '/home/brsd/microros_ws/build/multisense_msgs': CMAKE_PREFIX_PATH=${CMAKE_PREFIX_PATH}:/home/brsd/microros_ws/install/person_detection:/home/brsd/microros_ws/install/pathfinding:/home/brsd/microros_ws/install/object_detection_pkg:/home/brsd/microros_ws/install/joystick_input:/home/brsd/microros_ws/install/jetson_comm:/home/brsd/microros_ws/install/fsm:/opt/ros/foxy /usr/bin/cmake --install /home/brsd/microros_ws/build/multisense_msgs
[4.749s] -- Install configuration: "Release"
[4.753s] -- Up-to-date: /home/brsd/microros_ws/install/multisense_msgs/share/ament_index/resource_index/rosidl_interfaces/multisense_msgs
[4.754s] -- Up-to-date: /home/brsd/microros_ws/install/multisense_msgs/include/multisense_msgs
[4.755s] -- Up-to-date: /home/brsd/microros_ws/install/multisense_msgs/include/multisense_msgs/msg
[4.756s] -- Up-to-date: /home/brsd/microros_ws/install/multisense_msgs/include/multisense_msgs/msg/raw_cam_config.h
[4.757s] -- Up-to-date: /home/brsd/microros_ws/install/multisense_msgs/include/multisense_msgs/msg/raw_cam_cal.h
[4.758s] -- Up-to-date: /home/brsd/microros_ws/install/multisense_msgs/include/multisense_msgs/msg/stamped_pps.h
[4.759s] -- Up-to-date: /home/brsd/microros_ws/install/multisense_msgs/include/multisense_msgs/msg/raw_cam_data.h
[4.759s] -- Up-to-date: /home/brsd/microros_ws/install/multisense_msgs/include/multisense_msgs/msg/ptp_status.h
[4.760s] -- Up-to-date: /home/brsd/microros_ws/install/multisense_msgs/include/multisense_msgs/msg/raw_lidar_data.h
[4.760s] -- Up-to-date: /home/brsd/microros_ws/install/multisense_msgs/include/multisense_msgs/msg/raw_lidar_cal.h
[4.761s] -- Up-to-date: /home/brsd/microros_ws/install/multisense_msgs/include/multisense_msgs/msg/device_info.h
[4.762s] -- Up-to-date: /home/brsd/microros_ws/install/multisense_msgs/include/multisense_msgs/msg/detail
[4.762s] -- Up-to-date: /home/brsd/microros_ws/install/multisense_msgs/include/multisense_msgs/msg/detail/device_status__functions.c
[4.763s] -- Up-to-date: /home/brsd/microros_ws/install/multisense_msgs/include/multisense_msgs/msg/detail/device_info__functions.c
[4.763s] -- Up-to-date: /home/brsd/microros_ws/install/multisense_msgs/include/multisense_msgs/msg/detail/raw_cam_cal__functions.h
[4.764s] -- Up-to-date: /home/brsd/microros_ws/install/multisense_msgs/include/multisense_msgs/msg/detail/device_status__type_support.h
[4.764s] -- Up-to-date: /home/brsd/microros_ws/install/multisense_msgs/include/multisense_msgs/msg/detail/raw_cam_config__functions.c
[4.765s] -- Up-to-date: /home/brsd/microros_ws/install/multisense_msgs/include/multisense_msgs/msg/detail/raw_lidar_cal__struct.h
[4.765s] -- Up-to-date: /home/brsd/microros_ws/install/multisense_msgs/include/multisense_msgs/msg/detail/device_status__struct.h
[4.766s] -- Up-to-date: /home/brsd/microros_ws/install/multisense_msgs/include/multisense_msgs/msg/detail/raw_imu_data__functions.c
[4.766s] -- Up-to-date: /home/brsd/microros_ws/install/multisense_msgs/include/multisense_msgs/msg/detail/raw_cam_data__struct.h
[4.767s] -- Up-to-date: /home/brsd/microros_ws/install/multisense_msgs/include/multisense_msgs/msg/detail/raw_cam_config__struct.h
[4.767s] -- Up-to-date: /home/brsd/microros_ws/install/multisense_msgs/include/multisense_msgs/msg/detail/device_info__type_support.h
[4.768s] -- Up-to-date: /home/brsd/microros_ws/install/multisense_msgs/include/multisense_msgs/msg/detail/histogram__functions.h
[4.768s] -- Up-to-date: /home/brsd/microros_ws/install/multisense_msgs/include/multisense_msgs/msg/detail/histogram__struct.h
[4.769s] -- Up-to-date: /home/brsd/microros_ws/install/multisense_msgs/include/multisense_msgs/msg/detail/stamped_pps__functions.h
[4.770s] -- Up-to-date: /home/brsd/microros_ws/install/multisense_msgs/include/multisense_msgs/msg/detail/raw_cam_data__type_support.h
[4.772s] -- Up-to-date: /home/brsd/microros_ws/install/multisense_msgs/include/multisense_msgs/msg/detail/stamped_pps__functions.c
[4.772s] -- Up-to-date: /home/brsd/microros_ws/install/multisense_msgs/include/multisense_msgs/msg/detail/raw_cam_config__functions.h
[4.773s] -- Up-to-date: /home/brsd/microros_ws/install/multisense_msgs/include/multisense_msgs/msg/detail/raw_lidar_data__struct.h
[4.773s] -- Up-to-date: /home/brsd/microros_ws/install/multisense_msgs/include/multisense_msgs/msg/detail/ptp_status__functions.c
[4.774s] -- Up-to-date: /home/brsd/microros_ws/install/multisense_msgs/include/multisense_msgs/msg/detail/raw_cam_cal__functions.c
[4.774s] -- Up-to-date: /home/brsd/microros_ws/install/multisense_msgs/include/multisense_msgs/msg/detail/raw_lidar_data__functions.c
[4.774s] -- Up-to-date: /home/brsd/microros_ws/install/multisense_msgs/include/multisense_msgs/msg/detail/raw_lidar_data__type_support.h
[4.775s] -- Up-to-date: /home/brsd/microros_ws/install/multisense_msgs/include/multisense_msgs/msg/detail/raw_cam_config__type_support.h
[4.775s] -- Up-to-date: /home/brsd/microros_ws/install/multisense_msgs/include/multisense_msgs/msg/detail/histogram__type_support.h
[4.776s] -- Up-to-date: /home/brsd/microros_ws/install/multisense_msgs/include/multisense_msgs/msg/detail/device_info__functions.h
[4.776s] -- Up-to-date: /home/brsd/microros_ws/install/multisense_msgs/include/multisense_msgs/msg/detail/raw_imu_data__functions.h
[4.776s] -- Up-to-date: /home/brsd/microros_ws/install/multisense_msgs/include/multisense_msgs/msg/detail/histogram__functions.c
[4.784s] -- Up-to-date: /home/brsd/microros_ws/install/multisense_msgs/include/multisense_msgs/msg/detail/raw_imu_data__type_support.h
[4.785s] -- Up-to-date: /home/brsd/microros_ws/install/multisense_msgs/include/multisense_msgs/msg/detail/ptp_status__functions.h
[4.786s] -- Up-to-date: /home/brsd/microros_ws/install/multisense_msgs/include/multisense_msgs/msg/detail/raw_lidar_cal__type_support.h
[4.786s] -- Up-to-date: /home/brsd/microros_ws/install/multisense_msgs/include/multisense_msgs/msg/detail/raw_lidar_data__functions.h
[4.787s] -- Up-to-date: /home/brsd/microros_ws/install/multisense_msgs/include/multisense_msgs/msg/detail/raw_lidar_cal__functions.c
[4.787s] -- Up-to-date: /home/brsd/microros_ws/install/multisense_msgs/include/multisense_msgs/msg/detail/raw_cam_cal__struct.h
[4.788s] -- Up-to-date: /home/brsd/microros_ws/install/multisense_msgs/include/multisense_msgs/msg/detail/stamped_pps__struct.h
[4.788s] -- Up-to-date: /home/brsd/microros_ws/install/multisense_msgs/include/multisense_msgs/msg/detail/raw_cam_cal__type_support.h
[4.789s] -- Up-to-date: /home/brsd/microros_ws/install/multisense_msgs/include/multisense_msgs/msg/detail/device_status__functions.h
[4.789s] -- Up-to-date: /home/brsd/microros_ws/install/multisense_msgs/include/multisense_msgs/msg/detail/raw_cam_data__functions.c
[4.791s] -- Up-to-date: /home/brsd/microros_ws/install/multisense_msgs/include/multisense_msgs/msg/detail/stamped_pps__type_support.h
[4.791s] -- Up-to-date: /home/brsd/microros_ws/install/multisense_msgs/include/multisense_msgs/msg/detail/raw_imu_data__struct.h
[4.792s] -- Up-to-date: /home/brsd/microros_ws/install/multisense_msgs/include/multisense_msgs/msg/detail/raw_cam_data__functions.h
[4.792s] -- Up-to-date: /home/brsd/microros_ws/install/multisense_msgs/include/multisense_msgs/msg/detail/ptp_status__struct.h
[4.793s] -- Up-to-date: /home/brsd/microros_ws/install/multisense_msgs/include/multisense_msgs/msg/detail/device_info__struct.h
[4.794s] -- Up-to-date: /home/brsd/microros_ws/install/multisense_msgs/include/multisense_msgs/msg/detail/ptp_status__type_support.h
[4.794s] -- Up-to-date: /home/brsd/microros_ws/install/multisense_msgs/include/multisense_msgs/msg/detail/raw_lidar_cal__functions.h
[4.794s] -- Up-to-date: /home/brsd/microros_ws/install/multisense_msgs/include/multisense_msgs/msg/histogram.h
[4.795s] -- Up-to-date: /home/brsd/microros_ws/install/multisense_msgs/include/multisense_msgs/msg/device_status.h
[4.796s] -- Up-to-date: /home/brsd/microros_ws/install/multisense_msgs/include/multisense_msgs/msg/rosidl_generator_c__visibility_control.h
[4.796s] -- Up-to-date: /home/brsd/microros_ws/install/multisense_msgs/include/multisense_msgs/msg/raw_imu_data.h
[4.797s] -- Up-to-date: /home/brsd/microros_ws/install/multisense_msgs/share/multisense_msgs/environment/library_path.sh
[4.797s] -- Up-to-date: /home/brsd/microros_ws/install/multisense_msgs/share/multisense_msgs/environment/library_path.dsv
[4.798s] -- Up-to-date: /home/brsd/microros_ws/install/multisense_msgs/lib/libmultisense_msgs__rosidl_generator_c.so
[4.798s] -- Up-to-date: /home/brsd/microros_ws/install/multisense_msgs/include/multisense_msgs
[4.798s] -- Up-to-date: /home/brsd/microros_ws/install/multisense_msgs/include/multisense_msgs/msg
[4.799s] -- Up-to-date: /home/brsd/microros_ws/install/multisense_msgs/include/multisense_msgs/msg/rosidl_typesupport_fastrtps_c__visibility_control.h
[4.800s] -- Up-to-date: /home/brsd/microros_ws/install/multisense_msgs/include/multisense_msgs/msg/detail
[4.801s] -- Up-to-date: /home/brsd/microros_ws/install/multisense_msgs/include/multisense_msgs/msg/detail/raw_cam_data__rosidl_typesupport_fastrtps_c.h
[4.801s] -- Up-to-date: /home/brsd/microros_ws/install/multisense_msgs/include/multisense_msgs/msg/detail/ptp_status__rosidl_typesupport_fastrtps_c.h
[4.802s] -- Up-to-date: /home/brsd/microros_ws/install/multisense_msgs/include/multisense_msgs/msg/detail/stamped_pps__rosidl_typesupport_fastrtps_c.h
[4.803s] -- Up-to-date: /home/brsd/microros_ws/install/multisense_msgs/include/multisense_msgs/msg/detail/raw_lidar_cal__rosidl_typesupport_fastrtps_c.h
[4.804s] -- Up-to-date: /home/brsd/microros_ws/install/multisense_msgs/include/multisense_msgs/msg/detail/device_status__rosidl_typesupport_fastrtps_c.h
[4.805s] -- Up-to-date: /home/brsd/microros_ws/install/multisense_msgs/include/multisense_msgs/msg/detail/raw_cam_cal__rosidl_typesupport_fastrtps_c.h
[4.805s] -- Up-to-date: /home/brsd/microros_ws/install/multisense_msgs/include/multisense_msgs/msg/detail/raw_lidar_data__rosidl_typesupport_fastrtps_c.h
[4.806s] -- Up-to-date: /home/brsd/microros_ws/install/multisense_msgs/include/multisense_msgs/msg/detail/raw_imu_data__rosidl_typesupport_fastrtps_c.h
[4.806s] -- Up-to-date: /home/brsd/microros_ws/install/multisense_msgs/include/multisense_msgs/msg/detail/raw_cam_config__rosidl_typesupport_fastrtps_c.h
[4.807s] -- Up-to-date: /home/brsd/microros_ws/install/multisense_msgs/include/multisense_msgs/msg/detail/device_info__rosidl_typesupport_fastrtps_c.h
[4.807s] -- Up-to-date: /home/brsd/microros_ws/install/multisense_msgs/include/multisense_msgs/msg/detail/histogram__rosidl_typesupport_fastrtps_c.h
[4.808s] -- Up-to-date: /home/brsd/microros_ws/install/multisense_msgs/lib/libmultisense_msgs__rosidl_typesupport_fastrtps_c.so
[4.808s] -- Up-to-date: /home/brsd/microros_ws/install/multisense_msgs/include/multisense_msgs
[4.809s] -- Up-to-date: /home/brsd/microros_ws/install/multisense_msgs/include/multisense_msgs/msg
[4.809s] -- Up-to-date: /home/brsd/microros_ws/install/multisense_msgs/include/multisense_msgs/msg/rosidl_typesupport_fastrtps_cpp__visibility_control.h
[4.810s] -- Up-to-date: /home/brsd/microros_ws/install/multisense_msgs/include/multisense_msgs/msg/detail
[4.810s] -- Up-to-date: /home/brsd/microros_ws/install/multisense_msgs/include/multisense_msgs/msg/detail/raw_imu_data__rosidl_typesupport_fastrtps_cpp.hpp
[4.811s] -- Up-to-date: /home/brsd/microros_ws/install/multisense_msgs/include/multisense_msgs/msg/detail/raw_lidar_cal__rosidl_typesupport_fastrtps_cpp.hpp
[4.811s] -- Up-to-date: /home/brsd/microros_ws/install/multisense_msgs/include/multisense_msgs/msg/detail/ptp_status__rosidl_typesupport_fastrtps_cpp.hpp
[4.812s] -- Up-to-date: /home/brsd/microros_ws/install/multisense_msgs/include/multisense_msgs/msg/detail/raw_cam_config__rosidl_typesupport_fastrtps_cpp.hpp
[4.812s] -- Up-to-date: /home/brsd/microros_ws/install/multisense_msgs/include/multisense_msgs/msg/detail/raw_cam_data__rosidl_typesupport_fastrtps_cpp.hpp
[4.813s] -- Up-to-date: /home/brsd/microros_ws/install/multisense_msgs/include/multisense_msgs/msg/detail/histogram__rosidl_typesupport_fastrtps_cpp.hpp
[4.813s] -- Up-to-date: /home/brsd/microros_ws/install/multisense_msgs/include/multisense_msgs/msg/detail/stamped_pps__rosidl_typesupport_fastrtps_cpp.hpp
[4.814s] -- Up-to-date: /home/brsd/microros_ws/install/multisense_msgs/include/multisense_msgs/msg/detail/raw_lidar_data__rosidl_typesupport_fastrtps_cpp.hpp
[4.814s] -- Up-to-date: /home/brsd/microros_ws/install/multisense_msgs/include/multisense_msgs/msg/detail/device_status__rosidl_typesupport_fastrtps_cpp.hpp
[4.814s] -- Up-to-date: /home/brsd/microros_ws/install/multisense_msgs/include/multisense_msgs/msg/detail/device_info__rosidl_typesupport_fastrtps_cpp.hpp
[4.815s] -- Up-to-date: /home/brsd/microros_ws/install/multisense_msgs/include/multisense_msgs/msg/detail/raw_cam_cal__rosidl_typesupport_fastrtps_cpp.hpp
[4.816s] -- Up-to-date: /home/brsd/microros_ws/install/multisense_msgs/include/multisense_msgs/msg/detail/dds_fastrtps
[4.817s] -- Up-to-date: /home/brsd/microros_ws/install/multisense_msgs/lib/libmultisense_msgs__rosidl_typesupport_fastrtps_cpp.so
[4.817s] -- Up-to-date: /home/brsd/microros_ws/install/multisense_msgs/include/multisense_msgs
[4.818s] -- Up-to-date: /home/brsd/microros_ws/install/multisense_msgs/include/multisense_msgs/msg
[4.818s] -- Up-to-date: /home/brsd/microros_ws/install/multisense_msgs/include/multisense_msgs/msg/detail
[4.818s] -- Up-to-date: /home/brsd/microros_ws/install/multisense_msgs/include/multisense_msgs/msg/detail/ptp_status__rosidl_typesupport_introspection_c.h
[4.819s] -- Up-to-date: /home/brsd/microros_ws/install/multisense_msgs/include/multisense_msgs/msg/detail/raw_cam_config__rosidl_typesupport_introspection_c.h
[4.820s] -- Up-to-date: /home/brsd/microros_ws/install/multisense_msgs/include/multisense_msgs/msg/detail/device_info__rosidl_typesupport_introspection_c.h
[4.821s] -- Up-to-date: /home/brsd/microros_ws/install/multisense_msgs/include/multisense_msgs/msg/detail/raw_lidar_cal__type_support.c
[4.821s] -- Up-to-date: /home/brsd/microros_ws/install/multisense_msgs/include/multisense_msgs/msg/detail/raw_lidar_data__type_support.c
[4.822s] -- Up-to-date: /home/brsd/microros_ws/install/multisense_msgs/include/multisense_msgs/msg/detail/raw_cam_data__rosidl_typesupport_introspection_c.h
[4.822s] -- Up-to-date: /home/brsd/microros_ws/install/multisense_msgs/include/multisense_msgs/msg/detail/device_info__type_support.c
[4.823s] -- Up-to-date: /home/brsd/microros_ws/install/multisense_msgs/include/multisense_msgs/msg/detail/device_status__type_support.c
[4.824s] -- Up-to-date: /home/brsd/microros_ws/install/multisense_msgs/include/multisense_msgs/msg/detail/raw_imu_data__type_support.c
[4.825s] -- Up-to-date: /home/brsd/microros_ws/install/multisense_msgs/include/multisense_msgs/msg/detail/histogram__rosidl_typesupport_introspection_c.h
[4.826s] -- Up-to-date: /home/brsd/microros_ws/install/multisense_msgs/include/multisense_msgs/msg/detail/histogram__type_support.c
[4.839s] -- Up-to-date: /home/brsd/microros_ws/install/multisense_msgs/include/multisense_msgs/msg/detail/ptp_status__type_support.c
[4.839s] -- Up-to-date: /home/brsd/microros_ws/install/multisense_msgs/include/multisense_msgs/msg/detail/raw_lidar_cal__rosidl_typesupport_introspection_c.h
[4.840s] -- Up-to-date: /home/brsd/microros_ws/install/multisense_msgs/include/multisense_msgs/msg/detail/raw_imu_data__rosidl_typesupport_introspection_c.h
[4.840s] -- Up-to-date: /home/brsd/microros_ws/install/multisense_msgs/include/multisense_msgs/msg/detail/raw_cam_data__type_support.c
[4.841s] -- Up-to-date: /home/brsd/microros_ws/install/multisense_msgs/include/multisense_msgs/msg/detail/device_status__rosidl_typesupport_introspection_c.h
[4.841s] -- Up-to-date: /home/brsd/microros_ws/install/multisense_msgs/include/multisense_msgs/msg/detail/stamped_pps__rosidl_typesupport_introspection_c.h
[4.842s] -- Up-to-date: /home/brsd/microros_ws/install/multisense_msgs/include/multisense_msgs/msg/detail/raw_cam_cal__type_support.c
[4.842s] -- Up-to-date: /home/brsd/microros_ws/install/multisense_msgs/include/multisense_msgs/msg/detail/raw_lidar_data__rosidl_typesupport_introspection_c.h
[4.842s] -- Up-to-date: /home/brsd/microros_ws/install/multisense_msgs/include/multisense_msgs/msg/detail/stamped_pps__type_support.c
[4.843s] -- Up-to-date: /home/brsd/microros_ws/install/multisense_msgs/include/multisense_msgs/msg/detail/raw_cam_config__type_support.c
[4.844s] -- Up-to-date: /home/brsd/microros_ws/install/multisense_msgs/include/multisense_msgs/msg/detail/raw_cam_cal__rosidl_typesupport_introspection_c.h
[4.845s] -- Up-to-date: /home/brsd/microros_ws/install/multisense_msgs/include/multisense_msgs/msg/rosidl_typesupport_introspection_c__visibility_control.h
[4.845s] -- Up-to-date: /home/brsd/microros_ws/install/multisense_msgs/lib/libmultisense_msgs__rosidl_typesupport_introspection_c.so
[4.846s] -- Up-to-date: /home/brsd/microros_ws/install/multisense_msgs/lib/libmultisense_msgs__rosidl_typesupport_c.so
[4.846s] -- Up-to-date: /home/brsd/microros_ws/install/multisense_msgs/include/multisense_msgs
[4.846s] -- Up-to-date: /home/brsd/microros_ws/install/multisense_msgs/include/multisense_msgs/msg
[4.847s] -- Up-to-date: /home/brsd/microros_ws/install/multisense_msgs/include/multisense_msgs/msg/raw_cam_cal.hpp
[4.848s] -- Up-to-date: /home/brsd/microros_ws/install/multisense_msgs/include/multisense_msgs/msg/stamped_pps.hpp
[4.848s] -- Up-to-date: /home/brsd/microros_ws/install/multisense_msgs/include/multisense_msgs/msg/histogram.hpp
[4.848s] -- Up-to-date: /home/brsd/microros_ws/install/multisense_msgs/include/multisense_msgs/msg/raw_lidar_data.hpp
[4.855s] -- Up-to-date: /home/brsd/microros_ws/install/multisense_msgs/include/multisense_msgs/msg/raw_cam_config.hpp
[4.863s] -- Up-to-date: /home/brsd/microros_ws/install/multisense_msgs/include/multisense_msgs/msg/device_info.hpp
[4.864s] -- Up-to-date: /home/brsd/microros_ws/install/multisense_msgs/include/multisense_msgs/msg/raw_lidar_cal.hpp
[4.864s] -- Up-to-date: /home/brsd/microros_ws/install/multisense_msgs/include/multisense_msgs/msg/ptp_status.hpp
[4.865s] -- Up-to-date: /home/brsd/microros_ws/install/multisense_msgs/include/multisense_msgs/msg/raw_imu_data.hpp
[4.865s] -- Up-to-date: /home/brsd/microros_ws/install/multisense_msgs/include/multisense_msgs/msg/raw_cam_data.hpp
[4.866s] -- Up-to-date: /home/brsd/microros_ws/install/multisense_msgs/include/multisense_msgs/msg/device_status.hpp
[4.866s] -- Up-to-date: /home/brsd/microros_ws/install/multisense_msgs/include/multisense_msgs/msg/rosidl_generator_cpp__visibility_control.hpp
[4.867s] -- Up-to-date: /home/brsd/microros_ws/install/multisense_msgs/include/multisense_msgs/msg/detail
[4.875s] -- Up-to-date: /home/brsd/microros_ws/install/multisense_msgs/include/multisense_msgs/msg/detail/histogram__struct.hpp
[4.877s] -- Up-to-date: /home/brsd/microros_ws/install/multisense_msgs/include/multisense_msgs/msg/detail/ptp_status__builder.hpp
[4.878s] -- Up-to-date: /home/brsd/microros_ws/install/multisense_msgs/include/multisense_msgs/msg/detail/raw_cam_config__traits.hpp
[4.879s] -- Up-to-date: /home/brsd/microros_ws/install/multisense_msgs/include/multisense_msgs/msg/detail/stamped_pps__struct.hpp
[4.880s] -- Up-to-date: /home/brsd/microros_ws/install/multisense_msgs/include/multisense_msgs/msg/detail/raw_imu_data__traits.hpp
[4.881s] -- Up-to-date: /home/brsd/microros_ws/install/multisense_msgs/include/multisense_msgs/msg/detail/raw_imu_data__struct.hpp
[4.881s] -- Up-to-date: /home/brsd/microros_ws/install/multisense_msgs/include/multisense_msgs/msg/detail/device_info__builder.hpp
[4.882s] -- Up-to-date: /home/brsd/microros_ws/install/multisense_msgs/include/multisense_msgs/msg/detail/raw_cam_config__struct.hpp
[4.882s] -- Up-to-date: /home/brsd/microros_ws/install/multisense_msgs/include/multisense_msgs/msg/detail/raw_cam_config__type_support.hpp
[4.883s] -- Up-to-date: /home/brsd/microros_ws/install/multisense_msgs/include/multisense_msgs/msg/detail/raw_lidar_cal__struct.hpp
[4.884s] -- Up-to-date: /home/brsd/microros_ws/install/multisense_msgs/include/multisense_msgs/msg/detail/device_status__struct.hpp
[4.884s] -- Up-to-date: /home/brsd/microros_ws/install/multisense_msgs/include/multisense_msgs/msg/detail/raw_cam_data__struct.hpp
[4.885s] -- Up-to-date: /home/brsd/microros_ws/install/multisense_msgs/include/multisense_msgs/msg/detail/raw_cam_cal__type_support.hpp
[4.886s] -- Up-to-date: /home/brsd/microros_ws/install/multisense_msgs/include/multisense_msgs/msg/detail/ptp_status__type_support.hpp
[4.887s] -- Up-to-date: /home/brsd/microros_ws/install/multisense_msgs/include/multisense_msgs/msg/detail/stamped_pps__traits.hpp
[4.887s] -- Up-to-date: /home/brsd/microros_ws/install/multisense_msgs/include/multisense_msgs/msg/detail/device_status__builder.hpp
[4.888s] -- Up-to-date: /home/brsd/microros_ws/install/multisense_msgs/include/multisense_msgs/msg/detail/raw_lidar_data__builder.hpp
[4.888s] -- Up-to-date: /home/brsd/microros_ws/install/multisense_msgs/include/multisense_msgs/msg/detail/raw_lidar_cal__traits.hpp
[4.889s] -- Up-to-date: /home/brsd/microros_ws/install/multisense_msgs/include/multisense_msgs/msg/detail/raw_imu_data__builder.hpp
[4.889s] -- Up-to-date: /home/brsd/microros_ws/install/multisense_msgs/include/multisense_msgs/msg/detail/raw_lidar_data__type_support.hpp
[4.890s] -- Up-to-date: /home/brsd/microros_ws/install/multisense_msgs/include/multisense_msgs/msg/detail/histogram__builder.hpp
[4.890s] -- Up-to-date: /home/brsd/microros_ws/install/multisense_msgs/include/multisense_msgs/msg/detail/raw_cam_cal__struct.hpp
[4.891s] -- Up-to-date: /home/brsd/microros_ws/install/multisense_msgs/include/multisense_msgs/msg/detail/raw_lidar_cal__builder.hpp
[4.898s] -- Up-to-date: /home/brsd/microros_ws/install/multisense_msgs/include/multisense_msgs/msg/detail/raw_cam_config__builder.hpp
[4.899s] -- Up-to-date: /home/brsd/microros_ws/install/multisense_msgs/include/multisense_msgs/msg/detail/raw_cam_cal__builder.hpp
[4.900s] -- Up-to-date: /home/brsd/microros_ws/install/multisense_msgs/include/multisense_msgs/msg/detail/raw_cam_cal__traits.hpp
[4.902s] -- Up-to-date: /home/brsd/microros_ws/install/multisense_msgs/include/multisense_msgs/msg/detail/ptp_status__traits.hpp
[4.903s] -- Up-to-date: /home/brsd/microros_ws/install/multisense_msgs/include/multisense_msgs/msg/detail/device_info__struct.hpp
[4.904s] -- Up-to-date: /home/brsd/microros_ws/install/multisense_msgs/include/multisense_msgs/msg/detail/stamped_pps__type_support.hpp
[4.904s] -- Up-to-date: /home/brsd/microros_ws/install/multisense_msgs/include/multisense_msgs/msg/detail/raw_cam_data__type_support.hpp
[4.905s] -- Up-to-date: /home/brsd/microros_ws/install/multisense_msgs/include/multisense_msgs/msg/detail/raw_lidar_data__struct.hpp
[4.905s] -- Up-to-date: /home/brsd/microros_ws/install/multisense_msgs/include/multisense_msgs/msg/detail/ptp_status__struct.hpp
[4.906s] -- Up-to-date: /home/brsd/microros_ws/install/multisense_msgs/include/multisense_msgs/msg/detail/device_status__traits.hpp
[4.906s] -- Up-to-date: /home/brsd/microros_ws/install/multisense_msgs/include/multisense_msgs/msg/detail/device_info__traits.hpp
[4.907s] -- Up-to-date: /home/brsd/microros_ws/install/multisense_msgs/include/multisense_msgs/msg/detail/device_status__type_support.hpp
[4.907s] -- Up-to-date: /home/brsd/microros_ws/install/multisense_msgs/include/multisense_msgs/msg/detail/histogram__traits.hpp
[4.908s] -- Up-to-date: /home/brsd/microros_ws/install/multisense_msgs/include/multisense_msgs/msg/detail/device_info__type_support.hpp
[4.908s] -- Up-to-date: /home/brsd/microros_ws/install/multisense_msgs/include/multisense_msgs/msg/detail/raw_imu_data__type_support.hpp
[4.909s] -- Up-to-date: /home/brsd/microros_ws/install/multisense_msgs/include/multisense_msgs/msg/detail/raw_lidar_data__traits.hpp
[4.920s] -- Up-to-date: /home/brsd/microros_ws/install/multisense_msgs/include/multisense_msgs/msg/detail/stamped_pps__builder.hpp
[4.921s] -- Up-to-date: /home/brsd/microros_ws/install/multisense_msgs/include/multisense_msgs/msg/detail/raw_cam_data__builder.hpp
[4.921s] -- Up-to-date: /home/brsd/microros_ws/install/multisense_msgs/include/multisense_msgs/msg/detail/raw_cam_data__traits.hpp
[4.922s] -- Up-to-date: /home/brsd/microros_ws/install/multisense_msgs/include/multisense_msgs/msg/detail/raw_lidar_cal__type_support.hpp
[4.922s] -- Up-to-date: /home/brsd/microros_ws/install/multisense_msgs/include/multisense_msgs/msg/detail/histogram__type_support.hpp
[4.922s] -- Up-to-date: /home/brsd/microros_ws/install/multisense_msgs/include/multisense_msgs
[4.923s] -- Up-to-date: /home/brsd/microros_ws/install/multisense_msgs/include/multisense_msgs/msg
[4.924s] -- Up-to-date: /home/brsd/microros_ws/install/multisense_msgs/include/multisense_msgs/msg/detail
[4.924s] -- Up-to-date: /home/brsd/microros_ws/install/multisense_msgs/include/multisense_msgs/msg/detail/device_status__rosidl_typesupport_introspection_cpp.hpp
[4.924s] -- Up-to-date: /home/brsd/microros_ws/install/multisense_msgs/include/multisense_msgs/msg/detail/raw_cam_config__type_support.cpp
[4.928s] -- Up-to-date: /home/brsd/microros_ws/install/multisense_msgs/include/multisense_msgs/msg/detail/stamped_pps__type_support.cpp
[4.928s] -- Up-to-date: /home/brsd/microros_ws/install/multisense_msgs/include/multisense_msgs/msg/detail/raw_lidar_data__type_support.cpp
[4.929s] -- Up-to-date: /home/brsd/microros_ws/install/multisense_msgs/include/multisense_msgs/msg/detail/ptp_status__type_support.cpp
[4.929s] -- Up-to-date: /home/brsd/microros_ws/install/multisense_msgs/include/multisense_msgs/msg/detail/raw_cam_cal__type_support.cpp
[4.930s] -- Up-to-date: /home/brsd/microros_ws/install/multisense_msgs/include/multisense_msgs/msg/detail/raw_imu_data__rosidl_typesupport_introspection_cpp.hpp
[4.930s] -- Up-to-date: /home/brsd/microros_ws/install/multisense_msgs/include/multisense_msgs/msg/detail/raw_cam_data__type_support.cpp
[4.930s] -- Up-to-date: /home/brsd/microros_ws/install/multisense_msgs/include/multisense_msgs/msg/detail/raw_cam_cal__rosidl_typesupport_introspection_cpp.hpp
[4.931s] -- Up-to-date: /home/brsd/microros_ws/install/multisense_msgs/include/multisense_msgs/msg/detail/device_status__type_support.cpp
[4.931s] -- Up-to-date: /home/brsd/microros_ws/install/multisense_msgs/include/multisense_msgs/msg/detail/raw_lidar_cal__rosidl_typesupport_introspection_cpp.hpp
[4.932s] -- Up-to-date: /home/brsd/microros_ws/install/multisense_msgs/include/multisense_msgs/msg/detail/stamped_pps__rosidl_typesupport_introspection_cpp.hpp
[4.932s] -- Up-to-date: /home/brsd/microros_ws/install/multisense_msgs/include/multisense_msgs/msg/detail/ptp_status__rosidl_typesupport_introspection_cpp.hpp
[4.933s] -- Up-to-date: /home/brsd/microros_ws/install/multisense_msgs/include/multisense_msgs/msg/detail/raw_lidar_data__rosidl_typesupport_introspection_cpp.hpp
[4.933s] -- Up-to-date: /home/brsd/microros_ws/install/multisense_msgs/include/multisense_msgs/msg/detail/histogram__type_support.cpp
[4.934s] -- Up-to-date: /home/brsd/microros_ws/install/multisense_msgs/include/multisense_msgs/msg/detail/raw_lidar_cal__type_support.cpp
[4.934s] -- Up-to-date: /home/brsd/microros_ws/install/multisense_msgs/include/multisense_msgs/msg/detail/device_info__rosidl_typesupport_introspection_cpp.hpp
[4.934s] -- Up-to-date: /home/brsd/microros_ws/install/multisense_msgs/include/multisense_msgs/msg/detail/histogram__rosidl_typesupport_introspection_cpp.hpp
[4.935s] -- Up-to-date: /home/brsd/microros_ws/install/multisense_msgs/include/multisense_msgs/msg/detail/raw_imu_data__type_support.cpp
[4.935s] -- Up-to-date: /home/brsd/microros_ws/install/multisense_msgs/include/multisense_msgs/msg/detail/raw_cam_data__rosidl_typesupport_introspection_cpp.hpp
[4.936s] -- Up-to-date: /home/brsd/microros_ws/install/multisense_msgs/include/multisense_msgs/msg/detail/raw_cam_config__rosidl_typesupport_introspection_cpp.hpp
[4.936s] -- Up-to-date: /home/brsd/microros_ws/install/multisense_msgs/include/multisense_msgs/msg/detail/device_info__type_support.cpp
[4.937s] -- Up-to-date: /home/brsd/microros_ws/install/multisense_msgs/lib/libmultisense_msgs__rosidl_typesupport_introspection_cpp.so
[4.937s] -- Up-to-date: /home/brsd/microros_ws/install/multisense_msgs/lib/libmultisense_msgs__rosidl_typesupport_cpp.so
[4.938s] -- Up-to-date: /home/brsd/microros_ws/install/multisense_msgs/share/multisense_msgs/environment/pythonpath.sh
[4.938s] -- Up-to-date: /home/brsd/microros_ws/install/multisense_msgs/share/multisense_msgs/environment/pythonpath.dsv
[4.938s] -- Up-to-date: /home/brsd/microros_ws/install/multisense_msgs/lib/python3.8/site-packages/multisense_msgs/__init__.py
[5.160s] -- Up-to-date: /home/brsd/microros_ws/install/multisense_msgs/lib/python3.8/site-packages/multisense_msgs/msg
[5.166s] -- Up-to-date: /home/brsd/microros_ws/install/multisense_msgs/lib/python3.8/site-packages/multisense_msgs/msg/_stamped_pps_s.c
[5.166s] -- Up-to-date: /home/brsd/microros_ws/install/multisense_msgs/lib/python3.8/site-packages/multisense_msgs/msg/_ptp_status_s.c
[5.167s] -- Up-to-date: /home/brsd/microros_ws/install/multisense_msgs/lib/python3.8/site-packages/multisense_msgs/msg/_raw_cam_config_s.c
[5.167s] -- Up-to-date: /home/brsd/microros_ws/install/multisense_msgs/lib/python3.8/site-packages/multisense_msgs/msg/_raw_imu_data_s.c
[5.168s] -- Up-to-date: /home/brsd/microros_ws/install/multisense_msgs/lib/python3.8/site-packages/multisense_msgs/msg/__init__.py
[5.168s] -- Up-to-date: /home/brsd/microros_ws/install/multisense_msgs/lib/python3.8/site-packages/multisense_msgs/msg/_stamped_pps.py
[5.169s] -- Up-to-date: /home/brsd/microros_ws/install/multisense_msgs/lib/python3.8/site-packages/multisense_msgs/msg/_raw_imu_data.py
[5.169s] -- Up-to-date: /home/brsd/microros_ws/install/multisense_msgs/lib/python3.8/site-packages/multisense_msgs/msg/_device_info_s.c
[5.170s] -- Up-to-date: /home/brsd/microros_ws/install/multisense_msgs/lib/python3.8/site-packages/multisense_msgs/msg/_device_status_s.c
[5.171s] -- Up-to-date: /home/brsd/microros_ws/install/multisense_msgs/lib/python3.8/site-packages/multisense_msgs/msg/_raw_lidar_data_s.c
[5.174s] -- Up-to-date: /home/brsd/microros_ws/install/multisense_msgs/lib/python3.8/site-packages/multisense_msgs/msg/_raw_cam_cal_s.c
[5.175s] -- Up-to-date: /home/brsd/microros_ws/install/multisense_msgs/lib/python3.8/site-packages/multisense_msgs/msg/_raw_cam_config.py
[5.176s] -- Up-to-date: /home/brsd/microros_ws/install/multisense_msgs/lib/python3.8/site-packages/multisense_msgs/msg/_raw_cam_data.py
[5.176s] -- Up-to-date: /home/brsd/microros_ws/install/multisense_msgs/lib/python3.8/site-packages/multisense_msgs/msg/_device_info.py
[5.176s] -- Up-to-date: /home/brsd/microros_ws/install/multisense_msgs/lib/python3.8/site-packages/multisense_msgs/msg/_raw_lidar_cal_s.c
[5.177s] -- Up-to-date: /home/brsd/microros_ws/install/multisense_msgs/lib/python3.8/site-packages/multisense_msgs/msg/_ptp_status.py
[5.177s] -- Up-to-date: /home/brsd/microros_ws/install/multisense_msgs/lib/python3.8/site-packages/multisense_msgs/msg/_raw_cam_cal.py
[5.178s] -- Up-to-date: /home/brsd/microros_ws/install/multisense_msgs/lib/python3.8/site-packages/multisense_msgs/msg/_device_status.py
[5.196s] -- Up-to-date: /home/brsd/microros_ws/install/multisense_msgs/lib/python3.8/site-packages/multisense_msgs/msg/_histogram.py
[5.199s] -- Up-to-date: /home/brsd/microros_ws/install/multisense_msgs/lib/python3.8/site-packages/multisense_msgs/msg/_raw_lidar_data.py
[5.207s] -- Up-to-date: /home/brsd/microros_ws/install/multisense_msgs/lib/python3.8/site-packages/multisense_msgs/msg/_raw_lidar_cal.py
[5.207s] -- Up-to-date: /home/brsd/microros_ws/install/multisense_msgs/lib/python3.8/site-packages/multisense_msgs/msg/_raw_cam_data_s.c
[5.208s] -- Up-to-date: /home/brsd/microros_ws/install/multisense_msgs/lib/python3.8/site-packages/multisense_msgs/msg/_histogram_s.c
[5.208s] -- Up-to-date: /home/brsd/microros_ws/install/multisense_msgs/lib/python3.8/site-packages/multisense_msgs/multisense_msgs_s__rosidl_typesupport_fastrtps_c.cpython-38-aarch64-linux-gnu.so
[5.208s] -- Up-to-date: /home/brsd/microros_ws/install/multisense_msgs/lib/python3.8/site-packages/multisense_msgs/multisense_msgs_s__rosidl_typesupport_introspection_c.cpython-38-aarch64-linux-gnu.so
[5.209s] -- Up-to-date: /home/brsd/microros_ws/install/multisense_msgs/lib/python3.8/site-packages/multisense_msgs/multisense_msgs_s__rosidl_typesupport_c.cpython-38-aarch64-linux-gnu.so
[5.209s] -- Up-to-date: /home/brsd/microros_ws/install/multisense_msgs/lib/libmultisense_msgs__python.so
[5.210s] -- Up-to-date: /home/brsd/microros_ws/install/multisense_msgs/share/multisense_msgs/msg/DeviceInfo.idl
[5.210s] -- Up-to-date: /home/brsd/microros_ws/install/multisense_msgs/share/multisense_msgs/msg/RawCamConfig.idl
[5.216s] -- Up-to-date: /home/brsd/microros_ws/install/multisense_msgs/share/multisense_msgs/msg/RawImuData.idl
[5.217s] -- Up-to-date: /home/brsd/microros_ws/install/multisense_msgs/share/multisense_msgs/msg/RawLidarData.idl
[5.217s] -- Up-to-date: /home/brsd/microros_ws/install/multisense_msgs/share/multisense_msgs/msg/RawCamCal.idl
[5.218s] -- Up-to-date: /home/brsd/microros_ws/install/multisense_msgs/share/multisense_msgs/msg/RawCamData.idl
[5.218s] -- Up-to-date: /home/brsd/microros_ws/install/multisense_msgs/share/multisense_msgs/msg/RawLidarCal.idl
[5.221s] -- Up-to-date: /home/brsd/microros_ws/install/multisense_msgs/share/multisense_msgs/msg/Histogram.idl
[5.231s] -- Up-to-date: /home/brsd/microros_ws/install/multisense_msgs/share/multisense_msgs/msg/DeviceStatus.idl
[5.231s] -- Up-to-date: /home/brsd/microros_ws/install/multisense_msgs/share/multisense_msgs/msg/PtpStatus.idl
[5.232s] -- Up-to-date: /home/brsd/microros_ws/install/multisense_msgs/share/multisense_msgs/msg/StampedPps.idl
[5.232s] -- Up-to-date: /home/brsd/microros_ws/install/multisense_msgs/share/multisense_msgs/msg/DeviceInfo.msg
[5.233s] -- Up-to-date: /home/brsd/microros_ws/install/multisense_msgs/share/multisense_msgs/msg/RawCamConfig.msg
[5.233s] -- Up-to-date: /home/brsd/microros_ws/install/multisense_msgs/share/multisense_msgs/msg/RawImuData.msg
[5.233s] -- Up-to-date: /home/brsd/microros_ws/install/multisense_msgs/share/multisense_msgs/msg/RawLidarData.msg
[5.234s] -- Up-to-date: /home/brsd/microros_ws/install/multisense_msgs/share/multisense_msgs/msg/RawCamCal.msg
[5.234s] -- Up-to-date: /home/brsd/microros_ws/install/multisense_msgs/share/multisense_msgs/msg/RawCamData.msg
[5.245s] -- Up-to-date: /home/brsd/microros_ws/install/multisense_msgs/share/multisense_msgs/msg/RawLidarCal.msg
[5.246s] -- Up-to-date: /home/brsd/microros_ws/install/multisense_msgs/share/multisense_msgs/msg/Histogram.msg
[5.246s] -- Up-to-date: /home/brsd/microros_ws/install/multisense_msgs/share/multisense_msgs/msg/DeviceStatus.msg
[5.247s] -- Up-to-date: /home/brsd/microros_ws/install/multisense_msgs/share/multisense_msgs/msg/PtpStatus.msg
[5.247s] -- Up-to-date: /home/brsd/microros_ws/install/multisense_msgs/share/multisense_msgs/msg/StampedPps.msg
[5.248s] -- Up-to-date: /home/brsd/microros_ws/install/multisense_msgs/share/ament_index/resource_index/package_run_dependencies/multisense_msgs
[5.248s] -- Up-to-date: /home/brsd/microros_ws/install/multisense_msgs/share/ament_index/resource_index/parent_prefix_path/multisense_msgs
[5.249s] -- Up-to-date: /home/brsd/microros_ws/install/multisense_msgs/share/multisense_msgs/environment/ament_prefix_path.sh
[5.249s] -- Up-to-date: /home/brsd/microros_ws/install/multisense_msgs/share/multisense_msgs/environment/ament_prefix_path.dsv
[5.250s] -- Up-to-date: /home/brsd/microros_ws/install/multisense_msgs/share/multisense_msgs/environment/path.sh
[5.250s] -- Up-to-date: /home/brsd/microros_ws/install/multisense_msgs/share/multisense_msgs/environment/path.dsv
[5.251s] -- Up-to-date: /home/brsd/microros_ws/install/multisense_msgs/share/multisense_msgs/local_setup.bash
[5.251s] -- Up-to-date: /home/brsd/microros_ws/install/multisense_msgs/share/multisense_msgs/local_setup.sh
[5.252s] -- Up-to-date: /home/brsd/microros_ws/install/multisense_msgs/share/multisense_msgs/local_setup.zsh
[5.266s] -- Up-to-date: /home/brsd/microros_ws/install/multisense_msgs/share/multisense_msgs/local_setup.dsv
[5.268s] -- Installing: /home/brsd/microros_ws/install/multisense_msgs/share/multisense_msgs/package.dsv
[5.268s] -- Up-to-date: /home/brsd/microros_ws/install/multisense_msgs/share/ament_index/resource_index/packages/multisense_msgs
[5.269s] -- Up-to-date: /home/brsd/microros_ws/install/multisense_msgs/share/multisense_msgs/cmake/multisense_msgs__rosidl_generator_cExport.cmake
[5.269s] -- Up-to-date: /home/brsd/microros_ws/install/multisense_msgs/share/multisense_msgs/cmake/multisense_msgs__rosidl_generator_cExport-release.cmake
[5.269s] -- Up-to-date: /home/brsd/microros_ws/install/multisense_msgs/share/multisense_msgs/cmake/multisense_msgs__rosidl_typesupport_introspection_cExport.cmake
[5.270s] -- Up-to-date: /home/brsd/microros_ws/install/multisense_msgs/share/multisense_msgs/cmake/multisense_msgs__rosidl_typesupport_introspection_cExport-release.cmake
[5.270s] -- Up-to-date: /home/brsd/microros_ws/install/multisense_msgs/share/multisense_msgs/cmake/multisense_msgs__rosidl_typesupport_cExport.cmake
[5.271s] -- Up-to-date: /home/brsd/microros_ws/install/multisense_msgs/share/multisense_msgs/cmake/multisense_msgs__rosidl_typesupport_cExport-release.cmake
[5.272s] -- Up-to-date: /home/brsd/microros_ws/install/multisense_msgs/share/multisense_msgs/cmake/multisense_msgs__rosidl_generator_cppExport.cmake
[5.281s] -- Up-to-date: /home/brsd/microros_ws/install/multisense_msgs/share/multisense_msgs/cmake/multisense_msgs__rosidl_typesupport_introspection_cppExport.cmake
[5.282s] -- Up-to-date: /home/brsd/microros_ws/install/multisense_msgs/share/multisense_msgs/cmake/multisense_msgs__rosidl_typesupport_introspection_cppExport-release.cmake
[5.282s] -- Up-to-date: /home/brsd/microros_ws/install/multisense_msgs/share/multisense_msgs/cmake/multisense_msgs__rosidl_typesupport_cppExport.cmake
[5.283s] -- Up-to-date: /home/brsd/microros_ws/install/multisense_msgs/share/multisense_msgs/cmake/multisense_msgs__rosidl_typesupport_cppExport-release.cmake
[5.284s] -- Up-to-date: /home/brsd/microros_ws/install/multisense_msgs/share/multisense_msgs/cmake/rosidl_cmake-extras.cmake
[5.284s] -- Up-to-date: /home/brsd/microros_ws/install/multisense_msgs/share/multisense_msgs/cmake/ament_cmake_export_dependencies-extras.cmake
[5.284s] -- Up-to-date: /home/brsd/microros_ws/install/multisense_msgs/share/multisense_msgs/cmake/ament_cmake_export_libraries-extras.cmake
[5.285s] -- Up-to-date: /home/brsd/microros_ws/install/multisense_msgs/share/multisense_msgs/cmake/ament_cmake_export_targets-extras.cmake
[5.285s] -- Up-to-date: /home/brsd/microros_ws/install/multisense_msgs/share/multisense_msgs/cmake/ament_cmake_export_include_directories-extras.cmake
[5.286s] -- Up-to-date: /home/brsd/microros_ws/install/multisense_msgs/share/multisense_msgs/cmake/rosidl_cmake_export_typesupport_libraries-extras.cmake
[5.286s] -- Up-to-date: /home/brsd/microros_ws/install/multisense_msgs/share/multisense_msgs/cmake/rosidl_cmake_export_typesupport_targets-extras.cmake
[5.306s] -- Up-to-date: /home/brsd/microros_ws/install/multisense_msgs/share/multisense_msgs/cmake/multisense_msgsConfig.cmake
[5.307s] -- Up-to-date: /home/brsd/microros_ws/install/multisense_msgs/share/multisense_msgs/cmake/multisense_msgsConfig-version.cmake
[5.307s] -- Up-to-date: /home/brsd/microros_ws/install/multisense_msgs/share/multisense_msgs/package.xml
[5.335s] Invoked command in '/home/brsd/microros_ws/build/multisense_msgs' returned '0': CMAKE_PREFIX_PATH=${CMAKE_PREFIX_PATH}:/home/brsd/microros_ws/install/person_detection:/home/brsd/microros_ws/install/pathfinding:/home/brsd/microros_ws/install/object_detection_pkg:/home/brsd/microros_ws/install/joystick_input:/home/brsd/microros_ws/install/jetson_comm:/home/brsd/microros_ws/install/fsm:/opt/ros/foxy /usr/bin/cmake --install /home/brsd/microros_ws/build/multisense_msgs
