[8.458s] Invoking command in '/home/brsd/microros_ws/src/person_detection': PYTHONPATH=/home/brsd/microros_ws/build/person_detection/prefix_override:/usr/lib/python3/dist-packages/colcon_core/task/python/colcon_distutils_commands:/home/brsd/microros_ws/install/person_detection/lib/python3.8/site-packages:${PYTHONPATH} /usr/bin/python3 -W ignore:setup.py install is deprecated setup.py egg_info --egg-base ../../build/person_detection build --build-base /home/brsd/microros_ws/build/person_detection/build install --record /home/brsd/microros_ws/build/person_detection/install.log --install-scripts $base/lib/person_detection --single-version-externally-managed install_data
[10.544s] running egg_info
[10.551s] writing ../../build/person_detection/person_detection.egg-info/PKG-INFO
[10.554s] writing dependency_links to ../../build/person_detection/person_detection.egg-info/dependency_links.txt
[10.555s] writing entry points to ../../build/person_detection/person_detection.egg-info/entry_points.txt
[10.556s] writing requirements to ../../build/person_detection/person_detection.egg-info/requires.txt
[10.557s] writing top-level names to ../../build/person_detection/person_detection.egg-info/top_level.txt
[10.925s] reading manifest file '../../build/person_detection/person_detection.egg-info/SOURCES.txt'
[10.936s] writing manifest file '../../build/person_detection/person_detection.egg-info/SOURCES.txt'
[10.943s] running build
[10.943s] running build_py
[10.944s] running install
[10.947s] running install_lib
[10.960s] running install_data
[10.961s] running install_egg_info
[10.977s] removing '/home/brsd/microros_ws/install/person_detection/lib/python3.8/site-packages/person_detection-0.0.0-py3.8.egg-info' (and everything under it)
[10.981s] Copying ../../build/person_detection/person_detection.egg-info to /home/brsd/microros_ws/install/person_detection/lib/python3.8/site-packages/person_detection-0.0.0-py3.8.egg-info
[10.995s] running install_scripts
[11.161s] Installing color_detector script to /home/brsd/microros_ws/install/person_detection/lib/person_detection
[11.168s] writing list of installed files to '/home/brsd/microros_ws/build/person_detection/install.log'
[11.363s] Invoked command in '/home/brsd/microros_ws/src/person_detection' returned '0': PYTHONPATH=/home/brsd/microros_ws/build/person_detection/prefix_override:/usr/lib/python3/dist-packages/colcon_core/task/python/colcon_distutils_commands:/home/brsd/microros_ws/install/person_detection/lib/python3.8/site-packages:${PYTHONPATH} /usr/bin/python3 -W ignore:setup.py install is deprecated setup.py egg_info --egg-base ../../build/person_detection build --build-base /home/brsd/microros_ws/build/person_detection/build install --record /home/brsd/microros_ws/build/person_detection/install.log --install-scripts $base/lib/person_detection --single-version-externally-managed install_data
