[3.042s] Invoking command in '/home/brsd/microros_ws/src/jetson_comm': PYTHONPATH=/home/brsd/microros_ws/build/jetson_comm/prefix_override:/usr/lib/python3/dist-packages/colcon_core/task/python/colcon_distutils_commands:/home/brsd/microros_ws/install/jetson_comm/lib/python3.8/site-packages:${PYTHONPATH} /usr/bin/python3 -W ignore:setup.py install is deprecated setup.py egg_info --egg-base ../../build/jetson_comm build --build-base /home/brsd/microros_ws/build/jetson_comm/build install --record /home/brsd/microros_ws/build/jetson_comm/install.log --install-scripts $base/lib/jetson_comm --single-version-externally-managed install_data
[3.988s] running egg_info
[3.990s] creating ../../build/jetson_comm/jetson_comm.egg-info
[3.991s] writing ../../build/jetson_comm/jetson_comm.egg-info/PKG-INFO
[3.992s] writing dependency_links to ../../build/jetson_comm/jetson_comm.egg-info/dependency_links.txt
[3.993s] writing entry points to ../../build/jetson_comm/jetson_comm.egg-info/entry_points.txt
[3.993s] writing requirements to ../../build/jetson_comm/jetson_comm.egg-info/requires.txt
[3.993s] writing top-level names to ../../build/jetson_comm/jetson_comm.egg-info/top_level.txt
[4.004s] writing manifest file '../../build/jetson_comm/jetson_comm.egg-info/SOURCES.txt'
[4.162s] reading manifest file '../../build/jetson_comm/jetson_comm.egg-info/SOURCES.txt'
[4.165s] writing manifest file '../../build/jetson_comm/jetson_comm.egg-info/SOURCES.txt'
[4.167s] running build
[4.167s] running build_py
[4.168s] creating /home/brsd/microros_ws/build/jetson_comm/build
[4.168s] creating /home/brsd/microros_ws/build/jetson_comm/build/lib
[4.168s] creating /home/brsd/microros_ws/build/jetson_comm/build/lib/jetson_comm
[4.169s] copying jetson_comm/__init__.py -> /home/brsd/microros_ws/build/jetson_comm/build/lib/jetson_comm
[4.169s] copying jetson_comm/jetson_node.py -> /home/brsd/microros_ws/build/jetson_comm/build/lib/jetson_comm
[4.169s] running install
[4.171s] running install_lib
[4.175s] creating /home/brsd/microros_ws/install/jetson_comm/lib/python3.8/site-packages/jetson_comm
[4.175s] copying /home/brsd/microros_ws/build/jetson_comm/build/lib/jetson_comm/__init__.py -> /home/brsd/microros_ws/install/jetson_comm/lib/python3.8/site-packages/jetson_comm
[4.175s] copying /home/brsd/microros_ws/build/jetson_comm/build/lib/jetson_comm/jetson_node.py -> /home/brsd/microros_ws/install/jetson_comm/lib/python3.8/site-packages/jetson_comm
[4.177s] byte-compiling /home/brsd/microros_ws/install/jetson_comm/lib/python3.8/site-packages/jetson_comm/__init__.py to __init__.cpython-38.pyc
[4.183s] byte-compiling /home/brsd/microros_ws/install/jetson_comm/lib/python3.8/site-packages/jetson_comm/jetson_node.py to jetson_node.cpython-38.pyc
[4.184s] running install_data
[4.185s] creating /home/brsd/microros_ws/install/jetson_comm/share/ament_index
[4.186s] creating /home/brsd/microros_ws/install/jetson_comm/share/ament_index/resource_index
[4.186s] creating /home/brsd/microros_ws/install/jetson_comm/share/ament_index/resource_index/packages
[4.187s] copying resource/jetson_comm -> /home/brsd/microros_ws/install/jetson_comm/share/ament_index/resource_index/packages
[4.187s] copying package.xml -> /home/brsd/microros_ws/install/jetson_comm/share/jetson_comm
[4.187s] running install_egg_info
[4.193s] Copying ../../build/jetson_comm/jetson_comm.egg-info to /home/brsd/microros_ws/install/jetson_comm/lib/python3.8/site-packages/jetson_comm-0.0.0-py3.8.egg-info
[4.197s] running install_scripts
[4.265s] writing list of installed files to '/home/brsd/microros_ws/build/jetson_comm/install.log'
[4.368s] Invoked command in '/home/brsd/microros_ws/src/jetson_comm' returned '0': PYTHONPATH=/home/brsd/microros_ws/build/jetson_comm/prefix_override:/usr/lib/python3/dist-packages/colcon_core/task/python/colcon_distutils_commands:/home/brsd/microros_ws/install/jetson_comm/lib/python3.8/site-packages:${PYTHONPATH} /usr/bin/python3 -W ignore:setup.py install is deprecated setup.py egg_info --egg-base ../../build/jetson_comm build --build-base /home/brsd/microros_ws/build/jetson_comm/build install --record /home/brsd/microros_ws/build/jetson_comm/install.log --install-scripts $base/lib/jetson_comm --single-version-externally-managed install_data
