[7.360s] Invoking command in '/home/brsd/microros_ws/src/pathfinding': PYTHONPATH=/home/brsd/microros_ws/build/pathfinding/prefix_override:/usr/lib/python3/dist-packages/colcon_core/task/python/colcon_distutils_commands:/home/brsd/microros_ws/install/pathfinding/lib/python3.8/site-packages:${PYTHONPATH} /usr/bin/python3 -W ignore:setup.py install is deprecated setup.py egg_info --egg-base ../../build/pathfinding build --build-base /home/brsd/microros_ws/build/pathfinding/build install --record /home/brsd/microros_ws/build/pathfinding/install.log --install-scripts $base/lib/pathfinding --single-version-externally-managed install_data
[10.058s] running egg_info
[10.061s] writing ../../build/pathfinding/pathfinding.egg-info/PKG-INFO
[10.073s] writing dependency_links to ../../build/pathfinding/pathfinding.egg-info/dependency_links.txt
[10.075s] writing entry points to ../../build/pathfinding/pathfinding.egg-info/entry_points.txt
[10.076s] writing requirements to ../../build/pathfinding/pathfinding.egg-info/requires.txt
[10.085s] writing top-level names to ../../build/pathfinding/pathfinding.egg-info/top_level.txt
[10.560s] reading manifest file '../../build/pathfinding/pathfinding.egg-info/SOURCES.txt'
[10.565s] writing manifest file '../../build/pathfinding/pathfinding.egg-info/SOURCES.txt'
[10.569s] running build
[10.572s] running build_py
[10.572s] running install
[10.575s] running install_lib
[10.589s] running install_data
[10.590s] running install_egg_info
[10.600s] removing '/home/brsd/microros_ws/install/pathfinding/lib/python3.8/site-packages/pathfinding-0.0.0-py3.8.egg-info' (and everything under it)
[10.602s] Copying ../../build/pathfinding/pathfinding.egg-info to /home/brsd/microros_ws/install/pathfinding/lib/python3.8/site-packages/pathfinding-0.0.0-py3.8.egg-info
[10.608s] running install_scripts
[10.714s] Installing image_display_node script to /home/brsd/microros_ws/install/pathfinding/lib/pathfinding
[10.717s] Installing pathfinding_node script to /home/brsd/microros_ws/install/pathfinding/lib/pathfinding
[10.719s] writing list of installed files to '/home/brsd/microros_ws/build/pathfinding/install.log'
[10.893s] Invoked command in '/home/brsd/microros_ws/src/pathfinding' returned '0': PYTHONPATH=/home/brsd/microros_ws/build/pathfinding/prefix_override:/usr/lib/python3/dist-packages/colcon_core/task/python/colcon_distutils_commands:/home/brsd/microros_ws/install/pathfinding/lib/python3.8/site-packages:${PYTHONPATH} /usr/bin/python3 -W ignore:setup.py install is deprecated setup.py egg_info --egg-base ../../build/pathfinding build --build-base /home/brsd/microros_ws/build/pathfinding/build install --record /home/brsd/microros_ws/build/pathfinding/install.log --install-scripts $base/lib/pathfinding --single-version-externally-managed install_data
