[0.135s] Invoking command in '/home/brsd/microros_ws/build/drive_base_msgs': CMAKE_PREFIX_PATH=${CMAKE_PREFIX_PATH}:/home/brsd/microros_ws/install/jetson_comm:/opt/ros/foxy /usr/bin/cmake --build /home/brsd/microros_ws/build/drive_base_msgs -- -j4 -l4
[1.444s] [  1%] Built target drive_base_msgs__cpp
[1.446s] [ 12%] Built target drive_base_msgs__rosidl_generator_c
[1.447s] [ 23%] Built target drive_base_msgs__rosidl_typesupport_introspection_cpp
[1.448s] [ 34%] Built target drive_base_msgs__rosidl_typesupport_fastrtps_cpp
[1.449s] [ 45%] Built target drive_base_msgs__rosidl_typesupport_cpp
[1.451s] [ 56%] Built target drive_base_msgs__rosidl_typesupport_introspection_c
[1.455s] [ 67%] Built target drive_base_msgs__rosidl_typesupport_c
[1.456s] [ 78%] Built target drive_base_msgs__rosidl_typesupport_fastrtps_c
[1.457s] [ 78%] Built target drive_base_msgs
[1.457s] [ 80%] Built target drive_base_msgs__py
[1.458s] [ 89%] Built target drive_base_msgs__python
[1.459s] [ 92%] Built target drive_base_msgs__rosidl_typesupport_c__pyext
[1.460s] [ 96%] Built target drive_base_msgs__rosidl_typesupport_introspection_c__pyext
[1.460s] [100%] Built target drive_base_msgs__rosidl_typesupport_fastrtps_c__pyext
[1.461s] Invoked command in '/home/brsd/microros_ws/build/drive_base_msgs' returned '0': CMAKE_PREFIX_PATH=${CMAKE_PREFIX_PATH}:/home/brsd/microros_ws/install/jetson_comm:/opt/ros/foxy /usr/bin/cmake --build /home/brsd/microros_ws/build/drive_base_msgs -- -j4 -l4
[1.992s] Invoking command in '/home/brsd/microros_ws/build/drive_base_msgs': CMAKE_PREFIX_PATH=${CMAKE_PREFIX_PATH}:/home/brsd/microros_ws/install/jetson_comm:/opt/ros/foxy /usr/bin/cmake --install /home/brsd/microros_ws/build/drive_base_msgs
[2.078s] -- Install configuration: ""
[2.079s] -- Up-to-date: /home/brsd/microros_ws/install/drive_base_msgs/share/ament_index/resource_index/rosidl_interfaces/drive_base_msgs
[2.079s] -- Up-to-date: /home/brsd/microros_ws/install/drive_base_msgs/include/drive_base_msgs
[2.080s] -- Up-to-date: /home/brsd/microros_ws/install/drive_base_msgs/include/drive_base_msgs/msg
[2.080s] -- Up-to-date: /home/brsd/microros_ws/install/drive_base_msgs/include/drive_base_msgs/msg/command_status.h
[2.081s] -- Up-to-date: /home/brsd/microros_ws/install/drive_base_msgs/include/drive_base_msgs/msg/command_header.h
[2.081s] -- Up-to-date: /home/brsd/microros_ws/install/drive_base_msgs/include/drive_base_msgs/msg/base_info.h
[2.082s] -- Up-to-date: /home/brsd/microros_ws/install/drive_base_msgs/include/drive_base_msgs/msg/detail
[2.082s] -- Up-to-date: /home/brsd/microros_ws/install/drive_base_msgs/include/drive_base_msgs/msg/detail/base_info__struct.h
[2.083s] -- Up-to-date: /home/brsd/microros_ws/install/drive_base_msgs/include/drive_base_msgs/msg/detail/trv_command__type_support.h
[2.083s] -- Up-to-date: /home/brsd/microros_ws/install/drive_base_msgs/include/drive_base_msgs/msg/detail/trv_command__functions.h
[2.083s] -- Up-to-date: /home/brsd/microros_ws/install/drive_base_msgs/include/drive_base_msgs/msg/detail/command_header__functions.c
[2.084s] -- Up-to-date: /home/brsd/microros_ws/install/drive_base_msgs/include/drive_base_msgs/msg/detail/command_header__struct.h
[2.084s] -- Up-to-date: /home/brsd/microros_ws/install/drive_base_msgs/include/drive_base_msgs/msg/detail/trv_command__struct.h
[2.085s] -- Up-to-date: /home/brsd/microros_ws/install/drive_base_msgs/include/drive_base_msgs/msg/detail/command_header__functions.h
[2.085s] -- Up-to-date: /home/brsd/microros_ws/install/drive_base_msgs/include/drive_base_msgs/msg/detail/command_status__functions.c
[2.086s] -- Up-to-date: /home/brsd/microros_ws/install/drive_base_msgs/include/drive_base_msgs/msg/detail/base_info__functions.h
[2.086s] -- Up-to-date: /home/brsd/microros_ws/install/drive_base_msgs/include/drive_base_msgs/msg/detail/trv_command__functions.c
[2.086s] -- Up-to-date: /home/brsd/microros_ws/install/drive_base_msgs/include/drive_base_msgs/msg/detail/command_status__type_support.h
[2.087s] -- Up-to-date: /home/brsd/microros_ws/install/drive_base_msgs/include/drive_base_msgs/msg/detail/command_status__functions.h
[2.087s] -- Up-to-date: /home/brsd/microros_ws/install/drive_base_msgs/include/drive_base_msgs/msg/detail/base_info__functions.c
[2.088s] -- Up-to-date: /home/brsd/microros_ws/install/drive_base_msgs/include/drive_base_msgs/msg/detail/base_info__type_support.h
[2.089s] -- Up-to-date: /home/brsd/microros_ws/install/drive_base_msgs/include/drive_base_msgs/msg/detail/command_header__type_support.h
[2.089s] -- Up-to-date: /home/brsd/microros_ws/install/drive_base_msgs/include/drive_base_msgs/msg/detail/command_status__struct.h
[2.090s] -- Up-to-date: /home/brsd/microros_ws/install/drive_base_msgs/include/drive_base_msgs/msg/trv_command.h
[2.090s] -- Up-to-date: /home/brsd/microros_ws/install/drive_base_msgs/include/drive_base_msgs/msg/rosidl_generator_c__visibility_control.h
[2.090s] -- Up-to-date: /home/brsd/microros_ws/install/drive_base_msgs/share/drive_base_msgs/environment/library_path.sh
[2.091s] -- Up-to-date: /home/brsd/microros_ws/install/drive_base_msgs/share/drive_base_msgs/environment/library_path.dsv
[2.100s] -- Up-to-date: /home/brsd/microros_ws/install/drive_base_msgs/lib/libdrive_base_msgs__rosidl_generator_c.so
[2.101s] -- Up-to-date: /home/brsd/microros_ws/install/drive_base_msgs/include/drive_base_msgs
[2.102s] -- Up-to-date: /home/brsd/microros_ws/install/drive_base_msgs/include/drive_base_msgs/msg
[2.102s] -- Up-to-date: /home/brsd/microros_ws/install/drive_base_msgs/include/drive_base_msgs/msg/rosidl_typesupport_fastrtps_c__visibility_control.h
[2.102s] -- Up-to-date: /home/brsd/microros_ws/install/drive_base_msgs/include/drive_base_msgs/msg/detail
[2.103s] -- Up-to-date: /home/brsd/microros_ws/install/drive_base_msgs/include/drive_base_msgs/msg/detail/command_status__rosidl_typesupport_fastrtps_c.h
[2.103s] -- Up-to-date: /home/brsd/microros_ws/install/drive_base_msgs/include/drive_base_msgs/msg/detail/trv_command__rosidl_typesupport_fastrtps_c.h
[2.104s] -- Up-to-date: /home/brsd/microros_ws/install/drive_base_msgs/include/drive_base_msgs/msg/detail/base_info__rosidl_typesupport_fastrtps_c.h
[2.104s] -- Up-to-date: /home/brsd/microros_ws/install/drive_base_msgs/include/drive_base_msgs/msg/detail/command_header__rosidl_typesupport_fastrtps_c.h
[2.105s] -- Up-to-date: /home/brsd/microros_ws/install/drive_base_msgs/lib/libdrive_base_msgs__rosidl_typesupport_fastrtps_c.so
[2.105s] -- Up-to-date: /home/brsd/microros_ws/install/drive_base_msgs/include/drive_base_msgs
[2.106s] -- Up-to-date: /home/brsd/microros_ws/install/drive_base_msgs/include/drive_base_msgs/msg
[2.106s] -- Up-to-date: /home/brsd/microros_ws/install/drive_base_msgs/include/drive_base_msgs/msg/rosidl_typesupport_fastrtps_cpp__visibility_control.h
[2.106s] -- Up-to-date: /home/brsd/microros_ws/install/drive_base_msgs/include/drive_base_msgs/msg/detail
[2.107s] -- Up-to-date: /home/brsd/microros_ws/install/drive_base_msgs/include/drive_base_msgs/msg/detail/command_header__rosidl_typesupport_fastrtps_cpp.hpp
[2.115s] -- Up-to-date: /home/brsd/microros_ws/install/drive_base_msgs/include/drive_base_msgs/msg/detail/command_status__rosidl_typesupport_fastrtps_cpp.hpp
[2.116s] -- Up-to-date: /home/brsd/microros_ws/install/drive_base_msgs/include/drive_base_msgs/msg/detail/trv_command__rosidl_typesupport_fastrtps_cpp.hpp
[2.117s] -- Up-to-date: /home/brsd/microros_ws/install/drive_base_msgs/include/drive_base_msgs/msg/detail/base_info__rosidl_typesupport_fastrtps_cpp.hpp
[2.117s] -- Up-to-date: /home/brsd/microros_ws/install/drive_base_msgs/include/drive_base_msgs/msg/detail/dds_fastrtps
[2.118s] -- Up-to-date: /home/brsd/microros_ws/install/drive_base_msgs/lib/libdrive_base_msgs__rosidl_typesupport_fastrtps_cpp.so
[2.118s] -- Up-to-date: /home/brsd/microros_ws/install/drive_base_msgs/include/drive_base_msgs
[2.119s] -- Up-to-date: /home/brsd/microros_ws/install/drive_base_msgs/include/drive_base_msgs/msg
[2.119s] -- Up-to-date: /home/brsd/microros_ws/install/drive_base_msgs/include/drive_base_msgs/msg/detail
[2.120s] -- Up-to-date: /home/brsd/microros_ws/install/drive_base_msgs/include/drive_base_msgs/msg/detail/command_status__rosidl_typesupport_introspection_c.h
[2.121s] -- Up-to-date: /home/brsd/microros_ws/install/drive_base_msgs/include/drive_base_msgs/msg/detail/command_header__rosidl_typesupport_introspection_c.h
[2.122s] -- Up-to-date: /home/brsd/microros_ws/install/drive_base_msgs/include/drive_base_msgs/msg/detail/command_header__type_support.c
[2.122s] -- Up-to-date: /home/brsd/microros_ws/install/drive_base_msgs/include/drive_base_msgs/msg/detail/base_info__rosidl_typesupport_introspection_c.h
[2.123s] -- Up-to-date: /home/brsd/microros_ws/install/drive_base_msgs/include/drive_base_msgs/msg/detail/command_status__type_support.c
[2.123s] -- Up-to-date: /home/brsd/microros_ws/install/drive_base_msgs/include/drive_base_msgs/msg/detail/trv_command__rosidl_typesupport_introspection_c.h
[2.125s] -- Up-to-date: /home/brsd/microros_ws/install/drive_base_msgs/include/drive_base_msgs/msg/detail/trv_command__type_support.c
[2.125s] -- Up-to-date: /home/brsd/microros_ws/install/drive_base_msgs/include/drive_base_msgs/msg/detail/base_info__type_support.c
[2.126s] -- Up-to-date: /home/brsd/microros_ws/install/drive_base_msgs/include/drive_base_msgs/msg/rosidl_typesupport_introspection_c__visibility_control.h
[2.126s] -- Up-to-date: /home/brsd/microros_ws/install/drive_base_msgs/lib/libdrive_base_msgs__rosidl_typesupport_introspection_c.so
[2.127s] -- Up-to-date: /home/brsd/microros_ws/install/drive_base_msgs/lib/libdrive_base_msgs__rosidl_typesupport_c.so
[2.127s] -- Up-to-date: /home/brsd/microros_ws/install/drive_base_msgs/include/drive_base_msgs
[2.128s] -- Up-to-date: /home/brsd/microros_ws/install/drive_base_msgs/include/drive_base_msgs/msg
[2.128s] -- Up-to-date: /home/brsd/microros_ws/install/drive_base_msgs/include/drive_base_msgs/msg/command_status.hpp
[2.129s] -- Up-to-date: /home/brsd/microros_ws/install/drive_base_msgs/include/drive_base_msgs/msg/base_info.hpp
[2.129s] -- Up-to-date: /home/brsd/microros_ws/install/drive_base_msgs/include/drive_base_msgs/msg/command_header.hpp
[2.129s] -- Up-to-date: /home/brsd/microros_ws/install/drive_base_msgs/include/drive_base_msgs/msg/trv_command.hpp
[2.130s] -- Up-to-date: /home/brsd/microros_ws/install/drive_base_msgs/include/drive_base_msgs/msg/rosidl_generator_cpp__visibility_control.hpp
[2.130s] -- Up-to-date: /home/brsd/microros_ws/install/drive_base_msgs/include/drive_base_msgs/msg/detail
[2.131s] -- Up-to-date: /home/brsd/microros_ws/install/drive_base_msgs/include/drive_base_msgs/msg/detail/command_status__builder.hpp
[2.131s] -- Up-to-date: /home/brsd/microros_ws/install/drive_base_msgs/include/drive_base_msgs/msg/detail/command_header__traits.hpp
[2.131s] -- Up-to-date: /home/brsd/microros_ws/install/drive_base_msgs/include/drive_base_msgs/msg/detail/command_status__struct.hpp
[2.132s] -- Up-to-date: /home/brsd/microros_ws/install/drive_base_msgs/include/drive_base_msgs/msg/detail/command_header__struct.hpp
[2.132s] -- Up-to-date: /home/brsd/microros_ws/install/drive_base_msgs/include/drive_base_msgs/msg/detail/command_status__type_support.hpp
[2.133s] -- Up-to-date: /home/brsd/microros_ws/install/drive_base_msgs/include/drive_base_msgs/msg/detail/base_info__type_support.hpp
[2.133s] -- Up-to-date: /home/brsd/microros_ws/install/drive_base_msgs/include/drive_base_msgs/msg/detail/base_info__traits.hpp
[2.134s] -- Up-to-date: /home/brsd/microros_ws/install/drive_base_msgs/include/drive_base_msgs/msg/detail/base_info__struct.hpp
[2.134s] -- Up-to-date: /home/brsd/microros_ws/install/drive_base_msgs/include/drive_base_msgs/msg/detail/command_header__type_support.hpp
[2.134s] -- Up-to-date: /home/brsd/microros_ws/install/drive_base_msgs/include/drive_base_msgs/msg/detail/trv_command__type_support.hpp
[2.135s] -- Up-to-date: /home/brsd/microros_ws/install/drive_base_msgs/include/drive_base_msgs/msg/detail/command_header__builder.hpp
[2.135s] -- Up-to-date: /home/brsd/microros_ws/install/drive_base_msgs/include/drive_base_msgs/msg/detail/trv_command__traits.hpp
[2.136s] -- Up-to-date: /home/brsd/microros_ws/install/drive_base_msgs/include/drive_base_msgs/msg/detail/trv_command__builder.hpp
[2.136s] -- Up-to-date: /home/brsd/microros_ws/install/drive_base_msgs/include/drive_base_msgs/msg/detail/trv_command__struct.hpp
[2.137s] -- Up-to-date: /home/brsd/microros_ws/install/drive_base_msgs/include/drive_base_msgs/msg/detail/base_info__builder.hpp
[2.137s] -- Up-to-date: /home/brsd/microros_ws/install/drive_base_msgs/include/drive_base_msgs/msg/detail/command_status__traits.hpp
[2.138s] -- Up-to-date: /home/brsd/microros_ws/install/drive_base_msgs/include/drive_base_msgs
[2.138s] -- Up-to-date: /home/brsd/microros_ws/install/drive_base_msgs/include/drive_base_msgs/msg
[2.139s] -- Up-to-date: /home/brsd/microros_ws/install/drive_base_msgs/include/drive_base_msgs/msg/detail
[2.139s] -- Up-to-date: /home/brsd/microros_ws/install/drive_base_msgs/include/drive_base_msgs/msg/detail/command_header__type_support.cpp
[2.140s] -- Up-to-date: /home/brsd/microros_ws/install/drive_base_msgs/include/drive_base_msgs/msg/detail/command_header__rosidl_typesupport_introspection_cpp.hpp
[2.140s] -- Up-to-date: /home/brsd/microros_ws/install/drive_base_msgs/include/drive_base_msgs/msg/detail/command_status__type_support.cpp
[2.141s] -- Up-to-date: /home/brsd/microros_ws/install/drive_base_msgs/include/drive_base_msgs/msg/detail/base_info__rosidl_typesupport_introspection_cpp.hpp
[2.141s] -- Up-to-date: /home/brsd/microros_ws/install/drive_base_msgs/include/drive_base_msgs/msg/detail/base_info__type_support.cpp
[2.142s] -- Up-to-date: /home/brsd/microros_ws/install/drive_base_msgs/include/drive_base_msgs/msg/detail/trv_command__type_support.cpp
[2.142s] -- Up-to-date: /home/brsd/microros_ws/install/drive_base_msgs/include/drive_base_msgs/msg/detail/trv_command__rosidl_typesupport_introspection_cpp.hpp
[2.142s] -- Up-to-date: /home/brsd/microros_ws/install/drive_base_msgs/include/drive_base_msgs/msg/detail/command_status__rosidl_typesupport_introspection_cpp.hpp
[2.143s] -- Up-to-date: /home/brsd/microros_ws/install/drive_base_msgs/lib/libdrive_base_msgs__rosidl_typesupport_introspection_cpp.so
[2.143s] -- Up-to-date: /home/brsd/microros_ws/install/drive_base_msgs/lib/libdrive_base_msgs__rosidl_typesupport_cpp.so
[2.144s] -- Up-to-date: /home/brsd/microros_ws/install/drive_base_msgs/share/drive_base_msgs/environment/pythonpath.sh
[2.144s] -- Up-to-date: /home/brsd/microros_ws/install/drive_base_msgs/share/drive_base_msgs/environment/pythonpath.dsv
[2.145s] -- Up-to-date: /home/brsd/microros_ws/install/drive_base_msgs/lib/python3.8/site-packages/drive_base_msgs/__init__.py
[2.252s] -- Up-to-date: /home/brsd/microros_ws/install/drive_base_msgs/lib/python3.8/site-packages/drive_base_msgs/msg
[2.253s] -- Up-to-date: /home/brsd/microros_ws/install/drive_base_msgs/lib/python3.8/site-packages/drive_base_msgs/msg/_command_status_s.c
[2.254s] -- Up-to-date: /home/brsd/microros_ws/install/drive_base_msgs/lib/python3.8/site-packages/drive_base_msgs/msg/__init__.py
[2.255s] -- Up-to-date: /home/brsd/microros_ws/install/drive_base_msgs/lib/python3.8/site-packages/drive_base_msgs/msg/_command_header_s.c
[2.255s] -- Up-to-date: /home/brsd/microros_ws/install/drive_base_msgs/lib/python3.8/site-packages/drive_base_msgs/msg/_trv_command_s.c
[2.256s] -- Up-to-date: /home/brsd/microros_ws/install/drive_base_msgs/lib/python3.8/site-packages/drive_base_msgs/msg/_base_info_s.c
[2.257s] -- Up-to-date: /home/brsd/microros_ws/install/drive_base_msgs/lib/python3.8/site-packages/drive_base_msgs/msg/_command_status.py
[2.258s] -- Up-to-date: /home/brsd/microros_ws/install/drive_base_msgs/lib/python3.8/site-packages/drive_base_msgs/msg/_base_info.py
[2.259s] -- Up-to-date: /home/brsd/microros_ws/install/drive_base_msgs/lib/python3.8/site-packages/drive_base_msgs/msg/_trv_command.py
[2.259s] -- Up-to-date: /home/brsd/microros_ws/install/drive_base_msgs/lib/python3.8/site-packages/drive_base_msgs/msg/_command_header.py
[2.261s] -- Up-to-date: /home/brsd/microros_ws/install/drive_base_msgs/lib/python3.8/site-packages/drive_base_msgs/drive_base_msgs_s__rosidl_typesupport_fastrtps_c.cpython-38-aarch64-linux-gnu.so
[2.261s] -- Up-to-date: /home/brsd/microros_ws/install/drive_base_msgs/lib/python3.8/site-packages/drive_base_msgs/drive_base_msgs_s__rosidl_typesupport_introspection_c.cpython-38-aarch64-linux-gnu.so
[2.262s] -- Up-to-date: /home/brsd/microros_ws/install/drive_base_msgs/lib/python3.8/site-packages/drive_base_msgs/drive_base_msgs_s__rosidl_typesupport_c.cpython-38-aarch64-linux-gnu.so
[2.262s] -- Up-to-date: /home/brsd/microros_ws/install/drive_base_msgs/lib/libdrive_base_msgs__python.so
[2.263s] -- Up-to-date: /home/brsd/microros_ws/install/drive_base_msgs/share/drive_base_msgs/msg/CommandHeader.idl
[2.264s] -- Up-to-date: /home/brsd/microros_ws/install/drive_base_msgs/share/drive_base_msgs/msg/BaseInfo.idl
[2.264s] -- Up-to-date: /home/brsd/microros_ws/install/drive_base_msgs/share/drive_base_msgs/msg/CommandStatus.idl
[2.265s] -- Up-to-date: /home/brsd/microros_ws/install/drive_base_msgs/share/drive_base_msgs/msg/TRVCommand.idl
[2.265s] -- Up-to-date: /home/brsd/microros_ws/install/drive_base_msgs/share/drive_base_msgs/msg/CommandHeader.msg
[2.266s] -- Up-to-date: /home/brsd/microros_ws/install/drive_base_msgs/share/drive_base_msgs/msg/BaseInfo.msg
[2.266s] -- Up-to-date: /home/brsd/microros_ws/install/drive_base_msgs/share/drive_base_msgs/msg/CommandStatus.msg
[2.267s] -- Up-to-date: /home/brsd/microros_ws/install/drive_base_msgs/share/drive_base_msgs/msg/TRVCommand.msg
[2.268s] -- Up-to-date: /home/brsd/microros_ws/install/drive_base_msgs/share/ament_index/resource_index/package_run_dependencies/drive_base_msgs
[2.268s] -- Up-to-date: /home/brsd/microros_ws/install/drive_base_msgs/share/ament_index/resource_index/parent_prefix_path/drive_base_msgs
[2.269s] -- Up-to-date: /home/brsd/microros_ws/install/drive_base_msgs/share/drive_base_msgs/environment/ament_prefix_path.sh
[2.269s] -- Up-to-date: /home/brsd/microros_ws/install/drive_base_msgs/share/drive_base_msgs/environment/ament_prefix_path.dsv
[2.269s] -- Up-to-date: /home/brsd/microros_ws/install/drive_base_msgs/share/drive_base_msgs/environment/path.sh
[2.270s] -- Up-to-date: /home/brsd/microros_ws/install/drive_base_msgs/share/drive_base_msgs/environment/path.dsv
[2.270s] -- Up-to-date: /home/brsd/microros_ws/install/drive_base_msgs/share/drive_base_msgs/local_setup.bash
[2.271s] -- Up-to-date: /home/brsd/microros_ws/install/drive_base_msgs/share/drive_base_msgs/local_setup.sh
[2.271s] -- Up-to-date: /home/brsd/microros_ws/install/drive_base_msgs/share/drive_base_msgs/local_setup.zsh
[2.272s] -- Up-to-date: /home/brsd/microros_ws/install/drive_base_msgs/share/drive_base_msgs/local_setup.dsv
[2.272s] -- Installing: /home/brsd/microros_ws/install/drive_base_msgs/share/drive_base_msgs/package.dsv
[2.272s] -- Up-to-date: /home/brsd/microros_ws/install/drive_base_msgs/share/ament_index/resource_index/packages/drive_base_msgs
[2.273s] -- Up-to-date: /home/brsd/microros_ws/install/drive_base_msgs/share/drive_base_msgs/cmake/drive_base_msgs__rosidl_generator_cExport.cmake
[2.273s] -- Up-to-date: /home/brsd/microros_ws/install/drive_base_msgs/share/drive_base_msgs/cmake/drive_base_msgs__rosidl_generator_cExport-noconfig.cmake
[2.274s] -- Up-to-date: /home/brsd/microros_ws/install/drive_base_msgs/share/drive_base_msgs/cmake/drive_base_msgs__rosidl_typesupport_introspection_cExport.cmake
[2.274s] -- Up-to-date: /home/brsd/microros_ws/install/drive_base_msgs/share/drive_base_msgs/cmake/drive_base_msgs__rosidl_typesupport_introspection_cExport-noconfig.cmake
[2.275s] -- Up-to-date: /home/brsd/microros_ws/install/drive_base_msgs/share/drive_base_msgs/cmake/drive_base_msgs__rosidl_typesupport_cExport.cmake
[2.275s] -- Up-to-date: /home/brsd/microros_ws/install/drive_base_msgs/share/drive_base_msgs/cmake/drive_base_msgs__rosidl_typesupport_cExport-noconfig.cmake
[2.277s] -- Up-to-date: /home/brsd/microros_ws/install/drive_base_msgs/share/drive_base_msgs/cmake/drive_base_msgs__rosidl_generator_cppExport.cmake
[2.278s] -- Up-to-date: /home/brsd/microros_ws/install/drive_base_msgs/share/drive_base_msgs/cmake/drive_base_msgs__rosidl_typesupport_introspection_cppExport.cmake
[2.279s] -- Up-to-date: /home/brsd/microros_ws/install/drive_base_msgs/share/drive_base_msgs/cmake/drive_base_msgs__rosidl_typesupport_introspection_cppExport-noconfig.cmake
[2.280s] -- Up-to-date: /home/brsd/microros_ws/install/drive_base_msgs/share/drive_base_msgs/cmake/drive_base_msgs__rosidl_typesupport_cppExport.cmake
[2.281s] -- Up-to-date: /home/brsd/microros_ws/install/drive_base_msgs/share/drive_base_msgs/cmake/drive_base_msgs__rosidl_typesupport_cppExport-noconfig.cmake
[2.282s] -- Up-to-date: /home/brsd/microros_ws/install/drive_base_msgs/share/drive_base_msgs/cmake/rosidl_cmake-extras.cmake
[2.282s] -- Up-to-date: /home/brsd/microros_ws/install/drive_base_msgs/share/drive_base_msgs/cmake/ament_cmake_export_dependencies-extras.cmake
[2.283s] -- Up-to-date: /home/brsd/microros_ws/install/drive_base_msgs/share/drive_base_msgs/cmake/ament_cmake_export_libraries-extras.cmake
[2.284s] -- Up-to-date: /home/brsd/microros_ws/install/drive_base_msgs/share/drive_base_msgs/cmake/ament_cmake_export_targets-extras.cmake
[2.285s] -- Up-to-date: /home/brsd/microros_ws/install/drive_base_msgs/share/drive_base_msgs/cmake/ament_cmake_export_include_directories-extras.cmake
[2.285s] -- Up-to-date: /home/brsd/microros_ws/install/drive_base_msgs/share/drive_base_msgs/cmake/rosidl_cmake_export_typesupport_libraries-extras.cmake
[2.286s] -- Up-to-date: /home/brsd/microros_ws/install/drive_base_msgs/share/drive_base_msgs/cmake/rosidl_cmake_export_typesupport_targets-extras.cmake
[2.287s] -- Up-to-date: /home/brsd/microros_ws/install/drive_base_msgs/share/drive_base_msgs/cmake/drive_base_msgsConfig.cmake
[2.288s] -- Up-to-date: /home/brsd/microros_ws/install/drive_base_msgs/share/drive_base_msgs/cmake/drive_base_msgsConfig-version.cmake
[2.291s] -- Up-to-date: /home/brsd/microros_ws/install/drive_base_msgs/share/drive_base_msgs/package.xml
[2.330s] Invoked command in '/home/brsd/microros_ws/build/drive_base_msgs' returned '0': CMAKE_PREFIX_PATH=${CMAKE_PREFIX_PATH}:/home/brsd/microros_ws/install/jetson_comm:/opt/ros/foxy /usr/bin/cmake --install /home/brsd/microros_ws/build/drive_base_msgs
