[7.254s] Invoking command in '/home/brsd/microros_ws/src/joystick_input': PYTHONPATH=/home/brsd/microros_ws/build/joystick_input/prefix_override:/usr/lib/python3/dist-packages/colcon_core/task/python/colcon_distutils_commands:/home/brsd/microros_ws/install/joystick_input/lib/python3.8/site-packages:${PYTHONPATH} /usr/bin/python3 -W ignore:setup.py install is deprecated setup.py egg_info --egg-base ../../build/joystick_input build --build-base /home/brsd/microros_ws/build/joystick_input/build install --record /home/brsd/microros_ws/build/joystick_input/install.log --install-scripts $base/lib/joystick_input --single-version-externally-managed install_data
[10.588s] running egg_info
[10.592s] writing ../../build/joystick_input/joystick_input.egg-info/PKG-INFO
[10.595s] writing dependency_links to ../../build/joystick_input/joystick_input.egg-info/dependency_links.txt
[10.596s] writing entry points to ../../build/joystick_input/joystick_input.egg-info/entry_points.txt
[10.596s] writing requirements to ../../build/joystick_input/joystick_input.egg-info/requires.txt
[10.597s] writing top-level names to ../../build/joystick_input/joystick_input.egg-info/top_level.txt
[11.087s] reading manifest file '../../build/joystick_input/joystick_input.egg-info/SOURCES.txt'
[11.095s] writing manifest file '../../build/joystick_input/joystick_input.egg-info/SOURCES.txt'
[11.102s] running build
[11.103s] running build_py
[11.116s] running install
[11.123s] running install_lib
[11.141s] running install_data
[11.142s] running install_egg_info
[11.162s] removing '/home/brsd/microros_ws/install/joystick_input/lib/python3.8/site-packages/joystick_input-0.0.0-py3.8.egg-info' (and everything under it)
[11.171s] Copying ../../build/joystick_input/joystick_input.egg-info to /home/brsd/microros_ws/install/joystick_input/lib/python3.8/site-packages/joystick_input-0.0.0-py3.8.egg-info
[11.181s] running install_scripts
[11.351s] Installing joystick_node script to /home/brsd/microros_ws/install/joystick_input/lib/joystick_input
[11.357s] writing list of installed files to '/home/brsd/microros_ws/build/joystick_input/install.log'
[11.799s] Invoked command in '/home/brsd/microros_ws/src/joystick_input' returned '0': PYTHONPATH=/home/brsd/microros_ws/build/joystick_input/prefix_override:/usr/lib/python3/dist-packages/colcon_core/task/python/colcon_distutils_commands:/home/brsd/microros_ws/install/joystick_input/lib/python3.8/site-packages:${PYTHONPATH} /usr/bin/python3 -W ignore:setup.py install is deprecated setup.py egg_info --egg-base ../../build/joystick_input build --build-base /home/brsd/microros_ws/build/joystick_input/build install --record /home/brsd/microros_ws/build/joystick_input/install.log --install-scripts $base/lib/joystick_input --single-version-externally-managed install_data
