[0.348s] Invoking command in '/home/brsd/microros_ws/build/multisense_ros': CMAKE_PREFIX_PATH=/home/brsd/microros_ws/install/xacro:/home/brsd/microros_ws/install/multisense_msgs:/home/brsd/microros_ws/install/multisense_lib:/home/brsd/microros_ws/install/multisense_ros:/home/brsd/microros_ws/install/micro_ros_setup:/home/brsd/microros_ws/install/micro_ros_agent:/home/brsd/microros_ws/install/micro_ros_msgs:/home/brsd/microros_ws/install/drive_base_msgs:/home/brsd/microros_ws/install/person_detection:/home/brsd/microros_ws/install/pathfinding:/home/brsd/microros_ws/install/object_detection_pkg:/home/brsd/microros_ws/install/joystick_input:/home/brsd/microros_ws/install/jetson_comm:/home/brsd/microros_ws/install/fsm:/opt/ros/foxy PYTHONPATH=/home/brsd/microros_ws/install/xacro/lib/python3.8/site-packages:/home/brsd/microros_ws/install/multisense_msgs/lib/python3.8/site-packages:/home/brsd/microros_ws/install/person_detection/lib/python3.8/site-packages:/home/brsd/microros_ws/install/pathfinding/lib/python3.8/site-packages:/home/brsd/microros_ws/install/object_detection_pkg/lib/python3.8/site-packages:/home/brsd/microros_ws/install/micro_ros_msgs/lib/python3.8/site-packages:/home/brsd/microros_ws/install/joystick_input/lib/python3.8/site-packages:/home/brsd/microros_ws/install/jetson_comm/lib/python3.8/site-packages:/home/brsd/microros_ws/install/fsm/lib/python3.8/site-packages:/home/brsd/microros_ws/install/drive_base_msgs/lib/python3.8/site-packages:/opt/ros/foxy/lib/python3.8/site-packages /usr/bin/cmake --build /home/brsd/microros_ws/build/multisense_ros -- -j4 -l4
[1.620s] [ 83%] Built target multisense_ros
[1.957s] [100%] Built target ros_driver
[2.044s] Invoked command in '/home/brsd/microros_ws/build/multisense_ros' returned '0': CMAKE_PREFIX_PATH=/home/brsd/microros_ws/install/xacro:/home/brsd/microros_ws/install/multisense_msgs:/home/brsd/microros_ws/install/multisense_lib:/home/brsd/microros_ws/install/multisense_ros:/home/brsd/microros_ws/install/micro_ros_setup:/home/brsd/microros_ws/install/micro_ros_agent:/home/brsd/microros_ws/install/micro_ros_msgs:/home/brsd/microros_ws/install/drive_base_msgs:/home/brsd/microros_ws/install/person_detection:/home/brsd/microros_ws/install/pathfinding:/home/brsd/microros_ws/install/object_detection_pkg:/home/brsd/microros_ws/install/joystick_input:/home/brsd/microros_ws/install/jetson_comm:/home/brsd/microros_ws/install/fsm:/opt/ros/foxy PYTHONPATH=/home/brsd/microros_ws/install/xacro/lib/python3.8/site-packages:/home/brsd/microros_ws/install/multisense_msgs/lib/python3.8/site-packages:/home/brsd/microros_ws/install/person_detection/lib/python3.8/site-packages:/home/brsd/microros_ws/install/pathfinding/lib/python3.8/site-packages:/home/brsd/microros_ws/install/object_detection_pkg/lib/python3.8/site-packages:/home/brsd/microros_ws/install/micro_ros_msgs/lib/python3.8/site-packages:/home/brsd/microros_ws/install/joystick_input/lib/python3.8/site-packages:/home/brsd/microros_ws/install/jetson_comm/lib/python3.8/site-packages:/home/brsd/microros_ws/install/fsm/lib/python3.8/site-packages:/home/brsd/microros_ws/install/drive_base_msgs/lib/python3.8/site-packages:/opt/ros/foxy/lib/python3.8/site-packages /usr/bin/cmake --build /home/brsd/microros_ws/build/multisense_ros -- -j4 -l4
[2.509s] Invoking command in '/home/brsd/microros_ws/build/multisense_ros': CMAKE_PREFIX_PATH=/home/brsd/microros_ws/install/xacro:/home/brsd/microros_ws/install/multisense_msgs:/home/brsd/microros_ws/install/multisense_lib:/home/brsd/microros_ws/install/multisense_ros:/home/brsd/microros_ws/install/micro_ros_setup:/home/brsd/microros_ws/install/micro_ros_agent:/home/brsd/microros_ws/install/micro_ros_msgs:/home/brsd/microros_ws/install/drive_base_msgs:/home/brsd/microros_ws/install/person_detection:/home/brsd/microros_ws/install/pathfinding:/home/brsd/microros_ws/install/object_detection_pkg:/home/brsd/microros_ws/install/joystick_input:/home/brsd/microros_ws/install/jetson_comm:/home/brsd/microros_ws/install/fsm:/opt/ros/foxy PYTHONPATH=/home/brsd/microros_ws/install/xacro/lib/python3.8/site-packages:/home/brsd/microros_ws/install/multisense_msgs/lib/python3.8/site-packages:/home/brsd/microros_ws/install/person_detection/lib/python3.8/site-packages:/home/brsd/microros_ws/install/pathfinding/lib/python3.8/site-packages:/home/brsd/microros_ws/install/object_detection_pkg/lib/python3.8/site-packages:/home/brsd/microros_ws/install/micro_ros_msgs/lib/python3.8/site-packages:/home/brsd/microros_ws/install/joystick_input/lib/python3.8/site-packages:/home/brsd/microros_ws/install/jetson_comm/lib/python3.8/site-packages:/home/brsd/microros_ws/install/fsm/lib/python3.8/site-packages:/home/brsd/microros_ws/install/drive_base_msgs/lib/python3.8/site-packages:/opt/ros/foxy/lib/python3.8/site-packages /usr/bin/cmake --install /home/brsd/microros_ws/build/multisense_ros
[2.584s] -- Install configuration: "Release"
[2.587s] -- Up-to-date: /home/brsd/microros_ws/install/multisense_ros/lib/multisense_ros/ros_driver
[2.590s] -- Up-to-date: /home/brsd/microros_ws/install/multisense_ros/share/multisense_ros/launch
[2.591s] -- Up-to-date: /home/brsd/microros_ws/install/multisense_ros/share/multisense_ros/launch/multisense_launch.py
[2.593s] -- Up-to-date: /home/brsd/microros_ws/install/multisense_ros/share/multisense_ros/materials
[2.596s] -- Up-to-date: /home/brsd/microros_ws/install/multisense_ros/share/multisense_ros/materials/textures
[2.597s] -- Up-to-date: /home/brsd/microros_ws/install/multisense_ros/share/multisense_ros/materials/textures/head_diffuse.jpg
[2.598s] -- Up-to-date: /home/brsd/microros_ws/install/multisense_ros/share/multisense_ros/meshes
[2.598s] -- Up-to-date: /home/brsd/microros_ws/install/multisense_ros/share/multisense_ros/meshes/multisense_s7s.STL
[2.599s] -- Up-to-date: /home/brsd/microros_ws/install/multisense_ros/share/multisense_ros/meshes/multisense_ks21.STL
[2.600s] -- Up-to-date: /home/brsd/microros_ws/install/multisense_ros/share/multisense_ros/meshes/multisense_s30.STL
[2.600s] -- Up-to-date: /home/brsd/microros_ws/install/multisense_ros/share/multisense_ros/meshes/head.dae
[2.601s] -- Up-to-date: /home/brsd/microros_ws/install/multisense_ros/share/multisense_ros/meshes/base_link.STL
[2.601s] -- Up-to-date: /home/brsd/microros_ws/install/multisense_ros/share/multisense_ros/meshes/multisense_s21.STL
[2.602s] -- Up-to-date: /home/brsd/microros_ws/install/multisense_ros/share/multisense_ros/meshes/multisense_s7.STL
[2.602s] -- Up-to-date: /home/brsd/microros_ws/install/multisense_ros/share/multisense_ros/meshes/head_camera.dae
[2.603s] -- Up-to-date: /home/brsd/microros_ws/install/multisense_ros/share/multisense_ros/meshes/hokuyo_link.STL
[2.603s] -- Up-to-date: /home/brsd/microros_ws/install/multisense_ros/share/multisense_ros/meshes/multisense_s27.STL
[2.604s] -- Up-to-date: /home/brsd/microros_ws/install/multisense_ros/share/multisense_ros/urdf
[2.604s] -- Up-to-date: /home/brsd/microros_ws/install/multisense_ros/share/multisense_ros/urdf/S7S
[2.605s] -- Up-to-date: /home/brsd/microros_ws/install/multisense_ros/share/multisense_ros/urdf/S7S/multisenseS7S.urdf.xacro
[2.605s] -- Up-to-date: /home/brsd/microros_ws/install/multisense_ros/share/multisense_ros/urdf/S7S/standalone.urdf.xacro
[2.605s] -- Up-to-date: /home/brsd/microros_ws/install/multisense_ros/share/multisense_ros/urdf/KS21
[2.606s] -- Up-to-date: /home/brsd/microros_ws/install/multisense_ros/share/multisense_ros/urdf/KS21/standalone.urdf.xacro
[2.606s] -- Up-to-date: /home/brsd/microros_ws/install/multisense_ros/share/multisense_ros/urdf/KS21/multisenseKS21.urdf.xacro
[2.607s] -- Up-to-date: /home/brsd/microros_ws/install/multisense_ros/share/multisense_ros/urdf/SL
[2.607s] -- Up-to-date: /home/brsd/microros_ws/install/multisense_ros/share/multisense_ros/urdf/SL/multisenseSL.urdf.xacro
[2.608s] -- Up-to-date: /home/brsd/microros_ws/install/multisense_ros/share/multisense_ros/urdf/SL/standalone.urdf.xacro
[2.608s] -- Up-to-date: /home/brsd/microros_ws/install/multisense_ros/share/multisense_ros/urdf/S21
[2.608s] -- Up-to-date: /home/brsd/microros_ws/install/multisense_ros/share/multisense_ros/urdf/S21/standalone.urdf.xacro
[2.609s] -- Up-to-date: /home/brsd/microros_ws/install/multisense_ros/share/multisense_ros/urdf/S21/multisenseS21.urdf.xacro
[2.618s] -- Up-to-date: /home/brsd/microros_ws/install/multisense_ros/share/multisense_ros/urdf/S27
[2.619s] -- Up-to-date: /home/brsd/microros_ws/install/multisense_ros/share/multisense_ros/urdf/S27/multisenseS27.urdf.xacro
[2.619s] -- Up-to-date: /home/brsd/microros_ws/install/multisense_ros/share/multisense_ros/urdf/S27/standalone.urdf.xacro
[2.620s] -- Up-to-date: /home/brsd/microros_ws/install/multisense_ros/share/multisense_ros/urdf/S7
[2.620s] -- Up-to-date: /home/brsd/microros_ws/install/multisense_ros/share/multisense_ros/urdf/S7/multisenseS7.urdf.xacro
[2.621s] -- Up-to-date: /home/brsd/microros_ws/install/multisense_ros/share/multisense_ros/urdf/S7/standalone.urdf.xacro
[2.631s] -- Up-to-date: /home/brsd/microros_ws/install/multisense_ros/share/multisense_ros/urdf/S30
[2.631s] -- Up-to-date: /home/brsd/microros_ws/install/multisense_ros/share/multisense_ros/urdf/S30/multisenseS30.urdf.xacro
[2.638s] -- Up-to-date: /home/brsd/microros_ws/install/multisense_ros/share/multisense_ros/urdf/S30/standalone.urdf.xacro
[2.651s] -- Up-to-date: /home/brsd/microros_ws/install/multisense_ros/share/ament_index/resource_index/package_run_dependencies/multisense_ros
[2.652s] -- Up-to-date: /home/brsd/microros_ws/install/multisense_ros/share/ament_index/resource_index/parent_prefix_path/multisense_ros
[2.652s] -- Up-to-date: /home/brsd/microros_ws/install/multisense_ros/share/multisense_ros/environment/ament_prefix_path.sh
[2.653s] -- Up-to-date: /home/brsd/microros_ws/install/multisense_ros/share/multisense_ros/environment/ament_prefix_path.dsv
[2.654s] -- Up-to-date: /home/brsd/microros_ws/install/multisense_ros/share/multisense_ros/environment/path.sh
[2.655s] -- Up-to-date: /home/brsd/microros_ws/install/multisense_ros/share/multisense_ros/environment/path.dsv
[2.655s] -- Up-to-date: /home/brsd/microros_ws/install/multisense_ros/share/multisense_ros/local_setup.bash
[2.656s] -- Up-to-date: /home/brsd/microros_ws/install/multisense_ros/share/multisense_ros/local_setup.sh
[2.656s] -- Up-to-date: /home/brsd/microros_ws/install/multisense_ros/share/multisense_ros/local_setup.zsh
[2.657s] -- Up-to-date: /home/brsd/microros_ws/install/multisense_ros/share/multisense_ros/local_setup.dsv
[2.657s] -- Installing: /home/brsd/microros_ws/install/multisense_ros/share/multisense_ros/package.dsv
[2.658s] -- Up-to-date: /home/brsd/microros_ws/install/multisense_ros/share/ament_index/resource_index/packages/multisense_ros
[2.667s] -- Up-to-date: /home/brsd/microros_ws/install/multisense_ros/share/multisense_ros/cmake/multisense_rosConfig.cmake
[2.668s] -- Up-to-date: /home/brsd/microros_ws/install/multisense_ros/share/multisense_ros/cmake/multisense_rosConfig-version.cmake
[2.668s] -- Up-to-date: /home/brsd/microros_ws/install/multisense_ros/share/multisense_ros/package.xml
[2.669s] Invoked command in '/home/brsd/microros_ws/build/multisense_ros' returned '0': CMAKE_PREFIX_PATH=/home/brsd/microros_ws/install/xacro:/home/brsd/microros_ws/install/multisense_msgs:/home/brsd/microros_ws/install/multisense_lib:/home/brsd/microros_ws/install/multisense_ros:/home/brsd/microros_ws/install/micro_ros_setup:/home/brsd/microros_ws/install/micro_ros_agent:/home/brsd/microros_ws/install/micro_ros_msgs:/home/brsd/microros_ws/install/drive_base_msgs:/home/brsd/microros_ws/install/person_detection:/home/brsd/microros_ws/install/pathfinding:/home/brsd/microros_ws/install/object_detection_pkg:/home/brsd/microros_ws/install/joystick_input:/home/brsd/microros_ws/install/jetson_comm:/home/brsd/microros_ws/install/fsm:/opt/ros/foxy PYTHONPATH=/home/brsd/microros_ws/install/xacro/lib/python3.8/site-packages:/home/brsd/microros_ws/install/multisense_msgs/lib/python3.8/site-packages:/home/brsd/microros_ws/install/person_detection/lib/python3.8/site-packages:/home/brsd/microros_ws/install/pathfinding/lib/python3.8/site-packages:/home/brsd/microros_ws/install/object_detection_pkg/lib/python3.8/site-packages:/home/brsd/microros_ws/install/micro_ros_msgs/lib/python3.8/site-packages:/home/brsd/microros_ws/install/joystick_input/lib/python3.8/site-packages:/home/brsd/microros_ws/install/jetson_comm/lib/python3.8/site-packages:/home/brsd/microros_ws/install/fsm/lib/python3.8/site-packages:/home/brsd/microros_ws/install/drive_base_msgs/lib/python3.8/site-packages:/opt/ros/foxy/lib/python3.8/site-packages /usr/bin/cmake --install /home/brsd/microros_ws/build/multisense_ros
