running egg_info
creating ../../build/pathfinding/pathfinding.egg-info
writing ../../build/pathfinding/pathfinding.egg-info/PKG-INFO
writing dependency_links to ../../build/pathfinding/pathfinding.egg-info/dependency_links.txt
writing entry points to ../../build/pathfinding/pathfinding.egg-info/entry_points.txt
writing requirements to ../../build/pathfinding/pathfinding.egg-info/requires.txt
writing top-level names to ../../build/pathfinding/pathfinding.egg-info/top_level.txt
writing manifest file '../../build/pathfinding/pathfinding.egg-info/SOURCES.txt'
file pathfinding.py (for module pathfinding) not found
reading manifest file '../../build/pathfinding/pathfinding.egg-info/SOURCES.txt'
writing manifest file '../../build/pathfinding/pathfinding.egg-info/SOURCES.txt'
running build
running build_py
creating /home/brsd/microros_ws/build/pathfinding/build
creating /home/brsd/microros_ws/build/pathfinding/build/lib
creating /home/brsd/microros_ws/build/pathfinding/build/lib/pathfinding
copying pathfinding/__init__.py -> /home/brsd/microros_ws/build/pathfinding/build/lib/pathfinding
file pathfinding.py (for module pathfinding) not found
file pathfinding.py (for module pathfinding) not found
copying pathfinding/pathfinding.py -> /home/brsd/microros_ws/build/pathfinding/build/lib/pathfinding
running install
running install_lib
creating /home/brsd/microros_ws/install/pathfinding/lib/python3.8/site-packages/pathfinding
copying /home/brsd/microros_ws/build/pathfinding/build/lib/pathfinding/__init__.py -> /home/brsd/microros_ws/install/pathfinding/lib/python3.8/site-packages/pathfinding
copying /home/brsd/microros_ws/build/pathfinding/build/lib/pathfinding/pathfinding.py -> /home/brsd/microros_ws/install/pathfinding/lib/python3.8/site-packages/pathfinding
byte-compiling /home/brsd/microros_ws/install/pathfinding/lib/python3.8/site-packages/pathfinding/__init__.py to __init__.cpython-38.pyc
byte-compiling /home/brsd/microros_ws/install/pathfinding/lib/python3.8/site-packages/pathfinding/pathfinding.py to pathfinding.cpython-38.pyc
running install_data
creating /home/brsd/microros_ws/install/pathfinding/share/ament_index
creating /home/brsd/microros_ws/install/pathfinding/share/ament_index/resource_index
creating /home/brsd/microros_ws/install/pathfinding/share/ament_index/resource_index/packages
copying resource/pathfinding -> /home/brsd/microros_ws/install/pathfinding/share/ament_index/resource_index/packages
copying package.xml -> /home/brsd/microros_ws/install/pathfinding/share/pathfinding
running install_egg_info
Copying ../../build/pathfinding/pathfinding.egg-info to /home/brsd/microros_ws/install/pathfinding/lib/python3.8/site-packages/pathfinding-0.0.0-py3.8.egg-info
running install_scripts
Installing pathfinding_node script to /home/brsd/microros_ws/install/pathfinding/lib/pathfinding
file pathfinding.py (for module pathfinding) not found
writing list of installed files to '/home/brsd/microros_ws/build/pathfinding/install.log'
