[4.649s] Invoking command in '/home/brsd/microros_ws/src/pathfinding': PYTHONPATH=/home/brsd/microros_ws/build/pathfinding/prefix_override:/usr/lib/python3/dist-packages/colcon_core/task/python/colcon_distutils_commands:/home/brsd/microros_ws/install/pathfinding/lib/python3.8/site-packages:${PYTHONPATH} /usr/bin/python3 -W ignore:setup.py install is deprecated setup.py egg_info --egg-base ../../build/pathfinding build --build-base /home/brsd/microros_ws/build/pathfinding/build install --record /home/brsd/microros_ws/build/pathfinding/install.log --install-scripts $base/lib/pathfinding --single-version-externally-managed install_data
[5.896s] running egg_info
[5.898s] creating ../../build/pathfinding/pathfinding.egg-info
[5.898s] writing ../../build/pathfinding/pathfinding.egg-info/PKG-INFO
[5.899s] writing dependency_links to ../../build/pathfinding/pathfinding.egg-info/dependency_links.txt
[5.900s] writing entry points to ../../build/pathfinding/pathfinding.egg-info/entry_points.txt
[5.901s] writing requirements to ../../build/pathfinding/pathfinding.egg-info/requires.txt
[5.901s] writing top-level names to ../../build/pathfinding/pathfinding.egg-info/top_level.txt
[5.907s] writing manifest file '../../build/pathfinding/pathfinding.egg-info/SOURCES.txt'
[6.068s] file pathfinding.py (for module pathfinding) not found
[6.070s] reading manifest file '../../build/pathfinding/pathfinding.egg-info/SOURCES.txt'
[6.074s] writing manifest file '../../build/pathfinding/pathfinding.egg-info/SOURCES.txt'
[6.075s] running build
[6.076s] running build_py
[6.076s] creating /home/brsd/microros_ws/build/pathfinding/build
[6.077s] creating /home/brsd/microros_ws/build/pathfinding/build/lib
[6.077s] creating /home/brsd/microros_ws/build/pathfinding/build/lib/pathfinding
[6.077s] copying pathfinding/__init__.py -> /home/brsd/microros_ws/build/pathfinding/build/lib/pathfinding
[6.078s] file pathfinding.py (for module pathfinding) not found
[6.078s] file pathfinding.py (for module pathfinding) not found
[6.078s] copying pathfinding/pathfinding.py -> /home/brsd/microros_ws/build/pathfinding/build/lib/pathfinding
[6.079s] running install
[6.079s] running install_lib
[6.083s] creating /home/brsd/microros_ws/install/pathfinding/lib/python3.8/site-packages/pathfinding
[6.084s] copying /home/brsd/microros_ws/build/pathfinding/build/lib/pathfinding/__init__.py -> /home/brsd/microros_ws/install/pathfinding/lib/python3.8/site-packages/pathfinding
[6.084s] copying /home/brsd/microros_ws/build/pathfinding/build/lib/pathfinding/pathfinding.py -> /home/brsd/microros_ws/install/pathfinding/lib/python3.8/site-packages/pathfinding
[6.086s] byte-compiling /home/brsd/microros_ws/install/pathfinding/lib/python3.8/site-packages/pathfinding/__init__.py to __init__.cpython-38.pyc
[6.092s] byte-compiling /home/brsd/microros_ws/install/pathfinding/lib/python3.8/site-packages/pathfinding/pathfinding.py to pathfinding.cpython-38.pyc
[6.097s] running install_data
[6.097s] creating /home/brsd/microros_ws/install/pathfinding/share/ament_index
[6.098s] creating /home/brsd/microros_ws/install/pathfinding/share/ament_index/resource_index
[6.098s] creating /home/brsd/microros_ws/install/pathfinding/share/ament_index/resource_index/packages
[6.098s] copying resource/pathfinding -> /home/brsd/microros_ws/install/pathfinding/share/ament_index/resource_index/packages
[6.099s] copying package.xml -> /home/brsd/microros_ws/install/pathfinding/share/pathfinding
[6.099s] running install_egg_info
[6.105s] Copying ../../build/pathfinding/pathfinding.egg-info to /home/brsd/microros_ws/install/pathfinding/lib/python3.8/site-packages/pathfinding-0.0.0-py3.8.egg-info
[6.108s] running install_scripts
[6.180s] Installing pathfinding_node script to /home/brsd/microros_ws/install/pathfinding/lib/pathfinding
[6.181s] file pathfinding.py (for module pathfinding) not found
[6.182s] writing list of installed files to '/home/brsd/microros_ws/build/pathfinding/install.log'
[6.294s] Invoked command in '/home/brsd/microros_ws/src/pathfinding' returned '0': PYTHONPATH=/home/brsd/microros_ws/build/pathfinding/prefix_override:/usr/lib/python3/dist-packages/colcon_core/task/python/colcon_distutils_commands:/home/brsd/microros_ws/install/pathfinding/lib/python3.8/site-packages:${PYTHONPATH} /usr/bin/python3 -W ignore:setup.py install is deprecated setup.py egg_info --egg-base ../../build/pathfinding build --build-base /home/brsd/microros_ws/build/pathfinding/build install --record /home/brsd/microros_ws/build/pathfinding/install.log --install-scripts $base/lib/pathfinding --single-version-externally-managed install_data
