[7.673s] Invoking command in '/home/brsd/microros_ws/src/pathfinding': PYTHONPATH=/home/brsd/microros_ws/build/pathfinding/prefix_override:/usr/lib/python3/dist-packages/colcon_core/task/python/colcon_distutils_commands:/home/brsd/microros_ws/install/pathfinding/lib/python3.8/site-packages:${PYTHONPATH} /usr/bin/python3 -W ignore:setup.py install is deprecated setup.py egg_info --egg-base ../../build/pathfinding build --build-base /home/brsd/microros_ws/build/pathfinding/build install --record /home/brsd/microros_ws/build/pathfinding/install.log --install-scripts $base/lib/pathfinding --single-version-externally-managed install_data
[10.602s] running egg_info
[10.618s] writing ../../build/pathfinding/pathfinding.egg-info/PKG-INFO
[10.618s] writing dependency_links to ../../build/pathfinding/pathfinding.egg-info/dependency_links.txt
[10.619s] writing entry points to ../../build/pathfinding/pathfinding.egg-info/entry_points.txt
[10.620s] writing requirements to ../../build/pathfinding/pathfinding.egg-info/requires.txt
[10.620s] writing top-level names to ../../build/pathfinding/pathfinding.egg-info/top_level.txt
[11.029s] reading manifest file '../../build/pathfinding/pathfinding.egg-info/SOURCES.txt'
[11.045s] writing manifest file '../../build/pathfinding/pathfinding.egg-info/SOURCES.txt'
[11.046s] running build
[11.046s] running build_py
[11.049s] copying pathfinding/pathfinding.py -> /home/brsd/microros_ws/build/pathfinding/build/lib/pathfinding
[11.050s] running install
[11.066s] running install_lib
[11.078s] copying /home/brsd/microros_ws/build/pathfinding/build/lib/pathfinding/pathfinding.py -> /home/brsd/microros_ws/install/pathfinding/lib/python3.8/site-packages/pathfinding
[11.081s] byte-compiling /home/brsd/microros_ws/install/pathfinding/lib/python3.8/site-packages/pathfinding/pathfinding.py to pathfinding.cpython-38.pyc
[11.101s] running install_data
[11.102s] running install_egg_info
[11.115s] removing '/home/brsd/microros_ws/install/pathfinding/lib/python3.8/site-packages/pathfinding-0.0.0-py3.8.egg-info' (and everything under it)
[11.120s] Copying ../../build/pathfinding/pathfinding.egg-info to /home/brsd/microros_ws/install/pathfinding/lib/python3.8/site-packages/pathfinding-0.0.0-py3.8.egg-info
[11.128s] running install_scripts
[11.283s] Installing image_display_node script to /home/brsd/microros_ws/install/pathfinding/lib/pathfinding
[11.287s] Installing pathfinding_node script to /home/brsd/microros_ws/install/pathfinding/lib/pathfinding
[11.295s] writing list of installed files to '/home/brsd/microros_ws/build/pathfinding/install.log'
[11.548s] Invoked command in '/home/brsd/microros_ws/src/pathfinding' returned '0': PYTHONPATH=/home/brsd/microros_ws/build/pathfinding/prefix_override:/usr/lib/python3/dist-packages/colcon_core/task/python/colcon_distutils_commands:/home/brsd/microros_ws/install/pathfinding/lib/python3.8/site-packages:${PYTHONPATH} /usr/bin/python3 -W ignore:setup.py install is deprecated setup.py egg_info --egg-base ../../build/pathfinding build --build-base /home/brsd/microros_ws/build/pathfinding/build install --record /home/brsd/microros_ws/build/pathfinding/install.log --install-scripts $base/lib/pathfinding --single-version-externally-managed install_data
