[4.601s] Invoking command in '/home/brsd/microros_ws/src/pathfinding': PYTHONPATH=/home/brsd/microros_ws/build/pathfinding/prefix_override:/usr/lib/python3/dist-packages/colcon_core/task/python/colcon_distutils_commands:/home/brsd/microros_ws/install/pathfinding/lib/python3.8/site-packages:${PYTHONPATH} /usr/bin/python3 -W ignore:setup.py install is deprecated setup.py egg_info --egg-base ../../build/pathfinding build --build-base /home/brsd/microros_ws/build/pathfinding/build install --record /home/brsd/microros_ws/build/pathfinding/install.log --install-scripts $base/lib/pathfinding --single-version-externally-managed install_data
[6.131s] running egg_info
[6.138s] writing ../../build/pathfinding/pathfinding.egg-info/PKG-INFO
[6.138s] writing dependency_links to ../../build/pathfinding/pathfinding.egg-info/dependency_links.txt
[6.139s] writing entry points to ../../build/pathfinding/pathfinding.egg-info/entry_points.txt
[6.139s] writing requirements to ../../build/pathfinding/pathfinding.egg-info/requires.txt
[6.140s] writing top-level names to ../../build/pathfinding/pathfinding.egg-info/top_level.txt
[6.455s] reading manifest file '../../build/pathfinding/pathfinding.egg-info/SOURCES.txt'
[6.459s] writing manifest file '../../build/pathfinding/pathfinding.egg-info/SOURCES.txt'
[6.464s] running build
[6.465s] running build_py
[6.465s] copying pathfinding/image_display.py -> /home/brsd/microros_ws/build/pathfinding/build/lib/pathfinding
[6.466s] running install
[6.488s] running install_lib
[6.493s] copying /home/brsd/microros_ws/build/pathfinding/build/lib/pathfinding/image_display.py -> /home/brsd/microros_ws/install/pathfinding/lib/python3.8/site-packages/pathfinding
[6.504s] byte-compiling /home/brsd/microros_ws/install/pathfinding/lib/python3.8/site-packages/pathfinding/image_display.py to image_display.cpython-38.pyc
[6.534s] running install_data
[6.537s] running install_egg_info
[6.553s] removing '/home/brsd/microros_ws/install/pathfinding/lib/python3.8/site-packages/pathfinding-0.0.0-py3.8.egg-info' (and everything under it)
[6.556s] Copying ../../build/pathfinding/pathfinding.egg-info to /home/brsd/microros_ws/install/pathfinding/lib/python3.8/site-packages/pathfinding-0.0.0-py3.8.egg-info
[6.573s] running install_scripts
[6.824s] Installing image_display_node script to /home/brsd/microros_ws/install/pathfinding/lib/pathfinding
[6.838s] Installing pathfinding_node script to /home/brsd/microros_ws/install/pathfinding/lib/pathfinding
[6.844s] writing list of installed files to '/home/brsd/microros_ws/build/pathfinding/install.log'
[7.225s] Invoked command in '/home/brsd/microros_ws/src/pathfinding' returned '0': PYTHONPATH=/home/brsd/microros_ws/build/pathfinding/prefix_override:/usr/lib/python3/dist-packages/colcon_core/task/python/colcon_distutils_commands:/home/brsd/microros_ws/install/pathfinding/lib/python3.8/site-packages:${PYTHONPATH} /usr/bin/python3 -W ignore:setup.py install is deprecated setup.py egg_info --egg-base ../../build/pathfinding build --build-base /home/brsd/microros_ws/build/pathfinding/build install --record /home/brsd/microros_ws/build/pathfinding/install.log --install-scripts $base/lib/pathfinding --single-version-externally-managed install_data
