[5.046s] Invoking command in '/home/brsd/microros_ws/src/pathfinding': PYTHONPATH=/home/brsd/microros_ws/build/pathfinding/prefix_override:/usr/lib/python3/dist-packages/colcon_core/task/python/colcon_distutils_commands:/home/brsd/microros_ws/install/pathfinding/lib/python3.8/site-packages:${PYTHONPATH} /usr/bin/python3 -W ignore:setup.py install is deprecated setup.py egg_info --egg-base ../../build/pathfinding build --build-base /home/brsd/microros_ws/build/pathfinding/build install --record /home/brsd/microros_ws/build/pathfinding/install.log --install-scripts $base/lib/pathfinding --single-version-externally-managed install_data
[6.708s] running egg_info
[6.711s] writing ../../build/pathfinding/pathfinding.egg-info/PKG-INFO
[6.714s] writing dependency_links to ../../build/pathfinding/pathfinding.egg-info/dependency_links.txt
[6.715s] writing entry points to ../../build/pathfinding/pathfinding.egg-info/entry_points.txt
[6.715s] writing requirements to ../../build/pathfinding/pathfinding.egg-info/requires.txt
[6.716s] writing top-level names to ../../build/pathfinding/pathfinding.egg-info/top_level.txt
[6.904s] reading manifest file '../../build/pathfinding/pathfinding.egg-info/SOURCES.txt'
[6.911s] writing manifest file '../../build/pathfinding/pathfinding.egg-info/SOURCES.txt'
[6.913s] running build
[6.913s] running build_py
[6.913s] copying pathfinding/pathfinding.py -> /home/brsd/microros_ws/build/pathfinding/build/lib/pathfinding
[6.914s] running install
[6.918s] running install_lib
[6.922s] copying /home/brsd/microros_ws/build/pathfinding/build/lib/pathfinding/pathfinding.py -> /home/brsd/microros_ws/install/pathfinding/lib/python3.8/site-packages/pathfinding
[6.931s] byte-compiling /home/brsd/microros_ws/install/pathfinding/lib/python3.8/site-packages/pathfinding/pathfinding.py to pathfinding.cpython-38.pyc
[6.940s] running install_data
[6.941s] running install_egg_info
[6.949s] removing '/home/brsd/microros_ws/install/pathfinding/lib/python3.8/site-packages/pathfinding-0.0.0-py3.8.egg-info' (and everything under it)
[6.950s] Copying ../../build/pathfinding/pathfinding.egg-info to /home/brsd/microros_ws/install/pathfinding/lib/python3.8/site-packages/pathfinding-0.0.0-py3.8.egg-info
[6.955s] running install_scripts
[7.045s] Installing pathfinding_node script to /home/brsd/microros_ws/install/pathfinding/lib/pathfinding
[7.047s] writing list of installed files to '/home/brsd/microros_ws/build/pathfinding/install.log'
[7.294s] Invoked command in '/home/brsd/microros_ws/src/pathfinding' returned '0': PYTHONPATH=/home/brsd/microros_ws/build/pathfinding/prefix_override:/usr/lib/python3/dist-packages/colcon_core/task/python/colcon_distutils_commands:/home/brsd/microros_ws/install/pathfinding/lib/python3.8/site-packages:${PYTHONPATH} /usr/bin/python3 -W ignore:setup.py install is deprecated setup.py egg_info --egg-base ../../build/pathfinding build --build-base /home/brsd/microros_ws/build/pathfinding/build install --record /home/brsd/microros_ws/build/pathfinding/install.log --install-scripts $base/lib/pathfinding --single-version-externally-managed install_data
