[0.138s] Invoking command in '/home/brsd/microros_ws/build/drive_base_msgs': CMAKE_PREFIX_PATH=${CMAKE_PREFIX_PATH}:/home/brsd/microros_ws/install/person_detection:/home/brsd/microros_ws/install/pathfinding:/home/brsd/microros_ws/install/object_detection_pkg:/home/brsd/microros_ws/install/joystick_input:/home/brsd/microros_ws/install/jetson_comm:/opt/ros/foxy /usr/bin/cmake --build /home/brsd/microros_ws/build/drive_base_msgs -- -j4 -l4
[0.482s] [  1%] Built target drive_base_msgs__cpp
[0.559s] [ 12%] Built target drive_base_msgs__rosidl_generator_c
[0.702s] [ 23%] Built target drive_base_msgs__rosidl_typesupport_introspection_cpp
[0.767s] [ 34%] Built target drive_base_msgs__rosidl_typesupport_cpp
[0.791s] [ 45%] Built target drive_base_msgs__rosidl_typesupport_fastrtps_cpp
[0.810s] [ 56%] Built target drive_base_msgs__rosidl_typesupport_introspection_c
[0.889s] [ 67%] Built target drive_base_msgs__rosidl_typesupport_c
[0.981s] [ 78%] Built target drive_base_msgs__rosidl_typesupport_fastrtps_c
[1.088s] [ 78%] Built target drive_base_msgs
[1.225s] [ 80%] Built target drive_base_msgs__py
[1.366s] [ 89%] Built target drive_base_msgs__python
[1.543s] [ 92%] Built target drive_base_msgs__rosidl_typesupport_fastrtps_c__pyext
[1.571s] [ 96%] Built target drive_base_msgs__rosidl_typesupport_introspection_c__pyext
[1.591s] [100%] Built target drive_base_msgs__rosidl_typesupport_c__pyext
[2.689s] Invoked command in '/home/brsd/microros_ws/build/drive_base_msgs' returned '0': CMAKE_PREFIX_PATH=${CMAKE_PREFIX_PATH}:/home/brsd/microros_ws/install/person_detection:/home/brsd/microros_ws/install/pathfinding:/home/brsd/microros_ws/install/object_detection_pkg:/home/brsd/microros_ws/install/joystick_input:/home/brsd/microros_ws/install/jetson_comm:/opt/ros/foxy /usr/bin/cmake --build /home/brsd/microros_ws/build/drive_base_msgs -- -j4 -l4
[5.299s] Invoking command in '/home/brsd/microros_ws/build/drive_base_msgs': CMAKE_PREFIX_PATH=${CMAKE_PREFIX_PATH}:/home/brsd/microros_ws/install/person_detection:/home/brsd/microros_ws/install/pathfinding:/home/brsd/microros_ws/install/object_detection_pkg:/home/brsd/microros_ws/install/joystick_input:/home/brsd/microros_ws/install/jetson_comm:/opt/ros/foxy /usr/bin/cmake --install /home/brsd/microros_ws/build/drive_base_msgs
[5.385s] -- Install configuration: ""
[5.389s] -- Up-to-date: /home/brsd/microros_ws/install/drive_base_msgs/share/ament_index/resource_index/rosidl_interfaces/drive_base_msgs
[5.394s] -- Up-to-date: /home/brsd/microros_ws/install/drive_base_msgs/include/drive_base_msgs
[5.395s] -- Up-to-date: /home/brsd/microros_ws/install/drive_base_msgs/include/drive_base_msgs/msg
[5.397s] -- Up-to-date: /home/brsd/microros_ws/install/drive_base_msgs/include/drive_base_msgs/msg/command_status.h
[5.398s] -- Up-to-date: /home/brsd/microros_ws/install/drive_base_msgs/include/drive_base_msgs/msg/command_header.h
[5.398s] -- Up-to-date: /home/brsd/microros_ws/install/drive_base_msgs/include/drive_base_msgs/msg/base_info.h
[5.399s] -- Up-to-date: /home/brsd/microros_ws/install/drive_base_msgs/include/drive_base_msgs/msg/detail
[5.399s] -- Up-to-date: /home/brsd/microros_ws/install/drive_base_msgs/include/drive_base_msgs/msg/detail/base_info__struct.h
[5.400s] -- Up-to-date: /home/brsd/microros_ws/install/drive_base_msgs/include/drive_base_msgs/msg/detail/trv_command__type_support.h
[5.400s] -- Up-to-date: /home/brsd/microros_ws/install/drive_base_msgs/include/drive_base_msgs/msg/detail/trv_command__functions.h
[5.401s] -- Up-to-date: /home/brsd/microros_ws/install/drive_base_msgs/include/drive_base_msgs/msg/detail/command_header__functions.c
[5.402s] -- Up-to-date: /home/brsd/microros_ws/install/drive_base_msgs/include/drive_base_msgs/msg/detail/command_header__struct.h
[5.402s] -- Up-to-date: /home/brsd/microros_ws/install/drive_base_msgs/include/drive_base_msgs/msg/detail/trv_command__struct.h
[5.403s] -- Up-to-date: /home/brsd/microros_ws/install/drive_base_msgs/include/drive_base_msgs/msg/detail/command_header__functions.h
[5.403s] -- Up-to-date: /home/brsd/microros_ws/install/drive_base_msgs/include/drive_base_msgs/msg/detail/command_status__functions.c
[5.404s] -- Up-to-date: /home/brsd/microros_ws/install/drive_base_msgs/include/drive_base_msgs/msg/detail/base_info__functions.h
[5.404s] -- Up-to-date: /home/brsd/microros_ws/install/drive_base_msgs/include/drive_base_msgs/msg/detail/trv_command__functions.c
[5.404s] -- Up-to-date: /home/brsd/microros_ws/install/drive_base_msgs/include/drive_base_msgs/msg/detail/command_status__type_support.h
[5.409s] -- Up-to-date: /home/brsd/microros_ws/install/drive_base_msgs/include/drive_base_msgs/msg/detail/command_status__functions.h
[5.410s] -- Up-to-date: /home/brsd/microros_ws/install/drive_base_msgs/include/drive_base_msgs/msg/detail/base_info__functions.c
[5.410s] -- Up-to-date: /home/brsd/microros_ws/install/drive_base_msgs/include/drive_base_msgs/msg/detail/base_info__type_support.h
[5.411s] -- Up-to-date: /home/brsd/microros_ws/install/drive_base_msgs/include/drive_base_msgs/msg/detail/command_header__type_support.h
[5.415s] -- Up-to-date: /home/brsd/microros_ws/install/drive_base_msgs/include/drive_base_msgs/msg/detail/command_status__struct.h
[5.416s] -- Up-to-date: /home/brsd/microros_ws/install/drive_base_msgs/include/drive_base_msgs/msg/trv_command.h
[5.419s] -- Up-to-date: /home/brsd/microros_ws/install/drive_base_msgs/include/drive_base_msgs/msg/rosidl_generator_c__visibility_control.h
[5.420s] -- Up-to-date: /home/brsd/microros_ws/install/drive_base_msgs/share/drive_base_msgs/environment/library_path.sh
[5.422s] -- Up-to-date: /home/brsd/microros_ws/install/drive_base_msgs/share/drive_base_msgs/environment/library_path.dsv
[5.423s] -- Up-to-date: /home/brsd/microros_ws/install/drive_base_msgs/lib/libdrive_base_msgs__rosidl_generator_c.so
[5.424s] -- Up-to-date: /home/brsd/microros_ws/install/drive_base_msgs/include/drive_base_msgs
[5.424s] -- Up-to-date: /home/brsd/microros_ws/install/drive_base_msgs/include/drive_base_msgs/msg
[5.424s] -- Up-to-date: /home/brsd/microros_ws/install/drive_base_msgs/include/drive_base_msgs/msg/rosidl_typesupport_fastrtps_c__visibility_control.h
[5.425s] -- Up-to-date: /home/brsd/microros_ws/install/drive_base_msgs/include/drive_base_msgs/msg/detail
[5.430s] -- Up-to-date: /home/brsd/microros_ws/install/drive_base_msgs/include/drive_base_msgs/msg/detail/command_status__rosidl_typesupport_fastrtps_c.h
[5.431s] -- Up-to-date: /home/brsd/microros_ws/install/drive_base_msgs/include/drive_base_msgs/msg/detail/trv_command__rosidl_typesupport_fastrtps_c.h
[5.437s] -- Up-to-date: /home/brsd/microros_ws/install/drive_base_msgs/include/drive_base_msgs/msg/detail/base_info__rosidl_typesupport_fastrtps_c.h
[5.441s] -- Up-to-date: /home/brsd/microros_ws/install/drive_base_msgs/include/drive_base_msgs/msg/detail/command_header__rosidl_typesupport_fastrtps_c.h
[5.441s] -- Up-to-date: /home/brsd/microros_ws/install/drive_base_msgs/lib/libdrive_base_msgs__rosidl_typesupport_fastrtps_c.so
[5.442s] -- Up-to-date: /home/brsd/microros_ws/install/drive_base_msgs/include/drive_base_msgs
[5.443s] -- Up-to-date: /home/brsd/microros_ws/install/drive_base_msgs/include/drive_base_msgs/msg
[5.445s] -- Up-to-date: /home/brsd/microros_ws/install/drive_base_msgs/include/drive_base_msgs/msg/rosidl_typesupport_fastrtps_cpp__visibility_control.h
[5.447s] -- Up-to-date: /home/brsd/microros_ws/install/drive_base_msgs/include/drive_base_msgs/msg/detail
[5.448s] -- Up-to-date: /home/brsd/microros_ws/install/drive_base_msgs/include/drive_base_msgs/msg/detail/command_header__rosidl_typesupport_fastrtps_cpp.hpp
[5.448s] -- Up-to-date: /home/brsd/microros_ws/install/drive_base_msgs/include/drive_base_msgs/msg/detail/command_status__rosidl_typesupport_fastrtps_cpp.hpp
[5.449s] -- Up-to-date: /home/brsd/microros_ws/install/drive_base_msgs/include/drive_base_msgs/msg/detail/trv_command__rosidl_typesupport_fastrtps_cpp.hpp
[5.458s] -- Up-to-date: /home/brsd/microros_ws/install/drive_base_msgs/include/drive_base_msgs/msg/detail/base_info__rosidl_typesupport_fastrtps_cpp.hpp
[5.459s] -- Up-to-date: /home/brsd/microros_ws/install/drive_base_msgs/include/drive_base_msgs/msg/detail/dds_fastrtps
[5.459s] -- Up-to-date: /home/brsd/microros_ws/install/drive_base_msgs/lib/libdrive_base_msgs__rosidl_typesupport_fastrtps_cpp.so
[5.461s] -- Up-to-date: /home/brsd/microros_ws/install/drive_base_msgs/include/drive_base_msgs
[5.463s] -- Up-to-date: /home/brsd/microros_ws/install/drive_base_msgs/include/drive_base_msgs/msg
[5.464s] -- Up-to-date: /home/brsd/microros_ws/install/drive_base_msgs/include/drive_base_msgs/msg/detail
[5.464s] -- Up-to-date: /home/brsd/microros_ws/install/drive_base_msgs/include/drive_base_msgs/msg/detail/command_status__rosidl_typesupport_introspection_c.h
[5.466s] -- Up-to-date: /home/brsd/microros_ws/install/drive_base_msgs/include/drive_base_msgs/msg/detail/command_header__rosidl_typesupport_introspection_c.h
[5.467s] -- Up-to-date: /home/brsd/microros_ws/install/drive_base_msgs/include/drive_base_msgs/msg/detail/command_header__type_support.c
[5.467s] -- Up-to-date: /home/brsd/microros_ws/install/drive_base_msgs/include/drive_base_msgs/msg/detail/base_info__rosidl_typesupport_introspection_c.h
[5.468s] -- Up-to-date: /home/brsd/microros_ws/install/drive_base_msgs/include/drive_base_msgs/msg/detail/command_status__type_support.c
[5.469s] -- Up-to-date: /home/brsd/microros_ws/install/drive_base_msgs/include/drive_base_msgs/msg/detail/trv_command__rosidl_typesupport_introspection_c.h
[5.469s] -- Up-to-date: /home/brsd/microros_ws/install/drive_base_msgs/include/drive_base_msgs/msg/detail/trv_command__type_support.c
[5.470s] -- Up-to-date: /home/brsd/microros_ws/install/drive_base_msgs/include/drive_base_msgs/msg/detail/base_info__type_support.c
[5.470s] -- Up-to-date: /home/brsd/microros_ws/install/drive_base_msgs/include/drive_base_msgs/msg/rosidl_typesupport_introspection_c__visibility_control.h
[5.476s] -- Up-to-date: /home/brsd/microros_ws/install/drive_base_msgs/lib/libdrive_base_msgs__rosidl_typesupport_introspection_c.so
[5.477s] -- Up-to-date: /home/brsd/microros_ws/install/drive_base_msgs/lib/libdrive_base_msgs__rosidl_typesupport_c.so
[5.477s] -- Up-to-date: /home/brsd/microros_ws/install/drive_base_msgs/include/drive_base_msgs
[5.478s] -- Up-to-date: /home/brsd/microros_ws/install/drive_base_msgs/include/drive_base_msgs/msg
[5.478s] -- Up-to-date: /home/brsd/microros_ws/install/drive_base_msgs/include/drive_base_msgs/msg/command_status.hpp
[5.479s] -- Up-to-date: /home/brsd/microros_ws/install/drive_base_msgs/include/drive_base_msgs/msg/base_info.hpp
[5.480s] -- Up-to-date: /home/brsd/microros_ws/install/drive_base_msgs/include/drive_base_msgs/msg/command_header.hpp
[5.480s] -- Up-to-date: /home/brsd/microros_ws/install/drive_base_msgs/include/drive_base_msgs/msg/trv_command.hpp
[5.481s] -- Up-to-date: /home/brsd/microros_ws/install/drive_base_msgs/include/drive_base_msgs/msg/rosidl_generator_cpp__visibility_control.hpp
[5.482s] -- Up-to-date: /home/brsd/microros_ws/install/drive_base_msgs/include/drive_base_msgs/msg/detail
[5.483s] -- Up-to-date: /home/brsd/microros_ws/install/drive_base_msgs/include/drive_base_msgs/msg/detail/command_status__builder.hpp
[5.483s] -- Up-to-date: /home/brsd/microros_ws/install/drive_base_msgs/include/drive_base_msgs/msg/detail/command_header__traits.hpp
[5.484s] -- Up-to-date: /home/brsd/microros_ws/install/drive_base_msgs/include/drive_base_msgs/msg/detail/command_status__struct.hpp
[5.485s] -- Up-to-date: /home/brsd/microros_ws/install/drive_base_msgs/include/drive_base_msgs/msg/detail/command_header__struct.hpp
[5.485s] -- Up-to-date: /home/brsd/microros_ws/install/drive_base_msgs/include/drive_base_msgs/msg/detail/command_status__type_support.hpp
[5.486s] -- Up-to-date: /home/brsd/microros_ws/install/drive_base_msgs/include/drive_base_msgs/msg/detail/base_info__type_support.hpp
[5.486s] -- Up-to-date: /home/brsd/microros_ws/install/drive_base_msgs/include/drive_base_msgs/msg/detail/base_info__traits.hpp
[5.487s] -- Up-to-date: /home/brsd/microros_ws/install/drive_base_msgs/include/drive_base_msgs/msg/detail/base_info__struct.hpp
[5.487s] -- Up-to-date: /home/brsd/microros_ws/install/drive_base_msgs/include/drive_base_msgs/msg/detail/command_header__type_support.hpp
[5.488s] -- Up-to-date: /home/brsd/microros_ws/install/drive_base_msgs/include/drive_base_msgs/msg/detail/trv_command__type_support.hpp
[5.489s] -- Up-to-date: /home/brsd/microros_ws/install/drive_base_msgs/include/drive_base_msgs/msg/detail/command_header__builder.hpp
[5.489s] -- Up-to-date: /home/brsd/microros_ws/install/drive_base_msgs/include/drive_base_msgs/msg/detail/trv_command__traits.hpp
[5.490s] -- Up-to-date: /home/brsd/microros_ws/install/drive_base_msgs/include/drive_base_msgs/msg/detail/trv_command__builder.hpp
[5.491s] -- Up-to-date: /home/brsd/microros_ws/install/drive_base_msgs/include/drive_base_msgs/msg/detail/trv_command__struct.hpp
[5.491s] -- Up-to-date: /home/brsd/microros_ws/install/drive_base_msgs/include/drive_base_msgs/msg/detail/base_info__builder.hpp
[5.492s] -- Up-to-date: /home/brsd/microros_ws/install/drive_base_msgs/include/drive_base_msgs/msg/detail/command_status__traits.hpp
[5.493s] -- Up-to-date: /home/brsd/microros_ws/install/drive_base_msgs/include/drive_base_msgs
[5.494s] -- Up-to-date: /home/brsd/microros_ws/install/drive_base_msgs/include/drive_base_msgs/msg
[5.494s] -- Up-to-date: /home/brsd/microros_ws/install/drive_base_msgs/include/drive_base_msgs/msg/detail
[5.495s] -- Up-to-date: /home/brsd/microros_ws/install/drive_base_msgs/include/drive_base_msgs/msg/detail/command_header__type_support.cpp
[5.495s] -- Up-to-date: /home/brsd/microros_ws/install/drive_base_msgs/include/drive_base_msgs/msg/detail/command_header__rosidl_typesupport_introspection_cpp.hpp
[5.496s] -- Up-to-date: /home/brsd/microros_ws/install/drive_base_msgs/include/drive_base_msgs/msg/detail/command_status__type_support.cpp
[5.497s] -- Up-to-date: /home/brsd/microros_ws/install/drive_base_msgs/include/drive_base_msgs/msg/detail/base_info__rosidl_typesupport_introspection_cpp.hpp
[5.497s] -- Up-to-date: /home/brsd/microros_ws/install/drive_base_msgs/include/drive_base_msgs/msg/detail/base_info__type_support.cpp
[5.498s] -- Up-to-date: /home/brsd/microros_ws/install/drive_base_msgs/include/drive_base_msgs/msg/detail/trv_command__type_support.cpp
[5.498s] -- Up-to-date: /home/brsd/microros_ws/install/drive_base_msgs/include/drive_base_msgs/msg/detail/trv_command__rosidl_typesupport_introspection_cpp.hpp
[5.499s] -- Up-to-date: /home/brsd/microros_ws/install/drive_base_msgs/include/drive_base_msgs/msg/detail/command_status__rosidl_typesupport_introspection_cpp.hpp
[5.500s] -- Up-to-date: /home/brsd/microros_ws/install/drive_base_msgs/lib/libdrive_base_msgs__rosidl_typesupport_introspection_cpp.so
[5.500s] -- Up-to-date: /home/brsd/microros_ws/install/drive_base_msgs/lib/libdrive_base_msgs__rosidl_typesupport_cpp.so
[5.501s] -- Up-to-date: /home/brsd/microros_ws/install/drive_base_msgs/share/drive_base_msgs/environment/pythonpath.sh
[5.502s] -- Up-to-date: /home/brsd/microros_ws/install/drive_base_msgs/share/drive_base_msgs/environment/pythonpath.dsv
[5.502s] -- Up-to-date: /home/brsd/microros_ws/install/drive_base_msgs/lib/python3.8/site-packages/drive_base_msgs/__init__.py
[6.035s] -- Up-to-date: /home/brsd/microros_ws/install/drive_base_msgs/lib/python3.8/site-packages/drive_base_msgs/msg
[6.036s] -- Up-to-date: /home/brsd/microros_ws/install/drive_base_msgs/lib/python3.8/site-packages/drive_base_msgs/msg/_command_status_s.c
[6.037s] -- Up-to-date: /home/brsd/microros_ws/install/drive_base_msgs/lib/python3.8/site-packages/drive_base_msgs/msg/__init__.py
[6.046s] -- Up-to-date: /home/brsd/microros_ws/install/drive_base_msgs/lib/python3.8/site-packages/drive_base_msgs/msg/_command_header_s.c
[6.047s] -- Up-to-date: /home/brsd/microros_ws/install/drive_base_msgs/lib/python3.8/site-packages/drive_base_msgs/msg/_trv_command_s.c
[6.048s] -- Up-to-date: /home/brsd/microros_ws/install/drive_base_msgs/lib/python3.8/site-packages/drive_base_msgs/msg/_base_info_s.c
[6.048s] -- Up-to-date: /home/brsd/microros_ws/install/drive_base_msgs/lib/python3.8/site-packages/drive_base_msgs/msg/_command_status.py
[6.049s] -- Up-to-date: /home/brsd/microros_ws/install/drive_base_msgs/lib/python3.8/site-packages/drive_base_msgs/msg/_base_info.py
[6.050s] -- Up-to-date: /home/brsd/microros_ws/install/drive_base_msgs/lib/python3.8/site-packages/drive_base_msgs/msg/_trv_command.py
[6.050s] -- Up-to-date: /home/brsd/microros_ws/install/drive_base_msgs/lib/python3.8/site-packages/drive_base_msgs/msg/_command_header.py
[6.051s] -- Up-to-date: /home/brsd/microros_ws/install/drive_base_msgs/lib/python3.8/site-packages/drive_base_msgs/drive_base_msgs_s__rosidl_typesupport_fastrtps_c.cpython-38-aarch64-linux-gnu.so
[6.052s] -- Up-to-date: /home/brsd/microros_ws/install/drive_base_msgs/lib/python3.8/site-packages/drive_base_msgs/drive_base_msgs_s__rosidl_typesupport_introspection_c.cpython-38-aarch64-linux-gnu.so
[6.064s] -- Up-to-date: /home/brsd/microros_ws/install/drive_base_msgs/lib/python3.8/site-packages/drive_base_msgs/drive_base_msgs_s__rosidl_typesupport_c.cpython-38-aarch64-linux-gnu.so
[6.065s] -- Up-to-date: /home/brsd/microros_ws/install/drive_base_msgs/lib/libdrive_base_msgs__python.so
[6.065s] -- Up-to-date: /home/brsd/microros_ws/install/drive_base_msgs/share/drive_base_msgs/msg/CommandHeader.idl
[6.072s] -- Up-to-date: /home/brsd/microros_ws/install/drive_base_msgs/share/drive_base_msgs/msg/BaseInfo.idl
[6.075s] -- Up-to-date: /home/brsd/microros_ws/install/drive_base_msgs/share/drive_base_msgs/msg/CommandStatus.idl
[6.083s] -- Up-to-date: /home/brsd/microros_ws/install/drive_base_msgs/share/drive_base_msgs/msg/TRVCommand.idl
[6.086s] -- Up-to-date: /home/brsd/microros_ws/install/drive_base_msgs/share/drive_base_msgs/msg/CommandHeader.msg
[6.087s] -- Up-to-date: /home/brsd/microros_ws/install/drive_base_msgs/share/drive_base_msgs/msg/BaseInfo.msg
[6.087s] -- Up-to-date: /home/brsd/microros_ws/install/drive_base_msgs/share/drive_base_msgs/msg/CommandStatus.msg
[6.088s] -- Up-to-date: /home/brsd/microros_ws/install/drive_base_msgs/share/drive_base_msgs/msg/TRVCommand.msg
[6.088s] -- Up-to-date: /home/brsd/microros_ws/install/drive_base_msgs/share/ament_index/resource_index/package_run_dependencies/drive_base_msgs
[6.089s] -- Up-to-date: /home/brsd/microros_ws/install/drive_base_msgs/share/ament_index/resource_index/parent_prefix_path/drive_base_msgs
[6.089s] -- Up-to-date: /home/brsd/microros_ws/install/drive_base_msgs/share/drive_base_msgs/environment/ament_prefix_path.sh
[6.093s] -- Up-to-date: /home/brsd/microros_ws/install/drive_base_msgs/share/drive_base_msgs/environment/ament_prefix_path.dsv
[6.094s] -- Up-to-date: /home/brsd/microros_ws/install/drive_base_msgs/share/drive_base_msgs/environment/path.sh
[6.095s] -- Up-to-date: /home/brsd/microros_ws/install/drive_base_msgs/share/drive_base_msgs/environment/path.dsv
[6.095s] -- Up-to-date: /home/brsd/microros_ws/install/drive_base_msgs/share/drive_base_msgs/local_setup.bash
[6.097s] -- Up-to-date: /home/brsd/microros_ws/install/drive_base_msgs/share/drive_base_msgs/local_setup.sh
[6.100s] -- Up-to-date: /home/brsd/microros_ws/install/drive_base_msgs/share/drive_base_msgs/local_setup.zsh
[6.101s] -- Up-to-date: /home/brsd/microros_ws/install/drive_base_msgs/share/drive_base_msgs/local_setup.dsv
[6.104s] -- Installing: /home/brsd/microros_ws/install/drive_base_msgs/share/drive_base_msgs/package.dsv
[6.104s] -- Up-to-date: /home/brsd/microros_ws/install/drive_base_msgs/share/ament_index/resource_index/packages/drive_base_msgs
[6.106s] -- Up-to-date: /home/brsd/microros_ws/install/drive_base_msgs/share/drive_base_msgs/cmake/drive_base_msgs__rosidl_generator_cExport.cmake
[6.107s] -- Up-to-date: /home/brsd/microros_ws/install/drive_base_msgs/share/drive_base_msgs/cmake/drive_base_msgs__rosidl_generator_cExport-noconfig.cmake
[6.109s] -- Up-to-date: /home/brsd/microros_ws/install/drive_base_msgs/share/drive_base_msgs/cmake/drive_base_msgs__rosidl_typesupport_introspection_cExport.cmake
[6.115s] -- Up-to-date: /home/brsd/microros_ws/install/drive_base_msgs/share/drive_base_msgs/cmake/drive_base_msgs__rosidl_typesupport_introspection_cExport-noconfig.cmake
[6.115s] -- Up-to-date: /home/brsd/microros_ws/install/drive_base_msgs/share/drive_base_msgs/cmake/drive_base_msgs__rosidl_typesupport_cExport.cmake
[6.116s] -- Up-to-date: /home/brsd/microros_ws/install/drive_base_msgs/share/drive_base_msgs/cmake/drive_base_msgs__rosidl_typesupport_cExport-noconfig.cmake
[6.116s] -- Up-to-date: /home/brsd/microros_ws/install/drive_base_msgs/share/drive_base_msgs/cmake/drive_base_msgs__rosidl_generator_cppExport.cmake
[6.117s] -- Up-to-date: /home/brsd/microros_ws/install/drive_base_msgs/share/drive_base_msgs/cmake/drive_base_msgs__rosidl_typesupport_introspection_cppExport.cmake
[6.118s] -- Up-to-date: /home/brsd/microros_ws/install/drive_base_msgs/share/drive_base_msgs/cmake/drive_base_msgs__rosidl_typesupport_introspection_cppExport-noconfig.cmake
[6.118s] -- Up-to-date: /home/brsd/microros_ws/install/drive_base_msgs/share/drive_base_msgs/cmake/drive_base_msgs__rosidl_typesupport_cppExport.cmake
[6.119s] -- Up-to-date: /home/brsd/microros_ws/install/drive_base_msgs/share/drive_base_msgs/cmake/drive_base_msgs__rosidl_typesupport_cppExport-noconfig.cmake
[6.122s] -- Up-to-date: /home/brsd/microros_ws/install/drive_base_msgs/share/drive_base_msgs/cmake/rosidl_cmake-extras.cmake
[6.122s] -- Up-to-date: /home/brsd/microros_ws/install/drive_base_msgs/share/drive_base_msgs/cmake/ament_cmake_export_dependencies-extras.cmake
[6.123s] -- Up-to-date: /home/brsd/microros_ws/install/drive_base_msgs/share/drive_base_msgs/cmake/ament_cmake_export_libraries-extras.cmake
[6.123s] -- Up-to-date: /home/brsd/microros_ws/install/drive_base_msgs/share/drive_base_msgs/cmake/ament_cmake_export_targets-extras.cmake
[6.124s] -- Up-to-date: /home/brsd/microros_ws/install/drive_base_msgs/share/drive_base_msgs/cmake/ament_cmake_export_include_directories-extras.cmake
[6.124s] -- Up-to-date: /home/brsd/microros_ws/install/drive_base_msgs/share/drive_base_msgs/cmake/rosidl_cmake_export_typesupport_libraries-extras.cmake
[6.124s] -- Up-to-date: /home/brsd/microros_ws/install/drive_base_msgs/share/drive_base_msgs/cmake/rosidl_cmake_export_typesupport_targets-extras.cmake
[6.125s] -- Up-to-date: /home/brsd/microros_ws/install/drive_base_msgs/share/drive_base_msgs/cmake/drive_base_msgsConfig.cmake
[6.125s] -- Up-to-date: /home/brsd/microros_ws/install/drive_base_msgs/share/drive_base_msgs/cmake/drive_base_msgsConfig-version.cmake
[6.126s] -- Up-to-date: /home/brsd/microros_ws/install/drive_base_msgs/share/drive_base_msgs/package.xml
[8.511s] Invoked command in '/home/brsd/microros_ws/build/drive_base_msgs' returned '0': CMAKE_PREFIX_PATH=${CMAKE_PREFIX_PATH}:/home/brsd/microros_ws/install/person_detection:/home/brsd/microros_ws/install/pathfinding:/home/brsd/microros_ws/install/object_detection_pkg:/home/brsd/microros_ws/install/joystick_input:/home/brsd/microros_ws/install/jetson_comm:/opt/ros/foxy /usr/bin/cmake --install /home/brsd/microros_ws/build/drive_base_msgs
