[7.260s] Invoking command in '/home/brsd/microros_ws/src/fsm': PYTHONPATH=/home/brsd/microros_ws/build/fsm/prefix_override:/usr/lib/python3/dist-packages/colcon_core/task/python/colcon_distutils_commands:/home/brsd/microros_ws/install/fsm/lib/python3.8/site-packages:${PYTHONPATH} /usr/bin/python3 -W ignore:setup.py install is deprecated setup.py egg_info --egg-base ../../build/fsm build --build-base /home/brsd/microros_ws/build/fsm/build install --record /home/brsd/microros_ws/build/fsm/install.log --install-scripts $base/lib/fsm --single-version-externally-managed install_data
[10.560s] running egg_info
[10.567s] writing ../../build/fsm/fsm.egg-info/PKG-INFO
[10.570s] writing dependency_links to ../../build/fsm/fsm.egg-info/dependency_links.txt
[10.577s] writing entry points to ../../build/fsm/fsm.egg-info/entry_points.txt
[10.579s] writing requirements to ../../build/fsm/fsm.egg-info/requires.txt
[10.591s] writing top-level names to ../../build/fsm/fsm.egg-info/top_level.txt
[11.082s] reading manifest file '../../build/fsm/fsm.egg-info/SOURCES.txt'
[11.093s] writing manifest file '../../build/fsm/fsm.egg-info/SOURCES.txt'
[11.115s] running build
[11.117s] running build_py
[11.122s] running install
[11.137s] running install_lib
[11.161s] running install_data
[11.172s] running install_egg_info
[11.198s] removing '/home/brsd/microros_ws/install/fsm/lib/python3.8/site-packages/fsm-0.0.0-py3.8.egg-info' (and everything under it)
[11.217s] Copying ../../build/fsm/fsm.egg-info to /home/brsd/microros_ws/install/fsm/lib/python3.8/site-packages/fsm-0.0.0-py3.8.egg-info
[11.249s] running install_scripts
[11.526s] Installing brsd_fsm_node script to /home/brsd/microros_ws/install/fsm/lib/fsm
[11.526s] writing list of installed files to '/home/brsd/microros_ws/build/fsm/install.log'
[11.869s] Invoked command in '/home/brsd/microros_ws/src/fsm' returned '0': PYTHONPATH=/home/brsd/microros_ws/build/fsm/prefix_override:/usr/lib/python3/dist-packages/colcon_core/task/python/colcon_distutils_commands:/home/brsd/microros_ws/install/fsm/lib/python3.8/site-packages:${PYTHONPATH} /usr/bin/python3 -W ignore:setup.py install is deprecated setup.py egg_info --egg-base ../../build/fsm build --build-base /home/brsd/microros_ws/build/fsm/build install --record /home/brsd/microros_ws/build/fsm/install.log --install-scripts $base/lib/fsm --single-version-externally-managed install_data
