[0.190s] Invoking command in '/home/brsd/microros_ws/build/xacro': CMAKE_PREFIX_PATH=${CMAKE_PREFIX_PATH}:/home/brsd/microros_ws/install/person_detection:/home/brsd/microros_ws/install/pathfinding:/home/brsd/microros_ws/install/object_detection_pkg:/home/brsd/microros_ws/install/joystick_input:/home/brsd/microros_ws/install/jetson_comm:/home/brsd/microros_ws/install/fsm:/opt/ros/foxy /usr/bin/cmake --build /home/brsd/microros_ws/build/xacro -- -j4 -l4
[0.521s] Invoked command in '/home/brsd/microros_ws/build/xacro' returned '0': CMAKE_PREFIX_PATH=${CMAKE_PREFIX_PATH}:/home/brsd/microros_ws/install/person_detection:/home/brsd/microros_ws/install/pathfinding:/home/brsd/microros_ws/install/object_detection_pkg:/home/brsd/microros_ws/install/joystick_input:/home/brsd/microros_ws/install/jetson_comm:/home/brsd/microros_ws/install/fsm:/opt/ros/foxy /usr/bin/cmake --build /home/brsd/microros_ws/build/xacro -- -j4 -l4
[0.906s] Invoking command in '/home/brsd/microros_ws/build/xacro': CMAKE_PREFIX_PATH=${CMAKE_PREFIX_PATH}:/home/brsd/microros_ws/install/person_detection:/home/brsd/microros_ws/install/pathfinding:/home/brsd/microros_ws/install/object_detection_pkg:/home/brsd/microros_ws/install/joystick_input:/home/brsd/microros_ws/install/jetson_comm:/home/brsd/microros_ws/install/fsm:/opt/ros/foxy /usr/bin/cmake --install /home/brsd/microros_ws/build/xacro
[1.018s] -- Install configuration: ""
[1.021s] -- Up-to-date: /home/brsd/microros_ws/install/xacro/share/xacro/environment/completion.bash
[1.023s] -- Up-to-date: /home/brsd/microros_ws/install/xacro/share/xacro/environment/pythonpath.sh
[1.024s] -- Up-to-date: /home/brsd/microros_ws/install/xacro/share/xacro/environment/pythonpath.dsv
[1.024s] -- Up-to-date: /home/brsd/microros_ws/install/xacro/lib/python3.8/site-packages/xacro
[1.033s] -- Up-to-date: /home/brsd/microros_ws/install/xacro/lib/python3.8/site-packages/xacro/__init__.py
[1.033s] -- Up-to-date: /home/brsd/microros_ws/install/xacro/lib/python3.8/site-packages/xacro/substitution_args.py
[1.034s] -- Up-to-date: /home/brsd/microros_ws/install/xacro/lib/python3.8/site-packages/xacro/xmlutils.py
[1.035s] -- Up-to-date: /home/brsd/microros_ws/install/xacro/lib/python3.8/site-packages/xacro/color.py
[1.035s] -- Up-to-date: /home/brsd/microros_ws/install/xacro/lib/python3.8/site-packages/xacro/cli.py
[1.347s] Listing '/home/brsd/microros_ws/install/xacro/lib/python3.8/site-packages/xacro'...
[1.373s] -- Up-to-date: /home/brsd/microros_ws/install/xacro/bin/xacro
[1.374s] -- Up-to-date: /home/brsd/microros_ws/install/xacro/lib/xacro/xacro
[1.377s] -- Up-to-date: /home/brsd/microros_ws/install/xacro/share/ament_index/resource_index/package_run_dependencies/xacro
[1.381s] -- Up-to-date: /home/brsd/microros_ws/install/xacro/share/ament_index/resource_index/parent_prefix_path/xacro
[1.381s] -- Up-to-date: /home/brsd/microros_ws/install/xacro/share/xacro/environment/ament_prefix_path.sh
[1.382s] -- Up-to-date: /home/brsd/microros_ws/install/xacro/share/xacro/environment/ament_prefix_path.dsv
[1.388s] -- Up-to-date: /home/brsd/microros_ws/install/xacro/share/xacro/environment/path.sh
[1.389s] -- Up-to-date: /home/brsd/microros_ws/install/xacro/share/xacro/environment/path.dsv
[1.391s] -- Up-to-date: /home/brsd/microros_ws/install/xacro/share/xacro/local_setup.bash
[1.392s] -- Up-to-date: /home/brsd/microros_ws/install/xacro/share/xacro/local_setup.sh
[1.395s] -- Up-to-date: /home/brsd/microros_ws/install/xacro/share/xacro/local_setup.zsh
[1.396s] -- Up-to-date: /home/brsd/microros_ws/install/xacro/share/xacro/local_setup.dsv
[1.397s] -- Installing: /home/brsd/microros_ws/install/xacro/share/xacro/package.dsv
[1.401s] -- Up-to-date: /home/brsd/microros_ws/install/xacro/share/ament_index/resource_index/packages/xacro
[1.401s] -- Up-to-date: /home/brsd/microros_ws/install/xacro/share/xacro/cmake/xacro-extras.cmake
[1.402s] -- Up-to-date: /home/brsd/microros_ws/install/xacro/share/xacro/cmake/xacroConfig.cmake
[1.402s] -- Up-to-date: /home/brsd/microros_ws/install/xacro/share/xacro/cmake/xacroConfig-version.cmake
[1.403s] -- Up-to-date: /home/brsd/microros_ws/install/xacro/share/xacro/package.xml
[1.411s] Invoked command in '/home/brsd/microros_ws/build/xacro' returned '0': CMAKE_PREFIX_PATH=${CMAKE_PREFIX_PATH}:/home/brsd/microros_ws/install/person_detection:/home/brsd/microros_ws/install/pathfinding:/home/brsd/microros_ws/install/object_detection_pkg:/home/brsd/microros_ws/install/joystick_input:/home/brsd/microros_ws/install/jetson_comm:/home/brsd/microros_ws/install/fsm:/opt/ros/foxy /usr/bin/cmake --install /home/brsd/microros_ws/build/xacro
