[0.121s] Invoking command in '/home/brsd/microros_ws/build/drive_base_msgs': CMAKE_PREFIX_PATH=${CMAKE_PREFIX_PATH}:/home/brsd/microros_ws/install/person_detection:/home/brsd/microros_ws/install/pathfinding:/home/brsd/microros_ws/install/object_detection_pkg:/home/brsd/microros_ws/install/joystick_input:/home/brsd/microros_ws/install/jetson_comm:/home/brsd/microros_ws/install/fsm:/opt/ros/foxy /usr/bin/cmake --build /home/brsd/microros_ws/build/drive_base_msgs -- -j4 -l4
[0.674s] [ 10%] Built target drive_base_msgs__rosidl_generator_c
[0.708s] [ 12%] Built target drive_base_msgs__cpp
[0.877s] [ 23%] Built target drive_base_msgs__rosidl_typesupport_introspection_c
[0.897s] [ 34%] Built target drive_base_msgs__rosidl_typesupport_c
[0.950s] [ 45%] Built target drive_base_msgs__rosidl_typesupport_introspection_cpp
[0.995s] [ 56%] Built target drive_base_msgs__rosidl_typesupport_fastrtps_cpp
[1.079s] [ 67%] Built target drive_base_msgs__rosidl_typesupport_cpp
[1.218s] [ 78%] Built target drive_base_msgs__rosidl_typesupport_fastrtps_c
[1.334s] [ 78%] Built target drive_base_msgs
[1.469s] [ 80%] Built target drive_base_msgs__py
[1.624s] [ 89%] Built target drive_base_msgs__python
[1.835s] [ 92%] Built target drive_base_msgs__rosidl_typesupport_c__pyext
[1.853s] [ 96%] Built target drive_base_msgs__rosidl_typesupport_fastrtps_c__pyext
[1.863s] [100%] Built target drive_base_msgs__rosidl_typesupport_introspection_c__pyext
[2.573s] Invoked command in '/home/brsd/microros_ws/build/drive_base_msgs' returned '0': CMAKE_PREFIX_PATH=${CMAKE_PREFIX_PATH}:/home/brsd/microros_ws/install/person_detection:/home/brsd/microros_ws/install/pathfinding:/home/brsd/microros_ws/install/object_detection_pkg:/home/brsd/microros_ws/install/joystick_input:/home/brsd/microros_ws/install/jetson_comm:/home/brsd/microros_ws/install/fsm:/opt/ros/foxy /usr/bin/cmake --build /home/brsd/microros_ws/build/drive_base_msgs -- -j4 -l4
[4.103s] Invoking command in '/home/brsd/microros_ws/build/drive_base_msgs': CMAKE_PREFIX_PATH=${CMAKE_PREFIX_PATH}:/home/brsd/microros_ws/install/person_detection:/home/brsd/microros_ws/install/pathfinding:/home/brsd/microros_ws/install/object_detection_pkg:/home/brsd/microros_ws/install/joystick_input:/home/brsd/microros_ws/install/jetson_comm:/home/brsd/microros_ws/install/fsm:/opt/ros/foxy /usr/bin/cmake --install /home/brsd/microros_ws/build/drive_base_msgs
[4.158s] -- Install configuration: ""
[4.161s] -- Up-to-date: /home/brsd/microros_ws/install/drive_base_msgs/share/ament_index/resource_index/rosidl_interfaces/drive_base_msgs
[4.168s] -- Up-to-date: /home/brsd/microros_ws/install/drive_base_msgs/include/drive_base_msgs
[4.169s] -- Up-to-date: /home/brsd/microros_ws/install/drive_base_msgs/include/drive_base_msgs/msg
[4.170s] -- Up-to-date: /home/brsd/microros_ws/install/drive_base_msgs/include/drive_base_msgs/msg/command_status.h
[4.170s] -- Up-to-date: /home/brsd/microros_ws/install/drive_base_msgs/include/drive_base_msgs/msg/command_header.h
[4.170s] -- Up-to-date: /home/brsd/microros_ws/install/drive_base_msgs/include/drive_base_msgs/msg/base_info.h
[4.171s] -- Up-to-date: /home/brsd/microros_ws/install/drive_base_msgs/include/drive_base_msgs/msg/detail
[4.177s] -- Up-to-date: /home/brsd/microros_ws/install/drive_base_msgs/include/drive_base_msgs/msg/detail/base_info__struct.h
[4.178s] -- Up-to-date: /home/brsd/microros_ws/install/drive_base_msgs/include/drive_base_msgs/msg/detail/trv_command__type_support.h
[4.179s] -- Up-to-date: /home/brsd/microros_ws/install/drive_base_msgs/include/drive_base_msgs/msg/detail/trv_command__functions.h
[4.180s] -- Up-to-date: /home/brsd/microros_ws/install/drive_base_msgs/include/drive_base_msgs/msg/detail/command_header__functions.c
[4.181s] -- Up-to-date: /home/brsd/microros_ws/install/drive_base_msgs/include/drive_base_msgs/msg/detail/command_header__struct.h
[4.181s] -- Up-to-date: /home/brsd/microros_ws/install/drive_base_msgs/include/drive_base_msgs/msg/detail/trv_command__struct.h
[4.182s] -- Up-to-date: /home/brsd/microros_ws/install/drive_base_msgs/include/drive_base_msgs/msg/detail/command_header__functions.h
[4.182s] -- Up-to-date: /home/brsd/microros_ws/install/drive_base_msgs/include/drive_base_msgs/msg/detail/command_status__functions.c
[4.183s] -- Up-to-date: /home/brsd/microros_ws/install/drive_base_msgs/include/drive_base_msgs/msg/detail/base_info__functions.h
[4.184s] -- Up-to-date: /home/brsd/microros_ws/install/drive_base_msgs/include/drive_base_msgs/msg/detail/trv_command__functions.c
[4.184s] -- Up-to-date: /home/brsd/microros_ws/install/drive_base_msgs/include/drive_base_msgs/msg/detail/command_status__type_support.h
[4.191s] -- Up-to-date: /home/brsd/microros_ws/install/drive_base_msgs/include/drive_base_msgs/msg/detail/command_status__functions.h
[4.192s] -- Up-to-date: /home/brsd/microros_ws/install/drive_base_msgs/include/drive_base_msgs/msg/detail/base_info__functions.c
[4.193s] -- Up-to-date: /home/brsd/microros_ws/install/drive_base_msgs/include/drive_base_msgs/msg/detail/base_info__type_support.h
[4.193s] -- Up-to-date: /home/brsd/microros_ws/install/drive_base_msgs/include/drive_base_msgs/msg/detail/command_header__type_support.h
[4.194s] -- Up-to-date: /home/brsd/microros_ws/install/drive_base_msgs/include/drive_base_msgs/msg/detail/command_status__struct.h
[4.197s] -- Up-to-date: /home/brsd/microros_ws/install/drive_base_msgs/include/drive_base_msgs/msg/trv_command.h
[4.198s] -- Up-to-date: /home/brsd/microros_ws/install/drive_base_msgs/include/drive_base_msgs/msg/rosidl_generator_c__visibility_control.h
[4.199s] -- Up-to-date: /home/brsd/microros_ws/install/drive_base_msgs/share/drive_base_msgs/environment/library_path.sh
[4.199s] -- Up-to-date: /home/brsd/microros_ws/install/drive_base_msgs/share/drive_base_msgs/environment/library_path.dsv
[4.200s] -- Up-to-date: /home/brsd/microros_ws/install/drive_base_msgs/lib/libdrive_base_msgs__rosidl_generator_c.so
[4.201s] -- Up-to-date: /home/brsd/microros_ws/install/drive_base_msgs/include/drive_base_msgs
[4.201s] -- Up-to-date: /home/brsd/microros_ws/install/drive_base_msgs/include/drive_base_msgs/msg
[4.202s] -- Up-to-date: /home/brsd/microros_ws/install/drive_base_msgs/include/drive_base_msgs/msg/rosidl_typesupport_fastrtps_c__visibility_control.h
[4.203s] -- Up-to-date: /home/brsd/microros_ws/install/drive_base_msgs/include/drive_base_msgs/msg/detail
[4.203s] -- Up-to-date: /home/brsd/microros_ws/install/drive_base_msgs/include/drive_base_msgs/msg/detail/command_status__rosidl_typesupport_fastrtps_c.h
[4.204s] -- Up-to-date: /home/brsd/microros_ws/install/drive_base_msgs/include/drive_base_msgs/msg/detail/trv_command__rosidl_typesupport_fastrtps_c.h
[4.204s] -- Up-to-date: /home/brsd/microros_ws/install/drive_base_msgs/include/drive_base_msgs/msg/detail/base_info__rosidl_typesupport_fastrtps_c.h
[4.212s] -- Up-to-date: /home/brsd/microros_ws/install/drive_base_msgs/include/drive_base_msgs/msg/detail/command_header__rosidl_typesupport_fastrtps_c.h
[4.216s] -- Up-to-date: /home/brsd/microros_ws/install/drive_base_msgs/lib/libdrive_base_msgs__rosidl_typesupport_fastrtps_c.so
[4.216s] -- Up-to-date: /home/brsd/microros_ws/install/drive_base_msgs/include/drive_base_msgs
[4.217s] -- Up-to-date: /home/brsd/microros_ws/install/drive_base_msgs/include/drive_base_msgs/msg
[4.218s] -- Up-to-date: /home/brsd/microros_ws/install/drive_base_msgs/include/drive_base_msgs/msg/rosidl_typesupport_fastrtps_cpp__visibility_control.h
[4.218s] -- Up-to-date: /home/brsd/microros_ws/install/drive_base_msgs/include/drive_base_msgs/msg/detail
[4.219s] -- Up-to-date: /home/brsd/microros_ws/install/drive_base_msgs/include/drive_base_msgs/msg/detail/command_header__rosidl_typesupport_fastrtps_cpp.hpp
[4.219s] -- Up-to-date: /home/brsd/microros_ws/install/drive_base_msgs/include/drive_base_msgs/msg/detail/command_status__rosidl_typesupport_fastrtps_cpp.hpp
[4.220s] -- Up-to-date: /home/brsd/microros_ws/install/drive_base_msgs/include/drive_base_msgs/msg/detail/trv_command__rosidl_typesupport_fastrtps_cpp.hpp
[4.220s] -- Up-to-date: /home/brsd/microros_ws/install/drive_base_msgs/include/drive_base_msgs/msg/detail/base_info__rosidl_typesupport_fastrtps_cpp.hpp
[4.221s] -- Up-to-date: /home/brsd/microros_ws/install/drive_base_msgs/include/drive_base_msgs/msg/detail/dds_fastrtps
[4.221s] -- Up-to-date: /home/brsd/microros_ws/install/drive_base_msgs/lib/libdrive_base_msgs__rosidl_typesupport_fastrtps_cpp.so
[4.222s] -- Up-to-date: /home/brsd/microros_ws/install/drive_base_msgs/include/drive_base_msgs
[4.227s] -- Up-to-date: /home/brsd/microros_ws/install/drive_base_msgs/include/drive_base_msgs/msg
[4.238s] -- Up-to-date: /home/brsd/microros_ws/install/drive_base_msgs/include/drive_base_msgs/msg/detail
[4.239s] -- Up-to-date: /home/brsd/microros_ws/install/drive_base_msgs/include/drive_base_msgs/msg/detail/command_status__rosidl_typesupport_introspection_c.h
[4.239s] -- Up-to-date: /home/brsd/microros_ws/install/drive_base_msgs/include/drive_base_msgs/msg/detail/command_header__rosidl_typesupport_introspection_c.h
[4.240s] -- Up-to-date: /home/brsd/microros_ws/install/drive_base_msgs/include/drive_base_msgs/msg/detail/command_header__type_support.c
[4.241s] -- Up-to-date: /home/brsd/microros_ws/install/drive_base_msgs/include/drive_base_msgs/msg/detail/base_info__rosidl_typesupport_introspection_c.h
[4.241s] -- Up-to-date: /home/brsd/microros_ws/install/drive_base_msgs/include/drive_base_msgs/msg/detail/command_status__type_support.c
[4.242s] -- Up-to-date: /home/brsd/microros_ws/install/drive_base_msgs/include/drive_base_msgs/msg/detail/trv_command__rosidl_typesupport_introspection_c.h
[4.242s] -- Up-to-date: /home/brsd/microros_ws/install/drive_base_msgs/include/drive_base_msgs/msg/detail/trv_command__type_support.c
[4.242s] -- Up-to-date: /home/brsd/microros_ws/install/drive_base_msgs/include/drive_base_msgs/msg/detail/base_info__type_support.c
[4.243s] -- Up-to-date: /home/brsd/microros_ws/install/drive_base_msgs/include/drive_base_msgs/msg/rosidl_typesupport_introspection_c__visibility_control.h
[4.243s] -- Up-to-date: /home/brsd/microros_ws/install/drive_base_msgs/lib/libdrive_base_msgs__rosidl_typesupport_introspection_c.so
[4.244s] -- Up-to-date: /home/brsd/microros_ws/install/drive_base_msgs/lib/libdrive_base_msgs__rosidl_typesupport_c.so
[4.244s] -- Up-to-date: /home/brsd/microros_ws/install/drive_base_msgs/include/drive_base_msgs
[4.244s] -- Up-to-date: /home/brsd/microros_ws/install/drive_base_msgs/include/drive_base_msgs/msg
[4.245s] -- Up-to-date: /home/brsd/microros_ws/install/drive_base_msgs/include/drive_base_msgs/msg/command_status.hpp
[4.245s] -- Up-to-date: /home/brsd/microros_ws/install/drive_base_msgs/include/drive_base_msgs/msg/base_info.hpp
[4.246s] -- Up-to-date: /home/brsd/microros_ws/install/drive_base_msgs/include/drive_base_msgs/msg/command_header.hpp
[4.246s] -- Up-to-date: /home/brsd/microros_ws/install/drive_base_msgs/include/drive_base_msgs/msg/trv_command.hpp
[4.246s] -- Up-to-date: /home/brsd/microros_ws/install/drive_base_msgs/include/drive_base_msgs/msg/rosidl_generator_cpp__visibility_control.hpp
[4.247s] -- Up-to-date: /home/brsd/microros_ws/install/drive_base_msgs/include/drive_base_msgs/msg/detail
[4.247s] -- Up-to-date: /home/brsd/microros_ws/install/drive_base_msgs/include/drive_base_msgs/msg/detail/command_status__builder.hpp
[4.248s] -- Up-to-date: /home/brsd/microros_ws/install/drive_base_msgs/include/drive_base_msgs/msg/detail/command_header__traits.hpp
[4.248s] -- Up-to-date: /home/brsd/microros_ws/install/drive_base_msgs/include/drive_base_msgs/msg/detail/command_status__struct.hpp
[4.249s] -- Up-to-date: /home/brsd/microros_ws/install/drive_base_msgs/include/drive_base_msgs/msg/detail/command_header__struct.hpp
[4.249s] -- Up-to-date: /home/brsd/microros_ws/install/drive_base_msgs/include/drive_base_msgs/msg/detail/command_status__type_support.hpp
[4.249s] -- Up-to-date: /home/brsd/microros_ws/install/drive_base_msgs/include/drive_base_msgs/msg/detail/base_info__type_support.hpp
[4.254s] -- Up-to-date: /home/brsd/microros_ws/install/drive_base_msgs/include/drive_base_msgs/msg/detail/base_info__traits.hpp
[4.255s] -- Up-to-date: /home/brsd/microros_ws/install/drive_base_msgs/include/drive_base_msgs/msg/detail/base_info__struct.hpp
[4.256s] -- Up-to-date: /home/brsd/microros_ws/install/drive_base_msgs/include/drive_base_msgs/msg/detail/command_header__type_support.hpp
[4.256s] -- Up-to-date: /home/brsd/microros_ws/install/drive_base_msgs/include/drive_base_msgs/msg/detail/trv_command__type_support.hpp
[4.256s] -- Up-to-date: /home/brsd/microros_ws/install/drive_base_msgs/include/drive_base_msgs/msg/detail/command_header__builder.hpp
[4.257s] -- Up-to-date: /home/brsd/microros_ws/install/drive_base_msgs/include/drive_base_msgs/msg/detail/trv_command__traits.hpp
[4.257s] -- Up-to-date: /home/brsd/microros_ws/install/drive_base_msgs/include/drive_base_msgs/msg/detail/trv_command__builder.hpp
[4.263s] -- Up-to-date: /home/brsd/microros_ws/install/drive_base_msgs/include/drive_base_msgs/msg/detail/trv_command__struct.hpp
[4.263s] -- Up-to-date: /home/brsd/microros_ws/install/drive_base_msgs/include/drive_base_msgs/msg/detail/base_info__builder.hpp
[4.273s] -- Up-to-date: /home/brsd/microros_ws/install/drive_base_msgs/include/drive_base_msgs/msg/detail/command_status__traits.hpp
[4.283s] -- Up-to-date: /home/brsd/microros_ws/install/drive_base_msgs/include/drive_base_msgs
[4.284s] -- Up-to-date: /home/brsd/microros_ws/install/drive_base_msgs/include/drive_base_msgs/msg
[4.284s] -- Up-to-date: /home/brsd/microros_ws/install/drive_base_msgs/include/drive_base_msgs/msg/detail
[4.284s] -- Up-to-date: /home/brsd/microros_ws/install/drive_base_msgs/include/drive_base_msgs/msg/detail/command_header__type_support.cpp
[4.285s] -- Up-to-date: /home/brsd/microros_ws/install/drive_base_msgs/include/drive_base_msgs/msg/detail/command_header__rosidl_typesupport_introspection_cpp.hpp
[4.285s] -- Up-to-date: /home/brsd/microros_ws/install/drive_base_msgs/include/drive_base_msgs/msg/detail/command_status__type_support.cpp
[4.286s] -- Up-to-date: /home/brsd/microros_ws/install/drive_base_msgs/include/drive_base_msgs/msg/detail/base_info__rosidl_typesupport_introspection_cpp.hpp
[4.286s] -- Up-to-date: /home/brsd/microros_ws/install/drive_base_msgs/include/drive_base_msgs/msg/detail/base_info__type_support.cpp
[4.287s] -- Up-to-date: /home/brsd/microros_ws/install/drive_base_msgs/include/drive_base_msgs/msg/detail/trv_command__type_support.cpp
[4.287s] -- Up-to-date: /home/brsd/microros_ws/install/drive_base_msgs/include/drive_base_msgs/msg/detail/trv_command__rosidl_typesupport_introspection_cpp.hpp
[4.288s] -- Up-to-date: /home/brsd/microros_ws/install/drive_base_msgs/include/drive_base_msgs/msg/detail/command_status__rosidl_typesupport_introspection_cpp.hpp
[4.297s] -- Up-to-date: /home/brsd/microros_ws/install/drive_base_msgs/lib/libdrive_base_msgs__rosidl_typesupport_introspection_cpp.so
[4.298s] -- Up-to-date: /home/brsd/microros_ws/install/drive_base_msgs/lib/libdrive_base_msgs__rosidl_typesupport_cpp.so
[4.298s] -- Up-to-date: /home/brsd/microros_ws/install/drive_base_msgs/share/drive_base_msgs/environment/pythonpath.sh
[4.299s] -- Up-to-date: /home/brsd/microros_ws/install/drive_base_msgs/share/drive_base_msgs/environment/pythonpath.dsv
[4.299s] -- Up-to-date: /home/brsd/microros_ws/install/drive_base_msgs/lib/python3.8/site-packages/drive_base_msgs/__init__.py
[4.590s] -- Up-to-date: /home/brsd/microros_ws/install/drive_base_msgs/lib/python3.8/site-packages/drive_base_msgs/msg
[4.591s] -- Up-to-date: /home/brsd/microros_ws/install/drive_base_msgs/lib/python3.8/site-packages/drive_base_msgs/msg/_command_status_s.c
[4.591s] -- Up-to-date: /home/brsd/microros_ws/install/drive_base_msgs/lib/python3.8/site-packages/drive_base_msgs/msg/__init__.py
[4.592s] -- Up-to-date: /home/brsd/microros_ws/install/drive_base_msgs/lib/python3.8/site-packages/drive_base_msgs/msg/_command_header_s.c
[4.593s] -- Up-to-date: /home/brsd/microros_ws/install/drive_base_msgs/lib/python3.8/site-packages/drive_base_msgs/msg/_trv_command_s.c
[4.593s] -- Up-to-date: /home/brsd/microros_ws/install/drive_base_msgs/lib/python3.8/site-packages/drive_base_msgs/msg/_base_info_s.c
[4.594s] -- Up-to-date: /home/brsd/microros_ws/install/drive_base_msgs/lib/python3.8/site-packages/drive_base_msgs/msg/_command_status.py
[4.594s] -- Up-to-date: /home/brsd/microros_ws/install/drive_base_msgs/lib/python3.8/site-packages/drive_base_msgs/msg/_base_info.py
[4.595s] -- Up-to-date: /home/brsd/microros_ws/install/drive_base_msgs/lib/python3.8/site-packages/drive_base_msgs/msg/_trv_command.py
[4.595s] -- Up-to-date: /home/brsd/microros_ws/install/drive_base_msgs/lib/python3.8/site-packages/drive_base_msgs/msg/_command_header.py
[4.596s] -- Up-to-date: /home/brsd/microros_ws/install/drive_base_msgs/lib/python3.8/site-packages/drive_base_msgs/drive_base_msgs_s__rosidl_typesupport_fastrtps_c.cpython-38-aarch64-linux-gnu.so
[4.598s] -- Up-to-date: /home/brsd/microros_ws/install/drive_base_msgs/lib/python3.8/site-packages/drive_base_msgs/drive_base_msgs_s__rosidl_typesupport_introspection_c.cpython-38-aarch64-linux-gnu.so
[4.602s] -- Up-to-date: /home/brsd/microros_ws/install/drive_base_msgs/lib/python3.8/site-packages/drive_base_msgs/drive_base_msgs_s__rosidl_typesupport_c.cpython-38-aarch64-linux-gnu.so
[4.606s] -- Up-to-date: /home/brsd/microros_ws/install/drive_base_msgs/lib/libdrive_base_msgs__python.so
[4.609s] -- Up-to-date: /home/brsd/microros_ws/install/drive_base_msgs/share/drive_base_msgs/msg/CommandHeader.idl
[4.610s] -- Up-to-date: /home/brsd/microros_ws/install/drive_base_msgs/share/drive_base_msgs/msg/BaseInfo.idl
[4.613s] -- Up-to-date: /home/brsd/microros_ws/install/drive_base_msgs/share/drive_base_msgs/msg/CommandStatus.idl
[4.614s] -- Up-to-date: /home/brsd/microros_ws/install/drive_base_msgs/share/drive_base_msgs/msg/TRVCommand.idl
[4.614s] -- Up-to-date: /home/brsd/microros_ws/install/drive_base_msgs/share/drive_base_msgs/msg/CommandHeader.msg
[4.615s] -- Up-to-date: /home/brsd/microros_ws/install/drive_base_msgs/share/drive_base_msgs/msg/BaseInfo.msg
[4.615s] -- Up-to-date: /home/brsd/microros_ws/install/drive_base_msgs/share/drive_base_msgs/msg/CommandStatus.msg
[4.616s] -- Up-to-date: /home/brsd/microros_ws/install/drive_base_msgs/share/drive_base_msgs/msg/TRVCommand.msg
[4.616s] -- Up-to-date: /home/brsd/microros_ws/install/drive_base_msgs/share/ament_index/resource_index/package_run_dependencies/drive_base_msgs
[4.619s] -- Up-to-date: /home/brsd/microros_ws/install/drive_base_msgs/share/ament_index/resource_index/parent_prefix_path/drive_base_msgs
[4.622s] -- Up-to-date: /home/brsd/microros_ws/install/drive_base_msgs/share/drive_base_msgs/environment/ament_prefix_path.sh
[4.622s] -- Up-to-date: /home/brsd/microros_ws/install/drive_base_msgs/share/drive_base_msgs/environment/ament_prefix_path.dsv
[4.634s] -- Up-to-date: /home/brsd/microros_ws/install/drive_base_msgs/share/drive_base_msgs/environment/path.sh
[4.635s] -- Up-to-date: /home/brsd/microros_ws/install/drive_base_msgs/share/drive_base_msgs/environment/path.dsv
[4.635s] -- Up-to-date: /home/brsd/microros_ws/install/drive_base_msgs/share/drive_base_msgs/local_setup.bash
[4.636s] -- Up-to-date: /home/brsd/microros_ws/install/drive_base_msgs/share/drive_base_msgs/local_setup.sh
[4.636s] -- Up-to-date: /home/brsd/microros_ws/install/drive_base_msgs/share/drive_base_msgs/local_setup.zsh
[4.637s] -- Up-to-date: /home/brsd/microros_ws/install/drive_base_msgs/share/drive_base_msgs/local_setup.dsv
[4.637s] -- Installing: /home/brsd/microros_ws/install/drive_base_msgs/share/drive_base_msgs/package.dsv
[4.641s] -- Up-to-date: /home/brsd/microros_ws/install/drive_base_msgs/share/ament_index/resource_index/packages/drive_base_msgs
[4.645s] -- Up-to-date: /home/brsd/microros_ws/install/drive_base_msgs/share/drive_base_msgs/cmake/drive_base_msgs__rosidl_generator_cExport.cmake
[4.646s] -- Up-to-date: /home/brsd/microros_ws/install/drive_base_msgs/share/drive_base_msgs/cmake/drive_base_msgs__rosidl_generator_cExport-noconfig.cmake
[4.652s] -- Up-to-date: /home/brsd/microros_ws/install/drive_base_msgs/share/drive_base_msgs/cmake/drive_base_msgs__rosidl_typesupport_introspection_cExport.cmake
[4.653s] -- Up-to-date: /home/brsd/microros_ws/install/drive_base_msgs/share/drive_base_msgs/cmake/drive_base_msgs__rosidl_typesupport_introspection_cExport-noconfig.cmake
[4.660s] -- Up-to-date: /home/brsd/microros_ws/install/drive_base_msgs/share/drive_base_msgs/cmake/drive_base_msgs__rosidl_typesupport_cExport.cmake
[4.664s] -- Up-to-date: /home/brsd/microros_ws/install/drive_base_msgs/share/drive_base_msgs/cmake/drive_base_msgs__rosidl_typesupport_cExport-noconfig.cmake
[4.666s] -- Up-to-date: /home/brsd/microros_ws/install/drive_base_msgs/share/drive_base_msgs/cmake/drive_base_msgs__rosidl_generator_cppExport.cmake
[4.669s] -- Up-to-date: /home/brsd/microros_ws/install/drive_base_msgs/share/drive_base_msgs/cmake/drive_base_msgs__rosidl_typesupport_introspection_cppExport.cmake
[4.669s] -- Up-to-date: /home/brsd/microros_ws/install/drive_base_msgs/share/drive_base_msgs/cmake/drive_base_msgs__rosidl_typesupport_introspection_cppExport-noconfig.cmake
[4.672s] -- Up-to-date: /home/brsd/microros_ws/install/drive_base_msgs/share/drive_base_msgs/cmake/drive_base_msgs__rosidl_typesupport_cppExport.cmake
[4.673s] -- Up-to-date: /home/brsd/microros_ws/install/drive_base_msgs/share/drive_base_msgs/cmake/drive_base_msgs__rosidl_typesupport_cppExport-noconfig.cmake
[4.674s] -- Up-to-date: /home/brsd/microros_ws/install/drive_base_msgs/share/drive_base_msgs/cmake/rosidl_cmake-extras.cmake
[4.674s] -- Up-to-date: /home/brsd/microros_ws/install/drive_base_msgs/share/drive_base_msgs/cmake/ament_cmake_export_dependencies-extras.cmake
[4.675s] -- Up-to-date: /home/brsd/microros_ws/install/drive_base_msgs/share/drive_base_msgs/cmake/ament_cmake_export_libraries-extras.cmake
[4.676s] -- Up-to-date: /home/brsd/microros_ws/install/drive_base_msgs/share/drive_base_msgs/cmake/ament_cmake_export_targets-extras.cmake
[4.677s] -- Up-to-date: /home/brsd/microros_ws/install/drive_base_msgs/share/drive_base_msgs/cmake/ament_cmake_export_include_directories-extras.cmake
[4.677s] -- Up-to-date: /home/brsd/microros_ws/install/drive_base_msgs/share/drive_base_msgs/cmake/rosidl_cmake_export_typesupport_libraries-extras.cmake
[4.681s] -- Up-to-date: /home/brsd/microros_ws/install/drive_base_msgs/share/drive_base_msgs/cmake/rosidl_cmake_export_typesupport_targets-extras.cmake
[4.681s] -- Up-to-date: /home/brsd/microros_ws/install/drive_base_msgs/share/drive_base_msgs/cmake/drive_base_msgsConfig.cmake
[4.682s] -- Up-to-date: /home/brsd/microros_ws/install/drive_base_msgs/share/drive_base_msgs/cmake/drive_base_msgsConfig-version.cmake
[4.683s] -- Up-to-date: /home/brsd/microros_ws/install/drive_base_msgs/share/drive_base_msgs/package.xml
[6.316s] Invoked command in '/home/brsd/microros_ws/build/drive_base_msgs' returned '0': CMAKE_PREFIX_PATH=${CMAKE_PREFIX_PATH}:/home/brsd/microros_ws/install/person_detection:/home/brsd/microros_ws/install/pathfinding:/home/brsd/microros_ws/install/object_detection_pkg:/home/brsd/microros_ws/install/joystick_input:/home/brsd/microros_ws/install/jetson_comm:/home/brsd/microros_ws/install/fsm:/opt/ros/foxy /usr/bin/cmake --install /home/brsd/microros_ws/build/drive_base_msgs
