[8.207s] Invoking command in '/home/brsd/microros_ws/src/pathfinding': PYTHONPATH=/home/brsd/microros_ws/build/pathfinding/prefix_override:/usr/lib/python3/dist-packages/colcon_core/task/python/colcon_distutils_commands:/home/brsd/microros_ws/install/pathfinding/lib/python3.8/site-packages:${PYTHONPATH} /usr/bin/python3 -W ignore:setup.py install is deprecated setup.py egg_info --egg-base ../../build/pathfinding build --build-base /home/brsd/microros_ws/build/pathfinding/build install --record /home/brsd/microros_ws/build/pathfinding/install.log --install-scripts $base/lib/pathfinding --single-version-externally-managed install_data
[10.652s] running egg_info
[10.654s] writing ../../build/pathfinding/pathfinding.egg-info/PKG-INFO
[10.662s] writing dependency_links to ../../build/pathfinding/pathfinding.egg-info/dependency_links.txt
[10.665s] writing entry points to ../../build/pathfinding/pathfinding.egg-info/entry_points.txt
[10.669s] writing requirements to ../../build/pathfinding/pathfinding.egg-info/requires.txt
[10.670s] writing top-level names to ../../build/pathfinding/pathfinding.egg-info/top_level.txt
[11.182s] reading manifest file '../../build/pathfinding/pathfinding.egg-info/SOURCES.txt'
[11.200s] writing manifest file '../../build/pathfinding/pathfinding.egg-info/SOURCES.txt'
[11.203s] running build
[11.205s] running build_py
[11.214s] copying pathfinding/image_display.py -> /home/brsd/microros_ws/build/pathfinding/build/lib/pathfinding
[11.226s] running install
[11.231s] running install_lib
[11.248s] copying /home/brsd/microros_ws/build/pathfinding/build/lib/pathfinding/image_display.py -> /home/brsd/microros_ws/install/pathfinding/lib/python3.8/site-packages/pathfinding
[11.261s] byte-compiling /home/brsd/microros_ws/install/pathfinding/lib/python3.8/site-packages/pathfinding/image_display.py to image_display.cpython-38.pyc
[11.279s] running install_data
[11.287s] running install_egg_info
[11.302s] removing '/home/brsd/microros_ws/install/pathfinding/lib/python3.8/site-packages/pathfinding-0.0.0-py3.8.egg-info' (and everything under it)
[11.318s] Copying ../../build/pathfinding/pathfinding.egg-info to /home/brsd/microros_ws/install/pathfinding/lib/python3.8/site-packages/pathfinding-0.0.0-py3.8.egg-info
[11.340s] running install_scripts
[11.527s] Installing image_display_node script to /home/brsd/microros_ws/install/pathfinding/lib/pathfinding
[11.529s] Installing pathfinding_node script to /home/brsd/microros_ws/install/pathfinding/lib/pathfinding
[11.545s] writing list of installed files to '/home/brsd/microros_ws/build/pathfinding/install.log'
[11.754s] Invoked command in '/home/brsd/microros_ws/src/pathfinding' returned '0': PYTHONPATH=/home/brsd/microros_ws/build/pathfinding/prefix_override:/usr/lib/python3/dist-packages/colcon_core/task/python/colcon_distutils_commands:/home/brsd/microros_ws/install/pathfinding/lib/python3.8/site-packages:${PYTHONPATH} /usr/bin/python3 -W ignore:setup.py install is deprecated setup.py egg_info --egg-base ../../build/pathfinding build --build-base /home/brsd/microros_ws/build/pathfinding/build install --record /home/brsd/microros_ws/build/pathfinding/install.log --install-scripts $base/lib/pathfinding --single-version-externally-managed install_data
