[3.121s] Invoking command in '/home/brsd/microros_ws/build/micro_ros_setup': CMAKE_PREFIX_PATH=${CMAKE_PREFIX_PATH}:/home/brsd/microros_ws/install/person_detection:/home/brsd/microros_ws/install/pathfinding:/home/brsd/microros_ws/install/object_detection_pkg:/home/brsd/microros_ws/install/joystick_input:/home/brsd/microros_ws/install/jetson_comm:/home/brsd/microros_ws/install/fsm:/opt/ros/foxy /usr/bin/cmake --build /home/brsd/microros_ws/build/micro_ros_setup -- -j4 -l4
[3.844s] Invoked command in '/home/brsd/microros_ws/build/micro_ros_setup' returned '0': CMAKE_PREFIX_PATH=${CMAKE_PREFIX_PATH}:/home/brsd/microros_ws/install/person_detection:/home/brsd/microros_ws/install/pathfinding:/home/brsd/microros_ws/install/object_detection_pkg:/home/brsd/microros_ws/install/joystick_input:/home/brsd/microros_ws/install/jetson_comm:/home/brsd/microros_ws/install/fsm:/opt/ros/foxy /usr/bin/cmake --build /home/brsd/microros_ws/build/micro_ros_setup -- -j4 -l4
[6.510s] Invoking command in '/home/brsd/microros_ws/build/micro_ros_setup': CMAKE_PREFIX_PATH=${CMAKE_PREFIX_PATH}:/home/brsd/microros_ws/install/person_detection:/home/brsd/microros_ws/install/pathfinding:/home/brsd/microros_ws/install/object_detection_pkg:/home/brsd/microros_ws/install/joystick_input:/home/brsd/microros_ws/install/jetson_comm:/home/brsd/microros_ws/install/fsm:/opt/ros/foxy /usr/bin/cmake --install /home/brsd/microros_ws/build/micro_ros_setup
[6.616s] -- Install configuration: ""
[6.617s] -- Up-to-date: /home/brsd/microros_ws/install/micro_ros_setup/share/ament_index/resource_index/package_run_dependencies/micro_ros_setup
[6.628s] -- Up-to-date: /home/brsd/microros_ws/install/micro_ros_setup/share/ament_index/resource_index/parent_prefix_path/micro_ros_setup
[6.630s] -- Up-to-date: /home/brsd/microros_ws/install/micro_ros_setup/share/micro_ros_setup/environment/ament_prefix_path.sh
[6.632s] -- Up-to-date: /home/brsd/microros_ws/install/micro_ros_setup/share/micro_ros_setup/environment/ament_prefix_path.dsv
[6.634s] -- Up-to-date: /home/brsd/microros_ws/install/micro_ros_setup/share/micro_ros_setup/environment/path.sh
[6.636s] -- Up-to-date: /home/brsd/microros_ws/install/micro_ros_setup/share/micro_ros_setup/environment/path.dsv
[6.638s] -- Up-to-date: /home/brsd/microros_ws/install/micro_ros_setup/share/micro_ros_setup/local_setup.bash
[6.638s] -- Up-to-date: /home/brsd/microros_ws/install/micro_ros_setup/share/micro_ros_setup/local_setup.sh
[6.639s] -- Up-to-date: /home/brsd/microros_ws/install/micro_ros_setup/share/micro_ros_setup/local_setup.zsh
[6.639s] -- Up-to-date: /home/brsd/microros_ws/install/micro_ros_setup/share/micro_ros_setup/local_setup.dsv
[6.640s] -- Installing: /home/brsd/microros_ws/install/micro_ros_setup/share/micro_ros_setup/package.dsv
[6.642s] -- Up-to-date: /home/brsd/microros_ws/install/micro_ros_setup/share/ament_index/resource_index/packages/micro_ros_setup
[6.643s] -- Up-to-date: /home/brsd/microros_ws/install/micro_ros_setup/share/micro_ros_setup/cmake/micro_ros_setupConfig.cmake
[6.643s] -- Up-to-date: /home/brsd/microros_ws/install/micro_ros_setup/share/micro_ros_setup/cmake/micro_ros_setupConfig-version.cmake
[6.645s] -- Up-to-date: /home/brsd/microros_ws/install/micro_ros_setup/share/micro_ros_setup/package.xml
[6.649s] -- Up-to-date: /home/brsd/microros_ws/install/micro_ros_setup/./config
[6.665s] -- Up-to-date: /home/brsd/microros_ws/install/micro_ros_setup/./config/client_ros2_packages.txt
[6.667s] -- Up-to-date: /home/brsd/microros_ws/install/micro_ros_setup/./config/raspbian
[6.668s] -- Up-to-date: /home/brsd/microros_ws/install/micro_ros_setup/./config/raspbian/generic
[6.668s] -- Up-to-date: /home/brsd/microros_ws/install/micro_ros_setup/./config/raspbian/generic/build.sh
[6.669s] -- Up-to-date: /home/brsd/microros_ws/install/micro_ros_setup/./config/raspbian/generic/configure.sh
[6.670s] -- Up-to-date: /home/brsd/microros_ws/install/micro_ros_setup/./config/raspbian/generic/client_uros_packages.repos
[6.671s] -- Up-to-date: /home/brsd/microros_ws/install/micro_ros_setup/./config/raspbian/generic/create.sh
[6.671s] -- Up-to-date: /home/brsd/microros_ws/install/micro_ros_setup/./config/raspbian/generic/flash.sh
[6.672s] -- Up-to-date: /home/brsd/microros_ws/install/micro_ros_setup/./config/raspbian/generic/client-colcon.meta
[6.673s] -- Up-to-date: /home/brsd/microros_ws/install/micro_ros_setup/./config/raspbian/generic/supported_platforms
[6.677s] -- Up-to-date: /home/brsd/microros_ws/install/micro_ros_setup/./config/raspbian/dev_uros_packages.repos
[6.677s] -- Up-to-date: /home/brsd/microros_ws/install/micro_ros_setup/./config/raspbian/dev_ros2_packages.txt
[6.678s] -- Up-to-date: /home/brsd/microros_ws/install/micro_ros_setup/./config/client_uros_packages.repos
[6.678s] -- Up-to-date: /home/brsd/microros_ws/install/micro_ros_setup/./config/zephyr
[6.679s] -- Up-to-date: /home/brsd/microros_ws/install/micro_ros_setup/./config/zephyr/list_apps.sh
[6.679s] -- Up-to-date: /home/brsd/microros_ws/install/micro_ros_setup/./config/zephyr/generic
[6.680s] -- Up-to-date: /home/brsd/microros_ws/install/micro_ros_setup/./config/zephyr/generic/build.sh
[6.680s] -- Up-to-date: /home/brsd/microros_ws/install/micro_ros_setup/./config/zephyr/generic/configure.sh
[6.681s] -- Up-to-date: /home/brsd/microros_ws/install/micro_ros_setup/./config/zephyr/generic/client_uros_packages.repos
[6.685s] -- Up-to-date: /home/brsd/microros_ws/install/micro_ros_setup/./config/zephyr/generic/package.xml
[6.688s] -- Up-to-date: /home/brsd/microros_ws/install/micro_ros_setup/./config/zephyr/generic/create.sh
[6.691s] -- Up-to-date: /home/brsd/microros_ws/install/micro_ros_setup/./config/zephyr/generic/flash.sh
[6.692s] -- Up-to-date: /home/brsd/microros_ws/install/micro_ros_setup/./config/zephyr/generic/board.repos
[6.693s] -- Up-to-date: /home/brsd/microros_ws/install/micro_ros_setup/./config/zephyr/generic/client-colcon.meta
[6.694s] -- Up-to-date: /home/brsd/microros_ws/install/micro_ros_setup/./config/zephyr/generic/reset.sh
[6.694s] -- Up-to-date: /home/brsd/microros_ws/install/micro_ros_setup/./config/zephyr/generic/supported_platforms
[6.695s] -- Up-to-date: /home/brsd/microros_ws/install/micro_ros_setup/./config/zephyr/dev_uros_packages.repos
[6.695s] -- Up-to-date: /home/brsd/microros_ws/install/micro_ros_setup/./config/zephyr/dev_ros2_packages.txt
[6.696s] -- Up-to-date: /home/brsd/microros_ws/install/micro_ros_setup/./config/renesas_ra
[6.696s] -- Up-to-date: /home/brsd/microros_ws/install/micro_ros_setup/./config/renesas_ra/list_apps.sh
[6.697s] -- Up-to-date: /home/brsd/microros_ws/install/micro_ros_setup/./config/renesas_ra/ra6m5
[6.697s] -- Up-to-date: /home/brsd/microros_ws/install/micro_ros_setup/./config/renesas_ra/ra6m5/build.sh
[6.697s] -- Up-to-date: /home/brsd/microros_ws/install/micro_ros_setup/./config/renesas_ra/ra6m5/configure.sh
[6.698s] -- Up-to-date: /home/brsd/microros_ws/install/micro_ros_setup/./config/renesas_ra/ra6m5/client_uros_packages.repos
[6.704s] -- Up-to-date: /home/brsd/microros_ws/install/micro_ros_setup/./config/renesas_ra/ra6m5/create.sh
[6.705s] -- Up-to-date: /home/brsd/microros_ws/install/micro_ros_setup/./config/renesas_ra/ra6m5/flash.sh
[6.705s] -- Up-to-date: /home/brsd/microros_ws/install/micro_ros_setup/./config/renesas_ra/ra6m5/board.repos
[6.706s] -- Up-to-date: /home/brsd/microros_ws/install/micro_ros_setup/./config/renesas_ra/ra6m5/client-colcon.meta
[6.708s] -- Up-to-date: /home/brsd/microros_ws/install/micro_ros_setup/./config/renesas_ra/dev_uros_packages.repos
[6.708s] -- Up-to-date: /home/brsd/microros_ws/install/micro_ros_setup/./config/renesas_ra/dev_ros2_packages.txt
[6.709s] -- Up-to-date: /home/brsd/microros_ws/install/micro_ros_setup/./config/freertos
[6.709s] -- Up-to-date: /home/brsd/microros_ws/install/micro_ros_setup/./config/freertos/list_apps.sh
[6.710s] -- Up-to-date: /home/brsd/microros_ws/install/micro_ros_setup/./config/freertos/dev_uros_packages.repos
[6.710s] -- Up-to-date: /home/brsd/microros_ws/install/micro_ros_setup/./config/freertos/nucleo_f746zg
[6.711s] -- Up-to-date: /home/brsd/microros_ws/install/micro_ros_setup/./config/freertos/nucleo_f746zg/build.sh
[6.711s] -- Up-to-date: /home/brsd/microros_ws/install/micro_ros_setup/./config/freertos/nucleo_f746zg/configure.sh
[6.711s] -- Up-to-date: /home/brsd/microros_ws/install/micro_ros_setup/./config/freertos/nucleo_f746zg/client_uros_packages.repos
[6.712s] -- Up-to-date: /home/brsd/microros_ws/install/micro_ros_setup/./config/freertos/nucleo_f746zg/package.xml
[6.712s] -- Up-to-date: /home/brsd/microros_ws/install/micro_ros_setup/./config/freertos/nucleo_f746zg/create.sh
[6.713s] -- Up-to-date: /home/brsd/microros_ws/install/micro_ros_setup/./config/freertos/nucleo_f746zg/flash.sh
[6.713s] -- Up-to-date: /home/brsd/microros_ws/install/micro_ros_setup/./config/freertos/nucleo_f746zg/board.repos
[6.714s] -- Up-to-date: /home/brsd/microros_ws/install/micro_ros_setup/./config/freertos/nucleo_f746zg/client-colcon.meta
[6.718s] -- Up-to-date: /home/brsd/microros_ws/install/micro_ros_setup/./config/freertos/nucleo_f746zg/reset.sh
[6.719s] -- Up-to-date: /home/brsd/microros_ws/install/micro_ros_setup/./config/freertos/crazyflie21
[6.719s] -- Up-to-date: /home/brsd/microros_ws/install/micro_ros_setup/./config/freertos/crazyflie21/build.sh
[6.720s] -- Up-to-date: /home/brsd/microros_ws/install/micro_ros_setup/./config/freertos/crazyflie21/configure.sh
[6.739s] -- Up-to-date: /home/brsd/microros_ws/install/micro_ros_setup/./config/freertos/crazyflie21/client_uros_packages.repos
[6.739s] -- Up-to-date: /home/brsd/microros_ws/install/micro_ros_setup/./config/freertos/crazyflie21/package.xml
[6.740s] -- Up-to-date: /home/brsd/microros_ws/install/micro_ros_setup/./config/freertos/crazyflie21/create.sh
[6.741s] -- Up-to-date: /home/brsd/microros_ws/install/micro_ros_setup/./config/freertos/crazyflie21/flash.sh
[6.741s] -- Up-to-date: /home/brsd/microros_ws/install/micro_ros_setup/./config/freertos/crazyflie21/board.repos
[6.742s] -- Up-to-date: /home/brsd/microros_ws/install/micro_ros_setup/./config/freertos/crazyflie21/client-colcon.meta
[6.742s] -- Up-to-date: /home/brsd/microros_ws/install/micro_ros_setup/./config/freertos/nucleo_f446re
[6.743s] -- Up-to-date: /home/brsd/microros_ws/install/micro_ros_setup/./config/freertos/nucleo_f446re/build.sh
[6.743s] -- Up-to-date: /home/brsd/microros_ws/install/micro_ros_setup/./config/freertos/nucleo_f446re/configure.sh
[6.744s] -- Up-to-date: /home/brsd/microros_ws/install/micro_ros_setup/./config/freertos/nucleo_f446re/client_uros_packages.repos
[6.745s] -- Up-to-date: /home/brsd/microros_ws/install/micro_ros_setup/./config/freertos/nucleo_f446re/package.xml
[6.745s] -- Up-to-date: /home/brsd/microros_ws/install/micro_ros_setup/./config/freertos/nucleo_f446re/create.sh
[6.746s] -- Up-to-date: /home/brsd/microros_ws/install/micro_ros_setup/./config/freertos/nucleo_f446re/flash.sh
[6.755s] -- Up-to-date: /home/brsd/microros_ws/install/micro_ros_setup/./config/freertos/nucleo_f446re/board.repos
[6.756s] -- Up-to-date: /home/brsd/microros_ws/install/micro_ros_setup/./config/freertos/nucleo_f446re/client-colcon.meta
[6.757s] -- Up-to-date: /home/brsd/microros_ws/install/micro_ros_setup/./config/freertos/nucleo_f446re/reset.sh
[6.757s] -- Up-to-date: /home/brsd/microros_ws/install/micro_ros_setup/./config/freertos/esp32
[6.758s] -- Up-to-date: /home/brsd/microros_ws/install/micro_ros_setup/./config/freertos/esp32/README.md
[6.758s] -- Up-to-date: /home/brsd/microros_ws/install/micro_ros_setup/./config/freertos/esp32/build.sh
[6.759s] -- Up-to-date: /home/brsd/microros_ws/install/micro_ros_setup/./config/freertos/esp32/configure.sh
[6.759s] -- Up-to-date: /home/brsd/microros_ws/install/micro_ros_setup/./config/freertos/esp32/client_uros_packages.repos
[6.760s] -- Up-to-date: /home/brsd/microros_ws/install/micro_ros_setup/./config/freertos/esp32/package.xml
[6.760s] -- Up-to-date: /home/brsd/microros_ws/install/micro_ros_setup/./config/freertos/esp32/create.sh
[6.761s] -- Up-to-date: /home/brsd/microros_ws/install/micro_ros_setup/./config/freertos/esp32/flash.sh
[6.761s] -- Up-to-date: /home/brsd/microros_ws/install/micro_ros_setup/./config/freertos/esp32/board.repos
[6.761s] -- Up-to-date: /home/brsd/microros_ws/install/micro_ros_setup/./config/freertos/esp32/client-colcon.meta
[6.762s] -- Up-to-date: /home/brsd/microros_ws/install/micro_ros_setup/./config/freertos/nucleo_f767zi
[6.775s] -- Up-to-date: /home/brsd/microros_ws/install/micro_ros_setup/./config/freertos/nucleo_f767zi/build.sh
[6.776s] -- Up-to-date: /home/brsd/microros_ws/install/micro_ros_setup/./config/freertos/nucleo_f767zi/configure.sh
[6.777s] -- Up-to-date: /home/brsd/microros_ws/install/micro_ros_setup/./config/freertos/nucleo_f767zi/client_uros_packages.repos
[6.777s] -- Up-to-date: /home/brsd/microros_ws/install/micro_ros_setup/./config/freertos/nucleo_f767zi/package.xml
[6.777s] -- Up-to-date: /home/brsd/microros_ws/install/micro_ros_setup/./config/freertos/nucleo_f767zi/create.sh
[6.778s] -- Up-to-date: /home/brsd/microros_ws/install/micro_ros_setup/./config/freertos/nucleo_f767zi/flash.sh
[6.778s] -- Up-to-date: /home/brsd/microros_ws/install/micro_ros_setup/./config/freertos/nucleo_f767zi/board.repos
[6.779s] -- Up-to-date: /home/brsd/microros_ws/install/micro_ros_setup/./config/freertos/nucleo_f767zi/client-colcon.meta
[6.779s] -- Up-to-date: /home/brsd/microros_ws/install/micro_ros_setup/./config/freertos/nucleo_f767zi/reset.sh
[6.780s] -- Up-to-date: /home/brsd/microros_ws/install/micro_ros_setup/./config/freertos/olimex-stm32-e407
[6.780s] -- Up-to-date: /home/brsd/microros_ws/install/micro_ros_setup/./config/freertos/olimex-stm32-e407/build.sh
[6.780s] -- Up-to-date: /home/brsd/microros_ws/install/micro_ros_setup/./config/freertos/olimex-stm32-e407/configure.sh
[6.781s] -- Up-to-date: /home/brsd/microros_ws/install/micro_ros_setup/./config/freertos/olimex-stm32-e407/client_uros_packages.repos
[6.792s] -- Up-to-date: /home/brsd/microros_ws/install/micro_ros_setup/./config/freertos/olimex-stm32-e407/package.xml
[6.793s] -- Up-to-date: /home/brsd/microros_ws/install/micro_ros_setup/./config/freertos/olimex-stm32-e407/create.sh
[6.793s] -- Up-to-date: /home/brsd/microros_ws/install/micro_ros_setup/./config/freertos/olimex-stm32-e407/flash.sh
[6.794s] -- Up-to-date: /home/brsd/microros_ws/install/micro_ros_setup/./config/freertos/olimex-stm32-e407/board.repos
[6.795s] -- Up-to-date: /home/brsd/microros_ws/install/micro_ros_setup/./config/freertos/olimex-stm32-e407/client-colcon.meta
[6.795s] -- Up-to-date: /home/brsd/microros_ws/install/micro_ros_setup/./config/freertos/olimex-stm32-e407/reset.sh
[6.795s] -- Up-to-date: /home/brsd/microros_ws/install/micro_ros_setup/./config/freertos/nucleo_f446ze
[6.796s] -- Up-to-date: /home/brsd/microros_ws/install/micro_ros_setup/./config/freertos/nucleo_f446ze/build.sh
[6.797s] -- Up-to-date: /home/brsd/microros_ws/install/micro_ros_setup/./config/freertos/nucleo_f446ze/configure.sh
[6.797s] -- Up-to-date: /home/brsd/microros_ws/install/micro_ros_setup/./config/freertos/nucleo_f446ze/client_uros_packages.repos
[6.798s] -- Up-to-date: /home/brsd/microros_ws/install/micro_ros_setup/./config/freertos/nucleo_f446ze/package.xml
[6.800s] -- Up-to-date: /home/brsd/microros_ws/install/micro_ros_setup/./config/freertos/nucleo_f446ze/create.sh
[6.800s] -- Up-to-date: /home/brsd/microros_ws/install/micro_ros_setup/./config/freertos/nucleo_f446ze/flash.sh
[6.806s] -- Up-to-date: /home/brsd/microros_ws/install/micro_ros_setup/./config/freertos/nucleo_f446ze/board.repos
[6.807s] -- Up-to-date: /home/brsd/microros_ws/install/micro_ros_setup/./config/freertos/nucleo_f446ze/client-colcon.meta
[6.807s] -- Up-to-date: /home/brsd/microros_ws/install/micro_ros_setup/./config/freertos/nucleo_f446ze/reset.sh
[6.808s] -- Up-to-date: /home/brsd/microros_ws/install/micro_ros_setup/./config/freertos/dev_ros2_packages.txt
[6.808s] -- Up-to-date: /home/brsd/microros_ws/install/micro_ros_setup/./config/agent_ros2_packages.txt
[6.809s] -- Up-to-date: /home/brsd/microros_ws/install/micro_ros_setup/./config/utils.sh
[6.809s] -- Up-to-date: /home/brsd/microros_ws/install/micro_ros_setup/./config/nuttx
[6.810s] -- Up-to-date: /home/brsd/microros_ws/install/micro_ros_setup/./config/nuttx/generic
[6.810s] -- Up-to-date: /home/brsd/microros_ws/install/micro_ros_setup/./config/nuttx/generic/build.sh
[6.811s] -- Up-to-date: /home/brsd/microros_ws/install/micro_ros_setup/./config/nuttx/generic/configure.sh
[6.811s] -- Up-to-date: /home/brsd/microros_ws/install/micro_ros_setup/./config/nuttx/generic/client_uros_packages.repos
[6.812s] -- Up-to-date: /home/brsd/microros_ws/install/micro_ros_setup/./config/nuttx/generic/package.xml
[6.812s] -- Up-to-date: /home/brsd/microros_ws/install/micro_ros_setup/./config/nuttx/generic/create.sh
[6.812s] -- Up-to-date: /home/brsd/microros_ws/install/micro_ros_setup/./config/nuttx/generic/flash.sh
[6.813s] -- Up-to-date: /home/brsd/microros_ws/install/micro_ros_setup/./config/nuttx/generic/uros_packages.repos
[6.813s] -- Up-to-date: /home/brsd/microros_ws/install/micro_ros_setup/./config/nuttx/generic/client-colcon.meta
[6.814s] -- Up-to-date: /home/brsd/microros_ws/install/micro_ros_setup/./config/nuttx/generic/reset.sh
[6.814s] -- Up-to-date: /home/brsd/microros_ws/install/micro_ros_setup/./config/nuttx/generic/supported_platforms
[6.815s] -- Up-to-date: /home/brsd/microros_ws/install/micro_ros_setup/./config/nuttx/dev_uros_packages.repos
[6.828s] -- Up-to-date: /home/brsd/microros_ws/install/micro_ros_setup/./config/nuttx/dev_ros2_packages.txt
[6.830s] -- Up-to-date: /home/brsd/microros_ws/install/micro_ros_setup/./config/generate_lib
[6.830s] -- Up-to-date: /home/brsd/microros_ws/install/micro_ros_setup/./config/generate_lib/generic
[6.831s] -- Up-to-date: /home/brsd/microros_ws/install/micro_ros_setup/./config/generate_lib/generic/build.sh
[6.831s] -- Up-to-date: /home/brsd/microros_ws/install/micro_ros_setup/./config/generate_lib/generic/client_uros_packages.repos
[6.834s] -- Up-to-date: /home/brsd/microros_ws/install/micro_ros_setup/./config/generate_lib/generic/package.xml
[6.835s] -- Up-to-date: /home/brsd/microros_ws/install/micro_ros_setup/./config/generate_lib/generic/create.sh
[6.835s] -- Up-to-date: /home/brsd/microros_ws/install/micro_ros_setup/./config/generate_lib/generic/flash.sh
[6.836s] -- Up-to-date: /home/brsd/microros_ws/install/micro_ros_setup/./config/generate_lib/generic/demo_toolchain.cmake
[6.840s] -- Up-to-date: /home/brsd/microros_ws/install/micro_ros_setup/./config/generate_lib/generic/client-colcon.meta
[6.841s] -- Up-to-date: /home/brsd/microros_ws/install/micro_ros_setup/./config/generate_lib/dev_uros_packages.repos
[6.842s] -- Up-to-date: /home/brsd/microros_ws/install/micro_ros_setup/./config/generate_lib/dev_ros2_packages.txt
[6.842s] -- Up-to-date: /home/brsd/microros_ws/install/micro_ros_setup/./config/agent_uros_packages.repos
[6.843s] -- Up-to-date: /home/brsd/microros_ws/install/micro_ros_setup/./config/host
[6.843s] -- Up-to-date: /home/brsd/microros_ws/install/micro_ros_setup/./config/host/client_ros2_packages.txt
[6.844s] -- Up-to-date: /home/brsd/microros_ws/install/micro_ros_setup/./config/host/generic
[6.844s] -- Up-to-date: /home/brsd/microros_ws/install/micro_ros_setup/./config/host/generic/build.sh
[6.845s] -- Up-to-date: /home/brsd/microros_ws/install/micro_ros_setup/./config/host/generic/package.xml
[6.845s] -- Up-to-date: /home/brsd/microros_ws/install/micro_ros_setup/./config/host/generic/create.sh
[6.846s] -- Up-to-date: /home/brsd/microros_ws/install/micro_ros_setup/./config/host/generic/flash.sh
[6.846s] -- Up-to-date: /home/brsd/microros_ws/install/micro_ros_setup/./config/host/generic/client-host-colcon.meta
[6.858s] -- Up-to-date: /home/brsd/microros_ws/install/micro_ros_setup/./config/host/generic/reset.sh
[6.858s] -- Up-to-date: /home/brsd/microros_ws/install/micro_ros_setup/./config/host/generic/client_host_packages.repos
[6.859s] -- Up-to-date: /home/brsd/microros_ws/install/micro_ros_setup/./config/host/dev_uros_packages.repos
[6.859s] -- Up-to-date: /home/brsd/microros_ws/install/micro_ros_setup/./config/host/dev_ros2_packages.txt
[6.860s] -- Up-to-date: /home/brsd/microros_ws/install/micro_ros_setup/lib/micro_ros_setup/create_ws.sh
[6.874s] -- Up-to-date: /home/brsd/microros_ws/install/micro_ros_setup/lib/micro_ros_setup/create_agent_ws.sh
[6.875s] -- Up-to-date: /home/brsd/microros_ws/install/micro_ros_setup/lib/micro_ros_setup/create_firmware_ws.sh
[6.875s] -- Up-to-date: /home/brsd/microros_ws/install/micro_ros_setup/lib/micro_ros_setup/configure_firmware.sh
[6.876s] -- Up-to-date: /home/brsd/microros_ws/install/micro_ros_setup/lib/micro_ros_setup/flash_firmware.sh
[6.877s] -- Up-to-date: /home/brsd/microros_ws/install/micro_ros_setup/lib/micro_ros_setup/reset_firmware.sh
[6.877s] -- Up-to-date: /home/brsd/microros_ws/install/micro_ros_setup/lib/micro_ros_setup/build_firmware.sh
[6.878s] -- Up-to-date: /home/brsd/microros_ws/install/micro_ros_setup/lib/micro_ros_setup/build_agent.sh
[6.878s] -- Up-to-date: /home/brsd/microros_ws/install/micro_ros_setup/lib/micro_ros_setup/yaml_filter.py
[6.878s] -- Up-to-date: /home/brsd/microros_ws/install/micro_ros_setup/lib/micro_ros_setup/clean_env.sh
[6.879s] Invoked command in '/home/brsd/microros_ws/build/micro_ros_setup' returned '0': CMAKE_PREFIX_PATH=${CMAKE_PREFIX_PATH}:/home/brsd/microros_ws/install/person_detection:/home/brsd/microros_ws/install/pathfinding:/home/brsd/microros_ws/install/object_detection_pkg:/home/brsd/microros_ws/install/joystick_input:/home/brsd/microros_ws/install/jetson_comm:/home/brsd/microros_ws/install/fsm:/opt/ros/foxy /usr/bin/cmake --install /home/brsd/microros_ws/build/micro_ros_setup
