[5.656s] Invoking command in '/home/brsd/microros_ws/src/pathfinding': PYTHONPATH=/home/brsd/microros_ws/build/pathfinding/prefix_override:/usr/lib/python3/dist-packages/colcon_core/task/python/colcon_distutils_commands:/home/brsd/microros_ws/install/pathfinding/lib/python3.8/site-packages:${PYTHONPATH} /usr/bin/python3 -W ignore:setup.py install is deprecated setup.py egg_info --egg-base ../../build/pathfinding build --build-base /home/brsd/microros_ws/build/pathfinding/build install --record /home/brsd/microros_ws/build/pathfinding/install.log --install-scripts $base/lib/pathfinding --single-version-externally-managed install_data
[6.983s] running egg_info
[6.986s] writing ../../build/pathfinding/pathfinding.egg-info/PKG-INFO
[6.988s] writing dependency_links to ../../build/pathfinding/pathfinding.egg-info/dependency_links.txt
[6.988s] writing entry points to ../../build/pathfinding/pathfinding.egg-info/entry_points.txt
[6.989s] writing requirements to ../../build/pathfinding/pathfinding.egg-info/requires.txt
[6.989s] writing top-level names to ../../build/pathfinding/pathfinding.egg-info/top_level.txt
[7.178s] reading manifest file '../../build/pathfinding/pathfinding.egg-info/SOURCES.txt'
[7.185s] writing manifest file '../../build/pathfinding/pathfinding.egg-info/SOURCES.txt'
[7.186s] running build
[7.186s] running build_py
[7.187s] copying pathfinding/pathfinding.py -> /home/brsd/microros_ws/build/pathfinding/build/lib/pathfinding
[7.188s] copying pathfinding/image_display.py -> /home/brsd/microros_ws/build/pathfinding/build/lib/pathfinding
[7.189s] running install
[7.205s] running install_lib
[7.213s] copying /home/brsd/microros_ws/build/pathfinding/build/lib/pathfinding/pathfinding.py -> /home/brsd/microros_ws/install/pathfinding/lib/python3.8/site-packages/pathfinding
[7.214s] copying /home/brsd/microros_ws/build/pathfinding/build/lib/pathfinding/image_display.py -> /home/brsd/microros_ws/install/pathfinding/lib/python3.8/site-packages/pathfinding
[7.228s] byte-compiling /home/brsd/microros_ws/install/pathfinding/lib/python3.8/site-packages/pathfinding/pathfinding.py to pathfinding.cpython-38.pyc
[7.239s] byte-compiling /home/brsd/microros_ws/install/pathfinding/lib/python3.8/site-packages/pathfinding/image_display.py to image_display.cpython-38.pyc
[7.250s] running install_data
[7.251s] running install_egg_info
[7.259s] removing '/home/brsd/microros_ws/install/pathfinding/lib/python3.8/site-packages/pathfinding-0.0.0-py3.8.egg-info' (and everything under it)
[7.266s] Copying ../../build/pathfinding/pathfinding.egg-info to /home/brsd/microros_ws/install/pathfinding/lib/python3.8/site-packages/pathfinding-0.0.0-py3.8.egg-info
[7.281s] running install_scripts
[7.434s] Installing image_display_node script to /home/brsd/microros_ws/install/pathfinding/lib/pathfinding
[7.435s] Installing pathfinding_node script to /home/brsd/microros_ws/install/pathfinding/lib/pathfinding
[7.440s] writing list of installed files to '/home/brsd/microros_ws/build/pathfinding/install.log'
[7.676s] Invoked command in '/home/brsd/microros_ws/src/pathfinding' returned '0': PYTHONPATH=/home/brsd/microros_ws/build/pathfinding/prefix_override:/usr/lib/python3/dist-packages/colcon_core/task/python/colcon_distutils_commands:/home/brsd/microros_ws/install/pathfinding/lib/python3.8/site-packages:${PYTHONPATH} /usr/bin/python3 -W ignore:setup.py install is deprecated setup.py egg_info --egg-base ../../build/pathfinding build --build-base /home/brsd/microros_ws/build/pathfinding/build install --record /home/brsd/microros_ws/build/pathfinding/install.log --install-scripts $base/lib/pathfinding --single-version-externally-managed install_data
