-- Install configuration: ""
-- Installing: /home/brsd/microros_ws/install/xacro/share/xacro/environment/completion.bash
-- Installing: /home/brsd/microros_ws/install/xacro/share/xacro/environment/pythonpath.sh
-- Installing: /home/brsd/microros_ws/install/xacro/share/xacro/environment/pythonpath.dsv
-- Installing: /home/brsd/microros_ws/install/xacro/lib/python3.8/site-packages/xacro
-- Installing: /home/brsd/microros_ws/install/xacro/lib/python3.8/site-packages/xacro/__init__.py
-- Installing: /home/brsd/microros_ws/install/xacro/lib/python3.8/site-packages/xacro/substitution_args.py
-- Installing: /home/brsd/microros_ws/install/xacro/lib/python3.8/site-packages/xacro/xmlutils.py
-- Installing: /home/brsd/microros_ws/install/xacro/lib/python3.8/site-packages/xacro/color.py
-- Installing: /home/brsd/microros_ws/install/xacro/lib/python3.8/site-packages/xacro/cli.py
Listing '/home/brsd/microros_ws/install/xacro/lib/python3.8/site-packages/xacro'...
Compiling '/home/brsd/microros_ws/install/xacro/lib/python3.8/site-packages/xacro/__init__.py'...
Compiling '/home/brsd/microros_ws/install/xacro/lib/python3.8/site-packages/xacro/cli.py'...
Compiling '/home/brsd/microros_ws/install/xacro/lib/python3.8/site-packages/xacro/color.py'...
Compiling '/home/brsd/microros_ws/install/xacro/lib/python3.8/site-packages/xacro/substitution_args.py'...
Compiling '/home/brsd/microros_ws/install/xacro/lib/python3.8/site-packages/xacro/xmlutils.py'...
-- Installing: /home/brsd/microros_ws/install/xacro/bin/xacro
-- Installing: /home/brsd/microros_ws/install/xacro/lib/xacro/xacro
-- Installing: /home/brsd/microros_ws/install/xacro/share/ament_index/resource_index/package_run_dependencies/xacro
-- Installing: /home/brsd/microros_ws/install/xacro/share/ament_index/resource_index/parent_prefix_path/xacro
-- Installing: /home/brsd/microros_ws/install/xacro/share/xacro/environment/ament_prefix_path.sh
-- Installing: /home/brsd/microros_ws/install/xacro/share/xacro/environment/ament_prefix_path.dsv
-- Installing: /home/brsd/microros_ws/install/xacro/share/xacro/environment/path.sh
-- Installing: /home/brsd/microros_ws/install/xacro/share/xacro/environment/path.dsv
-- Installing: /home/brsd/microros_ws/install/xacro/share/xacro/local_setup.bash
-- Installing: /home/brsd/microros_ws/install/xacro/share/xacro/local_setup.sh
-- Installing: /home/brsd/microros_ws/install/xacro/share/xacro/local_setup.zsh
-- Installing: /home/brsd/microros_ws/install/xacro/share/xacro/local_setup.dsv
-- Installing: /home/brsd/microros_ws/install/xacro/share/xacro/package.dsv
-- Installing: /home/brsd/microros_ws/install/xacro/share/ament_index/resource_index/packages/xacro
-- Installing: /home/brsd/microros_ws/install/xacro/share/xacro/cmake/xacro-extras.cmake
-- Installing: /home/brsd/microros_ws/install/xacro/share/xacro/cmake/xacroConfig.cmake
-- Installing: /home/brsd/microros_ws/install/xacro/share/xacro/cmake/xacroConfig-version.cmake
-- Installing: /home/brsd/microros_ws/install/xacro/share/xacro/package.xml
