[6.403s] Invoking command in '/home/brsd/microros_ws/src/jetson_comm': PYTHONPATH=/home/brsd/microros_ws/build/jetson_comm/prefix_override:/usr/lib/python3/dist-packages/colcon_core/task/python/colcon_distutils_commands:/home/brsd/microros_ws/install/jetson_comm/lib/python3.8/site-packages:${PYTHONPATH} /usr/bin/python3 -W ignore:setup.py install is deprecated setup.py egg_info --egg-base ../../build/jetson_comm build --build-base /home/brsd/microros_ws/build/jetson_comm/build install --record /home/brsd/microros_ws/build/jetson_comm/install.log --install-scripts $base/lib/jetson_comm --single-version-externally-managed install_data
[8.744s] running egg_info
[8.747s] writing ../../build/jetson_comm/jetson_comm.egg-info/PKG-INFO
[8.751s] writing dependency_links to ../../build/jetson_comm/jetson_comm.egg-info/dependency_links.txt
[8.751s] writing entry points to ../../build/jetson_comm/jetson_comm.egg-info/entry_points.txt
[8.752s] writing requirements to ../../build/jetson_comm/jetson_comm.egg-info/requires.txt
[8.752s] writing top-level names to ../../build/jetson_comm/jetson_comm.egg-info/top_level.txt
[8.932s] reading manifest file '../../build/jetson_comm/jetson_comm.egg-info/SOURCES.txt'
[8.938s] writing manifest file '../../build/jetson_comm/jetson_comm.egg-info/SOURCES.txt'
[8.948s] running build
[8.948s] running build_py
[8.951s] running install
[8.954s] running install_lib
[8.964s] running install_data
[8.965s] running install_egg_info
[8.973s] removing '/home/brsd/microros_ws/install/jetson_comm/lib/python3.8/site-packages/jetson_comm-0.0.0-py3.8.egg-info' (and everything under it)
[8.976s] Copying ../../build/jetson_comm/jetson_comm.egg-info to /home/brsd/microros_ws/install/jetson_comm/lib/python3.8/site-packages/jetson_comm-0.0.0-py3.8.egg-info
[8.981s] running install_scripts
[9.135s] Installing jetson_node script to /home/brsd/microros_ws/install/jetson_comm/lib/jetson_comm
[9.138s] writing list of installed files to '/home/brsd/microros_ws/build/jetson_comm/install.log'
[9.624s] Invoked command in '/home/brsd/microros_ws/src/jetson_comm' returned '0': PYTHONPATH=/home/brsd/microros_ws/build/jetson_comm/prefix_override:/usr/lib/python3/dist-packages/colcon_core/task/python/colcon_distutils_commands:/home/brsd/microros_ws/install/jetson_comm/lib/python3.8/site-packages:${PYTHONPATH} /usr/bin/python3 -W ignore:setup.py install is deprecated setup.py egg_info --egg-base ../../build/jetson_comm build --build-base /home/brsd/microros_ws/build/jetson_comm/build install --record /home/brsd/microros_ws/build/jetson_comm/install.log --install-scripts $base/lib/jetson_comm --single-version-externally-managed install_data
