[10.812s] Invoking command in '/home/brsd/microros_ws/src/pathfinding': PYTHONPATH=/home/brsd/microros_ws/build/pathfinding/prefix_override:/usr/lib/python3/dist-packages/colcon_core/task/python/colcon_distutils_commands:/home/brsd/microros_ws/install/pathfinding/lib/python3.8/site-packages:${PYTHONPATH} /usr/bin/python3 -W ignore:setup.py install is deprecated setup.py egg_info --egg-base ../../build/pathfinding build --build-base /home/brsd/microros_ws/build/pathfinding/build install --record /home/brsd/microros_ws/build/pathfinding/install.log --install-scripts $base/lib/pathfinding --single-version-externally-managed install_data
[13.119s] running egg_info
[13.122s] writing ../../build/pathfinding/pathfinding.egg-info/PKG-INFO
[13.124s] writing dependency_links to ../../build/pathfinding/pathfinding.egg-info/dependency_links.txt
[13.131s] writing entry points to ../../build/pathfinding/pathfinding.egg-info/entry_points.txt
[13.132s] writing requirements to ../../build/pathfinding/pathfinding.egg-info/requires.txt
[13.132s] writing top-level names to ../../build/pathfinding/pathfinding.egg-info/top_level.txt
[13.415s] reading manifest file '../../build/pathfinding/pathfinding.egg-info/SOURCES.txt'
[13.423s] writing manifest file '../../build/pathfinding/pathfinding.egg-info/SOURCES.txt'
[13.423s] running build
[13.426s] running build_py
[13.430s] copying pathfinding/image_display.py -> /home/brsd/microros_ws/build/pathfinding/build/lib/pathfinding
[13.434s] running install
[13.440s] running install_lib
[13.448s] copying /home/brsd/microros_ws/build/pathfinding/build/lib/pathfinding/image_display.py -> /home/brsd/microros_ws/install/pathfinding/lib/python3.8/site-packages/pathfinding
[13.454s] byte-compiling /home/brsd/microros_ws/install/pathfinding/lib/python3.8/site-packages/pathfinding/image_display.py to image_display.cpython-38.pyc
[13.467s] running install_data
[13.470s] running install_egg_info
[13.481s] removing '/home/brsd/microros_ws/install/pathfinding/lib/python3.8/site-packages/pathfinding-0.0.0-py3.8.egg-info' (and everything under it)
[13.492s] Copying ../../build/pathfinding/pathfinding.egg-info to /home/brsd/microros_ws/install/pathfinding/lib/python3.8/site-packages/pathfinding-0.0.0-py3.8.egg-info
[13.505s] running install_scripts
[13.606s] Installing image_display_node script to /home/brsd/microros_ws/install/pathfinding/lib/pathfinding
[13.611s] Installing pathfinding_node script to /home/brsd/microros_ws/install/pathfinding/lib/pathfinding
[13.614s] writing list of installed files to '/home/brsd/microros_ws/build/pathfinding/install.log'
[13.911s] Invoked command in '/home/brsd/microros_ws/src/pathfinding' returned '0': PYTHONPATH=/home/brsd/microros_ws/build/pathfinding/prefix_override:/usr/lib/python3/dist-packages/colcon_core/task/python/colcon_distutils_commands:/home/brsd/microros_ws/install/pathfinding/lib/python3.8/site-packages:${PYTHONPATH} /usr/bin/python3 -W ignore:setup.py install is deprecated setup.py egg_info --egg-base ../../build/pathfinding build --build-base /home/brsd/microros_ws/build/pathfinding/build install --record /home/brsd/microros_ws/build/pathfinding/install.log --install-scripts $base/lib/pathfinding --single-version-externally-managed install_data
