[0.143s] Invoking command in '/home/brsd/microros_ws/build/multisense_lib': CMAKE_PREFIX_PATH=${CMAKE_PREFIX_PATH}:/home/brsd/microros_ws/install/jetson_comm:/opt/ros/foxy /usr/bin/cmake /home/brsd/microros_ws/src/multisense_ros2/multisense_lib -DCMAKE_INSTALL_PREFIX=/home/brsd/microros_ws/install/multisense_lib
[0.882s] -- The C compiler identification is GNU 9.4.0
[1.378s] -- The CXX compiler identification is GNU 9.4.0
[1.413s] -- Check for working C compiler: /usr/bin/cc
[1.762s] -- Check for working C compiler: /usr/bin/cc -- works
[1.762s] -- Detecting C compiler ABI info
[2.073s] -- Detecting C compiler ABI info - done
[2.129s] -- Detecting C compile features
[2.133s] -- Detecting C compile features - done
[2.149s] -- Check for working CXX compiler: /usr/bin/c++
[2.512s] -- Check for working CXX compiler: /usr/bin/c++ -- works
[2.520s] -- Detecting CXX compiler ABI info
[2.914s] -- Detecting CXX compiler ABI info - done
[2.970s] -- Detecting CXX compile features
[2.974s] -- Detecting CXX compile features - done
[2.979s] -- Selecting default build type: Release
[2.994s] -- Found ament_cmake: 0.9.12 (/opt/ros/foxy/share/ament_cmake/cmake)
[3.126s] -- Found PythonInterp: /usr/bin/python3 (found suitable version "3.8.10", minimum required is "3") 
[3.129s] -- Using PYTHON_EXECUTABLE: /usr/bin/python3
[4.380s] CMake Error at CMakeLists.txt:26 (add_subdirectory):
[4.380s]   The source directory
[4.380s] 
[4.381s]     /home/brsd/microros_ws/src/multisense_ros2/multisense_lib/LibMultiSense
[4.381s] 
[4.382s]   does not contain a CMakeLists.txt file.
[4.382s] 
[4.383s] 
[4.385s] CMake Warning at /opt/ros/foxy/share/ament_cmake_export_include_directories/cmake/ament_export_include_directories.cmake:44 (message):
[4.386s]   ament_export_include_directories() package 'multisense_lib' exports the
[4.387s]   include directory
[4.387s]   '/home/brsd/microros_ws/src/multisense_ros2/multisense_lib/LibMultiSense/source/LibMultiSense/include'
[4.388s]   which doesn't exist
[4.389s] Call Stack (most recent call first):
[4.390s]   CMakeLists.txt:28 (ament_export_include_directories)
[4.391s] 
[4.392s] 
[4.738s] -- Configuring incomplete, errors occurred!
[4.742s] See also "/home/brsd/microros_ws/build/multisense_lib/CMakeFiles/CMakeOutput.log".
[4.759s] Invoked command in '/home/brsd/microros_ws/build/multisense_lib' returned '1': CMAKE_PREFIX_PATH=${CMAKE_PREFIX_PATH}:/home/brsd/microros_ws/install/jetson_comm:/opt/ros/foxy /usr/bin/cmake /home/brsd/microros_ws/src/multisense_ros2/multisense_lib -DCMAKE_INSTALL_PREFIX=/home/brsd/microros_ws/install/multisense_lib
