[7.441s] Invoking command in '/home/brsd/microros_ws/src/joystick_input': PYTHONPATH=/home/brsd/microros_ws/build/joystick_input/prefix_override:/usr/lib/python3/dist-packages/colcon_core/task/python/colcon_distutils_commands:/home/brsd/microros_ws/install/joystick_input/lib/python3.8/site-packages:${PYTHONPATH} /usr/bin/python3 -W ignore:setup.py install is deprecated setup.py egg_info --egg-base ../../build/joystick_input build --build-base /home/brsd/microros_ws/build/joystick_input/build install --record /home/brsd/microros_ws/build/joystick_input/install.log --install-scripts $base/lib/joystick_input --single-version-externally-managed install_data
[9.469s] running egg_info
[9.472s] writing ../../build/joystick_input/joystick_input.egg-info/PKG-INFO
[9.473s] writing dependency_links to ../../build/joystick_input/joystick_input.egg-info/dependency_links.txt
[9.476s] writing entry points to ../../build/joystick_input/joystick_input.egg-info/entry_points.txt
[9.477s] writing requirements to ../../build/joystick_input/joystick_input.egg-info/requires.txt
[9.479s] writing top-level names to ../../build/joystick_input/joystick_input.egg-info/top_level.txt
[9.767s] reading manifest file '../../build/joystick_input/joystick_input.egg-info/SOURCES.txt'
[9.781s] writing manifest file '../../build/joystick_input/joystick_input.egg-info/SOURCES.txt'
[9.781s] running build
[9.782s] running build_py
[9.782s] running install
[9.787s] running install_lib
[9.788s] running install_data
[9.788s] running install_egg_info
[9.794s] removing '/home/brsd/microros_ws/install/joystick_input/lib/python3.8/site-packages/joystick_input-0.0.0-py3.8.egg-info' (and everything under it)
[9.796s] Copying ../../build/joystick_input/joystick_input.egg-info to /home/brsd/microros_ws/install/joystick_input/lib/python3.8/site-packages/joystick_input-0.0.0-py3.8.egg-info
[9.803s] running install_scripts
[9.895s] Installing joystick_node script to /home/brsd/microros_ws/install/joystick_input/lib/joystick_input
[9.896s] writing list of installed files to '/home/brsd/microros_ws/build/joystick_input/install.log'
[12.059s] Invoked command in '/home/brsd/microros_ws/src/joystick_input' returned '0': PYTHONPATH=/home/brsd/microros_ws/build/joystick_input/prefix_override:/usr/lib/python3/dist-packages/colcon_core/task/python/colcon_distutils_commands:/home/brsd/microros_ws/install/joystick_input/lib/python3.8/site-packages:${PYTHONPATH} /usr/bin/python3 -W ignore:setup.py install is deprecated setup.py egg_info --egg-base ../../build/joystick_input build --build-base /home/brsd/microros_ws/build/joystick_input/build install --record /home/brsd/microros_ws/build/joystick_input/install.log --install-scripts $base/lib/joystick_input --single-version-externally-managed install_data
