[7.668s] Invoking command in '/home/brsd/microros_ws/src/object_detection_pkg': PYTHONPATH=/home/brsd/microros_ws/build/object_detection_pkg/prefix_override:/usr/lib/python3/dist-packages/colcon_core/task/python/colcon_distutils_commands:/home/brsd/microros_ws/install/object_detection_pkg/lib/python3.8/site-packages:${PYTHONPATH} /usr/bin/python3 -W ignore:setup.py install is deprecated setup.py egg_info --egg-base ../../build/object_detection_pkg build --build-base /home/brsd/microros_ws/build/object_detection_pkg/build install --record /home/brsd/microros_ws/build/object_detection_pkg/install.log --install-scripts $base/lib/object_detection_pkg --single-version-externally-managed install_data
[10.112s] running egg_info
[10.119s] writing ../../build/object_detection_pkg/object_detection_pkg.egg-info/PKG-INFO
[10.122s] writing dependency_links to ../../build/object_detection_pkg/object_detection_pkg.egg-info/dependency_links.txt
[10.125s] writing entry points to ../../build/object_detection_pkg/object_detection_pkg.egg-info/entry_points.txt
[10.126s] writing requirements to ../../build/object_detection_pkg/object_detection_pkg.egg-info/requires.txt
[10.126s] writing top-level names to ../../build/object_detection_pkg/object_detection_pkg.egg-info/top_level.txt
[10.348s] reading manifest file '../../build/object_detection_pkg/object_detection_pkg.egg-info/SOURCES.txt'
[10.355s] writing manifest file '../../build/object_detection_pkg/object_detection_pkg.egg-info/SOURCES.txt'
[10.357s] running build
[10.358s] running build_py
[10.361s] running install
[10.361s] running install_lib
[10.371s] running install_data
[10.372s] running install_egg_info
[10.381s] removing '/home/brsd/microros_ws/install/object_detection_pkg/lib/python3.8/site-packages/object_detection_pkg-0.0.0-py3.8.egg-info' (and everything under it)
[10.383s] Copying ../../build/object_detection_pkg/object_detection_pkg.egg-info to /home/brsd/microros_ws/install/object_detection_pkg/lib/python3.8/site-packages/object_detection_pkg-0.0.0-py3.8.egg-info
[10.388s] running install_scripts
[10.487s] writing list of installed files to '/home/brsd/microros_ws/build/object_detection_pkg/install.log'
[10.820s] Invoked command in '/home/brsd/microros_ws/src/object_detection_pkg' returned '0': PYTHONPATH=/home/brsd/microros_ws/build/object_detection_pkg/prefix_override:/usr/lib/python3/dist-packages/colcon_core/task/python/colcon_distutils_commands:/home/brsd/microros_ws/install/object_detection_pkg/lib/python3.8/site-packages:${PYTHONPATH} /usr/bin/python3 -W ignore:setup.py install is deprecated setup.py egg_info --egg-base ../../build/object_detection_pkg build --build-base /home/brsd/microros_ws/build/object_detection_pkg/build install --record /home/brsd/microros_ws/build/object_detection_pkg/install.log --install-scripts $base/lib/object_detection_pkg --single-version-externally-managed install_data
