[0.075s] Invoking command in '/home/brsd/microros_ws/build/drive_base_msgs': CMAKE_PREFIX_PATH=${CMAKE_PREFIX_PATH}:/home/brsd/microros_ws/install/object_detection_pkg:/home/brsd/microros_ws/install/joystick_input:/home/brsd/microros_ws/install/jetson_comm:/opt/ros/foxy /usr/bin/cmake --build /home/brsd/microros_ws/build/drive_base_msgs -- -j4 -l4
[0.511s] [  1%] Built target drive_base_msgs__cpp
[0.555s] [ 12%] Built target drive_base_msgs__rosidl_generator_c
[0.695s] [ 23%] Built target drive_base_msgs__rosidl_typesupport_cpp
[0.713s] [ 34%] Built target drive_base_msgs__rosidl_typesupport_introspection_cpp
[0.717s] [ 45%] Built target drive_base_msgs__rosidl_typesupport_fastrtps_cpp
[0.741s] [ 56%] Built target drive_base_msgs__rosidl_typesupport_introspection_c
[0.841s] [ 67%] Built target drive_base_msgs__rosidl_typesupport_c
[0.894s] [ 78%] Built target drive_base_msgs__rosidl_typesupport_fastrtps_c
[0.995s] [ 78%] Built target drive_base_msgs
[1.139s] [ 80%] Built target drive_base_msgs__py
[1.274s] [ 89%] Built target drive_base_msgs__python
[1.453s] [ 92%] Built target drive_base_msgs__rosidl_typesupport_introspection_c__pyext
[1.472s] [ 96%] Built target drive_base_msgs__rosidl_typesupport_fastrtps_c__pyext
[1.476s] [100%] Built target drive_base_msgs__rosidl_typesupport_c__pyext
[2.276s] Invoked command in '/home/brsd/microros_ws/build/drive_base_msgs' returned '0': CMAKE_PREFIX_PATH=${CMAKE_PREFIX_PATH}:/home/brsd/microros_ws/install/object_detection_pkg:/home/brsd/microros_ws/install/joystick_input:/home/brsd/microros_ws/install/jetson_comm:/opt/ros/foxy /usr/bin/cmake --build /home/brsd/microros_ws/build/drive_base_msgs -- -j4 -l4
[4.048s] Invoking command in '/home/brsd/microros_ws/build/drive_base_msgs': CMAKE_PREFIX_PATH=${CMAKE_PREFIX_PATH}:/home/brsd/microros_ws/install/object_detection_pkg:/home/brsd/microros_ws/install/joystick_input:/home/brsd/microros_ws/install/jetson_comm:/opt/ros/foxy /usr/bin/cmake --install /home/brsd/microros_ws/build/drive_base_msgs
[4.120s] -- Install configuration: ""
[4.121s] -- Up-to-date: /home/brsd/microros_ws/install/drive_base_msgs/share/ament_index/resource_index/rosidl_interfaces/drive_base_msgs
[4.122s] -- Up-to-date: /home/brsd/microros_ws/install/drive_base_msgs/include/drive_base_msgs
[4.123s] -- Up-to-date: /home/brsd/microros_ws/install/drive_base_msgs/include/drive_base_msgs/msg
[4.124s] -- Up-to-date: /home/brsd/microros_ws/install/drive_base_msgs/include/drive_base_msgs/msg/command_status.h
[4.124s] -- Up-to-date: /home/brsd/microros_ws/install/drive_base_msgs/include/drive_base_msgs/msg/command_header.h
[4.125s] -- Up-to-date: /home/brsd/microros_ws/install/drive_base_msgs/include/drive_base_msgs/msg/base_info.h
[4.125s] -- Up-to-date: /home/brsd/microros_ws/install/drive_base_msgs/include/drive_base_msgs/msg/detail
[4.126s] -- Up-to-date: /home/brsd/microros_ws/install/drive_base_msgs/include/drive_base_msgs/msg/detail/base_info__struct.h
[4.127s] -- Up-to-date: /home/brsd/microros_ws/install/drive_base_msgs/include/drive_base_msgs/msg/detail/trv_command__type_support.h
[4.127s] -- Up-to-date: /home/brsd/microros_ws/install/drive_base_msgs/include/drive_base_msgs/msg/detail/trv_command__functions.h
[4.128s] -- Up-to-date: /home/brsd/microros_ws/install/drive_base_msgs/include/drive_base_msgs/msg/detail/command_header__functions.c
[4.129s] -- Up-to-date: /home/brsd/microros_ws/install/drive_base_msgs/include/drive_base_msgs/msg/detail/command_header__struct.h
[4.129s] -- Up-to-date: /home/brsd/microros_ws/install/drive_base_msgs/include/drive_base_msgs/msg/detail/trv_command__struct.h
[4.130s] -- Up-to-date: /home/brsd/microros_ws/install/drive_base_msgs/include/drive_base_msgs/msg/detail/command_header__functions.h
[4.131s] -- Up-to-date: /home/brsd/microros_ws/install/drive_base_msgs/include/drive_base_msgs/msg/detail/command_status__functions.c
[4.132s] -- Up-to-date: /home/brsd/microros_ws/install/drive_base_msgs/include/drive_base_msgs/msg/detail/base_info__functions.h
[4.133s] -- Up-to-date: /home/brsd/microros_ws/install/drive_base_msgs/include/drive_base_msgs/msg/detail/trv_command__functions.c
[4.134s] -- Up-to-date: /home/brsd/microros_ws/install/drive_base_msgs/include/drive_base_msgs/msg/detail/command_status__type_support.h
[4.135s] -- Up-to-date: /home/brsd/microros_ws/install/drive_base_msgs/include/drive_base_msgs/msg/detail/command_status__functions.h
[4.136s] -- Up-to-date: /home/brsd/microros_ws/install/drive_base_msgs/include/drive_base_msgs/msg/detail/base_info__functions.c
[4.136s] -- Up-to-date: /home/brsd/microros_ws/install/drive_base_msgs/include/drive_base_msgs/msg/detail/base_info__type_support.h
[4.140s] -- Up-to-date: /home/brsd/microros_ws/install/drive_base_msgs/include/drive_base_msgs/msg/detail/command_header__type_support.h
[4.141s] -- Up-to-date: /home/brsd/microros_ws/install/drive_base_msgs/include/drive_base_msgs/msg/detail/command_status__struct.h
[4.142s] -- Up-to-date: /home/brsd/microros_ws/install/drive_base_msgs/include/drive_base_msgs/msg/trv_command.h
[4.153s] -- Up-to-date: /home/brsd/microros_ws/install/drive_base_msgs/include/drive_base_msgs/msg/rosidl_generator_c__visibility_control.h
[4.154s] -- Up-to-date: /home/brsd/microros_ws/install/drive_base_msgs/share/drive_base_msgs/environment/library_path.sh
[4.156s] -- Up-to-date: /home/brsd/microros_ws/install/drive_base_msgs/share/drive_base_msgs/environment/library_path.dsv
[4.161s] -- Up-to-date: /home/brsd/microros_ws/install/drive_base_msgs/lib/libdrive_base_msgs__rosidl_generator_c.so
[4.162s] -- Up-to-date: /home/brsd/microros_ws/install/drive_base_msgs/include/drive_base_msgs
[4.162s] -- Up-to-date: /home/brsd/microros_ws/install/drive_base_msgs/include/drive_base_msgs/msg
[4.163s] -- Up-to-date: /home/brsd/microros_ws/install/drive_base_msgs/include/drive_base_msgs/msg/rosidl_typesupport_fastrtps_c__visibility_control.h
[4.163s] -- Up-to-date: /home/brsd/microros_ws/install/drive_base_msgs/include/drive_base_msgs/msg/detail
[4.164s] -- Up-to-date: /home/brsd/microros_ws/install/drive_base_msgs/include/drive_base_msgs/msg/detail/command_status__rosidl_typesupport_fastrtps_c.h
[4.164s] -- Up-to-date: /home/brsd/microros_ws/install/drive_base_msgs/include/drive_base_msgs/msg/detail/trv_command__rosidl_typesupport_fastrtps_c.h
[4.165s] -- Up-to-date: /home/brsd/microros_ws/install/drive_base_msgs/include/drive_base_msgs/msg/detail/base_info__rosidl_typesupport_fastrtps_c.h
[4.165s] -- Up-to-date: /home/brsd/microros_ws/install/drive_base_msgs/include/drive_base_msgs/msg/detail/command_header__rosidl_typesupport_fastrtps_c.h
[4.166s] -- Up-to-date: /home/brsd/microros_ws/install/drive_base_msgs/lib/libdrive_base_msgs__rosidl_typesupport_fastrtps_c.so
[4.166s] -- Up-to-date: /home/brsd/microros_ws/install/drive_base_msgs/include/drive_base_msgs
[4.166s] -- Up-to-date: /home/brsd/microros_ws/install/drive_base_msgs/include/drive_base_msgs/msg
[4.170s] -- Up-to-date: /home/brsd/microros_ws/install/drive_base_msgs/include/drive_base_msgs/msg/rosidl_typesupport_fastrtps_cpp__visibility_control.h
[4.170s] -- Up-to-date: /home/brsd/microros_ws/install/drive_base_msgs/include/drive_base_msgs/msg/detail
[4.171s] -- Up-to-date: /home/brsd/microros_ws/install/drive_base_msgs/include/drive_base_msgs/msg/detail/command_header__rosidl_typesupport_fastrtps_cpp.hpp
[4.171s] -- Up-to-date: /home/brsd/microros_ws/install/drive_base_msgs/include/drive_base_msgs/msg/detail/command_status__rosidl_typesupport_fastrtps_cpp.hpp
[4.171s] -- Up-to-date: /home/brsd/microros_ws/install/drive_base_msgs/include/drive_base_msgs/msg/detail/trv_command__rosidl_typesupport_fastrtps_cpp.hpp
[4.172s] -- Up-to-date: /home/brsd/microros_ws/install/drive_base_msgs/include/drive_base_msgs/msg/detail/base_info__rosidl_typesupport_fastrtps_cpp.hpp
[4.172s] -- Up-to-date: /home/brsd/microros_ws/install/drive_base_msgs/include/drive_base_msgs/msg/detail/dds_fastrtps
[4.173s] -- Up-to-date: /home/brsd/microros_ws/install/drive_base_msgs/lib/libdrive_base_msgs__rosidl_typesupport_fastrtps_cpp.so
[4.173s] -- Up-to-date: /home/brsd/microros_ws/install/drive_base_msgs/include/drive_base_msgs
[4.174s] -- Up-to-date: /home/brsd/microros_ws/install/drive_base_msgs/include/drive_base_msgs/msg
[4.178s] -- Up-to-date: /home/brsd/microros_ws/install/drive_base_msgs/include/drive_base_msgs/msg/detail
[4.180s] -- Up-to-date: /home/brsd/microros_ws/install/drive_base_msgs/include/drive_base_msgs/msg/detail/command_status__rosidl_typesupport_introspection_c.h
[4.182s] -- Up-to-date: /home/brsd/microros_ws/install/drive_base_msgs/include/drive_base_msgs/msg/detail/command_header__rosidl_typesupport_introspection_c.h
[4.183s] -- Up-to-date: /home/brsd/microros_ws/install/drive_base_msgs/include/drive_base_msgs/msg/detail/command_header__type_support.c
[4.183s] -- Up-to-date: /home/brsd/microros_ws/install/drive_base_msgs/include/drive_base_msgs/msg/detail/base_info__rosidl_typesupport_introspection_c.h
[4.185s] -- Up-to-date: /home/brsd/microros_ws/install/drive_base_msgs/include/drive_base_msgs/msg/detail/command_status__type_support.c
[4.186s] -- Up-to-date: /home/brsd/microros_ws/install/drive_base_msgs/include/drive_base_msgs/msg/detail/trv_command__rosidl_typesupport_introspection_c.h
[4.192s] -- Up-to-date: /home/brsd/microros_ws/install/drive_base_msgs/include/drive_base_msgs/msg/detail/trv_command__type_support.c
[4.193s] -- Up-to-date: /home/brsd/microros_ws/install/drive_base_msgs/include/drive_base_msgs/msg/detail/base_info__type_support.c
[4.193s] -- Up-to-date: /home/brsd/microros_ws/install/drive_base_msgs/include/drive_base_msgs/msg/rosidl_typesupport_introspection_c__visibility_control.h
[4.194s] -- Up-to-date: /home/brsd/microros_ws/install/drive_base_msgs/lib/libdrive_base_msgs__rosidl_typesupport_introspection_c.so
[4.194s] -- Up-to-date: /home/brsd/microros_ws/install/drive_base_msgs/lib/libdrive_base_msgs__rosidl_typesupport_c.so
[4.196s] -- Up-to-date: /home/brsd/microros_ws/install/drive_base_msgs/include/drive_base_msgs
[4.196s] -- Up-to-date: /home/brsd/microros_ws/install/drive_base_msgs/include/drive_base_msgs/msg
[4.197s] -- Up-to-date: /home/brsd/microros_ws/install/drive_base_msgs/include/drive_base_msgs/msg/command_status.hpp
[4.197s] -- Up-to-date: /home/brsd/microros_ws/install/drive_base_msgs/include/drive_base_msgs/msg/base_info.hpp
[4.198s] -- Up-to-date: /home/brsd/microros_ws/install/drive_base_msgs/include/drive_base_msgs/msg/command_header.hpp
[4.198s] -- Up-to-date: /home/brsd/microros_ws/install/drive_base_msgs/include/drive_base_msgs/msg/trv_command.hpp
[4.198s] -- Up-to-date: /home/brsd/microros_ws/install/drive_base_msgs/include/drive_base_msgs/msg/rosidl_generator_cpp__visibility_control.hpp
[4.199s] -- Up-to-date: /home/brsd/microros_ws/install/drive_base_msgs/include/drive_base_msgs/msg/detail
[4.200s] -- Up-to-date: /home/brsd/microros_ws/install/drive_base_msgs/include/drive_base_msgs/msg/detail/command_status__builder.hpp
[4.200s] -- Up-to-date: /home/brsd/microros_ws/install/drive_base_msgs/include/drive_base_msgs/msg/detail/command_header__traits.hpp
[4.201s] -- Up-to-date: /home/brsd/microros_ws/install/drive_base_msgs/include/drive_base_msgs/msg/detail/command_status__struct.hpp
[4.202s] -- Up-to-date: /home/brsd/microros_ws/install/drive_base_msgs/include/drive_base_msgs/msg/detail/command_header__struct.hpp
[4.202s] -- Up-to-date: /home/brsd/microros_ws/install/drive_base_msgs/include/drive_base_msgs/msg/detail/command_status__type_support.hpp
[4.203s] -- Up-to-date: /home/brsd/microros_ws/install/drive_base_msgs/include/drive_base_msgs/msg/detail/base_info__type_support.hpp
[4.203s] -- Up-to-date: /home/brsd/microros_ws/install/drive_base_msgs/include/drive_base_msgs/msg/detail/base_info__traits.hpp
[4.212s] -- Up-to-date: /home/brsd/microros_ws/install/drive_base_msgs/include/drive_base_msgs/msg/detail/base_info__struct.hpp
[4.212s] -- Up-to-date: /home/brsd/microros_ws/install/drive_base_msgs/include/drive_base_msgs/msg/detail/command_header__type_support.hpp
[4.213s] -- Up-to-date: /home/brsd/microros_ws/install/drive_base_msgs/include/drive_base_msgs/msg/detail/trv_command__type_support.hpp
[4.213s] -- Up-to-date: /home/brsd/microros_ws/install/drive_base_msgs/include/drive_base_msgs/msg/detail/command_header__builder.hpp
[4.214s] -- Up-to-date: /home/brsd/microros_ws/install/drive_base_msgs/include/drive_base_msgs/msg/detail/trv_command__traits.hpp
[4.215s] -- Up-to-date: /home/brsd/microros_ws/install/drive_base_msgs/include/drive_base_msgs/msg/detail/trv_command__builder.hpp
[4.222s] -- Up-to-date: /home/brsd/microros_ws/install/drive_base_msgs/include/drive_base_msgs/msg/detail/trv_command__struct.hpp
[4.224s] -- Up-to-date: /home/brsd/microros_ws/install/drive_base_msgs/include/drive_base_msgs/msg/detail/base_info__builder.hpp
[4.225s] -- Up-to-date: /home/brsd/microros_ws/install/drive_base_msgs/include/drive_base_msgs/msg/detail/command_status__traits.hpp
[4.225s] -- Up-to-date: /home/brsd/microros_ws/install/drive_base_msgs/include/drive_base_msgs
[4.226s] -- Up-to-date: /home/brsd/microros_ws/install/drive_base_msgs/include/drive_base_msgs/msg
[4.226s] -- Up-to-date: /home/brsd/microros_ws/install/drive_base_msgs/include/drive_base_msgs/msg/detail
[4.227s] -- Up-to-date: /home/brsd/microros_ws/install/drive_base_msgs/include/drive_base_msgs/msg/detail/command_header__type_support.cpp
[4.227s] -- Up-to-date: /home/brsd/microros_ws/install/drive_base_msgs/include/drive_base_msgs/msg/detail/command_header__rosidl_typesupport_introspection_cpp.hpp
[4.228s] -- Up-to-date: /home/brsd/microros_ws/install/drive_base_msgs/include/drive_base_msgs/msg/detail/command_status__type_support.cpp
[4.228s] -- Up-to-date: /home/brsd/microros_ws/install/drive_base_msgs/include/drive_base_msgs/msg/detail/base_info__rosidl_typesupport_introspection_cpp.hpp
[4.228s] -- Up-to-date: /home/brsd/microros_ws/install/drive_base_msgs/include/drive_base_msgs/msg/detail/base_info__type_support.cpp
[4.229s] -- Up-to-date: /home/brsd/microros_ws/install/drive_base_msgs/include/drive_base_msgs/msg/detail/trv_command__type_support.cpp
[4.229s] -- Up-to-date: /home/brsd/microros_ws/install/drive_base_msgs/include/drive_base_msgs/msg/detail/trv_command__rosidl_typesupport_introspection_cpp.hpp
[4.230s] -- Up-to-date: /home/brsd/microros_ws/install/drive_base_msgs/include/drive_base_msgs/msg/detail/command_status__rosidl_typesupport_introspection_cpp.hpp
[4.230s] -- Up-to-date: /home/brsd/microros_ws/install/drive_base_msgs/lib/libdrive_base_msgs__rosidl_typesupport_introspection_cpp.so
[4.230s] -- Up-to-date: /home/brsd/microros_ws/install/drive_base_msgs/lib/libdrive_base_msgs__rosidl_typesupport_cpp.so
[4.231s] -- Up-to-date: /home/brsd/microros_ws/install/drive_base_msgs/share/drive_base_msgs/environment/pythonpath.sh
[4.231s] -- Up-to-date: /home/brsd/microros_ws/install/drive_base_msgs/share/drive_base_msgs/environment/pythonpath.dsv
[4.232s] -- Up-to-date: /home/brsd/microros_ws/install/drive_base_msgs/lib/python3.8/site-packages/drive_base_msgs/__init__.py
[4.337s] -- Up-to-date: /home/brsd/microros_ws/install/drive_base_msgs/lib/python3.8/site-packages/drive_base_msgs/msg
[4.339s] -- Up-to-date: /home/brsd/microros_ws/install/drive_base_msgs/lib/python3.8/site-packages/drive_base_msgs/msg/_command_status_s.c
[4.340s] -- Up-to-date: /home/brsd/microros_ws/install/drive_base_msgs/lib/python3.8/site-packages/drive_base_msgs/msg/__init__.py
[4.341s] -- Up-to-date: /home/brsd/microros_ws/install/drive_base_msgs/lib/python3.8/site-packages/drive_base_msgs/msg/_command_header_s.c
[4.342s] -- Up-to-date: /home/brsd/microros_ws/install/drive_base_msgs/lib/python3.8/site-packages/drive_base_msgs/msg/_trv_command_s.c
[4.342s] -- Up-to-date: /home/brsd/microros_ws/install/drive_base_msgs/lib/python3.8/site-packages/drive_base_msgs/msg/_base_info_s.c
[4.343s] -- Up-to-date: /home/brsd/microros_ws/install/drive_base_msgs/lib/python3.8/site-packages/drive_base_msgs/msg/_command_status.py
[4.343s] -- Up-to-date: /home/brsd/microros_ws/install/drive_base_msgs/lib/python3.8/site-packages/drive_base_msgs/msg/_base_info.py
[4.344s] -- Up-to-date: /home/brsd/microros_ws/install/drive_base_msgs/lib/python3.8/site-packages/drive_base_msgs/msg/_trv_command.py
[4.344s] -- Up-to-date: /home/brsd/microros_ws/install/drive_base_msgs/lib/python3.8/site-packages/drive_base_msgs/msg/_command_header.py
[4.348s] -- Up-to-date: /home/brsd/microros_ws/install/drive_base_msgs/lib/python3.8/site-packages/drive_base_msgs/drive_base_msgs_s__rosidl_typesupport_fastrtps_c.cpython-38-aarch64-linux-gnu.so
[4.350s] -- Up-to-date: /home/brsd/microros_ws/install/drive_base_msgs/lib/python3.8/site-packages/drive_base_msgs/drive_base_msgs_s__rosidl_typesupport_introspection_c.cpython-38-aarch64-linux-gnu.so
[4.354s] -- Up-to-date: /home/brsd/microros_ws/install/drive_base_msgs/lib/python3.8/site-packages/drive_base_msgs/drive_base_msgs_s__rosidl_typesupport_c.cpython-38-aarch64-linux-gnu.so
[4.358s] -- Up-to-date: /home/brsd/microros_ws/install/drive_base_msgs/lib/libdrive_base_msgs__python.so
[4.361s] -- Up-to-date: /home/brsd/microros_ws/install/drive_base_msgs/share/drive_base_msgs/msg/CommandHeader.idl
[4.362s] -- Up-to-date: /home/brsd/microros_ws/install/drive_base_msgs/share/drive_base_msgs/msg/BaseInfo.idl
[4.364s] -- Up-to-date: /home/brsd/microros_ws/install/drive_base_msgs/share/drive_base_msgs/msg/CommandStatus.idl
[4.365s] -- Up-to-date: /home/brsd/microros_ws/install/drive_base_msgs/share/drive_base_msgs/msg/TRVCommand.idl
[4.366s] -- Up-to-date: /home/brsd/microros_ws/install/drive_base_msgs/share/drive_base_msgs/msg/CommandHeader.msg
[4.368s] -- Up-to-date: /home/brsd/microros_ws/install/drive_base_msgs/share/drive_base_msgs/msg/BaseInfo.msg
[4.369s] -- Up-to-date: /home/brsd/microros_ws/install/drive_base_msgs/share/drive_base_msgs/msg/CommandStatus.msg
[4.370s] -- Up-to-date: /home/brsd/microros_ws/install/drive_base_msgs/share/drive_base_msgs/msg/TRVCommand.msg
[4.372s] -- Up-to-date: /home/brsd/microros_ws/install/drive_base_msgs/share/ament_index/resource_index/package_run_dependencies/drive_base_msgs
[4.374s] -- Up-to-date: /home/brsd/microros_ws/install/drive_base_msgs/share/ament_index/resource_index/parent_prefix_path/drive_base_msgs
[4.375s] -- Up-to-date: /home/brsd/microros_ws/install/drive_base_msgs/share/drive_base_msgs/environment/ament_prefix_path.sh
[4.376s] -- Up-to-date: /home/brsd/microros_ws/install/drive_base_msgs/share/drive_base_msgs/environment/ament_prefix_path.dsv
[4.378s] -- Up-to-date: /home/brsd/microros_ws/install/drive_base_msgs/share/drive_base_msgs/environment/path.sh
[4.380s] -- Up-to-date: /home/brsd/microros_ws/install/drive_base_msgs/share/drive_base_msgs/environment/path.dsv
[4.381s] -- Up-to-date: /home/brsd/microros_ws/install/drive_base_msgs/share/drive_base_msgs/local_setup.bash
[4.382s] -- Up-to-date: /home/brsd/microros_ws/install/drive_base_msgs/share/drive_base_msgs/local_setup.sh
[4.384s] -- Up-to-date: /home/brsd/microros_ws/install/drive_base_msgs/share/drive_base_msgs/local_setup.zsh
[4.385s] -- Up-to-date: /home/brsd/microros_ws/install/drive_base_msgs/share/drive_base_msgs/local_setup.dsv
[4.386s] -- Installing: /home/brsd/microros_ws/install/drive_base_msgs/share/drive_base_msgs/package.dsv
[4.390s] -- Up-to-date: /home/brsd/microros_ws/install/drive_base_msgs/share/ament_index/resource_index/packages/drive_base_msgs
[4.397s] -- Up-to-date: /home/brsd/microros_ws/install/drive_base_msgs/share/drive_base_msgs/cmake/drive_base_msgs__rosidl_generator_cExport.cmake
[4.400s] -- Up-to-date: /home/brsd/microros_ws/install/drive_base_msgs/share/drive_base_msgs/cmake/drive_base_msgs__rosidl_generator_cExport-noconfig.cmake
[4.400s] -- Up-to-date: /home/brsd/microros_ws/install/drive_base_msgs/share/drive_base_msgs/cmake/drive_base_msgs__rosidl_typesupport_introspection_cExport.cmake
[4.401s] -- Up-to-date: /home/brsd/microros_ws/install/drive_base_msgs/share/drive_base_msgs/cmake/drive_base_msgs__rosidl_typesupport_introspection_cExport-noconfig.cmake
[4.404s] -- Up-to-date: /home/brsd/microros_ws/install/drive_base_msgs/share/drive_base_msgs/cmake/drive_base_msgs__rosidl_typesupport_cExport.cmake
[4.404s] -- Up-to-date: /home/brsd/microros_ws/install/drive_base_msgs/share/drive_base_msgs/cmake/drive_base_msgs__rosidl_typesupport_cExport-noconfig.cmake
[4.407s] -- Up-to-date: /home/brsd/microros_ws/install/drive_base_msgs/share/drive_base_msgs/cmake/drive_base_msgs__rosidl_generator_cppExport.cmake
[4.410s] -- Up-to-date: /home/brsd/microros_ws/install/drive_base_msgs/share/drive_base_msgs/cmake/drive_base_msgs__rosidl_typesupport_introspection_cppExport.cmake
[4.411s] -- Up-to-date: /home/brsd/microros_ws/install/drive_base_msgs/share/drive_base_msgs/cmake/drive_base_msgs__rosidl_typesupport_introspection_cppExport-noconfig.cmake
[4.417s] -- Up-to-date: /home/brsd/microros_ws/install/drive_base_msgs/share/drive_base_msgs/cmake/drive_base_msgs__rosidl_typesupport_cppExport.cmake
[4.419s] -- Up-to-date: /home/brsd/microros_ws/install/drive_base_msgs/share/drive_base_msgs/cmake/drive_base_msgs__rosidl_typesupport_cppExport-noconfig.cmake
[4.420s] -- Up-to-date: /home/brsd/microros_ws/install/drive_base_msgs/share/drive_base_msgs/cmake/rosidl_cmake-extras.cmake
[4.420s] -- Up-to-date: /home/brsd/microros_ws/install/drive_base_msgs/share/drive_base_msgs/cmake/ament_cmake_export_dependencies-extras.cmake
[4.421s] -- Up-to-date: /home/brsd/microros_ws/install/drive_base_msgs/share/drive_base_msgs/cmake/ament_cmake_export_libraries-extras.cmake
[4.421s] -- Up-to-date: /home/brsd/microros_ws/install/drive_base_msgs/share/drive_base_msgs/cmake/ament_cmake_export_targets-extras.cmake
[4.422s] -- Up-to-date: /home/brsd/microros_ws/install/drive_base_msgs/share/drive_base_msgs/cmake/ament_cmake_export_include_directories-extras.cmake
[4.422s] -- Up-to-date: /home/brsd/microros_ws/install/drive_base_msgs/share/drive_base_msgs/cmake/rosidl_cmake_export_typesupport_libraries-extras.cmake
[4.423s] -- Up-to-date: /home/brsd/microros_ws/install/drive_base_msgs/share/drive_base_msgs/cmake/rosidl_cmake_export_typesupport_targets-extras.cmake
[4.424s] -- Up-to-date: /home/brsd/microros_ws/install/drive_base_msgs/share/drive_base_msgs/cmake/drive_base_msgsConfig.cmake
[4.424s] -- Up-to-date: /home/brsd/microros_ws/install/drive_base_msgs/share/drive_base_msgs/cmake/drive_base_msgsConfig-version.cmake
[4.425s] -- Up-to-date: /home/brsd/microros_ws/install/drive_base_msgs/share/drive_base_msgs/package.xml
[4.441s] Invoked command in '/home/brsd/microros_ws/build/drive_base_msgs' returned '0': CMAKE_PREFIX_PATH=${CMAKE_PREFIX_PATH}:/home/brsd/microros_ws/install/object_detection_pkg:/home/brsd/microros_ws/install/joystick_input:/home/brsd/microros_ws/install/jetson_comm:/opt/ros/foxy /usr/bin/cmake --install /home/brsd/microros_ws/build/drive_base_msgs
