[3.733s] Invoking command in '/home/brsd/microros_ws/src/jetson_comm': PYTHONPATH=/home/brsd/microros_ws/build/jetson_comm/prefix_override:/usr/lib/python3/dist-packages/colcon_core/task/python/colcon_distutils_commands:/home/brsd/microros_ws/install/jetson_comm/lib/python3.8/site-packages:${PYTHONPATH} /usr/bin/python3 -W ignore:setup.py install is deprecated setup.py egg_info --egg-base ../../build/jetson_comm build --build-base /home/brsd/microros_ws/build/jetson_comm/build install --record /home/brsd/microros_ws/build/jetson_comm/install.log --install-scripts $base/lib/jetson_comm --single-version-externally-managed install_data
[4.851s] running egg_info
[4.854s] writing ../../build/jetson_comm/jetson_comm.egg-info/PKG-INFO
[4.857s] writing dependency_links to ../../build/jetson_comm/jetson_comm.egg-info/dependency_links.txt
[4.857s] writing entry points to ../../build/jetson_comm/jetson_comm.egg-info/entry_points.txt
[4.858s] writing requirements to ../../build/jetson_comm/jetson_comm.egg-info/requires.txt
[4.858s] writing top-level names to ../../build/jetson_comm/jetson_comm.egg-info/top_level.txt
[5.040s] reading manifest file '../../build/jetson_comm/jetson_comm.egg-info/SOURCES.txt'
[5.046s] writing manifest file '../../build/jetson_comm/jetson_comm.egg-info/SOURCES.txt'
[5.046s] running build
[5.047s] running build_py
[5.050s] running install
[5.054s] running install_lib
[5.061s] running install_data
[5.062s] running install_egg_info
[5.070s] removing '/home/brsd/microros_ws/install/jetson_comm/lib/python3.8/site-packages/jetson_comm-0.0.0-py3.8.egg-info' (and everything under it)
[5.071s] Copying ../../build/jetson_comm/jetson_comm.egg-info to /home/brsd/microros_ws/install/jetson_comm/lib/python3.8/site-packages/jetson_comm-0.0.0-py3.8.egg-info
[5.076s] running install_scripts
[5.156s] Installing jetson_node script to /home/brsd/microros_ws/install/jetson_comm/lib/jetson_comm
[5.161s] writing list of installed files to '/home/brsd/microros_ws/build/jetson_comm/install.log'
[5.370s] Invoked command in '/home/brsd/microros_ws/src/jetson_comm' returned '0': PYTHONPATH=/home/brsd/microros_ws/build/jetson_comm/prefix_override:/usr/lib/python3/dist-packages/colcon_core/task/python/colcon_distutils_commands:/home/brsd/microros_ws/install/jetson_comm/lib/python3.8/site-packages:${PYTHONPATH} /usr/bin/python3 -W ignore:setup.py install is deprecated setup.py egg_info --egg-base ../../build/jetson_comm build --build-base /home/brsd/microros_ws/build/jetson_comm/build install --record /home/brsd/microros_ws/build/jetson_comm/install.log --install-scripts $base/lib/jetson_comm --single-version-externally-managed install_data
