[3.859s] Invoking command in '/home/brsd/microros_ws/src/jetson_comm': PYTHONPATH=/home/brsd/microros_ws/build/jetson_comm/prefix_override:/usr/lib/python3/dist-packages/colcon_core/task/python/colcon_distutils_commands:/home/brsd/microros_ws/install/jetson_comm/lib/python3.8/site-packages:${PYTHONPATH} /usr/bin/python3 -W ignore:setup.py install is deprecated setup.py egg_info --egg-base ../../build/jetson_comm build --build-base /home/brsd/microros_ws/build/jetson_comm/build install --record /home/brsd/microros_ws/build/jetson_comm/install.log --install-scripts $base/lib/jetson_comm --single-version-externally-managed install_data
[5.596s] running egg_info
[5.601s] writing ../../build/jetson_comm/jetson_comm.egg-info/PKG-INFO
[5.606s] writing dependency_links to ../../build/jetson_comm/jetson_comm.egg-info/dependency_links.txt
[5.608s] writing entry points to ../../build/jetson_comm/jetson_comm.egg-info/entry_points.txt
[5.609s] writing requirements to ../../build/jetson_comm/jetson_comm.egg-info/requires.txt
[5.610s] writing top-level names to ../../build/jetson_comm/jetson_comm.egg-info/top_level.txt
[6.152s] reading manifest file '../../build/jetson_comm/jetson_comm.egg-info/SOURCES.txt'
[6.169s] writing manifest file '../../build/jetson_comm/jetson_comm.egg-info/SOURCES.txt'
[6.170s] running build
[6.170s] running build_py
[6.178s] running install
[6.198s] running install_lib
[6.205s] running install_data
[6.212s] running install_egg_info
[6.266s] removing '/home/brsd/microros_ws/install/jetson_comm/lib/python3.8/site-packages/jetson_comm-0.0.0-py3.8.egg-info' (and everything under it)
[6.268s] Copying ../../build/jetson_comm/jetson_comm.egg-info to /home/brsd/microros_ws/install/jetson_comm/lib/python3.8/site-packages/jetson_comm-0.0.0-py3.8.egg-info
[6.285s] running install_scripts
[6.488s] Installing jetson_node script to /home/brsd/microros_ws/install/jetson_comm/lib/jetson_comm
[6.493s] writing list of installed files to '/home/brsd/microros_ws/build/jetson_comm/install.log'
[7.968s] Invoked command in '/home/brsd/microros_ws/src/jetson_comm' returned '0': PYTHONPATH=/home/brsd/microros_ws/build/jetson_comm/prefix_override:/usr/lib/python3/dist-packages/colcon_core/task/python/colcon_distutils_commands:/home/brsd/microros_ws/install/jetson_comm/lib/python3.8/site-packages:${PYTHONPATH} /usr/bin/python3 -W ignore:setup.py install is deprecated setup.py egg_info --egg-base ../../build/jetson_comm build --build-base /home/brsd/microros_ws/build/jetson_comm/build install --record /home/brsd/microros_ws/build/jetson_comm/install.log --install-scripts $base/lib/jetson_comm --single-version-externally-managed install_data
