[6.935s] Invoking command in '/home/brsd/microros_ws/src/jetson_comm': PYTHONPATH=/home/brsd/microros_ws/build/jetson_comm/prefix_override:/usr/lib/python3/dist-packages/colcon_core/task/python/colcon_distutils_commands:/home/brsd/microros_ws/install/jetson_comm/lib/python3.8/site-packages:${PYTHONPATH} /usr/bin/python3 -W ignore:setup.py install is deprecated setup.py egg_info --egg-base ../../build/jetson_comm build --build-base /home/brsd/microros_ws/build/jetson_comm/build install --record /home/brsd/microros_ws/build/jetson_comm/install.log --install-scripts $base/lib/jetson_comm --single-version-externally-managed install_data
[11.150s] running egg_info
[11.161s] writing ../../build/jetson_comm/jetson_comm.egg-info/PKG-INFO
[11.166s] writing dependency_links to ../../build/jetson_comm/jetson_comm.egg-info/dependency_links.txt
[11.167s] writing entry points to ../../build/jetson_comm/jetson_comm.egg-info/entry_points.txt
[11.168s] writing requirements to ../../build/jetson_comm/jetson_comm.egg-info/requires.txt
[11.168s] writing top-level names to ../../build/jetson_comm/jetson_comm.egg-info/top_level.txt
[11.648s] reading manifest file '../../build/jetson_comm/jetson_comm.egg-info/SOURCES.txt'
[11.657s] writing manifest file '../../build/jetson_comm/jetson_comm.egg-info/SOURCES.txt'
[11.662s] running build
[11.663s] running build_py
[11.665s] running install
[11.670s] running install_lib
[11.694s] running install_data
[11.698s] running install_egg_info
[11.725s] removing '/home/brsd/microros_ws/install/jetson_comm/lib/python3.8/site-packages/jetson_comm-0.0.0-py3.8.egg-info' (and everything under it)
[11.741s] Copying ../../build/jetson_comm/jetson_comm.egg-info to /home/brsd/microros_ws/install/jetson_comm/lib/python3.8/site-packages/jetson_comm-0.0.0-py3.8.egg-info
[11.751s] running install_scripts
[11.973s] Installing jetson_node script to /home/brsd/microros_ws/install/jetson_comm/lib/jetson_comm
[11.976s] writing list of installed files to '/home/brsd/microros_ws/build/jetson_comm/install.log'
[12.246s] Invoked command in '/home/brsd/microros_ws/src/jetson_comm' returned '0': PYTHONPATH=/home/brsd/microros_ws/build/jetson_comm/prefix_override:/usr/lib/python3/dist-packages/colcon_core/task/python/colcon_distutils_commands:/home/brsd/microros_ws/install/jetson_comm/lib/python3.8/site-packages:${PYTHONPATH} /usr/bin/python3 -W ignore:setup.py install is deprecated setup.py egg_info --egg-base ../../build/jetson_comm build --build-base /home/brsd/microros_ws/build/jetson_comm/build install --record /home/brsd/microros_ws/build/jetson_comm/install.log --install-scripts $base/lib/jetson_comm --single-version-externally-managed install_data
