running egg_info
writing ../../build/pathfinding/pathfinding.egg-info/PKG-INFO
writing dependency_links to ../../build/pathfinding/pathfinding.egg-info/dependency_links.txt
writing entry points to ../../build/pathfinding/pathfinding.egg-info/entry_points.txt
writing requirements to ../../build/pathfinding/pathfinding.egg-info/requires.txt
writing top-level names to ../../build/pathfinding/pathfinding.egg-info/top_level.txt
reading manifest file '../../build/pathfinding/pathfinding.egg-info/SOURCES.txt'
writing manifest file '../../build/pathfinding/pathfinding.egg-info/SOURCES.txt'
running build
running build_py
copying pathfinding/image__display.py -> /home/brsd/microros_ws/build/pathfinding/build/lib/pathfinding
running install
running install_lib
copying /home/brsd/microros_ws/build/pathfinding/build/lib/pathfinding/image__display.py -> /home/brsd/microros_ws/install/pathfinding/lib/python3.8/site-packages/pathfinding
byte-compiling /home/brsd/microros_ws/install/pathfinding/lib/python3.8/site-packages/pathfinding/image__display.py to image__display.cpython-38.pyc
running install_data
running install_egg_info
removing '/home/brsd/microros_ws/install/pathfinding/lib/python3.8/site-packages/pathfinding-0.0.0-py3.8.egg-info' (and everything under it)
Copying ../../build/pathfinding/pathfinding.egg-info to /home/brsd/microros_ws/install/pathfinding/lib/python3.8/site-packages/pathfinding-0.0.0-py3.8.egg-info
running install_scripts
Installing image_display_node script to /home/brsd/microros_ws/install/pathfinding/lib/pathfinding
Installing pathfinding_node script to /home/brsd/microros_ws/install/pathfinding/lib/pathfinding
writing list of installed files to '/home/brsd/microros_ws/build/pathfinding/install.log'
