[4.899s] Invoking command in '/home/brsd/microros_ws/src/pathfinding': PYTHONPATH=/home/brsd/microros_ws/build/pathfinding/prefix_override:/usr/lib/python3/dist-packages/colcon_core/task/python/colcon_distutils_commands:/home/brsd/microros_ws/install/pathfinding/lib/python3.8/site-packages:${PYTHONPATH} /usr/bin/python3 -W ignore:setup.py install is deprecated setup.py egg_info --egg-base ../../build/pathfinding build --build-base /home/brsd/microros_ws/build/pathfinding/build install --record /home/brsd/microros_ws/build/pathfinding/install.log --install-scripts $base/lib/pathfinding --single-version-externally-managed install_data
[6.648s] running egg_info
[6.651s] writing ../../build/pathfinding/pathfinding.egg-info/PKG-INFO
[6.654s] writing dependency_links to ../../build/pathfinding/pathfinding.egg-info/dependency_links.txt
[6.654s] writing entry points to ../../build/pathfinding/pathfinding.egg-info/entry_points.txt
[6.655s] writing requirements to ../../build/pathfinding/pathfinding.egg-info/requires.txt
[6.655s] writing top-level names to ../../build/pathfinding/pathfinding.egg-info/top_level.txt
[6.894s] reading manifest file '../../build/pathfinding/pathfinding.egg-info/SOURCES.txt'
[6.900s] writing manifest file '../../build/pathfinding/pathfinding.egg-info/SOURCES.txt'
[6.900s] running build
[6.912s] running build_py
[6.914s] copying pathfinding/image__display.py -> /home/brsd/microros_ws/build/pathfinding/build/lib/pathfinding
[6.922s] running install
[6.926s] running install_lib
[6.944s] copying /home/brsd/microros_ws/build/pathfinding/build/lib/pathfinding/image__display.py -> /home/brsd/microros_ws/install/pathfinding/lib/python3.8/site-packages/pathfinding
[6.950s] byte-compiling /home/brsd/microros_ws/install/pathfinding/lib/python3.8/site-packages/pathfinding/image__display.py to image__display.cpython-38.pyc
[6.964s] running install_data
[6.964s] running install_egg_info
[6.980s] removing '/home/brsd/microros_ws/install/pathfinding/lib/python3.8/site-packages/pathfinding-0.0.0-py3.8.egg-info' (and everything under it)
[6.982s] Copying ../../build/pathfinding/pathfinding.egg-info to /home/brsd/microros_ws/install/pathfinding/lib/python3.8/site-packages/pathfinding-0.0.0-py3.8.egg-info
[6.997s] running install_scripts
[7.090s] Installing image_display_node script to /home/brsd/microros_ws/install/pathfinding/lib/pathfinding
[7.091s] Installing pathfinding_node script to /home/brsd/microros_ws/install/pathfinding/lib/pathfinding
[7.092s] writing list of installed files to '/home/brsd/microros_ws/build/pathfinding/install.log'
[7.219s] Invoked command in '/home/brsd/microros_ws/src/pathfinding' returned '0': PYTHONPATH=/home/brsd/microros_ws/build/pathfinding/prefix_override:/usr/lib/python3/dist-packages/colcon_core/task/python/colcon_distutils_commands:/home/brsd/microros_ws/install/pathfinding/lib/python3.8/site-packages:${PYTHONPATH} /usr/bin/python3 -W ignore:setup.py install is deprecated setup.py egg_info --egg-base ../../build/pathfinding build --build-base /home/brsd/microros_ws/build/pathfinding/build install --record /home/brsd/microros_ws/build/pathfinding/install.log --install-scripts $base/lib/pathfinding --single-version-externally-managed install_data
