[0.111s] Invoking command in '/home/brsd/microros_ws/build/multisense_ros': CMAKE_PREFIX_PATH=/home/brsd/microros_ws/install/xacro:/home/brsd/microros_ws/install/multisense_msgs:/home/brsd/microros_ws/install/multisense_lib:/home/brsd/microros_ws/install/multisense_ros:/home/brsd/microros_ws/install/micro_ros_setup:/home/brsd/microros_ws/install/micro_ros_agent:/home/brsd/microros_ws/install/micro_ros_msgs:/home/brsd/microros_ws/install/drive_base_msgs:/home/brsd/microros_ws/install/object_detection_pkg:/home/brsd/microros_ws/install/joystick_input:/home/brsd/microros_ws/install/jetson_comm:/opt/ros/foxy PYTHONPATH=/home/brsd/microros_ws/install/xacro/lib/python3.8/site-packages:/home/brsd/microros_ws/install/multisense_msgs/lib/python3.8/site-packages:/home/brsd/microros_ws/install/object_detection_pkg/lib/python3.8/site-packages:/home/brsd/microros_ws/install/micro_ros_msgs/lib/python3.8/site-packages:/home/brsd/microros_ws/install/joystick_input/lib/python3.8/site-packages:/home/brsd/microros_ws/install/jetson_comm/lib/python3.8/site-packages:/home/brsd/microros_ws/install/drive_base_msgs/lib/python3.8/site-packages:/opt/ros/foxy/lib/python3.8/site-packages /usr/bin/cmake --build /home/brsd/microros_ws/build/multisense_ros -- -j4 -l4
[0.521s] [ 83%] Built target multisense_ros
[0.742s] [100%] Built target ros_driver
[0.794s] Invoked command in '/home/brsd/microros_ws/build/multisense_ros' returned '0': CMAKE_PREFIX_PATH=/home/brsd/microros_ws/install/xacro:/home/brsd/microros_ws/install/multisense_msgs:/home/brsd/microros_ws/install/multisense_lib:/home/brsd/microros_ws/install/multisense_ros:/home/brsd/microros_ws/install/micro_ros_setup:/home/brsd/microros_ws/install/micro_ros_agent:/home/brsd/microros_ws/install/micro_ros_msgs:/home/brsd/microros_ws/install/drive_base_msgs:/home/brsd/microros_ws/install/object_detection_pkg:/home/brsd/microros_ws/install/joystick_input:/home/brsd/microros_ws/install/jetson_comm:/opt/ros/foxy PYTHONPATH=/home/brsd/microros_ws/install/xacro/lib/python3.8/site-packages:/home/brsd/microros_ws/install/multisense_msgs/lib/python3.8/site-packages:/home/brsd/microros_ws/install/object_detection_pkg/lib/python3.8/site-packages:/home/brsd/microros_ws/install/micro_ros_msgs/lib/python3.8/site-packages:/home/brsd/microros_ws/install/joystick_input/lib/python3.8/site-packages:/home/brsd/microros_ws/install/jetson_comm/lib/python3.8/site-packages:/home/brsd/microros_ws/install/drive_base_msgs/lib/python3.8/site-packages:/opt/ros/foxy/lib/python3.8/site-packages /usr/bin/cmake --build /home/brsd/microros_ws/build/multisense_ros -- -j4 -l4
[0.994s] Invoking command in '/home/brsd/microros_ws/build/multisense_ros': CMAKE_PREFIX_PATH=/home/brsd/microros_ws/install/xacro:/home/brsd/microros_ws/install/multisense_msgs:/home/brsd/microros_ws/install/multisense_lib:/home/brsd/microros_ws/install/multisense_ros:/home/brsd/microros_ws/install/micro_ros_setup:/home/brsd/microros_ws/install/micro_ros_agent:/home/brsd/microros_ws/install/micro_ros_msgs:/home/brsd/microros_ws/install/drive_base_msgs:/home/brsd/microros_ws/install/object_detection_pkg:/home/brsd/microros_ws/install/joystick_input:/home/brsd/microros_ws/install/jetson_comm:/opt/ros/foxy PYTHONPATH=/home/brsd/microros_ws/install/xacro/lib/python3.8/site-packages:/home/brsd/microros_ws/install/multisense_msgs/lib/python3.8/site-packages:/home/brsd/microros_ws/install/object_detection_pkg/lib/python3.8/site-packages:/home/brsd/microros_ws/install/micro_ros_msgs/lib/python3.8/site-packages:/home/brsd/microros_ws/install/joystick_input/lib/python3.8/site-packages:/home/brsd/microros_ws/install/jetson_comm/lib/python3.8/site-packages:/home/brsd/microros_ws/install/drive_base_msgs/lib/python3.8/site-packages:/opt/ros/foxy/lib/python3.8/site-packages /usr/bin/cmake --install /home/brsd/microros_ws/build/multisense_ros
[1.041s] -- Install configuration: "Release"
[1.042s] -- Up-to-date: /home/brsd/microros_ws/install/multisense_ros/lib/multisense_ros/ros_driver
[1.043s] -- Up-to-date: /home/brsd/microros_ws/install/multisense_ros/share/multisense_ros/launch
[1.044s] -- Up-to-date: /home/brsd/microros_ws/install/multisense_ros/share/multisense_ros/launch/multisense_launch.py
[1.044s] -- Up-to-date: /home/brsd/microros_ws/install/multisense_ros/share/multisense_ros/materials
[1.045s] -- Up-to-date: /home/brsd/microros_ws/install/multisense_ros/share/multisense_ros/materials/textures
[1.056s] -- Up-to-date: /home/brsd/microros_ws/install/multisense_ros/share/multisense_ros/materials/textures/head_diffuse.jpg
[1.057s] -- Up-to-date: /home/brsd/microros_ws/install/multisense_ros/share/multisense_ros/meshes
[1.058s] -- Up-to-date: /home/brsd/microros_ws/install/multisense_ros/share/multisense_ros/meshes/multisense_s7s.STL
[1.058s] -- Up-to-date: /home/brsd/microros_ws/install/multisense_ros/share/multisense_ros/meshes/multisense_ks21.STL
[1.059s] -- Up-to-date: /home/brsd/microros_ws/install/multisense_ros/share/multisense_ros/meshes/multisense_s30.STL
[1.060s] -- Up-to-date: /home/brsd/microros_ws/install/multisense_ros/share/multisense_ros/meshes/head.dae
[1.061s] -- Up-to-date: /home/brsd/microros_ws/install/multisense_ros/share/multisense_ros/meshes/base_link.STL
[1.061s] -- Up-to-date: /home/brsd/microros_ws/install/multisense_ros/share/multisense_ros/meshes/multisense_s21.STL
[1.062s] -- Up-to-date: /home/brsd/microros_ws/install/multisense_ros/share/multisense_ros/meshes/multisense_s7.STL
[1.063s] -- Up-to-date: /home/brsd/microros_ws/install/multisense_ros/share/multisense_ros/meshes/head_camera.dae
[1.064s] -- Up-to-date: /home/brsd/microros_ws/install/multisense_ros/share/multisense_ros/meshes/hokuyo_link.STL
[1.065s] -- Up-to-date: /home/brsd/microros_ws/install/multisense_ros/share/multisense_ros/meshes/multisense_s27.STL
[1.065s] -- Up-to-date: /home/brsd/microros_ws/install/multisense_ros/share/multisense_ros/urdf
[1.066s] -- Up-to-date: /home/brsd/microros_ws/install/multisense_ros/share/multisense_ros/urdf/S7S
[1.066s] -- Up-to-date: /home/brsd/microros_ws/install/multisense_ros/share/multisense_ros/urdf/S7S/multisenseS7S.urdf.xacro
[1.066s] -- Up-to-date: /home/brsd/microros_ws/install/multisense_ros/share/multisense_ros/urdf/S7S/standalone.urdf.xacro
[1.067s] -- Up-to-date: /home/brsd/microros_ws/install/multisense_ros/share/multisense_ros/urdf/KS21
[1.067s] -- Up-to-date: /home/brsd/microros_ws/install/multisense_ros/share/multisense_ros/urdf/KS21/standalone.urdf.xacro
[1.067s] -- Up-to-date: /home/brsd/microros_ws/install/multisense_ros/share/multisense_ros/urdf/KS21/multisenseKS21.urdf.xacro
[1.068s] -- Up-to-date: /home/brsd/microros_ws/install/multisense_ros/share/multisense_ros/urdf/SL
[1.068s] -- Up-to-date: /home/brsd/microros_ws/install/multisense_ros/share/multisense_ros/urdf/SL/multisenseSL.urdf.xacro
[1.068s] -- Up-to-date: /home/brsd/microros_ws/install/multisense_ros/share/multisense_ros/urdf/SL/standalone.urdf.xacro
[1.069s] -- Up-to-date: /home/brsd/microros_ws/install/multisense_ros/share/multisense_ros/urdf/S21
[1.069s] -- Up-to-date: /home/brsd/microros_ws/install/multisense_ros/share/multisense_ros/urdf/S21/standalone.urdf.xacro
[1.069s] -- Up-to-date: /home/brsd/microros_ws/install/multisense_ros/share/multisense_ros/urdf/S21/multisenseS21.urdf.xacro
[1.070s] -- Up-to-date: /home/brsd/microros_ws/install/multisense_ros/share/multisense_ros/urdf/S27
[1.070s] -- Up-to-date: /home/brsd/microros_ws/install/multisense_ros/share/multisense_ros/urdf/S27/multisenseS27.urdf.xacro
[1.071s] -- Up-to-date: /home/brsd/microros_ws/install/multisense_ros/share/multisense_ros/urdf/S27/standalone.urdf.xacro
[1.071s] -- Up-to-date: /home/brsd/microros_ws/install/multisense_ros/share/multisense_ros/urdf/S7
[1.071s] -- Up-to-date: /home/brsd/microros_ws/install/multisense_ros/share/multisense_ros/urdf/S7/multisenseS7.urdf.xacro
[1.072s] -- Up-to-date: /home/brsd/microros_ws/install/multisense_ros/share/multisense_ros/urdf/S7/standalone.urdf.xacro
[1.072s] -- Up-to-date: /home/brsd/microros_ws/install/multisense_ros/share/multisense_ros/urdf/S30
[1.073s] -- Up-to-date: /home/brsd/microros_ws/install/multisense_ros/share/multisense_ros/urdf/S30/multisenseS30.urdf.xacro
[1.073s] -- Up-to-date: /home/brsd/microros_ws/install/multisense_ros/share/multisense_ros/urdf/S30/standalone.urdf.xacro
[1.073s] -- Up-to-date: /home/brsd/microros_ws/install/multisense_ros/share/ament_index/resource_index/package_run_dependencies/multisense_ros
[1.074s] -- Up-to-date: /home/brsd/microros_ws/install/multisense_ros/share/ament_index/resource_index/parent_prefix_path/multisense_ros
[1.074s] -- Up-to-date: /home/brsd/microros_ws/install/multisense_ros/share/multisense_ros/environment/ament_prefix_path.sh
[1.075s] -- Up-to-date: /home/brsd/microros_ws/install/multisense_ros/share/multisense_ros/environment/ament_prefix_path.dsv
[1.075s] -- Up-to-date: /home/brsd/microros_ws/install/multisense_ros/share/multisense_ros/environment/path.sh
[1.103s] -- Up-to-date: /home/brsd/microros_ws/install/multisense_ros/share/multisense_ros/environment/path.dsv
[1.103s] -- Up-to-date: /home/brsd/microros_ws/install/multisense_ros/share/multisense_ros/local_setup.bash
[1.104s] -- Up-to-date: /home/brsd/microros_ws/install/multisense_ros/share/multisense_ros/local_setup.sh
[1.104s] -- Up-to-date: /home/brsd/microros_ws/install/multisense_ros/share/multisense_ros/local_setup.zsh
[1.104s] -- Up-to-date: /home/brsd/microros_ws/install/multisense_ros/share/multisense_ros/local_setup.dsv
[1.105s] -- Installing: /home/brsd/microros_ws/install/multisense_ros/share/multisense_ros/package.dsv
[1.105s] -- Up-to-date: /home/brsd/microros_ws/install/multisense_ros/share/ament_index/resource_index/packages/multisense_ros
[1.105s] -- Up-to-date: /home/brsd/microros_ws/install/multisense_ros/share/multisense_ros/cmake/multisense_rosConfig.cmake
[1.106s] -- Up-to-date: /home/brsd/microros_ws/install/multisense_ros/share/multisense_ros/cmake/multisense_rosConfig-version.cmake
[1.106s] -- Up-to-date: /home/brsd/microros_ws/install/multisense_ros/share/multisense_ros/package.xml
[1.107s] Invoked command in '/home/brsd/microros_ws/build/multisense_ros' returned '0': CMAKE_PREFIX_PATH=/home/brsd/microros_ws/install/xacro:/home/brsd/microros_ws/install/multisense_msgs:/home/brsd/microros_ws/install/multisense_lib:/home/brsd/microros_ws/install/multisense_ros:/home/brsd/microros_ws/install/micro_ros_setup:/home/brsd/microros_ws/install/micro_ros_agent:/home/brsd/microros_ws/install/micro_ros_msgs:/home/brsd/microros_ws/install/drive_base_msgs:/home/brsd/microros_ws/install/object_detection_pkg:/home/brsd/microros_ws/install/joystick_input:/home/brsd/microros_ws/install/jetson_comm:/opt/ros/foxy PYTHONPATH=/home/brsd/microros_ws/install/xacro/lib/python3.8/site-packages:/home/brsd/microros_ws/install/multisense_msgs/lib/python3.8/site-packages:/home/brsd/microros_ws/install/object_detection_pkg/lib/python3.8/site-packages:/home/brsd/microros_ws/install/micro_ros_msgs/lib/python3.8/site-packages:/home/brsd/microros_ws/install/joystick_input/lib/python3.8/site-packages:/home/brsd/microros_ws/install/jetson_comm/lib/python3.8/site-packages:/home/brsd/microros_ws/install/drive_base_msgs/lib/python3.8/site-packages:/opt/ros/foxy/lib/python3.8/site-packages /usr/bin/cmake --install /home/brsd/microros_ws/build/multisense_ros
