[7.354s] Invoking command in '/home/brsd/microros_ws/src/pathfinding': PYTHONPATH=/home/brsd/microros_ws/build/pathfinding/prefix_override:/usr/lib/python3/dist-packages/colcon_core/task/python/colcon_distutils_commands:/home/brsd/microros_ws/install/pathfinding/lib/python3.8/site-packages:${PYTHONPATH} /usr/bin/python3 -W ignore:setup.py install is deprecated setup.py egg_info --egg-base ../../build/pathfinding build --build-base /home/brsd/microros_ws/build/pathfinding/build install --record /home/brsd/microros_ws/build/pathfinding/install.log --install-scripts $base/lib/pathfinding --single-version-externally-managed install_data
[10.492s] running egg_info
[10.500s] writing ../../build/pathfinding/pathfinding.egg-info/PKG-INFO
[10.512s] writing dependency_links to ../../build/pathfinding/pathfinding.egg-info/dependency_links.txt
[10.522s] writing entry points to ../../build/pathfinding/pathfinding.egg-info/entry_points.txt
[10.527s] writing requirements to ../../build/pathfinding/pathfinding.egg-info/requires.txt
[10.530s] writing top-level names to ../../build/pathfinding/pathfinding.egg-info/top_level.txt
[10.912s] reading manifest file '../../build/pathfinding/pathfinding.egg-info/SOURCES.txt'
[10.926s] writing manifest file '../../build/pathfinding/pathfinding.egg-info/SOURCES.txt'
[10.930s] running build
[10.931s] running build_py
[10.932s] copying pathfinding/image_display.py -> /home/brsd/microros_ws/build/pathfinding/build/lib/pathfinding
[10.939s] running install
[10.945s] running install_lib
[10.953s] copying /home/brsd/microros_ws/build/pathfinding/build/lib/pathfinding/image_display.py -> /home/brsd/microros_ws/install/pathfinding/lib/python3.8/site-packages/pathfinding
[10.960s] byte-compiling /home/brsd/microros_ws/install/pathfinding/lib/python3.8/site-packages/pathfinding/image_display.py to image_display.cpython-38.pyc
[10.972s] running install_data
[10.974s] running install_egg_info
[10.989s] removing '/home/brsd/microros_ws/install/pathfinding/lib/python3.8/site-packages/pathfinding-0.0.0-py3.8.egg-info' (and everything under it)
[10.995s] Copying ../../build/pathfinding/pathfinding.egg-info to /home/brsd/microros_ws/install/pathfinding/lib/python3.8/site-packages/pathfinding-0.0.0-py3.8.egg-info
[11.008s] running install_scripts
[11.174s] Installing image_display_node script to /home/brsd/microros_ws/install/pathfinding/lib/pathfinding
[11.182s] Installing pathfinding_node script to /home/brsd/microros_ws/install/pathfinding/lib/pathfinding
[11.186s] writing list of installed files to '/home/brsd/microros_ws/build/pathfinding/install.log'
[11.334s] Invoked command in '/home/brsd/microros_ws/src/pathfinding' returned '0': PYTHONPATH=/home/brsd/microros_ws/build/pathfinding/prefix_override:/usr/lib/python3/dist-packages/colcon_core/task/python/colcon_distutils_commands:/home/brsd/microros_ws/install/pathfinding/lib/python3.8/site-packages:${PYTHONPATH} /usr/bin/python3 -W ignore:setup.py install is deprecated setup.py egg_info --egg-base ../../build/pathfinding build --build-base /home/brsd/microros_ws/build/pathfinding/build install --record /home/brsd/microros_ws/build/pathfinding/install.log --install-scripts $base/lib/pathfinding --single-version-externally-managed install_data
