[0.196s] Invoking command in '/home/brsd/microros_ws/build/multisense_lib': CMAKE_PREFIX_PATH=${CMAKE_PREFIX_PATH}:/home/brsd/microros_ws/install/person_detection:/home/brsd/microros_ws/install/object_detection_pkg:/home/brsd/microros_ws/install/joystick_input:/home/brsd/microros_ws/install/jetson_comm:/opt/ros/foxy /usr/bin/cmake --build /home/brsd/microros_ws/build/multisense_lib -- -j4 -l4
[0.781s] [ 19%] Built target MultiSense
[0.926s] [ 23%] Built target ChangeResolution
[1.015s] [ 27%] Built target AprilTagTestUtility
[1.131s] [ 31%] Built target ChangeFps
[1.192s] [ 36%] Built target ChangeIpUtility
[1.314s] [ 40%] Built target ChangeTransmitDelay
[1.337s] [ 44%] Built target ColorImageUtility
[1.364s] [ 48%] Built target DeviceInfoUtility
[1.483s] [ 53%] Built target DepthImageUtility
[1.502s] [ 57%] Built target FeatureDetectorUtility
[1.510s] [ 61%] Built target ExternalCalUtility
[1.534s] [ 65%] Built target FlashUtility
[1.649s] [ 70%] Built target ImuConfigUtility
[1.664s] [ 74%] Built target ImuTestUtility
[1.690s] [ 78%] Built target ImageCalUtility
[1.755s] [ 82%] Built target LidarCalUtility
[1.802s] [ 87%] Built target PointCloudUtility
[1.820s] [ 91%] Built target RectifiedFocalLengthUtility
[1.871s] [ 95%] Built target SaveImageUtility
[1.887s] [100%] Built target VersionInfoUtility
[1.953s] Invoked command in '/home/brsd/microros_ws/build/multisense_lib' returned '0': CMAKE_PREFIX_PATH=${CMAKE_PREFIX_PATH}:/home/brsd/microros_ws/install/person_detection:/home/brsd/microros_ws/install/object_detection_pkg:/home/brsd/microros_ws/install/joystick_input:/home/brsd/microros_ws/install/jetson_comm:/opt/ros/foxy /usr/bin/cmake --build /home/brsd/microros_ws/build/multisense_lib -- -j4 -l4
[2.318s] Invoking command in '/home/brsd/microros_ws/build/multisense_lib': CMAKE_PREFIX_PATH=${CMAKE_PREFIX_PATH}:/home/brsd/microros_ws/install/person_detection:/home/brsd/microros_ws/install/object_detection_pkg:/home/brsd/microros_ws/install/joystick_input:/home/brsd/microros_ws/install/jetson_comm:/opt/ros/foxy /usr/bin/cmake --install /home/brsd/microros_ws/build/multisense_lib
[2.361s] -- Install configuration: "Release"
[2.363s] -- Up-to-date: /home/brsd/microros_ws/install/multisense_lib/share/multisense_lib/environment/library_path.sh
[2.365s] -- Up-to-date: /home/brsd/microros_ws/install/multisense_lib/share/multisense_lib/environment/library_path.dsv
[2.366s] -- Up-to-date: /home/brsd/microros_ws/install/multisense_lib/share/ament_index/resource_index/package_run_dependencies/multisense_lib
[2.367s] -- Up-to-date: /home/brsd/microros_ws/install/multisense_lib/share/ament_index/resource_index/parent_prefix_path/multisense_lib
[2.367s] -- Up-to-date: /home/brsd/microros_ws/install/multisense_lib/share/multisense_lib/environment/ament_prefix_path.sh
[2.369s] -- Up-to-date: /home/brsd/microros_ws/install/multisense_lib/share/multisense_lib/environment/ament_prefix_path.dsv
[2.369s] -- Up-to-date: /home/brsd/microros_ws/install/multisense_lib/share/multisense_lib/environment/path.sh
[2.370s] -- Up-to-date: /home/brsd/microros_ws/install/multisense_lib/share/multisense_lib/environment/path.dsv
[2.370s] -- Up-to-date: /home/brsd/microros_ws/install/multisense_lib/share/multisense_lib/local_setup.bash
[2.371s] -- Up-to-date: /home/brsd/microros_ws/install/multisense_lib/share/multisense_lib/local_setup.sh
[2.371s] -- Up-to-date: /home/brsd/microros_ws/install/multisense_lib/share/multisense_lib/local_setup.zsh
[2.372s] -- Up-to-date: /home/brsd/microros_ws/install/multisense_lib/share/multisense_lib/local_setup.dsv
[2.372s] -- Installing: /home/brsd/microros_ws/install/multisense_lib/share/multisense_lib/package.dsv
[2.374s] -- Up-to-date: /home/brsd/microros_ws/install/multisense_lib/share/ament_index/resource_index/packages/multisense_lib
[2.377s] -- Up-to-date: /home/brsd/microros_ws/install/multisense_lib/share/multisense_lib/cmake/ament_cmake_export_include_directories-extras.cmake
[2.378s] -- Up-to-date: /home/brsd/microros_ws/install/multisense_lib/share/multisense_lib/cmake/ament_cmake_export_libraries-extras.cmake
[2.379s] -- Up-to-date: /home/brsd/microros_ws/install/multisense_lib/share/multisense_lib/cmake/multisense_libConfig.cmake
[2.380s] -- Up-to-date: /home/brsd/microros_ws/install/multisense_lib/share/multisense_lib/cmake/multisense_libConfig-version.cmake
[2.388s] -- Up-to-date: /home/brsd/microros_ws/install/multisense_lib/share/multisense_lib/package.xml
[2.391s] -- Up-to-date: /home/brsd/microros_ws/install/multisense_lib/lib/pkgconfig/LibMultiSense.pc
[2.395s] -- Up-to-date: /home/brsd/microros_ws/install/multisense_lib/lib/libMultiSense.so.6.1.0
[2.396s] -- Up-to-date: /home/brsd/microros_ws/install/multisense_lib/lib/libMultiSense.so
[2.396s] -- Up-to-date: /home/brsd/microros_ws/install/multisense_lib/include/MultiSense/MultiSenseChannel.hh
[2.397s] -- Up-to-date: /home/brsd/microros_ws/install/multisense_lib/include/MultiSense/MultiSenseTypes.hh
[2.402s] -- Up-to-date: /home/brsd/microros_ws/install/multisense_lib/lib/cmake/MultiSense/MultiSenseTargets.cmake
[2.406s] -- Up-to-date: /home/brsd/microros_ws/install/multisense_lib/lib/cmake/MultiSense/MultiSenseTargets-release.cmake
[2.408s] -- Up-to-date: /home/brsd/microros_ws/install/multisense_lib/lib/cmake/MultiSense/MultiSenseConfig.cmake
[2.410s] -- Up-to-date: /home/brsd/microros_ws/install/multisense_lib/lib/cmake/MultiSense/MultiSenseConfigVersion.cmake
[2.411s] -- Up-to-date: /home/brsd/microros_ws/install/multisense_lib/include/MultiSense/MultiSenseChannel.hh
[2.413s] -- Up-to-date: /home/brsd/microros_ws/install/multisense_lib/include/MultiSense/MultiSenseTypes.hh
[2.414s] -- Up-to-date: /home/brsd/microros_ws/install/multisense_lib/bin/AprilTagTestUtility
[2.419s] -- Up-to-date: /home/brsd/microros_ws/install/multisense_lib/bin/ChangeFps
[2.430s] -- Up-to-date: /home/brsd/microros_ws/install/multisense_lib/bin/ChangeIpUtility
[2.442s] -- Up-to-date: /home/brsd/microros_ws/install/multisense_lib/bin/ChangeResolution
[2.450s] -- Up-to-date: /home/brsd/microros_ws/install/multisense_lib/bin/ChangeTransmitDelay
[2.463s] -- Up-to-date: /home/brsd/microros_ws/install/multisense_lib/bin/ColorImageUtility
[2.467s] -- Up-to-date: /home/brsd/microros_ws/install/multisense_lib/bin/DeviceInfoUtility
[2.476s] -- Up-to-date: /home/brsd/microros_ws/install/multisense_lib/bin/DepthImageUtility
[2.481s] -- Up-to-date: /home/brsd/microros_ws/install/multisense_lib/bin/ExternalCalUtility
[2.487s] -- Up-to-date: /home/brsd/microros_ws/install/multisense_lib/bin/FeatureDetectorUtility
[2.489s] -- Up-to-date: /home/brsd/microros_ws/install/multisense_lib/bin/MultiSenseUpdater
[2.492s] -- Up-to-date: /home/brsd/microros_ws/install/multisense_lib/bin/FlashUtility
[2.497s] -- Up-to-date: /home/brsd/microros_ws/install/multisense_lib/bin/ImageCalUtility
[2.503s] -- Up-to-date: /home/brsd/microros_ws/install/multisense_lib/bin/ImuConfigUtility
[2.508s] -- Up-to-date: /home/brsd/microros_ws/install/multisense_lib/bin/ImuTestUtility
[2.524s] -- Up-to-date: /home/brsd/microros_ws/install/multisense_lib/bin/LidarCalUtility
[2.532s] -- Up-to-date: /home/brsd/microros_ws/install/multisense_lib/bin/PointCloudUtility
[2.533s] -- Up-to-date: /home/brsd/microros_ws/install/multisense_lib/bin/RectifiedFocalLengthUtility
[2.534s] -- Up-to-date: /home/brsd/microros_ws/install/multisense_lib/bin/SaveImageUtility
[2.539s] -- Up-to-date: /home/brsd/microros_ws/install/multisense_lib/bin/VersionInfoUtility
[2.550s] Invoked command in '/home/brsd/microros_ws/build/multisense_lib' returned '0': CMAKE_PREFIX_PATH=${CMAKE_PREFIX_PATH}:/home/brsd/microros_ws/install/person_detection:/home/brsd/microros_ws/install/object_detection_pkg:/home/brsd/microros_ws/install/joystick_input:/home/brsd/microros_ws/install/jetson_comm:/opt/ros/foxy /usr/bin/cmake --install /home/brsd/microros_ws/build/multisense_lib
