[5.595s] Invoking command in '/home/brsd/microros_ws/src/joystick_input': PYTHONPATH=/home/brsd/microros_ws/build/joystick_input/prefix_override:/usr/lib/python3/dist-packages/colcon_core/task/python/colcon_distutils_commands:/home/brsd/microros_ws/install/joystick_input/lib/python3.8/site-packages:${PYTHONPATH} /usr/bin/python3 -W ignore:setup.py install is deprecated setup.py egg_info --egg-base ../../build/joystick_input build --build-base /home/brsd/microros_ws/build/joystick_input/build install --record /home/brsd/microros_ws/build/joystick_input/install.log --install-scripts $base/lib/joystick_input --single-version-externally-managed install_data
[7.968s] running egg_info
[7.980s] writing ../../build/joystick_input/joystick_input.egg-info/PKG-INFO
[7.983s] writing dependency_links to ../../build/joystick_input/joystick_input.egg-info/dependency_links.txt
[7.985s] writing entry points to ../../build/joystick_input/joystick_input.egg-info/entry_points.txt
[7.988s] writing requirements to ../../build/joystick_input/joystick_input.egg-info/requires.txt
[7.990s] writing top-level names to ../../build/joystick_input/joystick_input.egg-info/top_level.txt
[8.197s] reading manifest file '../../build/joystick_input/joystick_input.egg-info/SOURCES.txt'
[8.200s] writing manifest file '../../build/joystick_input/joystick_input.egg-info/SOURCES.txt'
[8.202s] running build
[8.205s] running build_py
[8.206s] running install
[8.206s] running install_lib
[8.210s] running install_data
[8.210s] running install_egg_info
[8.225s] removing '/home/brsd/microros_ws/install/joystick_input/lib/python3.8/site-packages/joystick_input-0.0.0-py3.8.egg-info' (and everything under it)
[8.226s] Copying ../../build/joystick_input/joystick_input.egg-info to /home/brsd/microros_ws/install/joystick_input/lib/python3.8/site-packages/joystick_input-0.0.0-py3.8.egg-info
[8.226s] running install_scripts
[8.312s] Installing joystick_node script to /home/brsd/microros_ws/install/joystick_input/lib/joystick_input
[8.315s] writing list of installed files to '/home/brsd/microros_ws/build/joystick_input/install.log'
[10.295s] Invoked command in '/home/brsd/microros_ws/src/joystick_input' returned '0': PYTHONPATH=/home/brsd/microros_ws/build/joystick_input/prefix_override:/usr/lib/python3/dist-packages/colcon_core/task/python/colcon_distutils_commands:/home/brsd/microros_ws/install/joystick_input/lib/python3.8/site-packages:${PYTHONPATH} /usr/bin/python3 -W ignore:setup.py install is deprecated setup.py egg_info --egg-base ../../build/joystick_input build --build-base /home/brsd/microros_ws/build/joystick_input/build install --record /home/brsd/microros_ws/build/joystick_input/install.log --install-scripts $base/lib/joystick_input --single-version-externally-managed install_data
