[6.537s] Invoking command in '/home/brsd/microros_ws/src/jetson_comm': PYTHONPATH=/home/brsd/microros_ws/build/jetson_comm/prefix_override:/usr/lib/python3/dist-packages/colcon_core/task/python/colcon_distutils_commands:/home/brsd/microros_ws/install/jetson_comm/lib/python3.8/site-packages:${PYTHONPATH} /usr/bin/python3 -W ignore:setup.py install is deprecated setup.py egg_info --egg-base ../../build/jetson_comm build --build-base /home/brsd/microros_ws/build/jetson_comm/build install --record /home/brsd/microros_ws/build/jetson_comm/install.log --install-scripts $base/lib/jetson_comm --single-version-externally-managed install_data
[8.368s] running egg_info
[8.372s] writing ../../build/jetson_comm/jetson_comm.egg-info/PKG-INFO
[8.373s] writing dependency_links to ../../build/jetson_comm/jetson_comm.egg-info/dependency_links.txt
[8.377s] writing entry points to ../../build/jetson_comm/jetson_comm.egg-info/entry_points.txt
[8.377s] writing requirements to ../../build/jetson_comm/jetson_comm.egg-info/requires.txt
[8.378s] writing top-level names to ../../build/jetson_comm/jetson_comm.egg-info/top_level.txt
[8.717s] reading manifest file '../../build/jetson_comm/jetson_comm.egg-info/SOURCES.txt'
[8.723s] writing manifest file '../../build/jetson_comm/jetson_comm.egg-info/SOURCES.txt'
[8.725s] running build
[8.726s] running build_py
[8.726s] running install
[8.729s] running install_lib
[8.740s] running install_data
[8.741s] running install_egg_info
[8.762s] removing '/home/brsd/microros_ws/install/jetson_comm/lib/python3.8/site-packages/jetson_comm-0.0.0-py3.8.egg-info' (and everything under it)
[8.766s] Copying ../../build/jetson_comm/jetson_comm.egg-info to /home/brsd/microros_ws/install/jetson_comm/lib/python3.8/site-packages/jetson_comm-0.0.0-py3.8.egg-info
[8.775s] running install_scripts
[8.952s] Installing jetson_node script to /home/brsd/microros_ws/install/jetson_comm/lib/jetson_comm
[8.954s] writing list of installed files to '/home/brsd/microros_ws/build/jetson_comm/install.log'
[9.544s] Invoked command in '/home/brsd/microros_ws/src/jetson_comm' returned '0': PYTHONPATH=/home/brsd/microros_ws/build/jetson_comm/prefix_override:/usr/lib/python3/dist-packages/colcon_core/task/python/colcon_distutils_commands:/home/brsd/microros_ws/install/jetson_comm/lib/python3.8/site-packages:${PYTHONPATH} /usr/bin/python3 -W ignore:setup.py install is deprecated setup.py egg_info --egg-base ../../build/jetson_comm build --build-base /home/brsd/microros_ws/build/jetson_comm/build install --record /home/brsd/microros_ws/build/jetson_comm/install.log --install-scripts $base/lib/jetson_comm --single-version-externally-managed install_data
