running egg_info
creating ../../build/person_detection/person_detection.egg-info
writing ../../build/person_detection/person_detection.egg-info/PKG-INFO
writing dependency_links to ../../build/person_detection/person_detection.egg-info/dependency_links.txt
writing entry points to ../../build/person_detection/person_detection.egg-info/entry_points.txt
writing requirements to ../../build/person_detection/person_detection.egg-info/requires.txt
writing top-level names to ../../build/person_detection/person_detection.egg-info/top_level.txt
writing manifest file '../../build/person_detection/person_detection.egg-info/SOURCES.txt'
reading manifest file '../../build/person_detection/person_detection.egg-info/SOURCES.txt'
writing manifest file '../../build/person_detection/person_detection.egg-info/SOURCES.txt'
running build
running build_py
creating /home/brsd/microros_ws/build/person_detection/build
creating /home/brsd/microros_ws/build/person_detection/build/lib
creating /home/brsd/microros_ws/build/person_detection/build/lib/person_detection
copying person_detection/__init__.py -> /home/brsd/microros_ws/build/person_detection/build/lib/person_detection
copying person_detection/color_detection.py -> /home/brsd/microros_ws/build/person_detection/build/lib/person_detection
running install
running install_lib
creating /home/brsd/microros_ws/install/person_detection/lib/python3.8/site-packages/person_detection
copying /home/brsd/microros_ws/build/person_detection/build/lib/person_detection/__init__.py -> /home/brsd/microros_ws/install/person_detection/lib/python3.8/site-packages/person_detection
copying /home/brsd/microros_ws/build/person_detection/build/lib/person_detection/color_detection.py -> /home/brsd/microros_ws/install/person_detection/lib/python3.8/site-packages/person_detection
byte-compiling /home/brsd/microros_ws/install/person_detection/lib/python3.8/site-packages/person_detection/__init__.py to __init__.cpython-38.pyc
byte-compiling /home/brsd/microros_ws/install/person_detection/lib/python3.8/site-packages/person_detection/color_detection.py to color_detection.cpython-38.pyc
running install_data
creating /home/brsd/microros_ws/install/person_detection/share/ament_index
creating /home/brsd/microros_ws/install/person_detection/share/ament_index/resource_index
creating /home/brsd/microros_ws/install/person_detection/share/ament_index/resource_index/packages
copying resource/person_detection -> /home/brsd/microros_ws/install/person_detection/share/ament_index/resource_index/packages
copying package.xml -> /home/brsd/microros_ws/install/person_detection/share/person_detection
running install_egg_info
Copying ../../build/person_detection/person_detection.egg-info to /home/brsd/microros_ws/install/person_detection/lib/python3.8/site-packages/person_detection-0.0.0-py3.8.egg-info
running install_scripts
Installing color_detector script to /home/brsd/microros_ws/install/person_detection/lib/person_detection
writing list of installed files to '/home/brsd/microros_ws/build/person_detection/install.log'
