[6.715s] Invoking command in '/home/brsd/microros_ws/src/joystick_input': PYTHONPATH=/home/brsd/microros_ws/build/joystick_input/prefix_override:/usr/lib/python3/dist-packages/colcon_core/task/python/colcon_distutils_commands:/home/brsd/microros_ws/install/joystick_input/lib/python3.8/site-packages:${PYTHONPATH} /usr/bin/python3 -W ignore:setup.py install is deprecated setup.py egg_info --egg-base ../../build/joystick_input build --build-base /home/brsd/microros_ws/build/joystick_input/build install --record /home/brsd/microros_ws/build/joystick_input/install.log --install-scripts $base/lib/joystick_input --single-version-externally-managed install_data
[9.886s] running egg_info
[9.891s] writing ../../build/joystick_input/joystick_input.egg-info/PKG-INFO
[9.899s] writing dependency_links to ../../build/joystick_input/joystick_input.egg-info/dependency_links.txt
[9.900s] writing entry points to ../../build/joystick_input/joystick_input.egg-info/entry_points.txt
[9.901s] writing requirements to ../../build/joystick_input/joystick_input.egg-info/requires.txt
[9.902s] writing top-level names to ../../build/joystick_input/joystick_input.egg-info/top_level.txt
[10.333s] reading manifest file '../../build/joystick_input/joystick_input.egg-info/SOURCES.txt'
[10.363s] writing manifest file '../../build/joystick_input/joystick_input.egg-info/SOURCES.txt'
[10.373s] running build
[10.375s] running build_py
[10.376s] running install
[10.391s] running install_lib
[10.413s] running install_data
[10.415s] running install_egg_info
[10.439s] removing '/home/brsd/microros_ws/install/joystick_input/lib/python3.8/site-packages/joystick_input-0.0.0-py3.8.egg-info' (and everything under it)
[10.454s] Copying ../../build/joystick_input/joystick_input.egg-info to /home/brsd/microros_ws/install/joystick_input/lib/python3.8/site-packages/joystick_input-0.0.0-py3.8.egg-info
[10.478s] running install_scripts
[10.681s] Installing joystick_node script to /home/brsd/microros_ws/install/joystick_input/lib/joystick_input
[10.684s] writing list of installed files to '/home/brsd/microros_ws/build/joystick_input/install.log'
[13.347s] Invoked command in '/home/brsd/microros_ws/src/joystick_input' returned '0': PYTHONPATH=/home/brsd/microros_ws/build/joystick_input/prefix_override:/usr/lib/python3/dist-packages/colcon_core/task/python/colcon_distutils_commands:/home/brsd/microros_ws/install/joystick_input/lib/python3.8/site-packages:${PYTHONPATH} /usr/bin/python3 -W ignore:setup.py install is deprecated setup.py egg_info --egg-base ../../build/joystick_input build --build-base /home/brsd/microros_ws/build/joystick_input/build install --record /home/brsd/microros_ws/build/joystick_input/install.log --install-scripts $base/lib/joystick_input --single-version-externally-managed install_data
