[4.805s] Invoking command in '/home/brsd/microros_ws/src/person_detection': PYTHONPATH=/home/brsd/microros_ws/build/person_detection/prefix_override:/usr/lib/python3/dist-packages/colcon_core/task/python/colcon_distutils_commands:/home/brsd/microros_ws/install/person_detection/lib/python3.8/site-packages:${PYTHONPATH} /usr/bin/python3 -W ignore:setup.py install is deprecated setup.py egg_info --egg-base ../../build/person_detection build --build-base /home/brsd/microros_ws/build/person_detection/build install --record /home/brsd/microros_ws/build/person_detection/install.log --install-scripts $base/lib/person_detection --single-version-externally-managed install_data
[5.924s] running egg_info
[5.927s] writing ../../build/person_detection/person_detection.egg-info/PKG-INFO
[5.928s] writing dependency_links to ../../build/person_detection/person_detection.egg-info/dependency_links.txt
[5.928s] writing entry points to ../../build/person_detection/person_detection.egg-info/entry_points.txt
[5.929s] writing requirements to ../../build/person_detection/person_detection.egg-info/requires.txt
[5.930s] writing top-level names to ../../build/person_detection/person_detection.egg-info/top_level.txt
[6.105s] reading manifest file '../../build/person_detection/person_detection.egg-info/SOURCES.txt'
[6.110s] writing manifest file '../../build/person_detection/person_detection.egg-info/SOURCES.txt'
[6.111s] running build
[6.111s] running build_py
[6.112s] running install
[6.115s] running install_lib
[6.121s] running install_data
[6.122s] running install_egg_info
[6.130s] removing '/home/brsd/microros_ws/install/person_detection/lib/python3.8/site-packages/person_detection-0.0.0-py3.8.egg-info' (and everything under it)
[6.131s] Copying ../../build/person_detection/person_detection.egg-info to /home/brsd/microros_ws/install/person_detection/lib/python3.8/site-packages/person_detection-0.0.0-py3.8.egg-info
[6.136s] running install_scripts
[6.217s] Installing color_detector script to /home/brsd/microros_ws/install/person_detection/lib/person_detection
[6.219s] writing list of installed files to '/home/brsd/microros_ws/build/person_detection/install.log'
[6.329s] Invoked command in '/home/brsd/microros_ws/src/person_detection' returned '0': PYTHONPATH=/home/brsd/microros_ws/build/person_detection/prefix_override:/usr/lib/python3/dist-packages/colcon_core/task/python/colcon_distutils_commands:/home/brsd/microros_ws/install/person_detection/lib/python3.8/site-packages:${PYTHONPATH} /usr/bin/python3 -W ignore:setup.py install is deprecated setup.py egg_info --egg-base ../../build/person_detection build --build-base /home/brsd/microros_ws/build/person_detection/build install --record /home/brsd/microros_ws/build/person_detection/install.log --install-scripts $base/lib/person_detection --single-version-externally-managed install_data
