[7.490s] Invoking command in '/home/brsd/microros_ws/src/fsm': PYTHONPATH=/home/brsd/microros_ws/build/fsm/prefix_override:/usr/lib/python3/dist-packages/colcon_core/task/python/colcon_distutils_commands:/home/brsd/microros_ws/install/fsm/lib/python3.8/site-packages:${PYTHONPATH} /usr/bin/python3 -W ignore:setup.py install is deprecated setup.py egg_info --egg-base ../../build/fsm build --build-base /home/brsd/microros_ws/build/fsm/build install --record /home/brsd/microros_ws/build/fsm/install.log --install-scripts $base/lib/fsm --single-version-externally-managed install_data
[9.854s] running egg_info
[9.857s] writing ../../build/fsm/fsm.egg-info/PKG-INFO
[9.859s] writing dependency_links to ../../build/fsm/fsm.egg-info/dependency_links.txt
[9.867s] writing entry points to ../../build/fsm/fsm.egg-info/entry_points.txt
[9.869s] writing requirements to ../../build/fsm/fsm.egg-info/requires.txt
[9.870s] writing top-level names to ../../build/fsm/fsm.egg-info/top_level.txt
[10.285s] reading manifest file '../../build/fsm/fsm.egg-info/SOURCES.txt'
[10.293s] writing manifest file '../../build/fsm/fsm.egg-info/SOURCES.txt'
[10.295s] running build
[10.296s] running build_py
[10.299s] running install
[10.307s] running install_lib
[10.345s] running install_data
[10.346s] running install_egg_info
[10.359s] removing '/home/brsd/microros_ws/install/fsm/lib/python3.8/site-packages/fsm-0.0.0-py3.8.egg-info' (and everything under it)
[10.366s] Copying ../../build/fsm/fsm.egg-info to /home/brsd/microros_ws/install/fsm/lib/python3.8/site-packages/fsm-0.0.0-py3.8.egg-info
[10.375s] running install_scripts
[10.644s] Installing brsd_fsm_node script to /home/brsd/microros_ws/install/fsm/lib/fsm
[10.649s] writing list of installed files to '/home/brsd/microros_ws/build/fsm/install.log'
[10.863s] Invoked command in '/home/brsd/microros_ws/src/fsm' returned '0': PYTHONPATH=/home/brsd/microros_ws/build/fsm/prefix_override:/usr/lib/python3/dist-packages/colcon_core/task/python/colcon_distutils_commands:/home/brsd/microros_ws/install/fsm/lib/python3.8/site-packages:${PYTHONPATH} /usr/bin/python3 -W ignore:setup.py install is deprecated setup.py egg_info --egg-base ../../build/fsm build --build-base /home/brsd/microros_ws/build/fsm/build install --record /home/brsd/microros_ws/build/fsm/install.log --install-scripts $base/lib/fsm --single-version-externally-managed install_data
