[0.131s] Invoking command in '/home/brsd/microros_ws/src/build/multisense_lib': CMAKE_PREFIX_PATH=${CMAKE_PREFIX_PATH}:/home/brsd/microros_ws/install/person_detection:/home/brsd/microros_ws/install/pathfinding:/home/brsd/microros_ws/install/object_detection_pkg:/home/brsd/microros_ws/install/joystick_input:/home/brsd/microros_ws/install/jetson_comm:/opt/ros/foxy /usr/bin/cmake /home/brsd/microros_ws/src/multisense_ros2/multisense_lib -DCMAKE_INSTALL_PREFIX=/home/brsd/microros_ws/src/install/multisense_lib
[0.748s] -- The C compiler identification is GNU 9.4.0
[1.247s] -- The CXX compiler identification is GNU 9.4.0
[1.270s] -- Check for working C compiler: /usr/bin/cc
[1.587s] -- Check for working C compiler: /usr/bin/cc -- works
[1.588s] -- Detecting C compiler ABI info
[1.957s] -- Detecting C compiler ABI info - done
[2.024s] -- Detecting C compile features
[2.025s] -- Detecting C compile features - done
[2.036s] -- Check for working CXX compiler: /usr/bin/c++
[2.400s] -- Check for working CXX compiler: /usr/bin/c++ -- works
[2.405s] -- Detecting CXX compiler ABI info
[2.761s] -- Detecting CXX compiler ABI info - done
[2.827s] -- Detecting CXX compile features
[2.830s] -- Detecting CXX compile features - done
[2.832s] -- Selecting default build type: Release
[2.849s] -- Found ament_cmake: 0.9.12 (/opt/ros/foxy/share/ament_cmake/cmake)
[3.006s] -- Found PythonInterp: /usr/bin/python3 (found suitable version "3.8.10", minimum required is "3") 
[3.008s] -- Using PYTHON_EXECUTABLE: /usr/bin/python3
[4.296s] -- Performing Test HAVE_CONSTEXPR
[4.669s] -- Performing Test HAVE_CONSTEXPR - Success
[4.678s] -- Looking for vasprintf
[5.015s] -- Looking for vasprintf - found
[5.034s] -- Looking for getopt
[5.342s] -- Looking for getopt - found
[5.770s] -- Configuring done
[5.981s] -- Generating done
[6.003s] -- Build files have been written to: /home/brsd/microros_ws/src/build/multisense_lib
[6.045s] Invoked command in '/home/brsd/microros_ws/src/build/multisense_lib' returned '0': CMAKE_PREFIX_PATH=${CMAKE_PREFIX_PATH}:/home/brsd/microros_ws/install/person_detection:/home/brsd/microros_ws/install/pathfinding:/home/brsd/microros_ws/install/object_detection_pkg:/home/brsd/microros_ws/install/joystick_input:/home/brsd/microros_ws/install/jetson_comm:/opt/ros/foxy /usr/bin/cmake /home/brsd/microros_ws/src/multisense_ros2/multisense_lib -DCMAKE_INSTALL_PREFIX=/home/brsd/microros_ws/src/install/multisense_lib
[6.048s] Invoking command in '/home/brsd/microros_ws/src/build/multisense_lib': CMAKE_PREFIX_PATH=${CMAKE_PREFIX_PATH}:/home/brsd/microros_ws/install/person_detection:/home/brsd/microros_ws/install/pathfinding:/home/brsd/microros_ws/install/object_detection_pkg:/home/brsd/microros_ws/install/joystick_input:/home/brsd/microros_ws/install/jetson_comm:/opt/ros/foxy /usr/bin/cmake --build /home/brsd/microros_ws/src/build/multisense_lib -- -j4 -l4
[6.241s] [35m[1mScanning dependencies of target MultiSense[0m
[6.498s] [  2%] [32mBuilding CXX object LibMultiSense/source/LibMultiSense/CMakeFiles/MultiSense.dir/details/public.cc.o[0m
[6.505s] [  4%] [32mBuilding CXX object LibMultiSense/source/LibMultiSense/CMakeFiles/MultiSense.dir/details/flash.cc.o[0m
[6.513s] [  6%] [32mBuilding CXX object LibMultiSense/source/LibMultiSense/CMakeFiles/MultiSense.dir/details/channel.cc.o[0m
[6.531s] [  8%] [32mBuilding CXX object LibMultiSense/source/LibMultiSense/CMakeFiles/MultiSense.dir/details/constants.cc.o[0m
[12.264s] [ 10%] [32mBuilding CXX object LibMultiSense/source/LibMultiSense/CMakeFiles/MultiSense.dir/details/dispatch.cc.o[0m
[17.572s] [ 12%] [32mBuilding CXX object LibMultiSense/source/LibMultiSense/CMakeFiles/MultiSense.dir/details/utility/Constants.cc.o[0m
[17.970s] [ 14%] [32mBuilding CXX object LibMultiSense/source/LibMultiSense/CMakeFiles/MultiSense.dir/details/utility/TimeStamp.cc.o[0m
[20.998s] [ 17%] [32mBuilding CXX object LibMultiSense/source/LibMultiSense/CMakeFiles/MultiSense.dir/details/utility/Exception.cc.o[0m
[35.117s] make[2]: *** [LibMultiSense/source/LibMultiSense/CMakeFiles/MultiSense.dir/build.make:76: LibMultiSense/source/LibMultiSense/CMakeFiles/MultiSense.dir/details/public.cc.o] Interrupt
[35.118s] make[2]: *** [LibMultiSense/source/LibMultiSense/CMakeFiles/MultiSense.dir/build.make:63: LibMultiSense/source/LibMultiSense/CMakeFiles/MultiSense.dir/details/channel.cc.o] Interrupt
[35.118s] make[2]: *** wait: No child processes.  Stop.
[35.121s] make[2]: *** Waiting for unfinished jobs....
[35.123s] make[2]: *** wait: No child processes.  Stop.
[35.128s] make[1]: *** [CMakeFiles/Makefile2:603: LibMultiSense/source/LibMultiSense/CMakeFiles/MultiSense.dir/all] Error 2
[35.130s] make: *** [Makefile:141: all] Interrupt
