[4.876s] Invoking command in '/home/brsd/microros_ws/src/person_detection': PYTHONPATH=/home/brsd/microros_ws/build/person_detection/prefix_override:/usr/lib/python3/dist-packages/colcon_core/task/python/colcon_distutils_commands:/home/brsd/microros_ws/install/person_detection/lib/python3.8/site-packages:${PYTHONPATH} /usr/bin/python3 -W ignore:setup.py install is deprecated setup.py egg_info --egg-base ../../build/person_detection build --build-base /home/brsd/microros_ws/build/person_detection/build install --record /home/brsd/microros_ws/build/person_detection/install.log --install-scripts $base/lib/person_detection --single-version-externally-managed install_data
[6.252s] running egg_info
[6.257s] writing ../../build/person_detection/person_detection.egg-info/PKG-INFO
[6.258s] writing dependency_links to ../../build/person_detection/person_detection.egg-info/dependency_links.txt
[6.259s] writing entry points to ../../build/person_detection/person_detection.egg-info/entry_points.txt
[6.259s] writing requirements to ../../build/person_detection/person_detection.egg-info/requires.txt
[6.262s] writing top-level names to ../../build/person_detection/person_detection.egg-info/top_level.txt
[6.449s] reading manifest file '../../build/person_detection/person_detection.egg-info/SOURCES.txt'
[6.454s] writing manifest file '../../build/person_detection/person_detection.egg-info/SOURCES.txt'
[6.456s] running build
[6.458s] running build_py
[6.459s] running install
[6.460s] running install_lib
[6.467s] running install_data
[6.468s] running install_egg_info
[6.478s] removing '/home/brsd/microros_ws/install/person_detection/lib/python3.8/site-packages/person_detection-0.0.0-py3.8.egg-info' (and everything under it)
[6.480s] Copying ../../build/person_detection/person_detection.egg-info to /home/brsd/microros_ws/install/person_detection/lib/python3.8/site-packages/person_detection-0.0.0-py3.8.egg-info
[6.486s] running install_scripts
[6.571s] Installing color_detector script to /home/brsd/microros_ws/install/person_detection/lib/person_detection
[6.575s] writing list of installed files to '/home/brsd/microros_ws/build/person_detection/install.log'
[6.691s] Invoked command in '/home/brsd/microros_ws/src/person_detection' returned '0': PYTHONPATH=/home/brsd/microros_ws/build/person_detection/prefix_override:/usr/lib/python3/dist-packages/colcon_core/task/python/colcon_distutils_commands:/home/brsd/microros_ws/install/person_detection/lib/python3.8/site-packages:${PYTHONPATH} /usr/bin/python3 -W ignore:setup.py install is deprecated setup.py egg_info --egg-base ../../build/person_detection build --build-base /home/brsd/microros_ws/build/person_detection/build install --record /home/brsd/microros_ws/build/person_detection/install.log --install-scripts $base/lib/person_detection --single-version-externally-managed install_data
