[0.130s] Invoking command in '/home/brsd/microros_ws/build/multisense_msgs': CMAKE_PREFIX_PATH=${CMAKE_PREFIX_PATH}:/home/brsd/microros_ws/install/jetson_comm:/opt/ros/foxy /usr/bin/cmake /home/brsd/microros_ws/src/multisense_ros2/multisense_msgs -DCMAKE_INSTALL_PREFIX=/home/brsd/microros_ws/install/multisense_msgs
[0.843s] -- The C compiler identification is GNU 9.4.0
[1.355s] -- The CXX compiler identification is GNU 9.4.0
[1.388s] -- Check for working C compiler: /usr/bin/cc
[1.716s] -- Check for working C compiler: /usr/bin/cc -- works
[1.735s] -- Detecting C compiler ABI info
[2.074s] -- Detecting C compiler ABI info - done
[2.136s] -- Detecting C compile features
[2.138s] -- Detecting C compile features - done
[2.151s] -- Check for working CXX compiler: /usr/bin/c++
[2.507s] -- Check for working CXX compiler: /usr/bin/c++ -- works
[2.512s] -- Detecting CXX compiler ABI info
[2.866s] -- Detecting CXX compiler ABI info - done
[2.920s] -- Detecting CXX compile features
[2.922s] -- Detecting CXX compile features - done
[2.925s] -- Selecting default build type: Release
[2.945s] -- Found ament_cmake: 0.9.12 (/opt/ros/foxy/share/ament_cmake/cmake)
[3.100s] -- Found PythonInterp: /usr/bin/python3 (found suitable version "3.8.10", minimum required is "3") 
[3.101s] -- Using PYTHON_EXECUTABLE: /usr/bin/python3
[4.430s] -- Found builtin_interfaces: 1.0.0 (/opt/ros/foxy/share/builtin_interfaces/cmake)
[4.702s] -- Using all available rosidl_typesupport_c: rosidl_typesupport_fastrtps_c;rosidl_typesupport_introspection_c
[4.777s] -- Found rosidl_adapter: 1.3.1 (/opt/ros/foxy/share/rosidl_adapter/cmake)
[5.218s] -- Found OpenSSL: /usr/lib/aarch64-linux-gnu/libcrypto.so (found version "1.1.1f")  
[5.341s] -- Found FastRTPS: /opt/ros/foxy/include  
[5.775s] -- Using all available rosidl_typesupport_cpp: rosidl_typesupport_fastrtps_cpp;rosidl_typesupport_introspection_cpp
[5.957s] -- Found rosidl_default_generators: 1.0.1 (/opt/ros/foxy/share/rosidl_default_generators/cmake)
[6.128s] -- Found PythonInterp: /usr/bin/python3 (found version "3.8.10") 
[7.008s] -- Found ament_cmake_ros: 0.9.2 (/opt/ros/foxy/share/ament_cmake_ros/cmake)
[7.596s] -- Using all available rosidl_typesupport_c: rosidl_typesupport_fastrtps_c;rosidl_typesupport_introspection_c
[7.682s] -- Using all available rosidl_typesupport_cpp: rosidl_typesupport_fastrtps_cpp;rosidl_typesupport_introspection_cpp
[7.808s] -- Found PythonInterp: /usr/bin/python3 (found suitable version "3.8.10", minimum required is "3.5") 
[7.823s] -- Found python_cmake_module: 0.8.1 (/opt/ros/foxy/share/python_cmake_module/cmake)
[7.960s] -- Found PythonLibs: /usr/lib/aarch64-linux-gnu/libpython3.8.so (found suitable version "3.8.10", minimum required is "3.5") 
[7.961s] -- Using PYTHON_EXECUTABLE: /usr/bin/python3
[7.961s] -- Using PYTHON_INCLUDE_DIRS: /usr/include/python3.8
[7.961s] -- Using PYTHON_LIBRARIES: /usr/lib/aarch64-linux-gnu/libpython3.8.so
[8.065s] -- Found PythonExtra: .so  
[8.346s] -- Configuring done
[8.615s] -- Generating done
[8.628s] -- Build files have been written to: /home/brsd/microros_ws/build/multisense_msgs
