[9.624s] Invoking command in '/home/brsd/microros_ws/src/pathfinding': PYTHONPATH=/home/brsd/microros_ws/build/pathfinding/prefix_override:/usr/lib/python3/dist-packages/colcon_core/task/python/colcon_distutils_commands:/home/brsd/microros_ws/install/pathfinding/lib/python3.8/site-packages:${PYTHONPATH} /usr/bin/python3 -W ignore:setup.py install is deprecated setup.py egg_info --egg-base ../../build/pathfinding build --build-base /home/brsd/microros_ws/build/pathfinding/build install --record /home/brsd/microros_ws/build/pathfinding/install.log --install-scripts $base/lib/pathfinding --single-version-externally-managed install_data
[11.792s] running egg_info
[11.817s] writing ../../build/pathfinding/pathfinding.egg-info/PKG-INFO
[11.827s] writing dependency_links to ../../build/pathfinding/pathfinding.egg-info/dependency_links.txt
[11.831s] writing entry points to ../../build/pathfinding/pathfinding.egg-info/entry_points.txt
[11.836s] writing requirements to ../../build/pathfinding/pathfinding.egg-info/requires.txt
[11.850s] writing top-level names to ../../build/pathfinding/pathfinding.egg-info/top_level.txt
[12.114s] reading manifest file '../../build/pathfinding/pathfinding.egg-info/SOURCES.txt'
[12.119s] writing manifest file '../../build/pathfinding/pathfinding.egg-info/SOURCES.txt'
[12.122s] running build
[12.123s] running build_py
[12.123s] copying pathfinding/pathfinding.py -> /home/brsd/microros_ws/build/pathfinding/build/lib/pathfinding
[12.123s] running install
[12.127s] running install_lib
[12.131s] copying /home/brsd/microros_ws/build/pathfinding/build/lib/pathfinding/pathfinding.py -> /home/brsd/microros_ws/install/pathfinding/lib/python3.8/site-packages/pathfinding
[12.134s] byte-compiling /home/brsd/microros_ws/install/pathfinding/lib/python3.8/site-packages/pathfinding/pathfinding.py to pathfinding.cpython-38.pyc
[12.146s] running install_data
[12.146s] running install_egg_info
[12.154s] removing '/home/brsd/microros_ws/install/pathfinding/lib/python3.8/site-packages/pathfinding-0.0.0-py3.8.egg-info' (and everything under it)
[12.158s] Copying ../../build/pathfinding/pathfinding.egg-info to /home/brsd/microros_ws/install/pathfinding/lib/python3.8/site-packages/pathfinding-0.0.0-py3.8.egg-info
[12.162s] running install_scripts
[12.283s] Installing pathfinding_node script to /home/brsd/microros_ws/install/pathfinding/lib/pathfinding
[12.289s] writing list of installed files to '/home/brsd/microros_ws/build/pathfinding/install.log'
[12.460s] Invoked command in '/home/brsd/microros_ws/src/pathfinding' returned '0': PYTHONPATH=/home/brsd/microros_ws/build/pathfinding/prefix_override:/usr/lib/python3/dist-packages/colcon_core/task/python/colcon_distutils_commands:/home/brsd/microros_ws/install/pathfinding/lib/python3.8/site-packages:${PYTHONPATH} /usr/bin/python3 -W ignore:setup.py install is deprecated setup.py egg_info --egg-base ../../build/pathfinding build --build-base /home/brsd/microros_ws/build/pathfinding/build install --record /home/brsd/microros_ws/build/pathfinding/install.log --install-scripts $base/lib/pathfinding --single-version-externally-managed install_data
