[8.493s] Invoking command in '/home/brsd/microros_ws/src/person_detection': PYTHONPATH=/home/brsd/microros_ws/build/person_detection/prefix_override:/usr/lib/python3/dist-packages/colcon_core/task/python/colcon_distutils_commands:/home/brsd/microros_ws/install/person_detection/lib/python3.8/site-packages:${PYTHONPATH} /usr/bin/python3 -W ignore:setup.py install is deprecated setup.py egg_info --egg-base ../../build/person_detection build --build-base /home/brsd/microros_ws/build/person_detection/build install --record /home/brsd/microros_ws/build/person_detection/install.log --install-scripts $base/lib/person_detection --single-version-externally-managed install_data
[10.521s] running egg_info
[10.525s] writing ../../build/person_detection/person_detection.egg-info/PKG-INFO
[10.533s] writing dependency_links to ../../build/person_detection/person_detection.egg-info/dependency_links.txt
[10.540s] writing entry points to ../../build/person_detection/person_detection.egg-info/entry_points.txt
[10.540s] writing requirements to ../../build/person_detection/person_detection.egg-info/requires.txt
[10.541s] writing top-level names to ../../build/person_detection/person_detection.egg-info/top_level.txt
[10.844s] reading manifest file '../../build/person_detection/person_detection.egg-info/SOURCES.txt'
[10.853s] writing manifest file '../../build/person_detection/person_detection.egg-info/SOURCES.txt'
[10.854s] running build
[10.855s] running build_py
[10.855s] running install
[10.858s] running install_lib
[10.875s] running install_data
[10.876s] running install_egg_info
[10.895s] removing '/home/brsd/microros_ws/install/person_detection/lib/python3.8/site-packages/person_detection-0.0.0-py3.8.egg-info' (and everything under it)
[10.897s] Copying ../../build/person_detection/person_detection.egg-info to /home/brsd/microros_ws/install/person_detection/lib/python3.8/site-packages/person_detection-0.0.0-py3.8.egg-info
[10.905s] running install_scripts
[11.058s] Installing color_detector script to /home/brsd/microros_ws/install/person_detection/lib/person_detection
[11.061s] writing list of installed files to '/home/brsd/microros_ws/build/person_detection/install.log'
[11.235s] Invoked command in '/home/brsd/microros_ws/src/person_detection' returned '0': PYTHONPATH=/home/brsd/microros_ws/build/person_detection/prefix_override:/usr/lib/python3/dist-packages/colcon_core/task/python/colcon_distutils_commands:/home/brsd/microros_ws/install/person_detection/lib/python3.8/site-packages:${PYTHONPATH} /usr/bin/python3 -W ignore:setup.py install is deprecated setup.py egg_info --egg-base ../../build/person_detection build --build-base /home/brsd/microros_ws/build/person_detection/build install --record /home/brsd/microros_ws/build/person_detection/install.log --install-scripts $base/lib/person_detection --single-version-externally-managed install_data
