[4.121s] Invoking command in '/home/brsd/microros_ws/src/jetson_comm': PYTHONPATH=/home/brsd/microros_ws/build/jetson_comm/prefix_override:/usr/lib/python3/dist-packages/colcon_core/task/python/colcon_distutils_commands:/home/brsd/microros_ws/install/jetson_comm/lib/python3.8/site-packages:${PYTHONPATH} /usr/bin/python3 -W ignore:setup.py install is deprecated setup.py egg_info --egg-base ../../build/jetson_comm build --build-base /home/brsd/microros_ws/build/jetson_comm/build install --record /home/brsd/microros_ws/build/jetson_comm/install.log --install-scripts $base/lib/jetson_comm --single-version-externally-managed install_data
[5.219s] running egg_info
[5.222s] writing ../../build/jetson_comm/jetson_comm.egg-info/PKG-INFO
[5.223s] writing dependency_links to ../../build/jetson_comm/jetson_comm.egg-info/dependency_links.txt
[5.224s] writing entry points to ../../build/jetson_comm/jetson_comm.egg-info/entry_points.txt
[5.224s] writing requirements to ../../build/jetson_comm/jetson_comm.egg-info/requires.txt
[5.225s] writing top-level names to ../../build/jetson_comm/jetson_comm.egg-info/top_level.txt
[5.408s] reading manifest file '../../build/jetson_comm/jetson_comm.egg-info/SOURCES.txt'
[5.418s] writing manifest file '../../build/jetson_comm/jetson_comm.egg-info/SOURCES.txt'
[5.419s] running build
[5.419s] running build_py
[5.420s] running install
[5.421s] running install_lib
[5.428s] running install_data
[5.429s] running install_egg_info
[5.438s] removing '/home/brsd/microros_ws/install/jetson_comm/lib/python3.8/site-packages/jetson_comm-0.0.0-py3.8.egg-info' (and everything under it)
[5.439s] Copying ../../build/jetson_comm/jetson_comm.egg-info to /home/brsd/microros_ws/install/jetson_comm/lib/python3.8/site-packages/jetson_comm-0.0.0-py3.8.egg-info
[5.442s] running install_scripts
[5.526s] Installing jetson_node script to /home/brsd/microros_ws/install/jetson_comm/lib/jetson_comm
[5.531s] writing list of installed files to '/home/brsd/microros_ws/build/jetson_comm/install.log'
[5.782s] Invoked command in '/home/brsd/microros_ws/src/jetson_comm' returned '0': PYTHONPATH=/home/brsd/microros_ws/build/jetson_comm/prefix_override:/usr/lib/python3/dist-packages/colcon_core/task/python/colcon_distutils_commands:/home/brsd/microros_ws/install/jetson_comm/lib/python3.8/site-packages:${PYTHONPATH} /usr/bin/python3 -W ignore:setup.py install is deprecated setup.py egg_info --egg-base ../../build/jetson_comm build --build-base /home/brsd/microros_ws/build/jetson_comm/build install --record /home/brsd/microros_ws/build/jetson_comm/install.log --install-scripts $base/lib/jetson_comm --single-version-externally-managed install_data
