[3.532s] Invoking command in '/home/brsd/microros_ws/src/joystick_input': PYTHONPATH=/home/brsd/microros_ws/build/joystick_input/prefix_override:/usr/lib/python3/dist-packages/colcon_core/task/python/colcon_distutils_commands:/home/brsd/microros_ws/install/joystick_input/lib/python3.8/site-packages:${PYTHONPATH} /usr/bin/python3 -W ignore:setup.py install is deprecated setup.py egg_info --egg-base ../../build/joystick_input build --build-base /home/brsd/microros_ws/build/joystick_input/build install --record /home/brsd/microros_ws/build/joystick_input/install.log --install-scripts $base/lib/joystick_input --single-version-externally-managed install_data
[4.742s] running egg_info
[4.745s] writing ../../build/joystick_input/joystick_input.egg-info/PKG-INFO
[4.747s] writing dependency_links to ../../build/joystick_input/joystick_input.egg-info/dependency_links.txt
[4.747s] writing entry points to ../../build/joystick_input/joystick_input.egg-info/entry_points.txt
[4.748s] writing requirements to ../../build/joystick_input/joystick_input.egg-info/requires.txt
[4.749s] writing top-level names to ../../build/joystick_input/joystick_input.egg-info/top_level.txt
[4.928s] reading manifest file '../../build/joystick_input/joystick_input.egg-info/SOURCES.txt'
[4.933s] writing manifest file '../../build/joystick_input/joystick_input.egg-info/SOURCES.txt'
[4.933s] running build
[4.934s] running build_py
[4.935s] copying joystick_input/joystick_code.py -> /home/brsd/microros_ws/build/joystick_input/build/lib/joystick_input
[4.935s] running install
[4.938s] running install_lib
[4.942s] copying /home/brsd/microros_ws/build/joystick_input/build/lib/joystick_input/joystick_code.py -> /home/brsd/microros_ws/install/joystick_input/lib/python3.8/site-packages/joystick_input
[4.945s] byte-compiling /home/brsd/microros_ws/install/joystick_input/lib/python3.8/site-packages/joystick_input/joystick_code.py to joystick_code.cpython-38.pyc
[4.967s] running install_data
[4.968s] running install_egg_info
[4.968s] removing '/home/brsd/microros_ws/install/joystick_input/lib/python3.8/site-packages/joystick_input-0.0.0-py3.8.egg-info' (and everything under it)
[4.968s] Copying ../../build/joystick_input/joystick_input.egg-info to /home/brsd/microros_ws/install/joystick_input/lib/python3.8/site-packages/joystick_input-0.0.0-py3.8.egg-info
[4.970s] running install_scripts
[5.046s] Installing joystick_node script to /home/brsd/microros_ws/install/joystick_input/lib/joystick_input
[5.048s] writing list of installed files to '/home/brsd/microros_ws/build/joystick_input/install.log'
[5.159s] Invoked command in '/home/brsd/microros_ws/src/joystick_input' returned '0': PYTHONPATH=/home/brsd/microros_ws/build/joystick_input/prefix_override:/usr/lib/python3/dist-packages/colcon_core/task/python/colcon_distutils_commands:/home/brsd/microros_ws/install/joystick_input/lib/python3.8/site-packages:${PYTHONPATH} /usr/bin/python3 -W ignore:setup.py install is deprecated setup.py egg_info --egg-base ../../build/joystick_input build --build-base /home/brsd/microros_ws/build/joystick_input/build install --record /home/brsd/microros_ws/build/joystick_input/install.log --install-scripts $base/lib/joystick_input --single-version-externally-managed install_data
