[3.800s] Invoking command in '/home/brsd/microros_ws/src/jetson_comm': PYTHONPATH=/home/brsd/microros_ws/build/jetson_comm/prefix_override:/usr/lib/python3/dist-packages/colcon_core/task/python/colcon_distutils_commands:/home/brsd/microros_ws/install/jetson_comm/lib/python3.8/site-packages:${PYTHONPATH} /usr/bin/python3 -W ignore:setup.py install is deprecated setup.py egg_info --egg-base ../../build/jetson_comm build --build-base /home/brsd/microros_ws/build/jetson_comm/build install --record /home/brsd/microros_ws/build/jetson_comm/install.log --install-scripts $base/lib/jetson_comm --single-version-externally-managed install_data
[5.008s] running egg_info
[5.010s] writing ../../build/jetson_comm/jetson_comm.egg-info/PKG-INFO
[5.011s] writing dependency_links to ../../build/jetson_comm/jetson_comm.egg-info/dependency_links.txt
[5.011s] writing entry points to ../../build/jetson_comm/jetson_comm.egg-info/entry_points.txt
[5.014s] writing requirements to ../../build/jetson_comm/jetson_comm.egg-info/requires.txt
[5.015s] writing top-level names to ../../build/jetson_comm/jetson_comm.egg-info/top_level.txt
[5.191s] reading manifest file '../../build/jetson_comm/jetson_comm.egg-info/SOURCES.txt'
[5.197s] writing manifest file '../../build/jetson_comm/jetson_comm.egg-info/SOURCES.txt'
[5.198s] running build
[5.198s] running build_py
[5.200s] running install
[5.203s] running install_lib
[5.209s] running install_data
[5.210s] running install_egg_info
[5.220s] removing '/home/brsd/microros_ws/install/jetson_comm/lib/python3.8/site-packages/jetson_comm-0.0.0-py3.8.egg-info' (and everything under it)
[5.221s] Copying ../../build/jetson_comm/jetson_comm.egg-info to /home/brsd/microros_ws/install/jetson_comm/lib/python3.8/site-packages/jetson_comm-0.0.0-py3.8.egg-info
[5.224s] running install_scripts
[5.299s] Installing jetson_node script to /home/brsd/microros_ws/install/jetson_comm/lib/jetson_comm
[5.300s] writing list of installed files to '/home/brsd/microros_ws/build/jetson_comm/install.log'
[5.792s] Invoked command in '/home/brsd/microros_ws/src/jetson_comm' returned '0': PYTHONPATH=/home/brsd/microros_ws/build/jetson_comm/prefix_override:/usr/lib/python3/dist-packages/colcon_core/task/python/colcon_distutils_commands:/home/brsd/microros_ws/install/jetson_comm/lib/python3.8/site-packages:${PYTHONPATH} /usr/bin/python3 -W ignore:setup.py install is deprecated setup.py egg_info --egg-base ../../build/jetson_comm build --build-base /home/brsd/microros_ws/build/jetson_comm/build install --record /home/brsd/microros_ws/build/jetson_comm/install.log --install-scripts $base/lib/jetson_comm --single-version-externally-managed install_data
