[4.832s] Invoking command in '/home/brsd/microros_ws/src/person_detection': PYTHONPATH=/home/brsd/microros_ws/build/person_detection/prefix_override:/usr/lib/python3/dist-packages/colcon_core/task/python/colcon_distutils_commands:/home/brsd/microros_ws/install/person_detection/lib/python3.8/site-packages:${PYTHONPATH} /usr/bin/python3 -W ignore:setup.py install is deprecated setup.py egg_info --egg-base ../../build/person_detection build --build-base /home/brsd/microros_ws/build/person_detection/build install --record /home/brsd/microros_ws/build/person_detection/install.log --install-scripts $base/lib/person_detection --single-version-externally-managed install_data
[5.921s] running egg_info
[5.923s] writing ../../build/person_detection/person_detection.egg-info/PKG-INFO
[5.924s] writing dependency_links to ../../build/person_detection/person_detection.egg-info/dependency_links.txt
[5.925s] writing entry points to ../../build/person_detection/person_detection.egg-info/entry_points.txt
[5.926s] writing requirements to ../../build/person_detection/person_detection.egg-info/requires.txt
[5.926s] writing top-level names to ../../build/person_detection/person_detection.egg-info/top_level.txt
[6.093s] reading manifest file '../../build/person_detection/person_detection.egg-info/SOURCES.txt'
[6.098s] writing manifest file '../../build/person_detection/person_detection.egg-info/SOURCES.txt'
[6.098s] running build
[6.099s] running build_py
[6.100s] running install
[6.103s] running install_lib
[6.110s] running install_data
[6.111s] running install_egg_info
[6.119s] removing '/home/brsd/microros_ws/install/person_detection/lib/python3.8/site-packages/person_detection-0.0.0-py3.8.egg-info' (and everything under it)
[6.121s] Copying ../../build/person_detection/person_detection.egg-info to /home/brsd/microros_ws/install/person_detection/lib/python3.8/site-packages/person_detection-0.0.0-py3.8.egg-info
[6.127s] running install_scripts
[6.208s] Installing color_detector script to /home/brsd/microros_ws/install/person_detection/lib/person_detection
[6.211s] writing list of installed files to '/home/brsd/microros_ws/build/person_detection/install.log'
[6.319s] Invoked command in '/home/brsd/microros_ws/src/person_detection' returned '0': PYTHONPATH=/home/brsd/microros_ws/build/person_detection/prefix_override:/usr/lib/python3/dist-packages/colcon_core/task/python/colcon_distutils_commands:/home/brsd/microros_ws/install/person_detection/lib/python3.8/site-packages:${PYTHONPATH} /usr/bin/python3 -W ignore:setup.py install is deprecated setup.py egg_info --egg-base ../../build/person_detection build --build-base /home/brsd/microros_ws/build/person_detection/build install --record /home/brsd/microros_ws/build/person_detection/install.log --install-scripts $base/lib/person_detection --single-version-externally-managed install_data
