[0.104s] Invoking command in '/home/brsd/microros_ws/build/multisense_ros': AMENT_PREFIX_PATH=/home/brsd/microros_ws/install/xacro:/home/brsd/microros_ws/install/multisense_msgs:/home/brsd/microros_ws/install/multisense_lib:${AMENT_PREFIX_PATH} CMAKE_PREFIX_PATH=/home/brsd/microros_ws/install/xacro:/home/brsd/microros_ws/install/multisense_msgs:/home/brsd/microros_ws/install/multisense_lib:/home/brsd/microros_ws/install/micro_ros_setup:/home/brsd/microros_ws/install/micro_ros_agent:/home/brsd/microros_ws/install/micro_ros_msgs:/home/brsd/microros_ws/install/drive_base_msgs:/home/brsd/microros_ws/install/jetson_comm:/opt/ros/foxy LD_LIBRARY_PATH=/home/brsd/microros_ws/install/multisense_msgs/lib:/home/brsd/microros_ws/install/multisense_lib/lib:${LD_LIBRARY_PATH} PATH=/home/brsd/microros_ws/install/xacro/bin:/home/brsd/microros_ws/install/multisense_lib/bin:${PATH} PYTHONPATH=/home/brsd/microros_ws/install/xacro/lib/python3.8/site-packages:/home/brsd/microros_ws/install/multisense_msgs/lib/python3.8/site-packages:${PYTHONPATH} /usr/bin/cmake /home/brsd/microros_ws/src/multisense_ros2/multisense_ros -DCMAKE_INSTALL_PREFIX=/home/brsd/microros_ws/install/multisense_ros
[0.392s] -- The C compiler identification is GNU 9.4.0
[0.653s] -- The CXX compiler identification is GNU 9.4.0
[0.699s] -- Check for working C compiler: /usr/bin/cc
[0.962s] -- Check for working C compiler: /usr/bin/cc -- works
[0.968s] -- Detecting C compiler ABI info
[1.224s] -- Detecting C compiler ABI info - done
[1.275s] -- Detecting C compile features
[1.277s] -- Detecting C compile features - done
[1.292s] -- Check for working CXX compiler: /usr/bin/c++
[1.581s] -- Check for working CXX compiler: /usr/bin/c++ -- works
[1.585s] -- Detecting CXX compiler ABI info
[1.879s] -- Detecting CXX compiler ABI info - done
[1.930s] -- Detecting CXX compile features
[1.932s] -- Detecting CXX compile features - done
[1.934s] -- Selecting default build type: Release
[2.037s] -- Found ament_cmake: 0.9.12 (/opt/ros/foxy/share/ament_cmake/cmake)
[2.180s] -- Found PythonInterp: /usr/bin/python3 (found suitable version "3.8.10", minimum required is "3") 
[2.181s] -- Using PYTHON_EXECUTABLE: /usr/bin/python3
[4.156s] -- Found angles: 1.12.6 (/opt/ros/foxy/share/angles/cmake)
[4.176s] -- Found eigen3_cmake_module: 0.1.1 (/opt/ros/foxy/share/eigen3_cmake_module/cmake)
[4.211s] -- Found Eigen3: TRUE (found version "3.3.7") 
[4.234s] -- Found geometry_msgs: 2.0.5 (/opt/ros/foxy/share/geometry_msgs/cmake)
[4.508s] -- Using all available rosidl_typesupport_c: rosidl_typesupport_fastrtps_c;rosidl_typesupport_introspection_c
[4.572s] -- Found rosidl_adapter: 1.3.1 (/opt/ros/foxy/share/rosidl_adapter/cmake)
[5.221s] -- Found OpenSSL: /usr/lib/aarch64-linux-gnu/libcrypto.so (found version "1.1.1f")  
[5.355s] -- Found FastRTPS: /opt/ros/foxy/include  
[5.806s] -- Using all available rosidl_typesupport_cpp: rosidl_typesupport_fastrtps_cpp;rosidl_typesupport_introspection_cpp
[6.282s] -- Found image_geometry: 3.0.7 (/opt/ros/foxy/share/image_geometry/cmake)
[6.384s] -- Found multisense_lib: 0.0.0 (/home/brsd/microros_ws/install/multisense_lib/share/multisense_lib/cmake)
[6.391s] -- Found multisense_msgs: 1.0.0 (/home/brsd/microros_ws/install/multisense_msgs/share/multisense_msgs/cmake)
[6.486s] -- Found OpenCV: /usr (found version "4.2.0") 
[6.517s] -- Found rclcpp: 2.4.3 (/opt/ros/foxy/share/rclcpp/cmake)
[6.820s] -- Found rmw_implementation_cmake: 1.0.4 (/opt/ros/foxy/share/rmw_implementation_cmake/cmake)
[6.832s] -- Using RMW implementation 'rmw_fastrtps_cpp' as default
[6.839s] -- Looking for pthread.h
[7.114s] -- Looking for pthread.h - found
[7.115s] -- Performing Test CMAKE_HAVE_LIBC_PTHREAD
[7.388s] -- Performing Test CMAKE_HAVE_LIBC_PTHREAD - Failed
[7.388s] -- Looking for pthread_create in pthreads
[7.612s] -- Looking for pthread_create in pthreads - not found
[7.613s] -- Looking for pthread_create in pthread
[7.876s] -- Looking for pthread_create in pthread - found
[7.880s] -- Found Threads: TRUE  
[8.606s] -- Found ros_environment: 2.5.1 (/opt/ros/foxy/share/ros_environment/cmake)
[8.626s] -- Found sensor_msgs: 2.0.5 (/opt/ros/foxy/share/sensor_msgs/cmake)
[8.978s] -- Found stereo_msgs: 2.0.5 (/opt/ros/foxy/share/stereo_msgs/cmake)
[9.533s] -- Found tf2: 0.13.14 (/opt/ros/foxy/share/tf2/cmake)
[9.607s] -- Found tf2_ros: 0.13.14 (/opt/ros/foxy/share/tf2_ros/cmake)
[11.250s] -- Found tf2_geometry_msgs: 0.13.14 (/opt/ros/foxy/share/tf2_geometry_msgs/cmake)
[11.774s] -- Configuring done
[11.889s] -- Generating done
[11.895s] -- Build files have been written to: /home/brsd/microros_ws/build/multisense_ros
[11.943s] Invoked command in '/home/brsd/microros_ws/build/multisense_ros' returned '0': AMENT_PREFIX_PATH=/home/brsd/microros_ws/install/xacro:/home/brsd/microros_ws/install/multisense_msgs:/home/brsd/microros_ws/install/multisense_lib:${AMENT_PREFIX_PATH} CMAKE_PREFIX_PATH=/home/brsd/microros_ws/install/xacro:/home/brsd/microros_ws/install/multisense_msgs:/home/brsd/microros_ws/install/multisense_lib:/home/brsd/microros_ws/install/micro_ros_setup:/home/brsd/microros_ws/install/micro_ros_agent:/home/brsd/microros_ws/install/micro_ros_msgs:/home/brsd/microros_ws/install/drive_base_msgs:/home/brsd/microros_ws/install/jetson_comm:/opt/ros/foxy LD_LIBRARY_PATH=/home/brsd/microros_ws/install/multisense_msgs/lib:/home/brsd/microros_ws/install/multisense_lib/lib:${LD_LIBRARY_PATH} PATH=/home/brsd/microros_ws/install/xacro/bin:/home/brsd/microros_ws/install/multisense_lib/bin:${PATH} PYTHONPATH=/home/brsd/microros_ws/install/xacro/lib/python3.8/site-packages:/home/brsd/microros_ws/install/multisense_msgs/lib/python3.8/site-packages:${PYTHONPATH} /usr/bin/cmake /home/brsd/microros_ws/src/multisense_ros2/multisense_ros -DCMAKE_INSTALL_PREFIX=/home/brsd/microros_ws/install/multisense_ros
[11.945s] Invoking command in '/home/brsd/microros_ws/build/multisense_ros': AMENT_PREFIX_PATH=/home/brsd/microros_ws/install/xacro:/home/brsd/microros_ws/install/multisense_msgs:/home/brsd/microros_ws/install/multisense_lib:${AMENT_PREFIX_PATH} CMAKE_PREFIX_PATH=/home/brsd/microros_ws/install/xacro:/home/brsd/microros_ws/install/multisense_msgs:/home/brsd/microros_ws/install/multisense_lib:/home/brsd/microros_ws/install/micro_ros_setup:/home/brsd/microros_ws/install/micro_ros_agent:/home/brsd/microros_ws/install/micro_ros_msgs:/home/brsd/microros_ws/install/drive_base_msgs:/home/brsd/microros_ws/install/jetson_comm:/opt/ros/foxy LD_LIBRARY_PATH=/home/brsd/microros_ws/install/multisense_msgs/lib:/home/brsd/microros_ws/install/multisense_lib/lib:${LD_LIBRARY_PATH} PATH=/home/brsd/microros_ws/install/xacro/bin:/home/brsd/microros_ws/install/multisense_lib/bin:${PATH} PYTHONPATH=/home/brsd/microros_ws/install/xacro/lib/python3.8/site-packages:/home/brsd/microros_ws/install/multisense_msgs/lib/python3.8/site-packages:${PYTHONPATH} /usr/bin/cmake --build /home/brsd/microros_ws/build/multisense_ros -- -j4 -l4
[12.101s] [35m[1mScanning dependencies of target multisense_ros[0m
[13.753s] [ 25%] [32mBuilding CXX object CMakeFiles/multisense_ros.dir/src/camera.cpp.o[0m
[13.754s] [ 25%] [32mBuilding CXX object CMakeFiles/multisense_ros.dir/src/camera_utilities.cpp.o[0m
[13.754s] [ 25%] [32mBuilding CXX object CMakeFiles/multisense_ros.dir/src/config.cpp.o[0m
[13.773s] [ 33%] [32mBuilding CXX object CMakeFiles/multisense_ros.dir/src/imu.cpp.o[0m
[122.650s] [ 41%] [32mBuilding CXX object CMakeFiles/multisense_ros.dir/src/point_cloud_utilities.cpp.o[0m
[123.702s] [ 50%] [32mBuilding CXX object CMakeFiles/multisense_ros.dir/src/parameter_utilities.cpp.o[0m
[124.745s] [ 58%] [32mBuilding CXX object CMakeFiles/multisense_ros.dir/src/laser.cpp.o[0m
[125.281s] [ 66%] [32mBuilding CXX object CMakeFiles/multisense_ros.dir/src/pps.cpp.o[0m
[125.966s] [ 75%] [32mBuilding CXX object CMakeFiles/multisense_ros.dir/src/status.cpp.o[0m
[166.890s] [ 83%] [32m[1mLinking CXX static library libmultisense_ros.a[0m
[167.232s] [ 83%] Built target multisense_ros
[167.315s] [35m[1mScanning dependencies of target ros_driver[0m
[168.074s] [ 91%] [32mBuilding CXX object CMakeFiles/ros_driver.dir/src/ros_driver.cpp.o[0m
[193.692s] [100%] [32m[1mLinking CXX executable ros_driver[0m
[195.787s] [100%] Built target ros_driver
[195.834s] Invoked command in '/home/brsd/microros_ws/build/multisense_ros' returned '0': AMENT_PREFIX_PATH=/home/brsd/microros_ws/install/xacro:/home/brsd/microros_ws/install/multisense_msgs:/home/brsd/microros_ws/install/multisense_lib:${AMENT_PREFIX_PATH} CMAKE_PREFIX_PATH=/home/brsd/microros_ws/install/xacro:/home/brsd/microros_ws/install/multisense_msgs:/home/brsd/microros_ws/install/multisense_lib:/home/brsd/microros_ws/install/micro_ros_setup:/home/brsd/microros_ws/install/micro_ros_agent:/home/brsd/microros_ws/install/micro_ros_msgs:/home/brsd/microros_ws/install/drive_base_msgs:/home/brsd/microros_ws/install/jetson_comm:/opt/ros/foxy LD_LIBRARY_PATH=/home/brsd/microros_ws/install/multisense_msgs/lib:/home/brsd/microros_ws/install/multisense_lib/lib:${LD_LIBRARY_PATH} PATH=/home/brsd/microros_ws/install/xacro/bin:/home/brsd/microros_ws/install/multisense_lib/bin:${PATH} PYTHONPATH=/home/brsd/microros_ws/install/xacro/lib/python3.8/site-packages:/home/brsd/microros_ws/install/multisense_msgs/lib/python3.8/site-packages:${PYTHONPATH} /usr/bin/cmake --build /home/brsd/microros_ws/build/multisense_ros -- -j4 -l4
[195.990s] Invoking command in '/home/brsd/microros_ws/build/multisense_ros': AMENT_PREFIX_PATH=/home/brsd/microros_ws/install/xacro:/home/brsd/microros_ws/install/multisense_msgs:/home/brsd/microros_ws/install/multisense_lib:${AMENT_PREFIX_PATH} CMAKE_PREFIX_PATH=/home/brsd/microros_ws/install/xacro:/home/brsd/microros_ws/install/multisense_msgs:/home/brsd/microros_ws/install/multisense_lib:/home/brsd/microros_ws/install/micro_ros_setup:/home/brsd/microros_ws/install/micro_ros_agent:/home/brsd/microros_ws/install/micro_ros_msgs:/home/brsd/microros_ws/install/drive_base_msgs:/home/brsd/microros_ws/install/jetson_comm:/opt/ros/foxy LD_LIBRARY_PATH=/home/brsd/microros_ws/install/multisense_msgs/lib:/home/brsd/microros_ws/install/multisense_lib/lib:${LD_LIBRARY_PATH} PATH=/home/brsd/microros_ws/install/xacro/bin:/home/brsd/microros_ws/install/multisense_lib/bin:${PATH} PYTHONPATH=/home/brsd/microros_ws/install/xacro/lib/python3.8/site-packages:/home/brsd/microros_ws/install/multisense_msgs/lib/python3.8/site-packages:${PYTHONPATH} /usr/bin/cmake --install /home/brsd/microros_ws/build/multisense_ros
[196.024s] -- Install configuration: "Release"
[196.025s] -- Installing: /home/brsd/microros_ws/install/multisense_ros/lib/multisense_ros/ros_driver
[196.032s] -- Set runtime path of "/home/brsd/microros_ws/install/multisense_ros/lib/multisense_ros/ros_driver" to ""
[196.033s] -- Installing: /home/brsd/microros_ws/install/multisense_ros/share/multisense_ros/launch
[196.034s] -- Installing: /home/brsd/microros_ws/install/multisense_ros/share/multisense_ros/launch/multisense_launch.py
[196.034s] -- Installing: /home/brsd/microros_ws/install/multisense_ros/share/multisense_ros/materials
[196.035s] -- Installing: /home/brsd/microros_ws/install/multisense_ros/share/multisense_ros/materials/textures
[196.036s] -- Installing: /home/brsd/microros_ws/install/multisense_ros/share/multisense_ros/materials/textures/head_diffuse.jpg
[196.044s] -- Installing: /home/brsd/microros_ws/install/multisense_ros/share/multisense_ros/meshes
[196.044s] -- Installing: /home/brsd/microros_ws/install/multisense_ros/share/multisense_ros/meshes/multisense_s7s.STL
[196.059s] -- Installing: /home/brsd/microros_ws/install/multisense_ros/share/multisense_ros/meshes/multisense_ks21.STL
[196.072s] -- Installing: /home/brsd/microros_ws/install/multisense_ros/share/multisense_ros/meshes/multisense_s30.STL
[196.082s] -- Installing: /home/brsd/microros_ws/install/multisense_ros/share/multisense_ros/meshes/head.dae
[196.086s] -- Installing: /home/brsd/microros_ws/install/multisense_ros/share/multisense_ros/meshes/base_link.STL
[196.121s] -- Installing: /home/brsd/microros_ws/install/multisense_ros/share/multisense_ros/meshes/multisense_s21.STL
[196.176s] -- Installing: /home/brsd/microros_ws/install/multisense_ros/share/multisense_ros/meshes/multisense_s7.STL
[196.242s] -- Installing: /home/brsd/microros_ws/install/multisense_ros/share/multisense_ros/meshes/head_camera.dae
[196.244s] -- Installing: /home/brsd/microros_ws/install/multisense_ros/share/multisense_ros/meshes/hokuyo_link.STL
[196.255s] -- Installing: /home/brsd/microros_ws/install/multisense_ros/share/multisense_ros/meshes/multisense_s27.STL
[196.272s] -- Installing: /home/brsd/microros_ws/install/multisense_ros/share/multisense_ros/urdf
[196.272s] -- Installing: /home/brsd/microros_ws/install/multisense_ros/share/multisense_ros/urdf/S7S
[196.273s] -- Installing: /home/brsd/microros_ws/install/multisense_ros/share/multisense_ros/urdf/S7S/multisenseS7S.urdf.xacro
[196.274s] -- Installing: /home/brsd/microros_ws/install/multisense_ros/share/multisense_ros/urdf/S7S/standalone.urdf.xacro
[196.275s] -- Installing: /home/brsd/microros_ws/install/multisense_ros/share/multisense_ros/urdf/KS21
[196.276s] -- Installing: /home/brsd/microros_ws/install/multisense_ros/share/multisense_ros/urdf/KS21/standalone.urdf.xacro
[196.277s] -- Installing: /home/brsd/microros_ws/install/multisense_ros/share/multisense_ros/urdf/KS21/multisenseKS21.urdf.xacro
[196.278s] -- Installing: /home/brsd/microros_ws/install/multisense_ros/share/multisense_ros/urdf/SL
[196.278s] -- Installing: /home/brsd/microros_ws/install/multisense_ros/share/multisense_ros/urdf/SL/multisenseSL.urdf.xacro
[196.280s] -- Installing: /home/brsd/microros_ws/install/multisense_ros/share/multisense_ros/urdf/SL/standalone.urdf.xacro
[196.281s] -- Installing: /home/brsd/microros_ws/install/multisense_ros/share/multisense_ros/urdf/S21
[196.281s] -- Installing: /home/brsd/microros_ws/install/multisense_ros/share/multisense_ros/urdf/S21/standalone.urdf.xacro
[196.282s] -- Installing: /home/brsd/microros_ws/install/multisense_ros/share/multisense_ros/urdf/S21/multisenseS21.urdf.xacro
[196.283s] -- Installing: /home/brsd/microros_ws/install/multisense_ros/share/multisense_ros/urdf/S27
[196.284s] -- Installing: /home/brsd/microros_ws/install/multisense_ros/share/multisense_ros/urdf/S27/multisenseS27.urdf.xacro
[196.285s] -- Installing: /home/brsd/microros_ws/install/multisense_ros/share/multisense_ros/urdf/S27/standalone.urdf.xacro
[196.285s] -- Installing: /home/brsd/microros_ws/install/multisense_ros/share/multisense_ros/urdf/S7
[196.286s] -- Installing: /home/brsd/microros_ws/install/multisense_ros/share/multisense_ros/urdf/S7/multisenseS7.urdf.xacro
[196.287s] -- Installing: /home/brsd/microros_ws/install/multisense_ros/share/multisense_ros/urdf/S7/standalone.urdf.xacro
[196.288s] -- Installing: /home/brsd/microros_ws/install/multisense_ros/share/multisense_ros/urdf/S30
[196.288s] -- Installing: /home/brsd/microros_ws/install/multisense_ros/share/multisense_ros/urdf/S30/multisenseS30.urdf.xacro
[196.289s] -- Installing: /home/brsd/microros_ws/install/multisense_ros/share/multisense_ros/urdf/S30/standalone.urdf.xacro
[196.295s] -- Installing: /home/brsd/microros_ws/install/multisense_ros/share/ament_index/resource_index/package_run_dependencies/multisense_ros
[196.297s] -- Installing: /home/brsd/microros_ws/install/multisense_ros/share/ament_index/resource_index/parent_prefix_path/multisense_ros
[196.307s] -- Installing: /home/brsd/microros_ws/install/multisense_ros/share/multisense_ros/environment/ament_prefix_path.sh
[196.309s] -- Installing: /home/brsd/microros_ws/install/multisense_ros/share/multisense_ros/environment/ament_prefix_path.dsv
[196.310s] -- Installing: /home/brsd/microros_ws/install/multisense_ros/share/multisense_ros/environment/path.sh
[196.312s] -- Installing: /home/brsd/microros_ws/install/multisense_ros/share/multisense_ros/environment/path.dsv
[196.313s] -- Installing: /home/brsd/microros_ws/install/multisense_ros/share/multisense_ros/local_setup.bash
[196.314s] -- Installing: /home/brsd/microros_ws/install/multisense_ros/share/multisense_ros/local_setup.sh
[196.315s] -- Installing: /home/brsd/microros_ws/install/multisense_ros/share/multisense_ros/local_setup.zsh
[196.317s] -- Installing: /home/brsd/microros_ws/install/multisense_ros/share/multisense_ros/local_setup.dsv
[196.318s] -- Installing: /home/brsd/microros_ws/install/multisense_ros/share/multisense_ros/package.dsv
[196.319s] -- Installing: /home/brsd/microros_ws/install/multisense_ros/share/ament_index/resource_index/packages/multisense_ros
[196.320s] -- Installing: /home/brsd/microros_ws/install/multisense_ros/share/multisense_ros/cmake/multisense_rosConfig.cmake
[196.321s] -- Installing: /home/brsd/microros_ws/install/multisense_ros/share/multisense_ros/cmake/multisense_rosConfig-version.cmake
[196.322s] -- Installing: /home/brsd/microros_ws/install/multisense_ros/share/multisense_ros/package.xml
[196.333s] Invoked command in '/home/brsd/microros_ws/build/multisense_ros' returned '0': AMENT_PREFIX_PATH=/home/brsd/microros_ws/install/xacro:/home/brsd/microros_ws/install/multisense_msgs:/home/brsd/microros_ws/install/multisense_lib:${AMENT_PREFIX_PATH} CMAKE_PREFIX_PATH=/home/brsd/microros_ws/install/xacro:/home/brsd/microros_ws/install/multisense_msgs:/home/brsd/microros_ws/install/multisense_lib:/home/brsd/microros_ws/install/micro_ros_setup:/home/brsd/microros_ws/install/micro_ros_agent:/home/brsd/microros_ws/install/micro_ros_msgs:/home/brsd/microros_ws/install/drive_base_msgs:/home/brsd/microros_ws/install/jetson_comm:/opt/ros/foxy LD_LIBRARY_PATH=/home/brsd/microros_ws/install/multisense_msgs/lib:/home/brsd/microros_ws/install/multisense_lib/lib:${LD_LIBRARY_PATH} PATH=/home/brsd/microros_ws/install/xacro/bin:/home/brsd/microros_ws/install/multisense_lib/bin:${PATH} PYTHONPATH=/home/brsd/microros_ws/install/xacro/lib/python3.8/site-packages:/home/brsd/microros_ws/install/multisense_msgs/lib/python3.8/site-packages:${PYTHONPATH} /usr/bin/cmake --install /home/brsd/microros_ws/build/multisense_ros
