running egg_info
creating ../../build/joystick_input/joystick_input.egg-info
writing ../../build/joystick_input/joystick_input.egg-info/PKG-INFO
writing dependency_links to ../../build/joystick_input/joystick_input.egg-info/dependency_links.txt
writing entry points to ../../build/joystick_input/joystick_input.egg-info/entry_points.txt
writing requirements to ../../build/joystick_input/joystick_input.egg-info/requires.txt
writing top-level names to ../../build/joystick_input/joystick_input.egg-info/top_level.txt
writing manifest file '../../build/joystick_input/joystick_input.egg-info/SOURCES.txt'
reading manifest file '../../build/joystick_input/joystick_input.egg-info/SOURCES.txt'
writing manifest file '../../build/joystick_input/joystick_input.egg-info/SOURCES.txt'
running build
running build_py
creating /home/brsd/microros_ws/build/joystick_input/build
creating /home/brsd/microros_ws/build/joystick_input/build/lib
creating /home/brsd/microros_ws/build/joystick_input/build/lib/joystick_input
copying joystick_input/__init__.py -> /home/brsd/microros_ws/build/joystick_input/build/lib/joystick_input
running install
running install_lib
creating /home/brsd/microros_ws/install/joystick_input/lib/python3.8/site-packages/joystick_input
copying /home/brsd/microros_ws/build/joystick_input/build/lib/joystick_input/__init__.py -> /home/brsd/microros_ws/install/joystick_input/lib/python3.8/site-packages/joystick_input
byte-compiling /home/brsd/microros_ws/install/joystick_input/lib/python3.8/site-packages/joystick_input/__init__.py to __init__.cpython-38.pyc
running install_data
creating /home/brsd/microros_ws/install/joystick_input/share/ament_index
creating /home/brsd/microros_ws/install/joystick_input/share/ament_index/resource_index
creating /home/brsd/microros_ws/install/joystick_input/share/ament_index/resource_index/packages
copying resource/joystick_input -> /home/brsd/microros_ws/install/joystick_input/share/ament_index/resource_index/packages
copying package.xml -> /home/brsd/microros_ws/install/joystick_input/share/joystick_input
running install_egg_info
Copying ../../build/joystick_input/joystick_input.egg-info to /home/brsd/microros_ws/install/joystick_input/lib/python3.8/site-packages/joystick_input-0.0.0-py3.8.egg-info
running install_scripts
writing list of installed files to '/home/brsd/microros_ws/build/joystick_input/install.log'
