[5.406s] Invoking command in '/home/brsd/microros_ws/src/fsm': PYTHONPATH=/home/brsd/microros_ws/build/fsm/prefix_override:/usr/lib/python3/dist-packages/colcon_core/task/python/colcon_distutils_commands:/home/brsd/microros_ws/install/fsm/lib/python3.8/site-packages:${PYTHONPATH} /usr/bin/python3 -W ignore:setup.py install is deprecated setup.py egg_info --egg-base ../../build/fsm build --build-base /home/brsd/microros_ws/build/fsm/build install --record /home/brsd/microros_ws/build/fsm/install.log --install-scripts $base/lib/fsm --single-version-externally-managed install_data
[6.813s] running egg_info
[6.815s] creating ../../build/fsm/fsm.egg-info
[6.817s] writing ../../build/fsm/fsm.egg-info/PKG-INFO
[6.820s] writing dependency_links to ../../build/fsm/fsm.egg-info/dependency_links.txt
[6.822s] writing entry points to ../../build/fsm/fsm.egg-info/entry_points.txt
[6.824s] writing requirements to ../../build/fsm/fsm.egg-info/requires.txt
[6.826s] writing top-level names to ../../build/fsm/fsm.egg-info/top_level.txt
[6.844s] writing manifest file '../../build/fsm/fsm.egg-info/SOURCES.txt'
[7.099s] reading manifest file '../../build/fsm/fsm.egg-info/SOURCES.txt'
[7.109s] writing manifest file '../../build/fsm/fsm.egg-info/SOURCES.txt'
[7.112s] running build
[7.114s] running build_py
[7.116s] creating /home/brsd/microros_ws/build/fsm/build
[7.118s] creating /home/brsd/microros_ws/build/fsm/build/lib
[7.120s] creating /home/brsd/microros_ws/build/fsm/build/lib/fsm
[7.123s] copying fsm/__init__.py -> /home/brsd/microros_ws/build/fsm/build/lib/fsm
[7.126s] running install
[7.132s] running install_lib
[7.138s] creating /home/brsd/microros_ws/install/fsm/lib/python3.8/site-packages/fsm
[7.140s] copying /home/brsd/microros_ws/build/fsm/build/lib/fsm/__init__.py -> /home/brsd/microros_ws/install/fsm/lib/python3.8/site-packages/fsm
[7.144s] byte-compiling /home/brsd/microros_ws/install/fsm/lib/python3.8/site-packages/fsm/__init__.py to __init__.cpython-38.pyc
[7.151s] running install_data
[7.154s] creating /home/brsd/microros_ws/install/fsm/share/ament_index
[7.155s] creating /home/brsd/microros_ws/install/fsm/share/ament_index/resource_index
[7.158s] creating /home/brsd/microros_ws/install/fsm/share/ament_index/resource_index/packages
[7.162s] copying resource/fsm -> /home/brsd/microros_ws/install/fsm/share/ament_index/resource_index/packages
[7.165s] copying package.xml -> /home/brsd/microros_ws/install/fsm/share/fsm
[7.168s] running install_egg_info
[7.183s] Copying ../../build/fsm/fsm.egg-info to /home/brsd/microros_ws/install/fsm/lib/python3.8/site-packages/fsm-0.0.0-py3.8.egg-info
[7.189s] running install_scripts
[7.287s] writing list of installed files to '/home/brsd/microros_ws/build/fsm/install.log'
[7.551s] Invoked command in '/home/brsd/microros_ws/src/fsm' returned '0': PYTHONPATH=/home/brsd/microros_ws/build/fsm/prefix_override:/usr/lib/python3/dist-packages/colcon_core/task/python/colcon_distutils_commands:/home/brsd/microros_ws/install/fsm/lib/python3.8/site-packages:${PYTHONPATH} /usr/bin/python3 -W ignore:setup.py install is deprecated setup.py egg_info --egg-base ../../build/fsm build --build-base /home/brsd/microros_ws/build/fsm/build install --record /home/brsd/microros_ws/build/fsm/install.log --install-scripts $base/lib/fsm --single-version-externally-managed install_data
