[5.299s] Invoking command in '/home/brsd/microros_ws/src/jetson_comm': PYTHONPATH=/home/brsd/microros_ws/build/jetson_comm/prefix_override:/usr/lib/python3/dist-packages/colcon_core/task/python/colcon_distutils_commands:/home/brsd/microros_ws/install/jetson_comm/lib/python3.8/site-packages:${PYTHONPATH} /usr/bin/python3 -W ignore:setup.py install is deprecated setup.py egg_info --egg-base ../../build/jetson_comm build --build-base /home/brsd/microros_ws/build/jetson_comm/build install --record /home/brsd/microros_ws/build/jetson_comm/install.log --install-scripts $base/lib/jetson_comm --single-version-externally-managed install_data
[7.287s] running egg_info
[7.301s] writing ../../build/jetson_comm/jetson_comm.egg-info/PKG-INFO
[7.301s] writing dependency_links to ../../build/jetson_comm/jetson_comm.egg-info/dependency_links.txt
[7.308s] writing entry points to ../../build/jetson_comm/jetson_comm.egg-info/entry_points.txt
[7.309s] writing requirements to ../../build/jetson_comm/jetson_comm.egg-info/requires.txt
[7.309s] writing top-level names to ../../build/jetson_comm/jetson_comm.egg-info/top_level.txt
[7.655s] reading manifest file '../../build/jetson_comm/jetson_comm.egg-info/SOURCES.txt'
[7.662s] writing manifest file '../../build/jetson_comm/jetson_comm.egg-info/SOURCES.txt'
[7.666s] running build
[7.668s] running build_py
[7.672s] running install
[7.678s] running install_lib
[7.687s] running install_data
[7.693s] running install_egg_info
[7.704s] removing '/home/brsd/microros_ws/install/jetson_comm/lib/python3.8/site-packages/jetson_comm-0.0.0-py3.8.egg-info' (and everything under it)
[7.706s] Copying ../../build/jetson_comm/jetson_comm.egg-info to /home/brsd/microros_ws/install/jetson_comm/lib/python3.8/site-packages/jetson_comm-0.0.0-py3.8.egg-info
[7.712s] running install_scripts
[7.854s] Installing jetson_node script to /home/brsd/microros_ws/install/jetson_comm/lib/jetson_comm
[7.856s] writing list of installed files to '/home/brsd/microros_ws/build/jetson_comm/install.log'
[8.689s] Invoked command in '/home/brsd/microros_ws/src/jetson_comm' returned '0': PYTHONPATH=/home/brsd/microros_ws/build/jetson_comm/prefix_override:/usr/lib/python3/dist-packages/colcon_core/task/python/colcon_distutils_commands:/home/brsd/microros_ws/install/jetson_comm/lib/python3.8/site-packages:${PYTHONPATH} /usr/bin/python3 -W ignore:setup.py install is deprecated setup.py egg_info --egg-base ../../build/jetson_comm build --build-base /home/brsd/microros_ws/build/jetson_comm/build install --record /home/brsd/microros_ws/build/jetson_comm/install.log --install-scripts $base/lib/jetson_comm --single-version-externally-managed install_data
