[3.476s] Invoking command in '/home/brsd/microros_ws/src/joystick_input': PYTHONPATH=/home/brsd/microros_ws/build/joystick_input/prefix_override:/usr/lib/python3/dist-packages/colcon_core/task/python/colcon_distutils_commands:/home/brsd/microros_ws/install/joystick_input/lib/python3.8/site-packages:${PYTHONPATH} /usr/bin/python3 -W ignore:setup.py install is deprecated setup.py egg_info --egg-base ../../build/joystick_input build --build-base /home/brsd/microros_ws/build/joystick_input/build install --record /home/brsd/microros_ws/build/joystick_input/install.log --install-scripts $base/lib/joystick_input --single-version-externally-managed install_data
[4.651s] running egg_info
[4.655s] writing ../../build/joystick_input/joystick_input.egg-info/PKG-INFO
[4.658s] writing dependency_links to ../../build/joystick_input/joystick_input.egg-info/dependency_links.txt
[4.659s] writing entry points to ../../build/joystick_input/joystick_input.egg-info/entry_points.txt
[4.659s] writing requirements to ../../build/joystick_input/joystick_input.egg-info/requires.txt
[4.660s] writing top-level names to ../../build/joystick_input/joystick_input.egg-info/top_level.txt
[4.829s] reading manifest file '../../build/joystick_input/joystick_input.egg-info/SOURCES.txt'
[4.835s] writing manifest file '../../build/joystick_input/joystick_input.egg-info/SOURCES.txt'
[4.835s] running build
[4.836s] running build_py
[4.836s] copying joystick_input/joystick_code.py -> /home/brsd/microros_ws/build/joystick_input/build/lib/joystick_input
[4.837s] running install
[4.839s] running install_lib
[4.843s] copying /home/brsd/microros_ws/build/joystick_input/build/lib/joystick_input/joystick_code.py -> /home/brsd/microros_ws/install/joystick_input/lib/python3.8/site-packages/joystick_input
[4.845s] byte-compiling /home/brsd/microros_ws/install/joystick_input/lib/python3.8/site-packages/joystick_input/joystick_code.py to joystick_code.cpython-38.pyc
[4.852s] running install_data
[4.853s] running install_egg_info
[4.860s] removing '/home/brsd/microros_ws/install/joystick_input/lib/python3.8/site-packages/joystick_input-0.0.0-py3.8.egg-info' (and everything under it)
[4.861s] Copying ../../build/joystick_input/joystick_input.egg-info to /home/brsd/microros_ws/install/joystick_input/lib/python3.8/site-packages/joystick_input-0.0.0-py3.8.egg-info
[4.866s] running install_scripts
[4.940s] Installing joystick_node script to /home/brsd/microros_ws/install/joystick_input/lib/joystick_input
[4.940s] writing list of installed files to '/home/brsd/microros_ws/build/joystick_input/install.log'
[5.051s] Invoked command in '/home/brsd/microros_ws/src/joystick_input' returned '0': PYTHONPATH=/home/brsd/microros_ws/build/joystick_input/prefix_override:/usr/lib/python3/dist-packages/colcon_core/task/python/colcon_distutils_commands:/home/brsd/microros_ws/install/joystick_input/lib/python3.8/site-packages:${PYTHONPATH} /usr/bin/python3 -W ignore:setup.py install is deprecated setup.py egg_info --egg-base ../../build/joystick_input build --build-base /home/brsd/microros_ws/build/joystick_input/build install --record /home/brsd/microros_ws/build/joystick_input/install.log --install-scripts $base/lib/joystick_input --single-version-externally-managed install_data
