[6.070s] Invoking command in '/home/brsd/microros_ws/src/joystick_input': PYTHONPATH=/home/brsd/microros_ws/build/joystick_input/prefix_override:/usr/lib/python3/dist-packages/colcon_core/task/python/colcon_distutils_commands:/home/brsd/microros_ws/install/joystick_input/lib/python3.8/site-packages:${PYTHONPATH} /usr/bin/python3 -W ignore:setup.py install is deprecated setup.py egg_info --egg-base ../../build/joystick_input build --build-base /home/brsd/microros_ws/build/joystick_input/build install --record /home/brsd/microros_ws/build/joystick_input/install.log --install-scripts $base/lib/joystick_input --single-version-externally-managed install_data
[7.951s] running egg_info
[7.970s] writing ../../build/joystick_input/joystick_input.egg-info/PKG-INFO
[7.972s] writing dependency_links to ../../build/joystick_input/joystick_input.egg-info/dependency_links.txt
[7.972s] writing entry points to ../../build/joystick_input/joystick_input.egg-info/entry_points.txt
[7.973s] writing requirements to ../../build/joystick_input/joystick_input.egg-info/requires.txt
[7.973s] writing top-level names to ../../build/joystick_input/joystick_input.egg-info/top_level.txt
[8.289s] reading manifest file '../../build/joystick_input/joystick_input.egg-info/SOURCES.txt'
[8.304s] writing manifest file '../../build/joystick_input/joystick_input.egg-info/SOURCES.txt'
[8.305s] running build
[8.305s] running build_py
[8.306s] running install
[8.310s] running install_lib
[8.335s] running install_data
[8.336s] running install_egg_info
[8.346s] removing '/home/brsd/microros_ws/install/joystick_input/lib/python3.8/site-packages/joystick_input-0.0.0-py3.8.egg-info' (and everything under it)
[8.349s] Copying ../../build/joystick_input/joystick_input.egg-info to /home/brsd/microros_ws/install/joystick_input/lib/python3.8/site-packages/joystick_input-0.0.0-py3.8.egg-info
[8.359s] running install_scripts
[8.459s] Installing joystick_node script to /home/brsd/microros_ws/install/joystick_input/lib/joystick_input
[8.461s] writing list of installed files to '/home/brsd/microros_ws/build/joystick_input/install.log'
[8.604s] Invoked command in '/home/brsd/microros_ws/src/joystick_input' returned '0': PYTHONPATH=/home/brsd/microros_ws/build/joystick_input/prefix_override:/usr/lib/python3/dist-packages/colcon_core/task/python/colcon_distutils_commands:/home/brsd/microros_ws/install/joystick_input/lib/python3.8/site-packages:${PYTHONPATH} /usr/bin/python3 -W ignore:setup.py install is deprecated setup.py egg_info --egg-base ../../build/joystick_input build --build-base /home/brsd/microros_ws/build/joystick_input/build install --record /home/brsd/microros_ws/build/joystick_input/install.log --install-scripts $base/lib/joystick_input --single-version-externally-managed install_data
