[3.516s] Invoking command in '/home/brsd/microros_ws/src/person_detection': PYTHONPATH=/home/brsd/microros_ws/build/person_detection/prefix_override:/usr/lib/python3/dist-packages/colcon_core/task/python/colcon_distutils_commands:/home/brsd/microros_ws/install/person_detection/lib/python3.8/site-packages:${PYTHONPATH} /usr/bin/python3 -W ignore:setup.py install is deprecated setup.py egg_info --egg-base ../../build/person_detection build --build-base /home/brsd/microros_ws/build/person_detection/build install --record /home/brsd/microros_ws/build/person_detection/install.log --install-scripts $base/lib/person_detection --single-version-externally-managed install_data
[4.481s] running egg_info
[4.484s] writing ../../build/person_detection/person_detection.egg-info/PKG-INFO
[4.485s] writing dependency_links to ../../build/person_detection/person_detection.egg-info/dependency_links.txt
[4.485s] writing entry points to ../../build/person_detection/person_detection.egg-info/entry_points.txt
[4.486s] writing requirements to ../../build/person_detection/person_detection.egg-info/requires.txt
[4.486s] writing top-level names to ../../build/person_detection/person_detection.egg-info/top_level.txt
[4.647s] reading manifest file '../../build/person_detection/person_detection.egg-info/SOURCES.txt'
[4.653s] writing manifest file '../../build/person_detection/person_detection.egg-info/SOURCES.txt'
[4.653s] running build
[4.653s] running build_py
[4.654s] copying person_detection/color_detection.py -> /home/brsd/microros_ws/build/person_detection/build/lib/person_detection
[4.655s] running install
[4.658s] running install_lib
[4.662s] copying /home/brsd/microros_ws/build/person_detection/build/lib/person_detection/color_detection.py -> /home/brsd/microros_ws/install/person_detection/lib/python3.8/site-packages/person_detection
[4.665s] byte-compiling /home/brsd/microros_ws/install/person_detection/lib/python3.8/site-packages/person_detection/color_detection.py to color_detection.cpython-38.pyc
[4.672s] running install_data
[4.673s] running install_egg_info
[4.680s] removing '/home/brsd/microros_ws/install/person_detection/lib/python3.8/site-packages/person_detection-0.0.0-py3.8.egg-info' (and everything under it)
[4.681s] Copying ../../build/person_detection/person_detection.egg-info to /home/brsd/microros_ws/install/person_detection/lib/python3.8/site-packages/person_detection-0.0.0-py3.8.egg-info
[4.685s] running install_scripts
[4.754s] Installing color_detector script to /home/brsd/microros_ws/install/person_detection/lib/person_detection
[4.757s] writing list of installed files to '/home/brsd/microros_ws/build/person_detection/install.log'
[4.862s] Invoked command in '/home/brsd/microros_ws/src/person_detection' returned '0': PYTHONPATH=/home/brsd/microros_ws/build/person_detection/prefix_override:/usr/lib/python3/dist-packages/colcon_core/task/python/colcon_distutils_commands:/home/brsd/microros_ws/install/person_detection/lib/python3.8/site-packages:${PYTHONPATH} /usr/bin/python3 -W ignore:setup.py install is deprecated setup.py egg_info --egg-base ../../build/person_detection build --build-base /home/brsd/microros_ws/build/person_detection/build install --record /home/brsd/microros_ws/build/person_detection/install.log --install-scripts $base/lib/person_detection --single-version-externally-managed install_data
