[5.403s] Invoking command in '/home/brsd/microros_ws/src/joystick_input': PYTHONPATH=/home/brsd/microros_ws/build/joystick_input/prefix_override:/usr/lib/python3/dist-packages/colcon_core/task/python/colcon_distutils_commands:/home/brsd/microros_ws/install/joystick_input/lib/python3.8/site-packages:${PYTHONPATH} /usr/bin/python3 -W ignore:setup.py install is deprecated setup.py egg_info --egg-base ../../build/joystick_input build --build-base /home/brsd/microros_ws/build/joystick_input/build install --record /home/brsd/microros_ws/build/joystick_input/install.log --install-scripts $base/lib/joystick_input --single-version-externally-managed install_data
[6.943s] running egg_info
[6.950s] writing ../../build/joystick_input/joystick_input.egg-info/PKG-INFO
[6.961s] writing dependency_links to ../../build/joystick_input/joystick_input.egg-info/dependency_links.txt
[6.964s] writing entry points to ../../build/joystick_input/joystick_input.egg-info/entry_points.txt
[6.967s] writing requirements to ../../build/joystick_input/joystick_input.egg-info/requires.txt
[6.970s] writing top-level names to ../../build/joystick_input/joystick_input.egg-info/top_level.txt
[7.187s] reading manifest file '../../build/joystick_input/joystick_input.egg-info/SOURCES.txt'
[7.194s] writing manifest file '../../build/joystick_input/joystick_input.egg-info/SOURCES.txt'
[7.197s] running build
[7.198s] running build_py
[7.198s] running install
[7.207s] running install_lib
[7.221s] running install_data
[7.224s] running install_egg_info
[7.231s] removing '/home/brsd/microros_ws/install/joystick_input/lib/python3.8/site-packages/joystick_input-0.0.0-py3.8.egg-info' (and everything under it)
[7.235s] Copying ../../build/joystick_input/joystick_input.egg-info to /home/brsd/microros_ws/install/joystick_input/lib/python3.8/site-packages/joystick_input-0.0.0-py3.8.egg-info
[7.244s] running install_scripts
[7.350s] Installing joystick_node script to /home/brsd/microros_ws/install/joystick_input/lib/joystick_input
[7.352s] writing list of installed files to '/home/brsd/microros_ws/build/joystick_input/install.log'
[8.906s] Invoked command in '/home/brsd/microros_ws/src/joystick_input' returned '0': PYTHONPATH=/home/brsd/microros_ws/build/joystick_input/prefix_override:/usr/lib/python3/dist-packages/colcon_core/task/python/colcon_distutils_commands:/home/brsd/microros_ws/install/joystick_input/lib/python3.8/site-packages:${PYTHONPATH} /usr/bin/python3 -W ignore:setup.py install is deprecated setup.py egg_info --egg-base ../../build/joystick_input build --build-base /home/brsd/microros_ws/build/joystick_input/build install --record /home/brsd/microros_ws/build/joystick_input/install.log --install-scripts $base/lib/joystick_input --single-version-externally-managed install_data
