[3.363s] Invoking command in '/home/brsd/microros_ws/src/joystick_input': PYTHONPATH=/home/brsd/microros_ws/build/joystick_input/prefix_override:/usr/lib/python3/dist-packages/colcon_core/task/python/colcon_distutils_commands:/home/brsd/microros_ws/install/joystick_input/lib/python3.8/site-packages:${PYTHONPATH} /usr/bin/python3 -W ignore:setup.py install is deprecated setup.py egg_info --egg-base ../../build/joystick_input build --build-base /home/brsd/microros_ws/build/joystick_input/build install --record /home/brsd/microros_ws/build/joystick_input/install.log --install-scripts $base/lib/joystick_input --single-version-externally-managed install_data
[4.539s] running egg_info
[4.542s] writing ../../build/joystick_input/joystick_input.egg-info/PKG-INFO
[4.544s] writing dependency_links to ../../build/joystick_input/joystick_input.egg-info/dependency_links.txt
[4.545s] writing entry points to ../../build/joystick_input/joystick_input.egg-info/entry_points.txt
[4.545s] writing requirements to ../../build/joystick_input/joystick_input.egg-info/requires.txt
[4.546s] writing top-level names to ../../build/joystick_input/joystick_input.egg-info/top_level.txt
[4.729s] reading manifest file '../../build/joystick_input/joystick_input.egg-info/SOURCES.txt'
[4.734s] writing manifest file '../../build/joystick_input/joystick_input.egg-info/SOURCES.txt'
[4.735s] running build
[4.735s] running build_py
[4.736s] copying joystick_input/joystick_code.py -> /home/brsd/microros_ws/build/joystick_input/build/lib/joystick_input
[4.736s] running install
[4.738s] running install_lib
[4.742s] copying /home/brsd/microros_ws/build/joystick_input/build/lib/joystick_input/joystick_code.py -> /home/brsd/microros_ws/install/joystick_input/lib/python3.8/site-packages/joystick_input
[4.745s] byte-compiling /home/brsd/microros_ws/install/joystick_input/lib/python3.8/site-packages/joystick_input/joystick_code.py to joystick_code.cpython-38.pyc
[4.751s] running install_data
[4.752s] running install_egg_info
[4.759s] removing '/home/brsd/microros_ws/install/joystick_input/lib/python3.8/site-packages/joystick_input-0.0.0-py3.8.egg-info' (and everything under it)
[4.760s] Copying ../../build/joystick_input/joystick_input.egg-info to /home/brsd/microros_ws/install/joystick_input/lib/python3.8/site-packages/joystick_input-0.0.0-py3.8.egg-info
[4.764s] running install_scripts
[4.839s] Installing joystick_node script to /home/brsd/microros_ws/install/joystick_input/lib/joystick_input
[4.840s] writing list of installed files to '/home/brsd/microros_ws/build/joystick_input/install.log'
[4.948s] Invoked command in '/home/brsd/microros_ws/src/joystick_input' returned '0': PYTHONPATH=/home/brsd/microros_ws/build/joystick_input/prefix_override:/usr/lib/python3/dist-packages/colcon_core/task/python/colcon_distutils_commands:/home/brsd/microros_ws/install/joystick_input/lib/python3.8/site-packages:${PYTHONPATH} /usr/bin/python3 -W ignore:setup.py install is deprecated setup.py egg_info --egg-base ../../build/joystick_input build --build-base /home/brsd/microros_ws/build/joystick_input/build install --record /home/brsd/microros_ws/build/joystick_input/install.log --install-scripts $base/lib/joystick_input --single-version-externally-managed install_data
