[5.861s] Invoking command in '/home/brsd/microros_ws/src/jetson_comm': PYTHONPATH=/home/brsd/microros_ws/build/jetson_comm/prefix_override:/usr/lib/python3/dist-packages/colcon_core/task/python/colcon_distutils_commands:/home/brsd/microros_ws/install/jetson_comm/lib/python3.8/site-packages:${PYTHONPATH} /usr/bin/python3 -W ignore:setup.py install is deprecated setup.py egg_info --egg-base ../../build/jetson_comm build --build-base /home/brsd/microros_ws/build/jetson_comm/build install --record /home/brsd/microros_ws/build/jetson_comm/install.log --install-scripts $base/lib/jetson_comm --single-version-externally-managed install_data
[7.802s] running egg_info
[7.808s] writing ../../build/jetson_comm/jetson_comm.egg-info/PKG-INFO
[7.810s] writing dependency_links to ../../build/jetson_comm/jetson_comm.egg-info/dependency_links.txt
[7.812s] writing entry points to ../../build/jetson_comm/jetson_comm.egg-info/entry_points.txt
[7.814s] writing requirements to ../../build/jetson_comm/jetson_comm.egg-info/requires.txt
[7.815s] writing top-level names to ../../build/jetson_comm/jetson_comm.egg-info/top_level.txt
[8.027s] reading manifest file '../../build/jetson_comm/jetson_comm.egg-info/SOURCES.txt'
[8.039s] writing manifest file '../../build/jetson_comm/jetson_comm.egg-info/SOURCES.txt'
[8.041s] running build
[8.042s] running build_py
[8.045s] running install
[8.046s] running install_lib
[8.055s] running install_data
[8.056s] running install_egg_info
[8.063s] removing '/home/brsd/microros_ws/install/jetson_comm/lib/python3.8/site-packages/jetson_comm-0.0.0-py3.8.egg-info' (and everything under it)
[8.074s] Copying ../../build/jetson_comm/jetson_comm.egg-info to /home/brsd/microros_ws/install/jetson_comm/lib/python3.8/site-packages/jetson_comm-0.0.0-py3.8.egg-info
[8.079s] running install_scripts
[8.249s] Installing jetson_node script to /home/brsd/microros_ws/install/jetson_comm/lib/jetson_comm
[8.257s] writing list of installed files to '/home/brsd/microros_ws/build/jetson_comm/install.log'
[9.387s] Invoked command in '/home/brsd/microros_ws/src/jetson_comm' returned '0': PYTHONPATH=/home/brsd/microros_ws/build/jetson_comm/prefix_override:/usr/lib/python3/dist-packages/colcon_core/task/python/colcon_distutils_commands:/home/brsd/microros_ws/install/jetson_comm/lib/python3.8/site-packages:${PYTHONPATH} /usr/bin/python3 -W ignore:setup.py install is deprecated setup.py egg_info --egg-base ../../build/jetson_comm build --build-base /home/brsd/microros_ws/build/jetson_comm/build install --record /home/brsd/microros_ws/build/jetson_comm/install.log --install-scripts $base/lib/jetson_comm --single-version-externally-managed install_data
