[0.127s] Invoking command in '/home/brsd/microros_ws/build/multisense_msgs': CMAKE_PREFIX_PATH=${CMAKE_PREFIX_PATH}:/home/brsd/microros_ws/install/person_detection:/home/brsd/microros_ws/install/pathfinding:/home/brsd/microros_ws/install/object_detection_pkg:/home/brsd/microros_ws/install/joystick_input:/home/brsd/microros_ws/install/jetson_comm:/home/brsd/microros_ws/install/fsm:/opt/ros/foxy /usr/bin/cmake --build /home/brsd/microros_ws/build/multisense_msgs -- -j4 -l4
[0.484s] [ 12%] Built target multisense_msgs__rosidl_generator_c
[0.490s] [ 12%] Built target multisense_msgs__cpp
[0.871s] [ 25%] Built target multisense_msgs__rosidl_typesupport_introspection_cpp
[0.876s] [ 36%] Built target multisense_msgs__rosidl_typesupport_introspection_c
[0.953s] [ 48%] Built target multisense_msgs__rosidl_typesupport_cpp
[0.993s] [ 59%] Built target multisense_msgs__rosidl_typesupport_fastrtps_cpp
[1.188s] [ 71%] Built target multisense_msgs__rosidl_typesupport_c
[1.300s] [ 83%] Built target multisense_msgs__rosidl_typesupport_fastrtps_c
[1.515s] [ 83%] Built target multisense_msgs
[1.687s] [ 84%] Built target multisense_msgs__py
[2.014s] [ 95%] Built target multisense_msgs__python
[2.300s] [ 97%] Built target multisense_msgs__rosidl_typesupport_introspection_c__pyext
[2.322s] [ 98%] Built target multisense_msgs__rosidl_typesupport_c__pyext
[2.367s] [100%] Built target multisense_msgs__rosidl_typesupport_fastrtps_c__pyext
[2.501s] Invoked command in '/home/brsd/microros_ws/build/multisense_msgs' returned '0': CMAKE_PREFIX_PATH=${CMAKE_PREFIX_PATH}:/home/brsd/microros_ws/install/person_detection:/home/brsd/microros_ws/install/pathfinding:/home/brsd/microros_ws/install/object_detection_pkg:/home/brsd/microros_ws/install/joystick_input:/home/brsd/microros_ws/install/jetson_comm:/home/brsd/microros_ws/install/fsm:/opt/ros/foxy /usr/bin/cmake --build /home/brsd/microros_ws/build/multisense_msgs -- -j4 -l4
[4.495s] Invoking command in '/home/brsd/microros_ws/build/multisense_msgs': CMAKE_PREFIX_PATH=${CMAKE_PREFIX_PATH}:/home/brsd/microros_ws/install/person_detection:/home/brsd/microros_ws/install/pathfinding:/home/brsd/microros_ws/install/object_detection_pkg:/home/brsd/microros_ws/install/joystick_input:/home/brsd/microros_ws/install/jetson_comm:/home/brsd/microros_ws/install/fsm:/opt/ros/foxy /usr/bin/cmake --install /home/brsd/microros_ws/build/multisense_msgs
[4.700s] -- Install configuration: "Release"
[4.700s] -- Up-to-date: /home/brsd/microros_ws/install/multisense_msgs/share/ament_index/resource_index/rosidl_interfaces/multisense_msgs
[4.701s] -- Up-to-date: /home/brsd/microros_ws/install/multisense_msgs/include/multisense_msgs
[4.702s] -- Up-to-date: /home/brsd/microros_ws/install/multisense_msgs/include/multisense_msgs/msg
[4.708s] -- Up-to-date: /home/brsd/microros_ws/install/multisense_msgs/include/multisense_msgs/msg/raw_cam_config.h
[4.709s] -- Up-to-date: /home/brsd/microros_ws/install/multisense_msgs/include/multisense_msgs/msg/raw_cam_cal.h
[4.710s] -- Up-to-date: /home/brsd/microros_ws/install/multisense_msgs/include/multisense_msgs/msg/stamped_pps.h
[4.711s] -- Up-to-date: /home/brsd/microros_ws/install/multisense_msgs/include/multisense_msgs/msg/raw_cam_data.h
[4.718s] -- Up-to-date: /home/brsd/microros_ws/install/multisense_msgs/include/multisense_msgs/msg/ptp_status.h
[4.719s] -- Up-to-date: /home/brsd/microros_ws/install/multisense_msgs/include/multisense_msgs/msg/raw_lidar_data.h
[4.720s] -- Up-to-date: /home/brsd/microros_ws/install/multisense_msgs/include/multisense_msgs/msg/raw_lidar_cal.h
[4.721s] -- Up-to-date: /home/brsd/microros_ws/install/multisense_msgs/include/multisense_msgs/msg/device_info.h
[4.721s] -- Up-to-date: /home/brsd/microros_ws/install/multisense_msgs/include/multisense_msgs/msg/detail
[4.730s] -- Up-to-date: /home/brsd/microros_ws/install/multisense_msgs/include/multisense_msgs/msg/detail/device_status__functions.c
[4.731s] -- Up-to-date: /home/brsd/microros_ws/install/multisense_msgs/include/multisense_msgs/msg/detail/device_info__functions.c
[4.731s] -- Up-to-date: /home/brsd/microros_ws/install/multisense_msgs/include/multisense_msgs/msg/detail/raw_cam_cal__functions.h
[4.732s] -- Up-to-date: /home/brsd/microros_ws/install/multisense_msgs/include/multisense_msgs/msg/detail/device_status__type_support.h
[4.732s] -- Up-to-date: /home/brsd/microros_ws/install/multisense_msgs/include/multisense_msgs/msg/detail/raw_cam_config__functions.c
[4.733s] -- Up-to-date: /home/brsd/microros_ws/install/multisense_msgs/include/multisense_msgs/msg/detail/raw_lidar_cal__struct.h
[4.733s] -- Up-to-date: /home/brsd/microros_ws/install/multisense_msgs/include/multisense_msgs/msg/detail/device_status__struct.h
[4.734s] -- Up-to-date: /home/brsd/microros_ws/install/multisense_msgs/include/multisense_msgs/msg/detail/raw_imu_data__functions.c
[4.735s] -- Up-to-date: /home/brsd/microros_ws/install/multisense_msgs/include/multisense_msgs/msg/detail/raw_cam_data__struct.h
[4.735s] -- Up-to-date: /home/brsd/microros_ws/install/multisense_msgs/include/multisense_msgs/msg/detail/raw_cam_config__struct.h
[4.737s] -- Up-to-date: /home/brsd/microros_ws/install/multisense_msgs/include/multisense_msgs/msg/detail/device_info__type_support.h
[4.738s] -- Up-to-date: /home/brsd/microros_ws/install/multisense_msgs/include/multisense_msgs/msg/detail/histogram__functions.h
[4.738s] -- Up-to-date: /home/brsd/microros_ws/install/multisense_msgs/include/multisense_msgs/msg/detail/histogram__struct.h
[4.739s] -- Up-to-date: /home/brsd/microros_ws/install/multisense_msgs/include/multisense_msgs/msg/detail/stamped_pps__functions.h
[4.739s] -- Up-to-date: /home/brsd/microros_ws/install/multisense_msgs/include/multisense_msgs/msg/detail/raw_cam_data__type_support.h
[4.740s] -- Up-to-date: /home/brsd/microros_ws/install/multisense_msgs/include/multisense_msgs/msg/detail/stamped_pps__functions.c
[4.740s] -- Up-to-date: /home/brsd/microros_ws/install/multisense_msgs/include/multisense_msgs/msg/detail/raw_cam_config__functions.h
[4.741s] -- Up-to-date: /home/brsd/microros_ws/install/multisense_msgs/include/multisense_msgs/msg/detail/raw_lidar_data__struct.h
[4.741s] -- Up-to-date: /home/brsd/microros_ws/install/multisense_msgs/include/multisense_msgs/msg/detail/ptp_status__functions.c
[4.742s] -- Up-to-date: /home/brsd/microros_ws/install/multisense_msgs/include/multisense_msgs/msg/detail/raw_cam_cal__functions.c
[4.742s] -- Up-to-date: /home/brsd/microros_ws/install/multisense_msgs/include/multisense_msgs/msg/detail/raw_lidar_data__functions.c
[4.743s] -- Up-to-date: /home/brsd/microros_ws/install/multisense_msgs/include/multisense_msgs/msg/detail/raw_lidar_data__type_support.h
[4.743s] -- Up-to-date: /home/brsd/microros_ws/install/multisense_msgs/include/multisense_msgs/msg/detail/raw_cam_config__type_support.h
[4.744s] -- Up-to-date: /home/brsd/microros_ws/install/multisense_msgs/include/multisense_msgs/msg/detail/histogram__type_support.h
[4.753s] -- Up-to-date: /home/brsd/microros_ws/install/multisense_msgs/include/multisense_msgs/msg/detail/device_info__functions.h
[4.754s] -- Up-to-date: /home/brsd/microros_ws/install/multisense_msgs/include/multisense_msgs/msg/detail/raw_imu_data__functions.h
[4.761s] -- Up-to-date: /home/brsd/microros_ws/install/multisense_msgs/include/multisense_msgs/msg/detail/histogram__functions.c
[4.762s] -- Up-to-date: /home/brsd/microros_ws/install/multisense_msgs/include/multisense_msgs/msg/detail/raw_imu_data__type_support.h
[4.762s] -- Up-to-date: /home/brsd/microros_ws/install/multisense_msgs/include/multisense_msgs/msg/detail/ptp_status__functions.h
[4.763s] -- Up-to-date: /home/brsd/microros_ws/install/multisense_msgs/include/multisense_msgs/msg/detail/raw_lidar_cal__type_support.h
[4.763s] -- Up-to-date: /home/brsd/microros_ws/install/multisense_msgs/include/multisense_msgs/msg/detail/raw_lidar_data__functions.h
[4.764s] -- Up-to-date: /home/brsd/microros_ws/install/multisense_msgs/include/multisense_msgs/msg/detail/raw_lidar_cal__functions.c
[4.764s] -- Up-to-date: /home/brsd/microros_ws/install/multisense_msgs/include/multisense_msgs/msg/detail/raw_cam_cal__struct.h
[4.765s] -- Up-to-date: /home/brsd/microros_ws/install/multisense_msgs/include/multisense_msgs/msg/detail/stamped_pps__struct.h
[4.765s] -- Up-to-date: /home/brsd/microros_ws/install/multisense_msgs/include/multisense_msgs/msg/detail/raw_cam_cal__type_support.h
[4.768s] -- Up-to-date: /home/brsd/microros_ws/install/multisense_msgs/include/multisense_msgs/msg/detail/device_status__functions.h
[4.768s] -- Up-to-date: /home/brsd/microros_ws/install/multisense_msgs/include/multisense_msgs/msg/detail/raw_cam_data__functions.c
[4.772s] -- Up-to-date: /home/brsd/microros_ws/install/multisense_msgs/include/multisense_msgs/msg/detail/stamped_pps__type_support.h
[4.774s] -- Up-to-date: /home/brsd/microros_ws/install/multisense_msgs/include/multisense_msgs/msg/detail/raw_imu_data__struct.h
[4.774s] -- Up-to-date: /home/brsd/microros_ws/install/multisense_msgs/include/multisense_msgs/msg/detail/raw_cam_data__functions.h
[4.775s] -- Up-to-date: /home/brsd/microros_ws/install/multisense_msgs/include/multisense_msgs/msg/detail/ptp_status__struct.h
[4.775s] -- Up-to-date: /home/brsd/microros_ws/install/multisense_msgs/include/multisense_msgs/msg/detail/device_info__struct.h
[4.776s] -- Up-to-date: /home/brsd/microros_ws/install/multisense_msgs/include/multisense_msgs/msg/detail/ptp_status__type_support.h
[4.776s] -- Up-to-date: /home/brsd/microros_ws/install/multisense_msgs/include/multisense_msgs/msg/detail/raw_lidar_cal__functions.h
[4.777s] -- Up-to-date: /home/brsd/microros_ws/install/multisense_msgs/include/multisense_msgs/msg/histogram.h
[4.783s] -- Up-to-date: /home/brsd/microros_ws/install/multisense_msgs/include/multisense_msgs/msg/device_status.h
[4.783s] -- Up-to-date: /home/brsd/microros_ws/install/multisense_msgs/include/multisense_msgs/msg/rosidl_generator_c__visibility_control.h
[4.784s] -- Up-to-date: /home/brsd/microros_ws/install/multisense_msgs/include/multisense_msgs/msg/raw_imu_data.h
[4.788s] -- Up-to-date: /home/brsd/microros_ws/install/multisense_msgs/share/multisense_msgs/environment/library_path.sh
[4.789s] -- Up-to-date: /home/brsd/microros_ws/install/multisense_msgs/share/multisense_msgs/environment/library_path.dsv
[4.790s] -- Up-to-date: /home/brsd/microros_ws/install/multisense_msgs/lib/libmultisense_msgs__rosidl_generator_c.so
[4.791s] -- Up-to-date: /home/brsd/microros_ws/install/multisense_msgs/include/multisense_msgs
[4.791s] -- Up-to-date: /home/brsd/microros_ws/install/multisense_msgs/include/multisense_msgs/msg
[4.797s] -- Up-to-date: /home/brsd/microros_ws/install/multisense_msgs/include/multisense_msgs/msg/rosidl_typesupport_fastrtps_c__visibility_control.h
[4.798s] -- Up-to-date: /home/brsd/microros_ws/install/multisense_msgs/include/multisense_msgs/msg/detail
[4.798s] -- Up-to-date: /home/brsd/microros_ws/install/multisense_msgs/include/multisense_msgs/msg/detail/raw_cam_data__rosidl_typesupport_fastrtps_c.h
[4.799s] -- Up-to-date: /home/brsd/microros_ws/install/multisense_msgs/include/multisense_msgs/msg/detail/ptp_status__rosidl_typesupport_fastrtps_c.h
[4.799s] -- Up-to-date: /home/brsd/microros_ws/install/multisense_msgs/include/multisense_msgs/msg/detail/stamped_pps__rosidl_typesupport_fastrtps_c.h
[4.802s] -- Up-to-date: /home/brsd/microros_ws/install/multisense_msgs/include/multisense_msgs/msg/detail/raw_lidar_cal__rosidl_typesupport_fastrtps_c.h
[4.804s] -- Up-to-date: /home/brsd/microros_ws/install/multisense_msgs/include/multisense_msgs/msg/detail/device_status__rosidl_typesupport_fastrtps_c.h
[4.804s] -- Up-to-date: /home/brsd/microros_ws/install/multisense_msgs/include/multisense_msgs/msg/detail/raw_cam_cal__rosidl_typesupport_fastrtps_c.h
[4.805s] -- Up-to-date: /home/brsd/microros_ws/install/multisense_msgs/include/multisense_msgs/msg/detail/raw_lidar_data__rosidl_typesupport_fastrtps_c.h
[4.805s] -- Up-to-date: /home/brsd/microros_ws/install/multisense_msgs/include/multisense_msgs/msg/detail/raw_imu_data__rosidl_typesupport_fastrtps_c.h
[4.814s] -- Up-to-date: /home/brsd/microros_ws/install/multisense_msgs/include/multisense_msgs/msg/detail/raw_cam_config__rosidl_typesupport_fastrtps_c.h
[4.815s] -- Up-to-date: /home/brsd/microros_ws/install/multisense_msgs/include/multisense_msgs/msg/detail/device_info__rosidl_typesupport_fastrtps_c.h
[4.815s] -- Up-to-date: /home/brsd/microros_ws/install/multisense_msgs/include/multisense_msgs/msg/detail/histogram__rosidl_typesupport_fastrtps_c.h
[4.815s] -- Up-to-date: /home/brsd/microros_ws/install/multisense_msgs/lib/libmultisense_msgs__rosidl_typesupport_fastrtps_c.so
[4.816s] -- Up-to-date: /home/brsd/microros_ws/install/multisense_msgs/include/multisense_msgs
[4.816s] -- Up-to-date: /home/brsd/microros_ws/install/multisense_msgs/include/multisense_msgs/msg
[4.817s] -- Up-to-date: /home/brsd/microros_ws/install/multisense_msgs/include/multisense_msgs/msg/rosidl_typesupport_fastrtps_cpp__visibility_control.h
[4.817s] -- Up-to-date: /home/brsd/microros_ws/install/multisense_msgs/include/multisense_msgs/msg/detail
[4.818s] -- Up-to-date: /home/brsd/microros_ws/install/multisense_msgs/include/multisense_msgs/msg/detail/raw_imu_data__rosidl_typesupport_fastrtps_cpp.hpp
[4.818s] -- Up-to-date: /home/brsd/microros_ws/install/multisense_msgs/include/multisense_msgs/msg/detail/raw_lidar_cal__rosidl_typesupport_fastrtps_cpp.hpp
[4.819s] -- Up-to-date: /home/brsd/microros_ws/install/multisense_msgs/include/multisense_msgs/msg/detail/ptp_status__rosidl_typesupport_fastrtps_cpp.hpp
[4.820s] -- Up-to-date: /home/brsd/microros_ws/install/multisense_msgs/include/multisense_msgs/msg/detail/raw_cam_config__rosidl_typesupport_fastrtps_cpp.hpp
[4.825s] -- Up-to-date: /home/brsd/microros_ws/install/multisense_msgs/include/multisense_msgs/msg/detail/raw_cam_data__rosidl_typesupport_fastrtps_cpp.hpp
[4.826s] -- Up-to-date: /home/brsd/microros_ws/install/multisense_msgs/include/multisense_msgs/msg/detail/histogram__rosidl_typesupport_fastrtps_cpp.hpp
[4.826s] -- Up-to-date: /home/brsd/microros_ws/install/multisense_msgs/include/multisense_msgs/msg/detail/stamped_pps__rosidl_typesupport_fastrtps_cpp.hpp
[4.827s] -- Up-to-date: /home/brsd/microros_ws/install/multisense_msgs/include/multisense_msgs/msg/detail/raw_lidar_data__rosidl_typesupport_fastrtps_cpp.hpp
[4.827s] -- Up-to-date: /home/brsd/microros_ws/install/multisense_msgs/include/multisense_msgs/msg/detail/device_status__rosidl_typesupport_fastrtps_cpp.hpp
[4.828s] -- Up-to-date: /home/brsd/microros_ws/install/multisense_msgs/include/multisense_msgs/msg/detail/device_info__rosidl_typesupport_fastrtps_cpp.hpp
[4.829s] -- Up-to-date: /home/brsd/microros_ws/install/multisense_msgs/include/multisense_msgs/msg/detail/raw_cam_cal__rosidl_typesupport_fastrtps_cpp.hpp
[4.835s] -- Up-to-date: /home/brsd/microros_ws/install/multisense_msgs/include/multisense_msgs/msg/detail/dds_fastrtps
[4.836s] -- Up-to-date: /home/brsd/microros_ws/install/multisense_msgs/lib/libmultisense_msgs__rosidl_typesupport_fastrtps_cpp.so
[4.837s] -- Up-to-date: /home/brsd/microros_ws/install/multisense_msgs/include/multisense_msgs
[4.838s] -- Up-to-date: /home/brsd/microros_ws/install/multisense_msgs/include/multisense_msgs/msg
[4.839s] -- Up-to-date: /home/brsd/microros_ws/install/multisense_msgs/include/multisense_msgs/msg/detail
[4.839s] -- Up-to-date: /home/brsd/microros_ws/install/multisense_msgs/include/multisense_msgs/msg/detail/ptp_status__rosidl_typesupport_introspection_c.h
[4.840s] -- Up-to-date: /home/brsd/microros_ws/install/multisense_msgs/include/multisense_msgs/msg/detail/raw_cam_config__rosidl_typesupport_introspection_c.h
[4.846s] -- Up-to-date: /home/brsd/microros_ws/install/multisense_msgs/include/multisense_msgs/msg/detail/device_info__rosidl_typesupport_introspection_c.h
[4.847s] -- Up-to-date: /home/brsd/microros_ws/install/multisense_msgs/include/multisense_msgs/msg/detail/raw_lidar_cal__type_support.c
[4.847s] -- Up-to-date: /home/brsd/microros_ws/install/multisense_msgs/include/multisense_msgs/msg/detail/raw_lidar_data__type_support.c
[4.848s] -- Up-to-date: /home/brsd/microros_ws/install/multisense_msgs/include/multisense_msgs/msg/detail/raw_cam_data__rosidl_typesupport_introspection_c.h
[4.848s] -- Up-to-date: /home/brsd/microros_ws/install/multisense_msgs/include/multisense_msgs/msg/detail/device_info__type_support.c
[4.848s] -- Up-to-date: /home/brsd/microros_ws/install/multisense_msgs/include/multisense_msgs/msg/detail/device_status__type_support.c
[4.849s] -- Up-to-date: /home/brsd/microros_ws/install/multisense_msgs/include/multisense_msgs/msg/detail/raw_imu_data__type_support.c
[4.849s] -- Up-to-date: /home/brsd/microros_ws/install/multisense_msgs/include/multisense_msgs/msg/detail/histogram__rosidl_typesupport_introspection_c.h
[4.850s] -- Up-to-date: /home/brsd/microros_ws/install/multisense_msgs/include/multisense_msgs/msg/detail/histogram__type_support.c
[4.850s] -- Up-to-date: /home/brsd/microros_ws/install/multisense_msgs/include/multisense_msgs/msg/detail/ptp_status__type_support.c
[4.851s] -- Up-to-date: /home/brsd/microros_ws/install/multisense_msgs/include/multisense_msgs/msg/detail/raw_lidar_cal__rosidl_typesupport_introspection_c.h
[4.851s] -- Up-to-date: /home/brsd/microros_ws/install/multisense_msgs/include/multisense_msgs/msg/detail/raw_imu_data__rosidl_typesupport_introspection_c.h
[4.852s] -- Up-to-date: /home/brsd/microros_ws/install/multisense_msgs/include/multisense_msgs/msg/detail/raw_cam_data__type_support.c
[4.856s] -- Up-to-date: /home/brsd/microros_ws/install/multisense_msgs/include/multisense_msgs/msg/detail/device_status__rosidl_typesupport_introspection_c.h
[4.857s] -- Up-to-date: /home/brsd/microros_ws/install/multisense_msgs/include/multisense_msgs/msg/detail/stamped_pps__rosidl_typesupport_introspection_c.h
[4.857s] -- Up-to-date: /home/brsd/microros_ws/install/multisense_msgs/include/multisense_msgs/msg/detail/raw_cam_cal__type_support.c
[4.864s] -- Up-to-date: /home/brsd/microros_ws/install/multisense_msgs/include/multisense_msgs/msg/detail/raw_lidar_data__rosidl_typesupport_introspection_c.h
[4.864s] -- Up-to-date: /home/brsd/microros_ws/install/multisense_msgs/include/multisense_msgs/msg/detail/stamped_pps__type_support.c
[4.865s] -- Up-to-date: /home/brsd/microros_ws/install/multisense_msgs/include/multisense_msgs/msg/detail/raw_cam_config__type_support.c
[4.866s] -- Up-to-date: /home/brsd/microros_ws/install/multisense_msgs/include/multisense_msgs/msg/detail/raw_cam_cal__rosidl_typesupport_introspection_c.h
[4.867s] -- Up-to-date: /home/brsd/microros_ws/install/multisense_msgs/include/multisense_msgs/msg/rosidl_typesupport_introspection_c__visibility_control.h
[4.868s] -- Up-to-date: /home/brsd/microros_ws/install/multisense_msgs/lib/libmultisense_msgs__rosidl_typesupport_introspection_c.so
[4.868s] -- Up-to-date: /home/brsd/microros_ws/install/multisense_msgs/lib/libmultisense_msgs__rosidl_typesupport_c.so
[4.869s] -- Up-to-date: /home/brsd/microros_ws/install/multisense_msgs/include/multisense_msgs
[4.879s] -- Up-to-date: /home/brsd/microros_ws/install/multisense_msgs/include/multisense_msgs/msg
[4.879s] -- Up-to-date: /home/brsd/microros_ws/install/multisense_msgs/include/multisense_msgs/msg/raw_cam_cal.hpp
[4.880s] -- Up-to-date: /home/brsd/microros_ws/install/multisense_msgs/include/multisense_msgs/msg/stamped_pps.hpp
[4.881s] -- Up-to-date: /home/brsd/microros_ws/install/multisense_msgs/include/multisense_msgs/msg/histogram.hpp
[4.881s] -- Up-to-date: /home/brsd/microros_ws/install/multisense_msgs/include/multisense_msgs/msg/raw_lidar_data.hpp
[4.882s] -- Up-to-date: /home/brsd/microros_ws/install/multisense_msgs/include/multisense_msgs/msg/raw_cam_config.hpp
[4.882s] -- Up-to-date: /home/brsd/microros_ws/install/multisense_msgs/include/multisense_msgs/msg/device_info.hpp
[4.883s] -- Up-to-date: /home/brsd/microros_ws/install/multisense_msgs/include/multisense_msgs/msg/raw_lidar_cal.hpp
[4.883s] -- Up-to-date: /home/brsd/microros_ws/install/multisense_msgs/include/multisense_msgs/msg/ptp_status.hpp
[4.884s] -- Up-to-date: /home/brsd/microros_ws/install/multisense_msgs/include/multisense_msgs/msg/raw_imu_data.hpp
[4.884s] -- Up-to-date: /home/brsd/microros_ws/install/multisense_msgs/include/multisense_msgs/msg/raw_cam_data.hpp
[4.885s] -- Up-to-date: /home/brsd/microros_ws/install/multisense_msgs/include/multisense_msgs/msg/device_status.hpp
[4.885s] -- Up-to-date: /home/brsd/microros_ws/install/multisense_msgs/include/multisense_msgs/msg/rosidl_generator_cpp__visibility_control.hpp
[4.886s] -- Up-to-date: /home/brsd/microros_ws/install/multisense_msgs/include/multisense_msgs/msg/detail
[4.889s] -- Up-to-date: /home/brsd/microros_ws/install/multisense_msgs/include/multisense_msgs/msg/detail/histogram__struct.hpp
[4.889s] -- Up-to-date: /home/brsd/microros_ws/install/multisense_msgs/include/multisense_msgs/msg/detail/ptp_status__builder.hpp
[4.890s] -- Up-to-date: /home/brsd/microros_ws/install/multisense_msgs/include/multisense_msgs/msg/detail/raw_cam_config__traits.hpp
[4.890s] -- Up-to-date: /home/brsd/microros_ws/install/multisense_msgs/include/multisense_msgs/msg/detail/stamped_pps__struct.hpp
[4.891s] -- Up-to-date: /home/brsd/microros_ws/install/multisense_msgs/include/multisense_msgs/msg/detail/raw_imu_data__traits.hpp
[4.891s] -- Up-to-date: /home/brsd/microros_ws/install/multisense_msgs/include/multisense_msgs/msg/detail/raw_imu_data__struct.hpp
[4.892s] -- Up-to-date: /home/brsd/microros_ws/install/multisense_msgs/include/multisense_msgs/msg/detail/device_info__builder.hpp
[4.892s] -- Up-to-date: /home/brsd/microros_ws/install/multisense_msgs/include/multisense_msgs/msg/detail/raw_cam_config__struct.hpp
[4.893s] -- Up-to-date: /home/brsd/microros_ws/install/multisense_msgs/include/multisense_msgs/msg/detail/raw_cam_config__type_support.hpp
[4.893s] -- Up-to-date: /home/brsd/microros_ws/install/multisense_msgs/include/multisense_msgs/msg/detail/raw_lidar_cal__struct.hpp
[4.894s] -- Up-to-date: /home/brsd/microros_ws/install/multisense_msgs/include/multisense_msgs/msg/detail/device_status__struct.hpp
[4.895s] -- Up-to-date: /home/brsd/microros_ws/install/multisense_msgs/include/multisense_msgs/msg/detail/raw_cam_data__struct.hpp
[4.903s] -- Up-to-date: /home/brsd/microros_ws/install/multisense_msgs/include/multisense_msgs/msg/detail/raw_cam_cal__type_support.hpp
[4.903s] -- Up-to-date: /home/brsd/microros_ws/install/multisense_msgs/include/multisense_msgs/msg/detail/ptp_status__type_support.hpp
[4.904s] -- Up-to-date: /home/brsd/microros_ws/install/multisense_msgs/include/multisense_msgs/msg/detail/stamped_pps__traits.hpp
[4.904s] -- Up-to-date: /home/brsd/microros_ws/install/multisense_msgs/include/multisense_msgs/msg/detail/device_status__builder.hpp
[4.905s] -- Up-to-date: /home/brsd/microros_ws/install/multisense_msgs/include/multisense_msgs/msg/detail/raw_lidar_data__builder.hpp
[4.905s] -- Up-to-date: /home/brsd/microros_ws/install/multisense_msgs/include/multisense_msgs/msg/detail/raw_lidar_cal__traits.hpp
[4.910s] -- Up-to-date: /home/brsd/microros_ws/install/multisense_msgs/include/multisense_msgs/msg/detail/raw_imu_data__builder.hpp
[4.911s] -- Up-to-date: /home/brsd/microros_ws/install/multisense_msgs/include/multisense_msgs/msg/detail/raw_lidar_data__type_support.hpp
[4.912s] -- Up-to-date: /home/brsd/microros_ws/install/multisense_msgs/include/multisense_msgs/msg/detail/histogram__builder.hpp
[4.912s] -- Up-to-date: /home/brsd/microros_ws/install/multisense_msgs/include/multisense_msgs/msg/detail/raw_cam_cal__struct.hpp
[4.913s] -- Up-to-date: /home/brsd/microros_ws/install/multisense_msgs/include/multisense_msgs/msg/detail/raw_lidar_cal__builder.hpp
[4.913s] -- Up-to-date: /home/brsd/microros_ws/install/multisense_msgs/include/multisense_msgs/msg/detail/raw_cam_config__builder.hpp
[4.914s] -- Up-to-date: /home/brsd/microros_ws/install/multisense_msgs/include/multisense_msgs/msg/detail/raw_cam_cal__builder.hpp
[4.914s] -- Up-to-date: /home/brsd/microros_ws/install/multisense_msgs/include/multisense_msgs/msg/detail/raw_cam_cal__traits.hpp
[4.915s] -- Up-to-date: /home/brsd/microros_ws/install/multisense_msgs/include/multisense_msgs/msg/detail/ptp_status__traits.hpp
[4.915s] -- Up-to-date: /home/brsd/microros_ws/install/multisense_msgs/include/multisense_msgs/msg/detail/device_info__struct.hpp
[4.927s] -- Up-to-date: /home/brsd/microros_ws/install/multisense_msgs/include/multisense_msgs/msg/detail/stamped_pps__type_support.hpp
[4.927s] -- Up-to-date: /home/brsd/microros_ws/install/multisense_msgs/include/multisense_msgs/msg/detail/raw_cam_data__type_support.hpp
[4.928s] -- Up-to-date: /home/brsd/microros_ws/install/multisense_msgs/include/multisense_msgs/msg/detail/raw_lidar_data__struct.hpp
[4.929s] -- Up-to-date: /home/brsd/microros_ws/install/multisense_msgs/include/multisense_msgs/msg/detail/ptp_status__struct.hpp
[4.929s] -- Up-to-date: /home/brsd/microros_ws/install/multisense_msgs/include/multisense_msgs/msg/detail/device_status__traits.hpp
[4.930s] -- Up-to-date: /home/brsd/microros_ws/install/multisense_msgs/include/multisense_msgs/msg/detail/device_info__traits.hpp
[4.930s] -- Up-to-date: /home/brsd/microros_ws/install/multisense_msgs/include/multisense_msgs/msg/detail/device_status__type_support.hpp
[4.931s] -- Up-to-date: /home/brsd/microros_ws/install/multisense_msgs/include/multisense_msgs/msg/detail/histogram__traits.hpp
[4.931s] -- Up-to-date: /home/brsd/microros_ws/install/multisense_msgs/include/multisense_msgs/msg/detail/device_info__type_support.hpp
[4.931s] -- Up-to-date: /home/brsd/microros_ws/install/multisense_msgs/include/multisense_msgs/msg/detail/raw_imu_data__type_support.hpp
[4.932s] -- Up-to-date: /home/brsd/microros_ws/install/multisense_msgs/include/multisense_msgs/msg/detail/raw_lidar_data__traits.hpp
[4.932s] -- Up-to-date: /home/brsd/microros_ws/install/multisense_msgs/include/multisense_msgs/msg/detail/stamped_pps__builder.hpp
[4.937s] -- Up-to-date: /home/brsd/microros_ws/install/multisense_msgs/include/multisense_msgs/msg/detail/raw_cam_data__builder.hpp
[4.937s] -- Up-to-date: /home/brsd/microros_ws/install/multisense_msgs/include/multisense_msgs/msg/detail/raw_cam_data__traits.hpp
[4.941s] -- Up-to-date: /home/brsd/microros_ws/install/multisense_msgs/include/multisense_msgs/msg/detail/raw_lidar_cal__type_support.hpp
[4.942s] -- Up-to-date: /home/brsd/microros_ws/install/multisense_msgs/include/multisense_msgs/msg/detail/histogram__type_support.hpp
[4.942s] -- Up-to-date: /home/brsd/microros_ws/install/multisense_msgs/include/multisense_msgs
[4.943s] -- Up-to-date: /home/brsd/microros_ws/install/multisense_msgs/include/multisense_msgs/msg
[4.944s] -- Up-to-date: /home/brsd/microros_ws/install/multisense_msgs/include/multisense_msgs/msg/detail
[4.944s] -- Up-to-date: /home/brsd/microros_ws/install/multisense_msgs/include/multisense_msgs/msg/detail/device_status__rosidl_typesupport_introspection_cpp.hpp
[4.950s] -- Up-to-date: /home/brsd/microros_ws/install/multisense_msgs/include/multisense_msgs/msg/detail/raw_cam_config__type_support.cpp
[4.950s] -- Up-to-date: /home/brsd/microros_ws/install/multisense_msgs/include/multisense_msgs/msg/detail/stamped_pps__type_support.cpp
[4.951s] -- Up-to-date: /home/brsd/microros_ws/install/multisense_msgs/include/multisense_msgs/msg/detail/raw_lidar_data__type_support.cpp
[4.951s] -- Up-to-date: /home/brsd/microros_ws/install/multisense_msgs/include/multisense_msgs/msg/detail/ptp_status__type_support.cpp
[4.952s] -- Up-to-date: /home/brsd/microros_ws/install/multisense_msgs/include/multisense_msgs/msg/detail/raw_cam_cal__type_support.cpp
[4.952s] -- Up-to-date: /home/brsd/microros_ws/install/multisense_msgs/include/multisense_msgs/msg/detail/raw_imu_data__rosidl_typesupport_introspection_cpp.hpp
[4.953s] -- Up-to-date: /home/brsd/microros_ws/install/multisense_msgs/include/multisense_msgs/msg/detail/raw_cam_data__type_support.cpp
[4.953s] -- Up-to-date: /home/brsd/microros_ws/install/multisense_msgs/include/multisense_msgs/msg/detail/raw_cam_cal__rosidl_typesupport_introspection_cpp.hpp
[4.959s] -- Up-to-date: /home/brsd/microros_ws/install/multisense_msgs/include/multisense_msgs/msg/detail/device_status__type_support.cpp
[4.959s] -- Up-to-date: /home/brsd/microros_ws/install/multisense_msgs/include/multisense_msgs/msg/detail/raw_lidar_cal__rosidl_typesupport_introspection_cpp.hpp
[4.960s] -- Up-to-date: /home/brsd/microros_ws/install/multisense_msgs/include/multisense_msgs/msg/detail/stamped_pps__rosidl_typesupport_introspection_cpp.hpp
[4.960s] -- Up-to-date: /home/brsd/microros_ws/install/multisense_msgs/include/multisense_msgs/msg/detail/ptp_status__rosidl_typesupport_introspection_cpp.hpp
[4.961s] -- Up-to-date: /home/brsd/microros_ws/install/multisense_msgs/include/multisense_msgs/msg/detail/raw_lidar_data__rosidl_typesupport_introspection_cpp.hpp
[4.961s] -- Up-to-date: /home/brsd/microros_ws/install/multisense_msgs/include/multisense_msgs/msg/detail/histogram__type_support.cpp
[4.962s] -- Up-to-date: /home/brsd/microros_ws/install/multisense_msgs/include/multisense_msgs/msg/detail/raw_lidar_cal__type_support.cpp
[4.970s] -- Up-to-date: /home/brsd/microros_ws/install/multisense_msgs/include/multisense_msgs/msg/detail/device_info__rosidl_typesupport_introspection_cpp.hpp
[4.972s] -- Up-to-date: /home/brsd/microros_ws/install/multisense_msgs/include/multisense_msgs/msg/detail/histogram__rosidl_typesupport_introspection_cpp.hpp
[4.972s] -- Up-to-date: /home/brsd/microros_ws/install/multisense_msgs/include/multisense_msgs/msg/detail/raw_imu_data__type_support.cpp
[4.973s] -- Up-to-date: /home/brsd/microros_ws/install/multisense_msgs/include/multisense_msgs/msg/detail/raw_cam_data__rosidl_typesupport_introspection_cpp.hpp
[4.974s] -- Up-to-date: /home/brsd/microros_ws/install/multisense_msgs/include/multisense_msgs/msg/detail/raw_cam_config__rosidl_typesupport_introspection_cpp.hpp
[4.975s] -- Up-to-date: /home/brsd/microros_ws/install/multisense_msgs/include/multisense_msgs/msg/detail/device_info__type_support.cpp
[4.976s] -- Up-to-date: /home/brsd/microros_ws/install/multisense_msgs/lib/libmultisense_msgs__rosidl_typesupport_introspection_cpp.so
[4.977s] -- Up-to-date: /home/brsd/microros_ws/install/multisense_msgs/lib/libmultisense_msgs__rosidl_typesupport_cpp.so
[4.977s] -- Up-to-date: /home/brsd/microros_ws/install/multisense_msgs/share/multisense_msgs/environment/pythonpath.sh
[4.978s] -- Up-to-date: /home/brsd/microros_ws/install/multisense_msgs/share/multisense_msgs/environment/pythonpath.dsv
[4.978s] -- Up-to-date: /home/brsd/microros_ws/install/multisense_msgs/lib/python3.8/site-packages/multisense_msgs/__init__.py
[5.382s] -- Up-to-date: /home/brsd/microros_ws/install/multisense_msgs/lib/python3.8/site-packages/multisense_msgs/msg
[5.384s] -- Up-to-date: /home/brsd/microros_ws/install/multisense_msgs/lib/python3.8/site-packages/multisense_msgs/msg/_stamped_pps_s.c
[5.387s] -- Up-to-date: /home/brsd/microros_ws/install/multisense_msgs/lib/python3.8/site-packages/multisense_msgs/msg/_ptp_status_s.c
[5.389s] -- Up-to-date: /home/brsd/microros_ws/install/multisense_msgs/lib/python3.8/site-packages/multisense_msgs/msg/_raw_cam_config_s.c
[5.389s] -- Up-to-date: /home/brsd/microros_ws/install/multisense_msgs/lib/python3.8/site-packages/multisense_msgs/msg/_raw_imu_data_s.c
[5.390s] -- Up-to-date: /home/brsd/microros_ws/install/multisense_msgs/lib/python3.8/site-packages/multisense_msgs/msg/__init__.py
[5.391s] -- Up-to-date: /home/brsd/microros_ws/install/multisense_msgs/lib/python3.8/site-packages/multisense_msgs/msg/_stamped_pps.py
[5.395s] -- Up-to-date: /home/brsd/microros_ws/install/multisense_msgs/lib/python3.8/site-packages/multisense_msgs/msg/_raw_imu_data.py
[5.396s] -- Up-to-date: /home/brsd/microros_ws/install/multisense_msgs/lib/python3.8/site-packages/multisense_msgs/msg/_device_info_s.c
[5.400s] -- Up-to-date: /home/brsd/microros_ws/install/multisense_msgs/lib/python3.8/site-packages/multisense_msgs/msg/_device_status_s.c
[5.401s] -- Up-to-date: /home/brsd/microros_ws/install/multisense_msgs/lib/python3.8/site-packages/multisense_msgs/msg/_raw_lidar_data_s.c
[5.402s] -- Up-to-date: /home/brsd/microros_ws/install/multisense_msgs/lib/python3.8/site-packages/multisense_msgs/msg/_raw_cam_cal_s.c
[5.403s] -- Up-to-date: /home/brsd/microros_ws/install/multisense_msgs/lib/python3.8/site-packages/multisense_msgs/msg/_raw_cam_config.py
[5.409s] -- Up-to-date: /home/brsd/microros_ws/install/multisense_msgs/lib/python3.8/site-packages/multisense_msgs/msg/_raw_cam_data.py
[5.410s] -- Up-to-date: /home/brsd/microros_ws/install/multisense_msgs/lib/python3.8/site-packages/multisense_msgs/msg/_device_info.py
[5.411s] -- Up-to-date: /home/brsd/microros_ws/install/multisense_msgs/lib/python3.8/site-packages/multisense_msgs/msg/_raw_lidar_cal_s.c
[5.411s] -- Up-to-date: /home/brsd/microros_ws/install/multisense_msgs/lib/python3.8/site-packages/multisense_msgs/msg/_ptp_status.py
[5.411s] -- Up-to-date: /home/brsd/microros_ws/install/multisense_msgs/lib/python3.8/site-packages/multisense_msgs/msg/_raw_cam_cal.py
[5.412s] -- Up-to-date: /home/brsd/microros_ws/install/multisense_msgs/lib/python3.8/site-packages/multisense_msgs/msg/_device_status.py
[5.412s] -- Up-to-date: /home/brsd/microros_ws/install/multisense_msgs/lib/python3.8/site-packages/multisense_msgs/msg/_histogram.py
[5.413s] -- Up-to-date: /home/brsd/microros_ws/install/multisense_msgs/lib/python3.8/site-packages/multisense_msgs/msg/_raw_lidar_data.py
[5.414s] -- Up-to-date: /home/brsd/microros_ws/install/multisense_msgs/lib/python3.8/site-packages/multisense_msgs/msg/_raw_lidar_cal.py
[5.415s] -- Up-to-date: /home/brsd/microros_ws/install/multisense_msgs/lib/python3.8/site-packages/multisense_msgs/msg/_raw_cam_data_s.c
[5.421s] -- Up-to-date: /home/brsd/microros_ws/install/multisense_msgs/lib/python3.8/site-packages/multisense_msgs/msg/_histogram_s.c
[5.422s] -- Up-to-date: /home/brsd/microros_ws/install/multisense_msgs/lib/python3.8/site-packages/multisense_msgs/multisense_msgs_s__rosidl_typesupport_fastrtps_c.cpython-38-aarch64-linux-gnu.so
[5.422s] -- Up-to-date: /home/brsd/microros_ws/install/multisense_msgs/lib/python3.8/site-packages/multisense_msgs/multisense_msgs_s__rosidl_typesupport_introspection_c.cpython-38-aarch64-linux-gnu.so
[5.423s] -- Up-to-date: /home/brsd/microros_ws/install/multisense_msgs/lib/python3.8/site-packages/multisense_msgs/multisense_msgs_s__rosidl_typesupport_c.cpython-38-aarch64-linux-gnu.so
[5.423s] -- Up-to-date: /home/brsd/microros_ws/install/multisense_msgs/lib/libmultisense_msgs__python.so
[5.424s] -- Up-to-date: /home/brsd/microros_ws/install/multisense_msgs/share/multisense_msgs/msg/DeviceInfo.idl
[5.424s] -- Up-to-date: /home/brsd/microros_ws/install/multisense_msgs/share/multisense_msgs/msg/RawCamConfig.idl
[5.425s] -- Up-to-date: /home/brsd/microros_ws/install/multisense_msgs/share/multisense_msgs/msg/RawImuData.idl
[5.425s] -- Up-to-date: /home/brsd/microros_ws/install/multisense_msgs/share/multisense_msgs/msg/RawLidarData.idl
[5.426s] -- Up-to-date: /home/brsd/microros_ws/install/multisense_msgs/share/multisense_msgs/msg/RawCamCal.idl
[5.432s] -- Up-to-date: /home/brsd/microros_ws/install/multisense_msgs/share/multisense_msgs/msg/RawCamData.idl
[5.434s] -- Up-to-date: /home/brsd/microros_ws/install/multisense_msgs/share/multisense_msgs/msg/RawLidarCal.idl
[5.436s] -- Up-to-date: /home/brsd/microros_ws/install/multisense_msgs/share/multisense_msgs/msg/Histogram.idl
[5.437s] -- Up-to-date: /home/brsd/microros_ws/install/multisense_msgs/share/multisense_msgs/msg/DeviceStatus.idl
[5.437s] -- Up-to-date: /home/brsd/microros_ws/install/multisense_msgs/share/multisense_msgs/msg/PtpStatus.idl
[5.442s] -- Up-to-date: /home/brsd/microros_ws/install/multisense_msgs/share/multisense_msgs/msg/StampedPps.idl
[5.444s] -- Up-to-date: /home/brsd/microros_ws/install/multisense_msgs/share/multisense_msgs/msg/DeviceInfo.msg
[5.446s] -- Up-to-date: /home/brsd/microros_ws/install/multisense_msgs/share/multisense_msgs/msg/RawCamConfig.msg
[5.447s] -- Up-to-date: /home/brsd/microros_ws/install/multisense_msgs/share/multisense_msgs/msg/RawImuData.msg
[5.447s] -- Up-to-date: /home/brsd/microros_ws/install/multisense_msgs/share/multisense_msgs/msg/RawLidarData.msg
[5.450s] -- Up-to-date: /home/brsd/microros_ws/install/multisense_msgs/share/multisense_msgs/msg/RawCamCal.msg
[5.453s] -- Up-to-date: /home/brsd/microros_ws/install/multisense_msgs/share/multisense_msgs/msg/RawCamData.msg
[5.454s] -- Up-to-date: /home/brsd/microros_ws/install/multisense_msgs/share/multisense_msgs/msg/RawLidarCal.msg
[5.454s] -- Up-to-date: /home/brsd/microros_ws/install/multisense_msgs/share/multisense_msgs/msg/Histogram.msg
[5.458s] -- Up-to-date: /home/brsd/microros_ws/install/multisense_msgs/share/multisense_msgs/msg/DeviceStatus.msg
[5.459s] -- Up-to-date: /home/brsd/microros_ws/install/multisense_msgs/share/multisense_msgs/msg/PtpStatus.msg
[5.460s] -- Up-to-date: /home/brsd/microros_ws/install/multisense_msgs/share/multisense_msgs/msg/StampedPps.msg
[5.463s] -- Up-to-date: /home/brsd/microros_ws/install/multisense_msgs/share/ament_index/resource_index/package_run_dependencies/multisense_msgs
[5.464s] -- Up-to-date: /home/brsd/microros_ws/install/multisense_msgs/share/ament_index/resource_index/parent_prefix_path/multisense_msgs
[5.465s] -- Up-to-date: /home/brsd/microros_ws/install/multisense_msgs/share/multisense_msgs/environment/ament_prefix_path.sh
[5.465s] -- Up-to-date: /home/brsd/microros_ws/install/multisense_msgs/share/multisense_msgs/environment/ament_prefix_path.dsv
[5.465s] -- Up-to-date: /home/brsd/microros_ws/install/multisense_msgs/share/multisense_msgs/environment/path.sh
[5.466s] -- Up-to-date: /home/brsd/microros_ws/install/multisense_msgs/share/multisense_msgs/environment/path.dsv
[5.466s] -- Up-to-date: /home/brsd/microros_ws/install/multisense_msgs/share/multisense_msgs/local_setup.bash
[5.467s] -- Up-to-date: /home/brsd/microros_ws/install/multisense_msgs/share/multisense_msgs/local_setup.sh
[5.472s] -- Up-to-date: /home/brsd/microros_ws/install/multisense_msgs/share/multisense_msgs/local_setup.zsh
[5.473s] -- Up-to-date: /home/brsd/microros_ws/install/multisense_msgs/share/multisense_msgs/local_setup.dsv
[5.473s] -- Installing: /home/brsd/microros_ws/install/multisense_msgs/share/multisense_msgs/package.dsv
[5.476s] -- Up-to-date: /home/brsd/microros_ws/install/multisense_msgs/share/ament_index/resource_index/packages/multisense_msgs
[5.479s] -- Up-to-date: /home/brsd/microros_ws/install/multisense_msgs/share/multisense_msgs/cmake/multisense_msgs__rosidl_generator_cExport.cmake
[5.481s] -- Up-to-date: /home/brsd/microros_ws/install/multisense_msgs/share/multisense_msgs/cmake/multisense_msgs__rosidl_generator_cExport-release.cmake
[5.487s] -- Up-to-date: /home/brsd/microros_ws/install/multisense_msgs/share/multisense_msgs/cmake/multisense_msgs__rosidl_typesupport_introspection_cExport.cmake
[5.488s] -- Up-to-date: /home/brsd/microros_ws/install/multisense_msgs/share/multisense_msgs/cmake/multisense_msgs__rosidl_typesupport_introspection_cExport-release.cmake
[5.489s] -- Up-to-date: /home/brsd/microros_ws/install/multisense_msgs/share/multisense_msgs/cmake/multisense_msgs__rosidl_typesupport_cExport.cmake
[5.489s] -- Up-to-date: /home/brsd/microros_ws/install/multisense_msgs/share/multisense_msgs/cmake/multisense_msgs__rosidl_typesupport_cExport-release.cmake
[5.490s] -- Up-to-date: /home/brsd/microros_ws/install/multisense_msgs/share/multisense_msgs/cmake/multisense_msgs__rosidl_generator_cppExport.cmake
[5.491s] -- Up-to-date: /home/brsd/microros_ws/install/multisense_msgs/share/multisense_msgs/cmake/multisense_msgs__rosidl_typesupport_introspection_cppExport.cmake
[5.492s] -- Up-to-date: /home/brsd/microros_ws/install/multisense_msgs/share/multisense_msgs/cmake/multisense_msgs__rosidl_typesupport_introspection_cppExport-release.cmake
[5.492s] -- Up-to-date: /home/brsd/microros_ws/install/multisense_msgs/share/multisense_msgs/cmake/multisense_msgs__rosidl_typesupport_cppExport.cmake
[5.493s] -- Up-to-date: /home/brsd/microros_ws/install/multisense_msgs/share/multisense_msgs/cmake/multisense_msgs__rosidl_typesupport_cppExport-release.cmake
[5.493s] -- Up-to-date: /home/brsd/microros_ws/install/multisense_msgs/share/multisense_msgs/cmake/rosidl_cmake-extras.cmake
[5.511s] -- Up-to-date: /home/brsd/microros_ws/install/multisense_msgs/share/multisense_msgs/cmake/ament_cmake_export_dependencies-extras.cmake
[5.512s] -- Up-to-date: /home/brsd/microros_ws/install/multisense_msgs/share/multisense_msgs/cmake/ament_cmake_export_libraries-extras.cmake
[5.513s] -- Up-to-date: /home/brsd/microros_ws/install/multisense_msgs/share/multisense_msgs/cmake/ament_cmake_export_targets-extras.cmake
[5.518s] -- Up-to-date: /home/brsd/microros_ws/install/multisense_msgs/share/multisense_msgs/cmake/ament_cmake_export_include_directories-extras.cmake
[5.519s] -- Up-to-date: /home/brsd/microros_ws/install/multisense_msgs/share/multisense_msgs/cmake/rosidl_cmake_export_typesupport_libraries-extras.cmake
[5.520s] -- Up-to-date: /home/brsd/microros_ws/install/multisense_msgs/share/multisense_msgs/cmake/rosidl_cmake_export_typesupport_targets-extras.cmake
[5.521s] -- Up-to-date: /home/brsd/microros_ws/install/multisense_msgs/share/multisense_msgs/cmake/multisense_msgsConfig.cmake
[5.523s] -- Up-to-date: /home/brsd/microros_ws/install/multisense_msgs/share/multisense_msgs/cmake/multisense_msgsConfig-version.cmake
[5.523s] -- Up-to-date: /home/brsd/microros_ws/install/multisense_msgs/share/multisense_msgs/package.xml
[5.524s] Invoked command in '/home/brsd/microros_ws/build/multisense_msgs' returned '0': CMAKE_PREFIX_PATH=${CMAKE_PREFIX_PATH}:/home/brsd/microros_ws/install/person_detection:/home/brsd/microros_ws/install/pathfinding:/home/brsd/microros_ws/install/object_detection_pkg:/home/brsd/microros_ws/install/joystick_input:/home/brsd/microros_ws/install/jetson_comm:/home/brsd/microros_ws/install/fsm:/opt/ros/foxy /usr/bin/cmake --install /home/brsd/microros_ws/build/multisense_msgs
