[3.410s] Invoking command in '/home/brsd/microros_ws/src/joystick_input': PYTHONPATH=/home/brsd/microros_ws/build/joystick_input/prefix_override:/usr/lib/python3/dist-packages/colcon_core/task/python/colcon_distutils_commands:/home/brsd/microros_ws/install/joystick_input/lib/python3.8/site-packages:${PYTHONPATH} /usr/bin/python3 -W ignore:setup.py install is deprecated setup.py egg_info --egg-base ../../build/joystick_input build --build-base /home/brsd/microros_ws/build/joystick_input/build install --record /home/brsd/microros_ws/build/joystick_input/install.log --install-scripts $base/lib/joystick_input --single-version-externally-managed install_data
[4.615s] running egg_info
[4.618s] writing ../../build/joystick_input/joystick_input.egg-info/PKG-INFO
[4.619s] writing dependency_links to ../../build/joystick_input/joystick_input.egg-info/dependency_links.txt
[4.620s] writing entry points to ../../build/joystick_input/joystick_input.egg-info/entry_points.txt
[4.621s] writing requirements to ../../build/joystick_input/joystick_input.egg-info/requires.txt
[4.621s] writing top-level names to ../../build/joystick_input/joystick_input.egg-info/top_level.txt
[4.804s] reading manifest file '../../build/joystick_input/joystick_input.egg-info/SOURCES.txt'
[4.808s] writing manifest file '../../build/joystick_input/joystick_input.egg-info/SOURCES.txt'
[4.809s] running build
[4.809s] running build_py
[4.810s] copying joystick_input/joystick_code.py -> /home/brsd/microros_ws/build/joystick_input/build/lib/joystick_input
[4.811s] running install
[4.814s] running install_lib
[4.826s] copying /home/brsd/microros_ws/build/joystick_input/build/lib/joystick_input/joystick_code.py -> /home/brsd/microros_ws/install/joystick_input/lib/python3.8/site-packages/joystick_input
[4.833s] byte-compiling /home/brsd/microros_ws/install/joystick_input/lib/python3.8/site-packages/joystick_input/joystick_code.py to joystick_code.cpython-38.pyc
[4.835s] running install_data
[4.835s] running install_egg_info
[4.836s] removing '/home/brsd/microros_ws/install/joystick_input/lib/python3.8/site-packages/joystick_input-0.0.0-py3.8.egg-info' (and everything under it)
[4.837s] Copying ../../build/joystick_input/joystick_input.egg-info to /home/brsd/microros_ws/install/joystick_input/lib/python3.8/site-packages/joystick_input-0.0.0-py3.8.egg-info
[4.841s] running install_scripts
[4.915s] writing list of installed files to '/home/brsd/microros_ws/build/joystick_input/install.log'
[5.023s] Invoked command in '/home/brsd/microros_ws/src/joystick_input' returned '0': PYTHONPATH=/home/brsd/microros_ws/build/joystick_input/prefix_override:/usr/lib/python3/dist-packages/colcon_core/task/python/colcon_distutils_commands:/home/brsd/microros_ws/install/joystick_input/lib/python3.8/site-packages:${PYTHONPATH} /usr/bin/python3 -W ignore:setup.py install is deprecated setup.py egg_info --egg-base ../../build/joystick_input build --build-base /home/brsd/microros_ws/build/joystick_input/build install --record /home/brsd/microros_ws/build/joystick_input/install.log --install-scripts $base/lib/joystick_input --single-version-externally-managed install_data
