-- The C compiler identification is GNU 9.4.0
-- The CXX compiler identification is GNU 9.4.0
-- Check for working C compiler: /usr/bin/cc
-- Check for working C compiler: /usr/bin/cc -- works
-- Detecting C compiler ABI info
-- Detecting C compiler ABI info - done
-- Detecting C compile features
-- Detecting C compile features - done
-- Check for working CXX compiler: /usr/bin/c++
-- Check for working CXX compiler: /usr/bin/c++ -- works
-- Detecting CXX compiler ABI info
-- Detecting CXX compiler ABI info - done
-- Detecting CXX compile features
-- Detecting CXX compile features - done
-- Selecting default build type: Release
-- Found ament_cmake: 0.9.12 (/opt/ros/foxy/share/ament_cmake/cmake)
-- Found PythonInterp: /usr/bin/python3 (found suitable version "3.8.10", minimum required is "3") 
-- Using PYTHON_EXECUTABLE: /usr/bin/python3
-- Found builtin_interfaces: 1.0.0 (/opt/ros/foxy/share/builtin_interfaces/cmake)
-- Using all available rosidl_typesupport_c: rosidl_typesupport_fastrtps_c;rosidl_typesupport_introspection_c
-- Found rosidl_adapter: 1.3.1 (/opt/ros/foxy/share/rosidl_adapter/cmake)
-- Found OpenSSL: /usr/lib/aarch64-linux-gnu/libcrypto.so (found version "1.1.1f")  
-- Found FastRTPS: /opt/ros/foxy/include  
-- Using all available rosidl_typesupport_cpp: rosidl_typesupport_fastrtps_cpp;rosidl_typesupport_introspection_cpp
-- Found rosidl_default_generators: 1.0.1 (/opt/ros/foxy/share/rosidl_default_generators/cmake)
-- Found PythonInterp: /usr/bin/python3 (found version "3.8.10") 
-- Found ament_cmake_ros: 0.9.2 (/opt/ros/foxy/share/ament_cmake_ros/cmake)
-- Using all available rosidl_typesupport_c: rosidl_typesupport_fastrtps_c;rosidl_typesupport_introspection_c
-- Using all available rosidl_typesupport_cpp: rosidl_typesupport_fastrtps_cpp;rosidl_typesupport_introspection_cpp
-- Found PythonInterp: /usr/bin/python3 (found suitable version "3.8.10", minimum required is "3.5") 
-- Found python_cmake_module: 0.8.1 (/opt/ros/foxy/share/python_cmake_module/cmake)
-- Found PythonLibs: /usr/lib/aarch64-linux-gnu/libpython3.8.so (found suitable version "3.8.10", minimum required is "3.5") 
-- Using PYTHON_EXECUTABLE: /usr/bin/python3
-- Using PYTHON_INCLUDE_DIRS: /usr/include/python3.8
-- Using PYTHON_LIBRARIES: /usr/lib/aarch64-linux-gnu/libpython3.8.so
-- Found PythonExtra: .so  
-- Configuring done
-- Generating done
-- Build files have been written to: /home/brsd/microros_ws/src/build/multisense_msgs
[  1%] [34m[1mGenerating C code for ROS interfaces[0m
[35m[1mScanning dependencies of target multisense_msgs__cpp[0m
[  1%] [34m[1mGenerating C++ code for ROS interfaces[0m
[35m[1mScanning dependencies of target multisense_msgs__rosidl_generator_c[0m
[  2%] [32mBuilding C object CMakeFiles/multisense_msgs__rosidl_generator_c.dir/rosidl_generator_c/multisense_msgs/msg/detail/device_info__functions.c.o[0m
[  3%] [32mBuilding C object CMakeFiles/multisense_msgs__rosidl_generator_c.dir/rosidl_generator_c/multisense_msgs/msg/detail/raw_cam_config__functions.c.o[0m
[  4%] [32mBuilding C object CMakeFiles/multisense_msgs__rosidl_generator_c.dir/rosidl_generator_c/multisense_msgs/msg/detail/raw_imu_data__functions.c.o[0m
[  5%] [32mBuilding C object CMakeFiles/multisense_msgs__rosidl_generator_c.dir/rosidl_generator_c/multisense_msgs/msg/detail/raw_lidar_data__functions.c.o[0m
[  6%] [32mBuilding C object CMakeFiles/multisense_msgs__rosidl_generator_c.dir/rosidl_generator_c/multisense_msgs/msg/detail/raw_cam_cal__functions.c.o[0m
[  6%] [32mBuilding C object CMakeFiles/multisense_msgs__rosidl_generator_c.dir/rosidl_generator_c/multisense_msgs/msg/detail/raw_cam_data__functions.c.o[0m
[  7%] [32mBuilding C object CMakeFiles/multisense_msgs__rosidl_generator_c.dir/rosidl_generator_c/multisense_msgs/msg/detail/raw_lidar_cal__functions.c.o[0m
[  7%] Built target multisense_msgs__cpp
[  8%] [34m[1mGenerating C++ type support dispatch for ROS interfaces[0m
[  9%] [32mBuilding C object CMakeFiles/multisense_msgs__rosidl_generator_c.dir/rosidl_generator_c/multisense_msgs/msg/detail/device_status__functions.c.o[0m
[ 10%] [32mBuilding C object CMakeFiles/multisense_msgs__rosidl_generator_c.dir/rosidl_generator_c/multisense_msgs/msg/detail/histogram__functions.c.o[0m
[ 11%] [32mBuilding C object CMakeFiles/multisense_msgs__rosidl_generator_c.dir/rosidl_generator_c/multisense_msgs/msg/detail/ptp_status__functions.c.o[0m
[ 12%] [32mBuilding C object CMakeFiles/multisense_msgs__rosidl_generator_c.dir/rosidl_generator_c/multisense_msgs/msg/detail/stamped_pps__functions.c.o[0m
make[2]: *** Deleting file 'rosidl_typesupport_cpp/multisense_msgs/msg/device_info__type_support.cpp'
make[2]: *** wait: No child processes.  Stop.
make[2]: *** Waiting for unfinished jobs....
make[2]: *** wait: No child processes.  Stop.
Traceback (most recent call last):
  File "/opt/ros/foxy/lib/rosidl_typesupport_cpp/rosidl_typesupport_cpp", line 28, in <module>
    sys.exit(main())
  File "/opt/ros/foxy/lib/rosidl_typesupport_cpp/rosidl_typesupport_cpp", line 24, in main
    return generate_cpp(args.generator_arguments_file, args.typesupports)
  File "/opt/ros/foxy/lib/python3.8/site-packages/rosidl_typesupport_cpp/__init__.py", line 28, in generate_cpp
    generate_files(
  File "/opt/ros/foxy/lib/python3.8/site-packages/rosidl_cmake/__init__.py", line 74, in generate_files
make[1]: *** [CMakeFiles/Makefile2:213: CMakeFiles/multisense_msgs__rosidl_generator_c.dir/all] Error 2
    idl_file = parse_idl_file(locator)
  File "/opt/ros/foxy/lib/python3.8/site-packages/rosidl_parser/parser.py", line 64, in parse_idl_file
    content = parse_idl_string(string, png_file=png_file)
  File "/opt/ros/foxy/lib/python3.8/site-packages/rosidl_parser/parser.py", line 72, in parse_idl_string
    tree = get_ast_from_idl_string(idl_string)
  File "/opt/ros/foxy/lib/python3.8/site-packages/rosidl_parser/parser.py", line 89, in get_ast_from_idl_string
    return _parser.parse(idl_string)
  File "/usr/lib/python3/dist-packages/lark/lark.py", line 293, in parse
    return self.parser.parse(text, start=start)
  File "/usr/lib/python3/dist-packages/lark/parser_frontends.py", line 193, in parse
    return self._parse(text, start)
  File "/usr/lib/python3/dist-packages/lark/parser_frontends.py", line 54, in _parse
    return self.parser.parse(input, start, *args)
  File "/usr/lib/python3/dist-packages/lark/parsers/earley.py", line 292, in parse
    to_scan = self._parse(stream, columns, to_scan, start_symbol)
  File "/usr/lib/python3/dist-packages/lark/parsers/xearley.py", line 137, in _parse
    to_scan = scan(i, to_scan)
  File "/usr/lib/python3/dist-packages/lark/parsers/xearley.py", line 99, in scan
    new_item.node = node_cache[label] if label in node_cache else node_cache.setdefault(label, SymbolNode(*label))
  File "/usr/lib/python3/dist-packages/lark/parsers/earley_forest.py", line 48, in __init__
    self.is_intermediate = isinstance(s, tuple)
KeyboardInterrupt
make[2]: *** [CMakeFiles/multisense_msgs__rosidl_typesupport_cpp.dir/build.make:80: rosidl_typesupport_cpp/multisense_msgs/msg/device_info__type_support.cpp] Interrupt
make[1]: *** [CMakeFiles/Makefile2:331: CMakeFiles/multisense_msgs__rosidl_typesupport_cpp.dir/all] Interrupt
make: *** [Makefile:141: all] Interrupt
