[8.127s] Invoking command in '/home/brsd/microros_ws/src/joystick_input': PYTHONPATH=/home/brsd/microros_ws/build/joystick_input/prefix_override:/usr/lib/python3/dist-packages/colcon_core/task/python/colcon_distutils_commands:/home/brsd/microros_ws/install/joystick_input/lib/python3.8/site-packages:${PYTHONPATH} /usr/bin/python3 -W ignore:setup.py install is deprecated setup.py egg_info --egg-base ../../build/joystick_input build --build-base /home/brsd/microros_ws/build/joystick_input/build install --record /home/brsd/microros_ws/build/joystick_input/install.log --install-scripts $base/lib/joystick_input --single-version-externally-managed install_data
[11.231s] running egg_info
[11.240s] writing ../../build/joystick_input/joystick_input.egg-info/PKG-INFO
[11.244s] writing dependency_links to ../../build/joystick_input/joystick_input.egg-info/dependency_links.txt
[11.248s] writing entry points to ../../build/joystick_input/joystick_input.egg-info/entry_points.txt
[11.253s] writing requirements to ../../build/joystick_input/joystick_input.egg-info/requires.txt
[11.256s] writing top-level names to ../../build/joystick_input/joystick_input.egg-info/top_level.txt
[11.582s] reading manifest file '../../build/joystick_input/joystick_input.egg-info/SOURCES.txt'
[11.588s] writing manifest file '../../build/joystick_input/joystick_input.egg-info/SOURCES.txt'
[11.593s] running build
[11.595s] running build_py
[11.619s] running install
[11.627s] running install_lib
[11.647s] running install_data
[11.653s] running install_egg_info
[11.663s] removing '/home/brsd/microros_ws/install/joystick_input/lib/python3.8/site-packages/joystick_input-0.0.0-py3.8.egg-info' (and everything under it)
[11.668s] Copying ../../build/joystick_input/joystick_input.egg-info to /home/brsd/microros_ws/install/joystick_input/lib/python3.8/site-packages/joystick_input-0.0.0-py3.8.egg-info
[11.703s] running install_scripts
[11.849s] Installing joystick_node script to /home/brsd/microros_ws/install/joystick_input/lib/joystick_input
[11.849s] writing list of installed files to '/home/brsd/microros_ws/build/joystick_input/install.log'
[12.712s] Invoked command in '/home/brsd/microros_ws/src/joystick_input' returned '0': PYTHONPATH=/home/brsd/microros_ws/build/joystick_input/prefix_override:/usr/lib/python3/dist-packages/colcon_core/task/python/colcon_distutils_commands:/home/brsd/microros_ws/install/joystick_input/lib/python3.8/site-packages:${PYTHONPATH} /usr/bin/python3 -W ignore:setup.py install is deprecated setup.py egg_info --egg-base ../../build/joystick_input build --build-base /home/brsd/microros_ws/build/joystick_input/build install --record /home/brsd/microros_ws/build/joystick_input/install.log --install-scripts $base/lib/joystick_input --single-version-externally-managed install_data
