[3.693s] Invoking command in '/home/brsd/microros_ws/src/jetson_comm': PYTHONPATH=/home/brsd/microros_ws/build/jetson_comm/prefix_override:/usr/lib/python3/dist-packages/colcon_core/task/python/colcon_distutils_commands:/home/brsd/microros_ws/install/jetson_comm/lib/python3.8/site-packages:${PYTHONPATH} /usr/bin/python3 -W ignore:setup.py install is deprecated setup.py egg_info --egg-base ../../build/jetson_comm build --build-base /home/brsd/microros_ws/build/jetson_comm/build install --record /home/brsd/microros_ws/build/jetson_comm/install.log --install-scripts $base/lib/jetson_comm --single-version-externally-managed install_data
[4.853s] running egg_info
[4.855s] writing ../../build/jetson_comm/jetson_comm.egg-info/PKG-INFO
[4.858s] writing dependency_links to ../../build/jetson_comm/jetson_comm.egg-info/dependency_links.txt
[4.859s] writing entry points to ../../build/jetson_comm/jetson_comm.egg-info/entry_points.txt
[4.859s] writing requirements to ../../build/jetson_comm/jetson_comm.egg-info/requires.txt
[4.860s] writing top-level names to ../../build/jetson_comm/jetson_comm.egg-info/top_level.txt
[5.050s] reading manifest file '../../build/jetson_comm/jetson_comm.egg-info/SOURCES.txt'
[5.054s] writing manifest file '../../build/jetson_comm/jetson_comm.egg-info/SOURCES.txt'
[5.055s] running build
[5.057s] running build_py
[5.058s] copying jetson_comm/jetson_node.py -> /home/brsd/microros_ws/build/jetson_comm/build/lib/jetson_comm
[5.058s] running install
[5.062s] running install_lib
[5.066s] copying /home/brsd/microros_ws/build/jetson_comm/build/lib/jetson_comm/jetson_node.py -> /home/brsd/microros_ws/install/jetson_comm/lib/python3.8/site-packages/jetson_comm
[5.069s] byte-compiling /home/brsd/microros_ws/install/jetson_comm/lib/python3.8/site-packages/jetson_comm/jetson_node.py to jetson_node.cpython-38.pyc
[5.086s] running install_data
[5.087s] running install_egg_info
[5.090s] removing '/home/brsd/microros_ws/install/jetson_comm/lib/python3.8/site-packages/jetson_comm-0.0.0-py3.8.egg-info' (and everything under it)
[5.091s] Copying ../../build/jetson_comm/jetson_comm.egg-info to /home/brsd/microros_ws/install/jetson_comm/lib/python3.8/site-packages/jetson_comm-0.0.0-py3.8.egg-info
[5.091s] running install_scripts
[5.173s] Installing jetson_node script to /home/brsd/microros_ws/install/jetson_comm/lib/jetson_comm
[5.174s] writing list of installed files to '/home/brsd/microros_ws/build/jetson_comm/install.log'
[5.304s] Invoked command in '/home/brsd/microros_ws/src/jetson_comm' returned '0': PYTHONPATH=/home/brsd/microros_ws/build/jetson_comm/prefix_override:/usr/lib/python3/dist-packages/colcon_core/task/python/colcon_distutils_commands:/home/brsd/microros_ws/install/jetson_comm/lib/python3.8/site-packages:${PYTHONPATH} /usr/bin/python3 -W ignore:setup.py install is deprecated setup.py egg_info --egg-base ../../build/jetson_comm build --build-base /home/brsd/microros_ws/build/jetson_comm/build install --record /home/brsd/microros_ws/build/jetson_comm/install.log --install-scripts $base/lib/jetson_comm --single-version-externally-managed install_data
