[8.428s] Invoking command in '/home/brsd/microros_ws/src/pathfinding': PYTHONPATH=/home/brsd/microros_ws/build/pathfinding/prefix_override:/usr/lib/python3/dist-packages/colcon_core/task/python/colcon_distutils_commands:/home/brsd/microros_ws/install/pathfinding/lib/python3.8/site-packages:${PYTHONPATH} /usr/bin/python3 -W ignore:setup.py install is deprecated setup.py egg_info --egg-base ../../build/pathfinding build --build-base /home/brsd/microros_ws/build/pathfinding/build install --record /home/brsd/microros_ws/build/pathfinding/install.log --install-scripts $base/lib/pathfinding --single-version-externally-managed install_data
[11.369s] running egg_info
[11.376s] writing ../../build/pathfinding/pathfinding.egg-info/PKG-INFO
[11.380s] writing dependency_links to ../../build/pathfinding/pathfinding.egg-info/dependency_links.txt
[11.384s] writing entry points to ../../build/pathfinding/pathfinding.egg-info/entry_points.txt
[11.387s] writing requirements to ../../build/pathfinding/pathfinding.egg-info/requires.txt
[11.392s] writing top-level names to ../../build/pathfinding/pathfinding.egg-info/top_level.txt
[11.652s] reading manifest file '../../build/pathfinding/pathfinding.egg-info/SOURCES.txt'
[11.661s] writing manifest file '../../build/pathfinding/pathfinding.egg-info/SOURCES.txt'
[11.662s] running build
[11.663s] running build_py
[11.679s] running install
[11.679s] running install_lib
[11.684s] running install_data
[11.685s] running install_egg_info
[11.696s] removing '/home/brsd/microros_ws/install/pathfinding/lib/python3.8/site-packages/pathfinding-0.0.0-py3.8.egg-info' (and everything under it)
[11.698s] Copying ../../build/pathfinding/pathfinding.egg-info to /home/brsd/microros_ws/install/pathfinding/lib/python3.8/site-packages/pathfinding-0.0.0-py3.8.egg-info
[11.703s] running install_scripts
[11.800s] Installing image_display_node script to /home/brsd/microros_ws/install/pathfinding/lib/pathfinding
[11.801s] Installing pathfinding_node script to /home/brsd/microros_ws/install/pathfinding/lib/pathfinding
[11.802s] writing list of installed files to '/home/brsd/microros_ws/build/pathfinding/install.log'
[11.955s] Invoked command in '/home/brsd/microros_ws/src/pathfinding' returned '0': PYTHONPATH=/home/brsd/microros_ws/build/pathfinding/prefix_override:/usr/lib/python3/dist-packages/colcon_core/task/python/colcon_distutils_commands:/home/brsd/microros_ws/install/pathfinding/lib/python3.8/site-packages:${PYTHONPATH} /usr/bin/python3 -W ignore:setup.py install is deprecated setup.py egg_info --egg-base ../../build/pathfinding build --build-base /home/brsd/microros_ws/build/pathfinding/build install --record /home/brsd/microros_ws/build/pathfinding/install.log --install-scripts $base/lib/pathfinding --single-version-externally-managed install_data
