[0.829s] DEBUG:colcon:Command line arguments: ['/usr/bin/colcon', 'build']
[0.830s] DEBUG:colcon:Parsed command line arguments: Namespace(allow_overriding=[], ament_cmake_args=None, base_paths=['.'], build_base='build', catkin_cmake_args=None, catkin_skip_building_tests=False, cmake_args=None, cmake_clean_cache=False, cmake_clean_first=False, cmake_force_configure=False, cmake_target=None, cmake_target_skip_unavailable=False, continue_on_error=False, event_handlers=None, executor='parallel', ignore_user_meta=False, install_base='install', log_base=None, log_level=None, main=<bound method BuildVerb.main of <colcon_core.verb.build.BuildVerb object at 0x7f8db98850>>, merge_install=False, metas=['./colcon.meta'], packages_above=None, packages_above_and_dependencies=None, packages_above_depth=None, packages_end=None, packages_ignore=None, packages_ignore_regex=None, packages_select=None, packages_select_build_failed=False, packages_select_by_dep=None, packages_select_regex=None, packages_select_test_failures=False, packages_skip=None, packages_skip_build_finished=False, packages_skip_by_dep=None, packages_skip_regex=None, packages_skip_test_passed=False, packages_skip_up_to=None, packages_start=None, packages_up_to=None, packages_up_to_regex=None, parallel_workers=4, paths=None, symlink_install=False, test_result_base=None, verb_extension=<colcon_core.verb.build.BuildVerb object at 0x7f8db98850>, verb_name='build', verb_parser=<colcon_defaults.argument_parser.defaults.DefaultArgumentsDecorator object at 0x7f8db30b20>)
[1.570s] Level 1:colcon.colcon_core.package_discovery:discover_packages(colcon_meta) check parameters
[1.571s] Level 1:colcon.colcon_core.package_discovery:discover_packages(recursive) check parameters
[1.571s] Level 1:colcon.colcon_core.package_discovery:discover_packages(ignore) check parameters
[1.571s] Level 1:colcon.colcon_core.package_discovery:discover_packages(path) check parameters
[1.571s] Level 1:colcon.colcon_core.package_discovery:discover_packages(colcon_meta) discover
[1.571s] Level 1:colcon.colcon_core.package_discovery:discover_packages(recursive) discover
[1.572s] INFO:colcon.colcon_core.package_discovery:Crawling recursively for packages in '/home/brsd/microros_ws'
[1.572s] Level 1:colcon.colcon_core.package_identification:_identify(.) by extensions ['ignore', 'ignore_ament_install']
[1.572s] Level 1:colcon.colcon_core.package_identification:_identify(.) by extension 'ignore'
[1.573s] Level 1:colcon.colcon_core.package_identification:_identify(.) by extension 'ignore_ament_install'
[1.573s] Level 1:colcon.colcon_core.package_identification:_identify(.) by extensions ['colcon_pkg']
[1.573s] Level 1:colcon.colcon_core.package_identification:_identify(.) by extension 'colcon_pkg'
[1.573s] Level 1:colcon.colcon_core.package_identification:_identify(.) by extensions ['colcon_meta']
[1.573s] Level 1:colcon.colcon_core.package_identification:_identify(.) by extension 'colcon_meta'
[1.574s] Level 1:colcon.colcon_core.package_identification:_identify(.) by extensions ['ros']
[1.574s] Level 1:colcon.colcon_core.package_identification:_identify(.) by extension 'ros'
[1.624s] Level 1:colcon.colcon_core.package_identification:_identify(.) by extensions ['cmake', 'python']
[1.625s] Level 1:colcon.colcon_core.package_identification:_identify(.) by extension 'cmake'
[1.625s] Level 1:colcon.colcon_core.package_identification:_identify(.) by extension 'python'
[1.625s] Level 1:colcon.colcon_core.package_identification:_identify(.) by extensions ['python_setup_py']
[1.625s] Level 1:colcon.colcon_core.package_identification:_identify(.) by extension 'python_setup_py'
[1.626s] Level 1:colcon.colcon_core.package_identification:_identify(build) by extensions ['ignore', 'ignore_ament_install']
[1.626s] Level 1:colcon.colcon_core.package_identification:_identify(build) by extension 'ignore'
[1.626s] Level 1:colcon.colcon_core.package_identification:_identify(build) ignored
[1.627s] Level 1:colcon.colcon_core.package_identification:_identify(install) by extensions ['ignore', 'ignore_ament_install']
[1.627s] Level 1:colcon.colcon_core.package_identification:_identify(install) by extension 'ignore'
[1.627s] Level 1:colcon.colcon_core.package_identification:_identify(install) ignored
[1.628s] Level 1:colcon.colcon_core.package_identification:_identify(log) by extensions ['ignore', 'ignore_ament_install']
[1.628s] Level 1:colcon.colcon_core.package_identification:_identify(log) by extension 'ignore'
[1.628s] Level 1:colcon.colcon_core.package_identification:_identify(log) ignored
[1.628s] Level 1:colcon.colcon_core.package_identification:_identify(src) by extensions ['ignore', 'ignore_ament_install']
[1.629s] Level 1:colcon.colcon_core.package_identification:_identify(src) by extension 'ignore'
[1.629s] Level 1:colcon.colcon_core.package_identification:_identify(src) by extension 'ignore_ament_install'
[1.629s] Level 1:colcon.colcon_core.package_identification:_identify(src) by extensions ['colcon_pkg']
[1.629s] Level 1:colcon.colcon_core.package_identification:_identify(src) by extension 'colcon_pkg'
[1.630s] Level 1:colcon.colcon_core.package_identification:_identify(src) by extensions ['colcon_meta']
[1.630s] Level 1:colcon.colcon_core.package_identification:_identify(src) by extension 'colcon_meta'
[1.630s] Level 1:colcon.colcon_core.package_identification:_identify(src) by extensions ['ros']
[1.630s] Level 1:colcon.colcon_core.package_identification:_identify(src) by extension 'ros'
[1.630s] Level 1:colcon.colcon_core.package_identification:_identify(src) by extensions ['cmake', 'python']
[1.631s] Level 1:colcon.colcon_core.package_identification:_identify(src) by extension 'cmake'
[1.631s] Level 1:colcon.colcon_core.package_identification:_identify(src) by extension 'python'
[1.631s] Level 1:colcon.colcon_core.package_identification:_identify(src) by extensions ['python_setup_py']
[1.631s] Level 1:colcon.colcon_core.package_identification:_identify(src) by extension 'python_setup_py'
[1.631s] Level 1:colcon.colcon_core.package_identification:_identify(src/jetson_comm) by extensions ['ignore', 'ignore_ament_install']
[1.632s] Level 1:colcon.colcon_core.package_identification:_identify(src/jetson_comm) by extension 'ignore'
[1.632s] Level 1:colcon.colcon_core.package_identification:_identify(src/jetson_comm) by extension 'ignore_ament_install'
[1.632s] Level 1:colcon.colcon_core.package_identification:_identify(src/jetson_comm) by extensions ['colcon_pkg']
[1.632s] Level 1:colcon.colcon_core.package_identification:_identify(src/jetson_comm) by extension 'colcon_pkg'
[1.632s] Level 1:colcon.colcon_core.package_identification:_identify(src/jetson_comm) by extensions ['colcon_meta']
[1.633s] Level 1:colcon.colcon_core.package_identification:_identify(src/jetson_comm) by extension 'colcon_meta'
[1.633s] Level 1:colcon.colcon_core.package_identification:_identify(src/jetson_comm) by extensions ['ros']
[1.633s] Level 1:colcon.colcon_core.package_identification:_identify(src/jetson_comm) by extension 'ros'
[1.642s] DEBUG:colcon.colcon_core.package_identification:Package 'src/jetson_comm' with type 'ros.ament_python' and name 'jetson_comm'
[1.643s] Level 1:colcon.colcon_core.package_identification:_identify(src/micro_ros_setup) by extensions ['ignore', 'ignore_ament_install']
[1.643s] Level 1:colcon.colcon_core.package_identification:_identify(src/micro_ros_setup) by extension 'ignore'
[1.643s] Level 1:colcon.colcon_core.package_identification:_identify(src/micro_ros_setup) by extension 'ignore_ament_install'
[1.643s] Level 1:colcon.colcon_core.package_identification:_identify(src/micro_ros_setup) by extensions ['colcon_pkg']
[1.644s] Level 1:colcon.colcon_core.package_identification:_identify(src/micro_ros_setup) by extension 'colcon_pkg'
[1.644s] Level 1:colcon.colcon_core.package_identification:_identify(src/micro_ros_setup) by extensions ['colcon_meta']
[1.644s] Level 1:colcon.colcon_core.package_identification:_identify(src/micro_ros_setup) by extension 'colcon_meta'
[1.644s] Level 1:colcon.colcon_core.package_identification:_identify(src/micro_ros_setup) by extensions ['ros']
[1.644s] Level 1:colcon.colcon_core.package_identification:_identify(src/micro_ros_setup) by extension 'ros'
[1.649s] DEBUG:colcon.colcon_core.package_identification:Package 'src/micro_ros_setup' with type 'ros.ament_cmake' and name 'micro_ros_setup'
[1.649s] Level 1:colcon.colcon_core.package_identification:_identify(src/uros) by extensions ['ignore', 'ignore_ament_install']
[1.650s] Level 1:colcon.colcon_core.package_identification:_identify(src/uros) by extension 'ignore'
[1.650s] Level 1:colcon.colcon_core.package_identification:_identify(src/uros) by extension 'ignore_ament_install'
[1.650s] Level 1:colcon.colcon_core.package_identification:_identify(src/uros) by extensions ['colcon_pkg']
[1.650s] Level 1:colcon.colcon_core.package_identification:_identify(src/uros) by extension 'colcon_pkg'
[1.650s] Level 1:colcon.colcon_core.package_identification:_identify(src/uros) by extensions ['colcon_meta']
[1.651s] Level 1:colcon.colcon_core.package_identification:_identify(src/uros) by extension 'colcon_meta'
[1.651s] Level 1:colcon.colcon_core.package_identification:_identify(src/uros) by extensions ['ros']
[1.651s] Level 1:colcon.colcon_core.package_identification:_identify(src/uros) by extension 'ros'
[1.651s] Level 1:colcon.colcon_core.package_identification:_identify(src/uros) by extensions ['cmake', 'python']
[1.651s] Level 1:colcon.colcon_core.package_identification:_identify(src/uros) by extension 'cmake'
[1.652s] Level 1:colcon.colcon_core.package_identification:_identify(src/uros) by extension 'python'
[1.652s] Level 1:colcon.colcon_core.package_identification:_identify(src/uros) by extensions ['python_setup_py']
[1.652s] Level 1:colcon.colcon_core.package_identification:_identify(src/uros) by extension 'python_setup_py'
[1.652s] Level 1:colcon.colcon_core.package_identification:_identify(src/uros/drive_base) by extensions ['ignore', 'ignore_ament_install']
[1.653s] Level 1:colcon.colcon_core.package_identification:_identify(src/uros/drive_base) by extension 'ignore'
[1.653s] Level 1:colcon.colcon_core.package_identification:_identify(src/uros/drive_base) by extension 'ignore_ament_install'
[1.653s] Level 1:colcon.colcon_core.package_identification:_identify(src/uros/drive_base) by extensions ['colcon_pkg']
[1.653s] Level 1:colcon.colcon_core.package_identification:_identify(src/uros/drive_base) by extension 'colcon_pkg'
[1.653s] Level 1:colcon.colcon_core.package_identification:_identify(src/uros/drive_base) by extensions ['colcon_meta']
[1.653s] Level 1:colcon.colcon_core.package_identification:_identify(src/uros/drive_base) by extension 'colcon_meta'
[1.654s] Level 1:colcon.colcon_core.package_identification:_identify(src/uros/drive_base) by extensions ['ros']
[1.654s] Level 1:colcon.colcon_core.package_identification:_identify(src/uros/drive_base) by extension 'ros'
[1.654s] Level 1:colcon.colcon_core.package_identification:_identify(src/uros/drive_base) by extensions ['cmake', 'python']
[1.654s] Level 1:colcon.colcon_core.package_identification:_identify(src/uros/drive_base) by extension 'cmake'
[1.654s] Level 1:colcon.colcon_core.package_identification:_identify(src/uros/drive_base) by extension 'python'
[1.655s] Level 1:colcon.colcon_core.package_identification:_identify(src/uros/drive_base) by extensions ['python_setup_py']
[1.655s] Level 1:colcon.colcon_core.package_identification:_identify(src/uros/drive_base) by extension 'python_setup_py'
[1.655s] Level 1:colcon.colcon_core.package_identification:_identify(src/uros/drive_base/drive_base_msgs) by extensions ['ignore', 'ignore_ament_install']
[1.656s] Level 1:colcon.colcon_core.package_identification:_identify(src/uros/drive_base/drive_base_msgs) by extension 'ignore'
[1.656s] Level 1:colcon.colcon_core.package_identification:_identify(src/uros/drive_base/drive_base_msgs) by extension 'ignore_ament_install'
[1.656s] Level 1:colcon.colcon_core.package_identification:_identify(src/uros/drive_base/drive_base_msgs) by extensions ['colcon_pkg']
[1.656s] Level 1:colcon.colcon_core.package_identification:_identify(src/uros/drive_base/drive_base_msgs) by extension 'colcon_pkg'
[1.656s] Level 1:colcon.colcon_core.package_identification:_identify(src/uros/drive_base/drive_base_msgs) by extensions ['colcon_meta']
[1.656s] Level 1:colcon.colcon_core.package_identification:_identify(src/uros/drive_base/drive_base_msgs) by extension 'colcon_meta'
[1.657s] Level 1:colcon.colcon_core.package_identification:_identify(src/uros/drive_base/drive_base_msgs) by extensions ['ros']
[1.657s] Level 1:colcon.colcon_core.package_identification:_identify(src/uros/drive_base/drive_base_msgs) by extension 'ros'
[1.659s] DEBUG:colcon.colcon_core.package_identification:Package 'src/uros/drive_base/drive_base_msgs' with type 'ros.ament_cmake' and name 'drive_base_msgs'
[1.660s] Level 1:colcon.colcon_core.package_identification:_identify(src/uros/micro-ROS-Agent) by extensions ['ignore', 'ignore_ament_install']
[1.660s] Level 1:colcon.colcon_core.package_identification:_identify(src/uros/micro-ROS-Agent) by extension 'ignore'
[1.660s] Level 1:colcon.colcon_core.package_identification:_identify(src/uros/micro-ROS-Agent) by extension 'ignore_ament_install'
[1.661s] Level 1:colcon.colcon_core.package_identification:_identify(src/uros/micro-ROS-Agent) by extensions ['colcon_pkg']
[1.661s] Level 1:colcon.colcon_core.package_identification:_identify(src/uros/micro-ROS-Agent) by extension 'colcon_pkg'
[1.661s] Level 1:colcon.colcon_core.package_identification:_identify(src/uros/micro-ROS-Agent) by extensions ['colcon_meta']
[1.661s] Level 1:colcon.colcon_core.package_identification:_identify(src/uros/micro-ROS-Agent) by extension 'colcon_meta'
[1.661s] Level 1:colcon.colcon_core.package_identification:_identify(src/uros/micro-ROS-Agent) by extensions ['ros']
[1.662s] Level 1:colcon.colcon_core.package_identification:_identify(src/uros/micro-ROS-Agent) by extension 'ros'
[1.662s] Level 1:colcon.colcon_core.package_identification:_identify(src/uros/micro-ROS-Agent) by extensions ['cmake', 'python']
[1.662s] Level 1:colcon.colcon_core.package_identification:_identify(src/uros/micro-ROS-Agent) by extension 'cmake'
[1.662s] Level 1:colcon.colcon_core.package_identification:_identify(src/uros/micro-ROS-Agent) by extension 'python'
[1.662s] Level 1:colcon.colcon_core.package_identification:_identify(src/uros/micro-ROS-Agent) by extensions ['python_setup_py']
[1.663s] Level 1:colcon.colcon_core.package_identification:_identify(src/uros/micro-ROS-Agent) by extension 'python_setup_py'
[1.663s] Level 1:colcon.colcon_core.package_identification:_identify(src/uros/micro-ROS-Agent/micro_ros_agent) by extensions ['ignore', 'ignore_ament_install']
[1.663s] Level 1:colcon.colcon_core.package_identification:_identify(src/uros/micro-ROS-Agent/micro_ros_agent) by extension 'ignore'
[1.664s] Level 1:colcon.colcon_core.package_identification:_identify(src/uros/micro-ROS-Agent/micro_ros_agent) by extension 'ignore_ament_install'
[1.664s] Level 1:colcon.colcon_core.package_identification:_identify(src/uros/micro-ROS-Agent/micro_ros_agent) by extensions ['colcon_pkg']
[1.664s] Level 1:colcon.colcon_core.package_identification:_identify(src/uros/micro-ROS-Agent/micro_ros_agent) by extension 'colcon_pkg'
[1.664s] Level 1:colcon.colcon_core.package_identification:_identify(src/uros/micro-ROS-Agent/micro_ros_agent) by extensions ['colcon_meta']
[1.664s] Level 1:colcon.colcon_core.package_identification:_identify(src/uros/micro-ROS-Agent/micro_ros_agent) by extension 'colcon_meta'
[1.664s] Level 1:colcon.colcon_core.package_identification:_identify(src/uros/micro-ROS-Agent/micro_ros_agent) by extensions ['ros']
[1.665s] Level 1:colcon.colcon_core.package_identification:_identify(src/uros/micro-ROS-Agent/micro_ros_agent) by extension 'ros'
[1.669s] DEBUG:colcon.colcon_core.package_identification:Package 'src/uros/micro-ROS-Agent/micro_ros_agent' with type 'ros.ament_cmake' and name 'micro_ros_agent'
[1.669s] Level 1:colcon.colcon_core.package_identification:_identify(src/uros/micro-ROS-Agent/snap) by extensions ['ignore', 'ignore_ament_install']
[1.669s] Level 1:colcon.colcon_core.package_identification:_identify(src/uros/micro-ROS-Agent/snap) by extension 'ignore'
[1.670s] Level 1:colcon.colcon_core.package_identification:_identify(src/uros/micro-ROS-Agent/snap) by extension 'ignore_ament_install'
[1.670s] Level 1:colcon.colcon_core.package_identification:_identify(src/uros/micro-ROS-Agent/snap) by extensions ['colcon_pkg']
[1.670s] Level 1:colcon.colcon_core.package_identification:_identify(src/uros/micro-ROS-Agent/snap) by extension 'colcon_pkg'
[1.670s] Level 1:colcon.colcon_core.package_identification:_identify(src/uros/micro-ROS-Agent/snap) by extensions ['colcon_meta']
[1.670s] Level 1:colcon.colcon_core.package_identification:_identify(src/uros/micro-ROS-Agent/snap) by extension 'colcon_meta'
[1.671s] Level 1:colcon.colcon_core.package_identification:_identify(src/uros/micro-ROS-Agent/snap) by extensions ['ros']
[1.671s] Level 1:colcon.colcon_core.package_identification:_identify(src/uros/micro-ROS-Agent/snap) by extension 'ros'
[1.671s] Level 1:colcon.colcon_core.package_identification:_identify(src/uros/micro-ROS-Agent/snap) by extensions ['cmake', 'python']
[1.671s] Level 1:colcon.colcon_core.package_identification:_identify(src/uros/micro-ROS-Agent/snap) by extension 'cmake'
[1.671s] Level 1:colcon.colcon_core.package_identification:_identify(src/uros/micro-ROS-Agent/snap) by extension 'python'
[1.672s] Level 1:colcon.colcon_core.package_identification:_identify(src/uros/micro-ROS-Agent/snap) by extensions ['python_setup_py']
[1.672s] Level 1:colcon.colcon_core.package_identification:_identify(src/uros/micro-ROS-Agent/snap) by extension 'python_setup_py'
[1.672s] Level 1:colcon.colcon_core.package_identification:_identify(src/uros/micro-ROS-Agent/snap/hooks) by extensions ['ignore', 'ignore_ament_install']
[1.672s] Level 1:colcon.colcon_core.package_identification:_identify(src/uros/micro-ROS-Agent/snap/hooks) by extension 'ignore'
[1.673s] Level 1:colcon.colcon_core.package_identification:_identify(src/uros/micro-ROS-Agent/snap/hooks) by extension 'ignore_ament_install'
[1.673s] Level 1:colcon.colcon_core.package_identification:_identify(src/uros/micro-ROS-Agent/snap/hooks) by extensions ['colcon_pkg']
[1.673s] Level 1:colcon.colcon_core.package_identification:_identify(src/uros/micro-ROS-Agent/snap/hooks) by extension 'colcon_pkg'
[1.673s] Level 1:colcon.colcon_core.package_identification:_identify(src/uros/micro-ROS-Agent/snap/hooks) by extensions ['colcon_meta']
[1.673s] Level 1:colcon.colcon_core.package_identification:_identify(src/uros/micro-ROS-Agent/snap/hooks) by extension 'colcon_meta'
[1.674s] Level 1:colcon.colcon_core.package_identification:_identify(src/uros/micro-ROS-Agent/snap/hooks) by extensions ['ros']
[1.674s] Level 1:colcon.colcon_core.package_identification:_identify(src/uros/micro-ROS-Agent/snap/hooks) by extension 'ros'
[1.674s] Level 1:colcon.colcon_core.package_identification:_identify(src/uros/micro-ROS-Agent/snap/hooks) by extensions ['cmake', 'python']
[1.674s] Level 1:colcon.colcon_core.package_identification:_identify(src/uros/micro-ROS-Agent/snap/hooks) by extension 'cmake'
[1.674s] Level 1:colcon.colcon_core.package_identification:_identify(src/uros/micro-ROS-Agent/snap/hooks) by extension 'python'
[1.675s] Level 1:colcon.colcon_core.package_identification:_identify(src/uros/micro-ROS-Agent/snap/hooks) by extensions ['python_setup_py']
[1.675s] Level 1:colcon.colcon_core.package_identification:_identify(src/uros/micro-ROS-Agent/snap/hooks) by extension 'python_setup_py'
[1.675s] Level 1:colcon.colcon_core.package_identification:_identify(src/uros/micro-ROS-Agent/snap/local) by extensions ['ignore', 'ignore_ament_install']
[1.675s] Level 1:colcon.colcon_core.package_identification:_identify(src/uros/micro-ROS-Agent/snap/local) by extension 'ignore'
[1.676s] Level 1:colcon.colcon_core.package_identification:_identify(src/uros/micro-ROS-Agent/snap/local) by extension 'ignore_ament_install'
[1.676s] Level 1:colcon.colcon_core.package_identification:_identify(src/uros/micro-ROS-Agent/snap/local) by extensions ['colcon_pkg']
[1.676s] Level 1:colcon.colcon_core.package_identification:_identify(src/uros/micro-ROS-Agent/snap/local) by extension 'colcon_pkg'
[1.676s] Level 1:colcon.colcon_core.package_identification:_identify(src/uros/micro-ROS-Agent/snap/local) by extensions ['colcon_meta']
[1.676s] Level 1:colcon.colcon_core.package_identification:_identify(src/uros/micro-ROS-Agent/snap/local) by extension 'colcon_meta'
[1.677s] Level 1:colcon.colcon_core.package_identification:_identify(src/uros/micro-ROS-Agent/snap/local) by extensions ['ros']
[1.677s] Level 1:colcon.colcon_core.package_identification:_identify(src/uros/micro-ROS-Agent/snap/local) by extension 'ros'
[1.677s] Level 1:colcon.colcon_core.package_identification:_identify(src/uros/micro-ROS-Agent/snap/local) by extensions ['cmake', 'python']
[1.677s] Level 1:colcon.colcon_core.package_identification:_identify(src/uros/micro-ROS-Agent/snap/local) by extension 'cmake'
[1.677s] Level 1:colcon.colcon_core.package_identification:_identify(src/uros/micro-ROS-Agent/snap/local) by extension 'python'
[1.678s] Level 1:colcon.colcon_core.package_identification:_identify(src/uros/micro-ROS-Agent/snap/local) by extensions ['python_setup_py']
[1.678s] Level 1:colcon.colcon_core.package_identification:_identify(src/uros/micro-ROS-Agent/snap/local) by extension 'python_setup_py'
[1.678s] Level 1:colcon.colcon_core.package_identification:_identify(src/uros/micro_ros_msgs) by extensions ['ignore', 'ignore_ament_install']
[1.678s] Level 1:colcon.colcon_core.package_identification:_identify(src/uros/micro_ros_msgs) by extension 'ignore'
[1.679s] Level 1:colcon.colcon_core.package_identification:_identify(src/uros/micro_ros_msgs) by extension 'ignore_ament_install'
[1.679s] Level 1:colcon.colcon_core.package_identification:_identify(src/uros/micro_ros_msgs) by extensions ['colcon_pkg']
[1.679s] Level 1:colcon.colcon_core.package_identification:_identify(src/uros/micro_ros_msgs) by extension 'colcon_pkg'
[1.679s] Level 1:colcon.colcon_core.package_identification:_identify(src/uros/micro_ros_msgs) by extensions ['colcon_meta']
[1.679s] Level 1:colcon.colcon_core.package_identification:_identify(src/uros/micro_ros_msgs) by extension 'colcon_meta'
[1.680s] Level 1:colcon.colcon_core.package_identification:_identify(src/uros/micro_ros_msgs) by extensions ['ros']
[1.680s] Level 1:colcon.colcon_core.package_identification:_identify(src/uros/micro_ros_msgs) by extension 'ros'
[1.682s] DEBUG:colcon.colcon_core.package_identification:Package 'src/uros/micro_ros_msgs' with type 'ros.ament_cmake' and name 'micro_ros_msgs'
[1.682s] Level 1:colcon.colcon_core.package_discovery:discover_packages(recursive) using defaults
[1.682s] Level 1:colcon.colcon_core.package_discovery:discover_packages(ignore) discover
[1.682s] Level 1:colcon.colcon_core.package_discovery:discover_packages(ignore) using defaults
[1.683s] Level 1:colcon.colcon_core.package_discovery:discover_packages(path) discover
[1.683s] Level 1:colcon.colcon_core.package_discovery:discover_packages(path) using defaults
[1.750s] Level 1:colcon.colcon_core.package_discovery:discover_packages(prefix_path) check parameters
[1.750s] Level 1:colcon.colcon_core.package_discovery:discover_packages(prefix_path) discover
[1.758s] DEBUG:colcon.colcon_installed_package_information.package_discovery:Found 5 installed packages in /home/brsd/microros_ws/install
[1.764s] DEBUG:colcon.colcon_installed_package_information.package_discovery:Found 263 installed packages in /opt/ros/foxy
[1.773s] Level 1:colcon.colcon_core.package_discovery:discover_packages(prefix_path) using defaults
[2.135s] Level 5:colcon.colcon_core.verb:set package 'drive_base_msgs' build argument 'cmake_args' from command line to 'None'
[2.135s] Level 5:colcon.colcon_core.verb:set package 'drive_base_msgs' build argument 'cmake_target' from command line to 'None'
[2.135s] Level 5:colcon.colcon_core.verb:set package 'drive_base_msgs' build argument 'cmake_target_skip_unavailable' from command line to 'False'
[2.135s] Level 5:colcon.colcon_core.verb:set package 'drive_base_msgs' build argument 'cmake_clean_cache' from command line to 'False'
[2.136s] Level 5:colcon.colcon_core.verb:set package 'drive_base_msgs' build argument 'cmake_clean_first' from command line to 'False'
[2.136s] Level 5:colcon.colcon_core.verb:set package 'drive_base_msgs' build argument 'cmake_force_configure' from command line to 'False'
[2.136s] Level 5:colcon.colcon_core.verb:set package 'drive_base_msgs' build argument 'ament_cmake_args' from command line to 'None'
[2.136s] Level 5:colcon.colcon_core.verb:set package 'drive_base_msgs' build argument 'catkin_cmake_args' from command line to 'None'
[2.136s] Level 5:colcon.colcon_core.verb:set package 'drive_base_msgs' build argument 'catkin_skip_building_tests' from command line to 'False'
[2.136s] DEBUG:colcon.colcon_core.verb:Building package 'drive_base_msgs' with the following arguments: {'ament_cmake_args': None, 'build_base': '/home/brsd/microros_ws/build/drive_base_msgs', 'catkin_cmake_args': None, 'catkin_skip_building_tests': False, 'cmake_args': None, 'cmake_clean_cache': False, 'cmake_clean_first': False, 'cmake_force_configure': False, 'cmake_target': None, 'cmake_target_skip_unavailable': False, 'install_base': '/home/brsd/microros_ws/install/drive_base_msgs', 'merge_install': False, 'path': '/home/brsd/microros_ws/src/uros/drive_base/drive_base_msgs', 'symlink_install': False, 'test_result_base': None}
[2.138s] Level 5:colcon.colcon_core.verb:set package 'jetson_comm' build argument 'cmake_args' from command line to 'None'
[2.138s] Level 5:colcon.colcon_core.verb:set package 'jetson_comm' build argument 'cmake_target' from command line to 'None'
[2.139s] Level 5:colcon.colcon_core.verb:set package 'jetson_comm' build argument 'cmake_target_skip_unavailable' from command line to 'False'
[2.139s] Level 5:colcon.colcon_core.verb:set package 'jetson_comm' build argument 'cmake_clean_cache' from command line to 'False'
[2.139s] Level 5:colcon.colcon_core.verb:set package 'jetson_comm' build argument 'cmake_clean_first' from command line to 'False'
[2.139s] Level 5:colcon.colcon_core.verb:set package 'jetson_comm' build argument 'cmake_force_configure' from command line to 'False'
[2.139s] Level 5:colcon.colcon_core.verb:set package 'jetson_comm' build argument 'ament_cmake_args' from command line to 'None'
[2.139s] Level 5:colcon.colcon_core.verb:set package 'jetson_comm' build argument 'catkin_cmake_args' from command line to 'None'
[2.139s] Level 5:colcon.colcon_core.verb:set package 'jetson_comm' build argument 'catkin_skip_building_tests' from command line to 'False'
[2.139s] DEBUG:colcon.colcon_core.verb:Building package 'jetson_comm' with the following arguments: {'ament_cmake_args': None, 'build_base': '/home/brsd/microros_ws/build/jetson_comm', 'catkin_cmake_args': None, 'catkin_skip_building_tests': False, 'cmake_args': None, 'cmake_clean_cache': False, 'cmake_clean_first': False, 'cmake_force_configure': False, 'cmake_target': None, 'cmake_target_skip_unavailable': False, 'install_base': '/home/brsd/microros_ws/install/jetson_comm', 'merge_install': False, 'path': '/home/brsd/microros_ws/src/jetson_comm', 'symlink_install': False, 'test_result_base': None}
[2.141s] Level 5:colcon.colcon_core.verb:set package 'micro_ros_msgs' build argument 'cmake_args' from command line to 'None'
[2.141s] Level 5:colcon.colcon_core.verb:set package 'micro_ros_msgs' build argument 'cmake_target' from command line to 'None'
[2.141s] Level 5:colcon.colcon_core.verb:set package 'micro_ros_msgs' build argument 'cmake_target_skip_unavailable' from command line to 'False'
[2.141s] Level 5:colcon.colcon_core.verb:set package 'micro_ros_msgs' build argument 'cmake_clean_cache' from command line to 'False'
[2.142s] Level 5:colcon.colcon_core.verb:set package 'micro_ros_msgs' build argument 'cmake_clean_first' from command line to 'False'
[2.142s] Level 5:colcon.colcon_core.verb:set package 'micro_ros_msgs' build argument 'cmake_force_configure' from command line to 'False'
[2.142s] Level 5:colcon.colcon_core.verb:set package 'micro_ros_msgs' build argument 'ament_cmake_args' from command line to 'None'
[2.142s] Level 5:colcon.colcon_core.verb:set package 'micro_ros_msgs' build argument 'catkin_cmake_args' from command line to 'None'
[2.142s] Level 5:colcon.colcon_core.verb:set package 'micro_ros_msgs' build argument 'catkin_skip_building_tests' from command line to 'False'
[2.142s] DEBUG:colcon.colcon_core.verb:Building package 'micro_ros_msgs' with the following arguments: {'ament_cmake_args': None, 'build_base': '/home/brsd/microros_ws/build/micro_ros_msgs', 'catkin_cmake_args': None, 'catkin_skip_building_tests': False, 'cmake_args': None, 'cmake_clean_cache': False, 'cmake_clean_first': False, 'cmake_force_configure': False, 'cmake_target': None, 'cmake_target_skip_unavailable': False, 'install_base': '/home/brsd/microros_ws/install/micro_ros_msgs', 'merge_install': False, 'path': '/home/brsd/microros_ws/src/uros/micro_ros_msgs', 'symlink_install': False, 'test_result_base': None}
[2.144s] Level 5:colcon.colcon_core.verb:set package 'micro_ros_setup' build argument 'cmake_args' from command line to 'None'
[2.144s] Level 5:colcon.colcon_core.verb:set package 'micro_ros_setup' build argument 'cmake_target' from command line to 'None'
[2.144s] Level 5:colcon.colcon_core.verb:set package 'micro_ros_setup' build argument 'cmake_target_skip_unavailable' from command line to 'False'
[2.144s] Level 5:colcon.colcon_core.verb:set package 'micro_ros_setup' build argument 'cmake_clean_cache' from command line to 'False'
[2.145s] Level 5:colcon.colcon_core.verb:set package 'micro_ros_setup' build argument 'cmake_clean_first' from command line to 'False'
[2.145s] Level 5:colcon.colcon_core.verb:set package 'micro_ros_setup' build argument 'cmake_force_configure' from command line to 'False'
[2.145s] Level 5:colcon.colcon_core.verb:set package 'micro_ros_setup' build argument 'ament_cmake_args' from command line to 'None'
[2.145s] Level 5:colcon.colcon_core.verb:set package 'micro_ros_setup' build argument 'catkin_cmake_args' from command line to 'None'
[2.145s] Level 5:colcon.colcon_core.verb:set package 'micro_ros_setup' build argument 'catkin_skip_building_tests' from command line to 'False'
[2.145s] DEBUG:colcon.colcon_core.verb:Building package 'micro_ros_setup' with the following arguments: {'ament_cmake_args': None, 'build_base': '/home/brsd/microros_ws/build/micro_ros_setup', 'catkin_cmake_args': None, 'catkin_skip_building_tests': False, 'cmake_args': None, 'cmake_clean_cache': False, 'cmake_clean_first': False, 'cmake_force_configure': False, 'cmake_target': None, 'cmake_target_skip_unavailable': False, 'install_base': '/home/brsd/microros_ws/install/micro_ros_setup', 'merge_install': False, 'path': '/home/brsd/microros_ws/src/micro_ros_setup', 'symlink_install': False, 'test_result_base': None}
[2.147s] Level 5:colcon.colcon_core.verb:set package 'micro_ros_agent' build argument 'cmake_args' from command line to 'None'
[2.147s] Level 5:colcon.colcon_core.verb:set package 'micro_ros_agent' build argument 'cmake_target' from command line to 'None'
[2.147s] Level 5:colcon.colcon_core.verb:set package 'micro_ros_agent' build argument 'cmake_target_skip_unavailable' from command line to 'False'
[2.147s] Level 5:colcon.colcon_core.verb:set package 'micro_ros_agent' build argument 'cmake_clean_cache' from command line to 'False'
[2.147s] Level 5:colcon.colcon_core.verb:set package 'micro_ros_agent' build argument 'cmake_clean_first' from command line to 'False'
[2.147s] Level 5:colcon.colcon_core.verb:set package 'micro_ros_agent' build argument 'cmake_force_configure' from command line to 'False'
[2.148s] Level 5:colcon.colcon_core.verb:set package 'micro_ros_agent' build argument 'ament_cmake_args' from command line to 'None'
[2.148s] Level 5:colcon.colcon_core.verb:set package 'micro_ros_agent' build argument 'catkin_cmake_args' from command line to 'None'
[2.148s] Level 5:colcon.colcon_core.verb:set package 'micro_ros_agent' build argument 'catkin_skip_building_tests' from command line to 'False'
[2.148s] DEBUG:colcon.colcon_core.verb:Building package 'micro_ros_agent' with the following arguments: {'ament_cmake_args': None, 'build_base': '/home/brsd/microros_ws/build/micro_ros_agent', 'catkin_cmake_args': None, 'catkin_skip_building_tests': False, 'cmake_args': None, 'cmake_clean_cache': False, 'cmake_clean_first': False, 'cmake_force_configure': False, 'cmake_target': None, 'cmake_target_skip_unavailable': False, 'install_base': '/home/brsd/microros_ws/install/micro_ros_agent', 'merge_install': False, 'path': '/home/brsd/microros_ws/src/uros/micro-ROS-Agent/micro_ros_agent', 'symlink_install': False, 'test_result_base': None}
[2.148s] INFO:colcon.colcon_core.executor:Executing jobs using 'parallel' executor
[2.152s] DEBUG:colcon.colcon_parallel_executor.executor.parallel:run_until_complete
[2.153s] INFO:colcon.colcon_ros.task.ament_cmake.build:Building ROS package in '/home/brsd/microros_ws/src/uros/micro_ros_msgs' with build type 'ament_cmake'
[2.153s] INFO:colcon.colcon_cmake.task.cmake.build:Building CMake package in '/home/brsd/microros_ws/src/uros/micro_ros_msgs'
[2.162s] INFO:colcon.colcon_core.plugin_system:Skipping extension 'colcon_core.shell.bat': Not used on non-Windows systems
[2.163s] INFO:colcon.colcon_core.shell:Skip shell extension 'powershell' for command environment: Not usable outside of PowerShell
[2.163s] DEBUG:colcon.colcon_core.shell:Skip shell extension 'dsv' for command environment
[2.189s] INFO:colcon.colcon_ros.task.ament_cmake.build:Building ROS package in '/home/brsd/microros_ws/src/uros/drive_base/drive_base_msgs' with build type 'ament_cmake'
[2.191s] INFO:colcon.colcon_cmake.task.cmake.build:Building CMake package in '/home/brsd/microros_ws/src/uros/drive_base/drive_base_msgs'
[2.192s] INFO:colcon.colcon_core.shell:Skip shell extension 'powershell' for command environment: Not usable outside of PowerShell
[2.193s] DEBUG:colcon.colcon_core.shell:Skip shell extension 'dsv' for command environment
[2.214s] INFO:colcon.colcon_ros.task.ament_python.build:Building ROS package in '/home/brsd/microros_ws/src/jetson_comm' with build type 'ament_python'
[2.215s] Level 1:colcon.colcon_core.shell:create_environment_hook('jetson_comm', 'ament_prefix_path')
[2.217s] INFO:colcon.colcon_core.shell:Creating environment hook '/home/brsd/microros_ws/install/jetson_comm/share/jetson_comm/hook/ament_prefix_path.ps1'
[2.221s] INFO:colcon.colcon_core.shell:Creating environment descriptor '/home/brsd/microros_ws/install/jetson_comm/share/jetson_comm/hook/ament_prefix_path.dsv'
[2.223s] INFO:colcon.colcon_core.shell:Creating environment hook '/home/brsd/microros_ws/install/jetson_comm/share/jetson_comm/hook/ament_prefix_path.sh'
[2.227s] INFO:colcon.colcon_core.shell:Skip shell extension 'powershell' for command environment: Not usable outside of PowerShell
[2.227s] DEBUG:colcon.colcon_core.shell:Skip shell extension 'dsv' for command environment
[2.252s] INFO:colcon.colcon_ros.task.ament_cmake.build:Building ROS package in '/home/brsd/microros_ws/src/micro_ros_setup' with build type 'ament_cmake'
[2.253s] INFO:colcon.colcon_cmake.task.cmake.build:Building CMake package in '/home/brsd/microros_ws/src/micro_ros_setup'
[2.255s] INFO:colcon.colcon_core.shell:Skip shell extension 'powershell' for command environment: Not usable outside of PowerShell
[2.255s] DEBUG:colcon.colcon_core.shell:Skip shell extension 'dsv' for command environment
[2.299s] DEBUG:colcon.colcon_core.event_handler.log_command:Invoking command in '/home/brsd/microros_ws/build/micro_ros_msgs': CMAKE_PREFIX_PATH=${CMAKE_PREFIX_PATH}:/home/brsd/microros_ws/install/jetson_comm:/opt/ros/foxy /usr/bin/cmake --build /home/brsd/microros_ws/build/micro_ros_msgs -- -j4 -l4
[2.328s] DEBUG:colcon.colcon_core.event_handler.log_command:Invoking command in '/home/brsd/microros_ws/build/drive_base_msgs': CMAKE_PREFIX_PATH=${CMAKE_PREFIX_PATH}:/home/brsd/microros_ws/install/jetson_comm:/opt/ros/foxy /usr/bin/cmake --build /home/brsd/microros_ws/build/drive_base_msgs -- -j4 -l4
[3.541s] INFO:colcon.colcon_core.task.python.build:Building Python package in '/home/brsd/microros_ws/src/jetson_comm'
[3.542s] INFO:colcon.colcon_core.shell:Skip shell extension 'powershell' for command environment: Not usable outside of PowerShell
[3.543s] DEBUG:colcon.colcon_core.shell:Skip shell extension 'dsv' for command environment
[3.604s] DEBUG:colcon.colcon_core.event_handler.log_command:Invoking command in '/home/brsd/microros_ws/build/micro_ros_setup': CMAKE_PREFIX_PATH=${CMAKE_PREFIX_PATH}:/home/brsd/microros_ws/install/jetson_comm:/opt/ros/foxy /usr/bin/cmake --build /home/brsd/microros_ws/build/micro_ros_setup -- -j4 -l4
[3.615s] DEBUG:colcon.colcon_core.event_handler.log_command:Invoked command in '/home/brsd/microros_ws/build/micro_ros_msgs' returned '0': CMAKE_PREFIX_PATH=${CMAKE_PREFIX_PATH}:/home/brsd/microros_ws/install/jetson_comm:/opt/ros/foxy /usr/bin/cmake --build /home/brsd/microros_ws/build/micro_ros_msgs -- -j4 -l4
[3.653s] DEBUG:colcon.colcon_core.event_handler.log_command:Invoked command in '/home/brsd/microros_ws/build/drive_base_msgs' returned '0': CMAKE_PREFIX_PATH=${CMAKE_PREFIX_PATH}:/home/brsd/microros_ws/install/jetson_comm:/opt/ros/foxy /usr/bin/cmake --build /home/brsd/microros_ws/build/drive_base_msgs -- -j4 -l4
[3.787s] DEBUG:colcon.colcon_core.event_handler.log_command:Invoked command in '/home/brsd/microros_ws/build/micro_ros_setup' returned '0': CMAKE_PREFIX_PATH=${CMAKE_PREFIX_PATH}:/home/brsd/microros_ws/install/jetson_comm:/opt/ros/foxy /usr/bin/cmake --build /home/brsd/microros_ws/build/micro_ros_setup -- -j4 -l4
[3.933s] DEBUG:colcon.colcon_core.event_handler.log_command:Invoking command in '/home/brsd/microros_ws/build/micro_ros_setup': CMAKE_PREFIX_PATH=${CMAKE_PREFIX_PATH}:/home/brsd/microros_ws/install/jetson_comm:/opt/ros/foxy /usr/bin/cmake --install /home/brsd/microros_ws/build/micro_ros_setup
[4.011s] Level 1:colcon.colcon_core.environment:create_environment_scripts_only(micro_ros_setup)
[4.024s] Level 1:colcon.colcon_core.environment:checking '/home/brsd/microros_ws/install/micro_ros_setup' for CMake module files
[4.045s] Level 1:colcon.colcon_core.environment:checking '/home/brsd/microros_ws/install/micro_ros_setup' for CMake config files
[4.049s] Level 1:colcon.colcon_core.shell:create_environment_hook('micro_ros_setup', 'cmake_prefix_path')
[4.051s] INFO:colcon.colcon_core.shell:Creating environment hook '/home/brsd/microros_ws/install/micro_ros_setup/share/micro_ros_setup/hook/cmake_prefix_path.ps1'
[4.053s] INFO:colcon.colcon_core.shell:Creating environment descriptor '/home/brsd/microros_ws/install/micro_ros_setup/share/micro_ros_setup/hook/cmake_prefix_path.dsv'
[4.055s] INFO:colcon.colcon_core.shell:Creating environment hook '/home/brsd/microros_ws/install/micro_ros_setup/share/micro_ros_setup/hook/cmake_prefix_path.sh'
[4.058s] Level 1:colcon.colcon_core.environment:checking '/home/brsd/microros_ws/install/micro_ros_setup/lib'
[4.061s] Level 1:colcon.colcon_core.environment:checking '/home/brsd/microros_ws/install/micro_ros_setup/bin'
[4.067s] Level 1:colcon.colcon_core.environment:checking '/home/brsd/microros_ws/install/micro_ros_setup/lib/pkgconfig/micro_ros_setup.pc'
[4.069s] Level 1:colcon.colcon_core.environment:checking '/home/brsd/microros_ws/install/micro_ros_setup/lib/python3.8/site-packages'
[4.070s] Level 1:colcon.colcon_core.environment:checking '/home/brsd/microros_ws/install/micro_ros_setup/bin'
[4.072s] INFO:colcon.colcon_core.shell:Creating package script '/home/brsd/microros_ws/install/micro_ros_setup/share/micro_ros_setup/package.ps1'
[4.082s] INFO:colcon.colcon_core.shell:Creating package descriptor '/home/brsd/microros_ws/install/micro_ros_setup/share/micro_ros_setup/package.dsv'
[4.087s] INFO:colcon.colcon_core.shell:Creating package script '/home/brsd/microros_ws/install/micro_ros_setup/share/micro_ros_setup/package.sh'
[4.092s] INFO:colcon.colcon_core.shell:Creating package script '/home/brsd/microros_ws/install/micro_ros_setup/share/micro_ros_setup/package.bash'
[4.100s] INFO:colcon.colcon_core.shell:Creating package script '/home/brsd/microros_ws/install/micro_ros_setup/share/micro_ros_setup/package.zsh'
[4.105s] Level 1:colcon.colcon_core.environment:create_file_with_runtime_dependencies(/home/brsd/microros_ws/install/micro_ros_setup/share/colcon-core/packages/micro_ros_setup)
[4.147s] DEBUG:colcon.colcon_core.event_handler.log_command:Invoked command in '/home/brsd/microros_ws/build/micro_ros_setup' returned '0': CMAKE_PREFIX_PATH=${CMAKE_PREFIX_PATH}:/home/brsd/microros_ws/install/jetson_comm:/opt/ros/foxy /usr/bin/cmake --install /home/brsd/microros_ws/build/micro_ros_setup
[4.150s] DEBUG:colcon.colcon_core.event_handler.log_command:Invoking command in '/home/brsd/microros_ws/build/micro_ros_msgs': CMAKE_PREFIX_PATH=${CMAKE_PREFIX_PATH}:/home/brsd/microros_ws/install/jetson_comm:/opt/ros/foxy /usr/bin/cmake --install /home/brsd/microros_ws/build/micro_ros_msgs
[4.247s] Level 1:colcon.colcon_core.environment:create_environment_scripts_only(micro_ros_setup)
[4.249s] Level 1:colcon.colcon_core.environment:checking '/home/brsd/microros_ws/install/micro_ros_setup' for CMake module files
[4.258s] Level 1:colcon.colcon_core.environment:checking '/home/brsd/microros_ws/install/micro_ros_setup' for CMake config files
[4.262s] Level 1:colcon.colcon_core.shell:create_environment_hook('micro_ros_setup', 'cmake_prefix_path')
[4.264s] INFO:colcon.colcon_core.shell:Creating environment hook '/home/brsd/microros_ws/install/micro_ros_setup/share/micro_ros_setup/hook/cmake_prefix_path.ps1'
[4.266s] INFO:colcon.colcon_core.shell:Creating environment descriptor '/home/brsd/microros_ws/install/micro_ros_setup/share/micro_ros_setup/hook/cmake_prefix_path.dsv'
[4.267s] INFO:colcon.colcon_core.shell:Creating environment hook '/home/brsd/microros_ws/install/micro_ros_setup/share/micro_ros_setup/hook/cmake_prefix_path.sh'
[4.271s] Level 1:colcon.colcon_core.environment:checking '/home/brsd/microros_ws/install/micro_ros_setup/lib'
[4.271s] Level 1:colcon.colcon_core.environment:checking '/home/brsd/microros_ws/install/micro_ros_setup/bin'
[4.272s] Level 1:colcon.colcon_core.environment:checking '/home/brsd/microros_ws/install/micro_ros_setup/lib/pkgconfig/micro_ros_setup.pc'
[4.273s] Level 1:colcon.colcon_core.environment:checking '/home/brsd/microros_ws/install/micro_ros_setup/lib/python3.8/site-packages'
[4.274s] Level 1:colcon.colcon_core.environment:checking '/home/brsd/microros_ws/install/micro_ros_setup/bin'
[4.275s] INFO:colcon.colcon_core.shell:Creating package script '/home/brsd/microros_ws/install/micro_ros_setup/share/micro_ros_setup/package.ps1'
[4.278s] INFO:colcon.colcon_core.shell:Creating package descriptor '/home/brsd/microros_ws/install/micro_ros_setup/share/micro_ros_setup/package.dsv'
[4.281s] INFO:colcon.colcon_core.shell:Creating package script '/home/brsd/microros_ws/install/micro_ros_setup/share/micro_ros_setup/package.sh'
[4.283s] INFO:colcon.colcon_core.shell:Creating package script '/home/brsd/microros_ws/install/micro_ros_setup/share/micro_ros_setup/package.bash'
[4.285s] INFO:colcon.colcon_core.shell:Creating package script '/home/brsd/microros_ws/install/micro_ros_setup/share/micro_ros_setup/package.zsh'
[4.287s] Level 1:colcon.colcon_core.environment:create_file_with_runtime_dependencies(/home/brsd/microros_ws/install/micro_ros_setup/share/colcon-core/packages/micro_ros_setup)
[4.299s] DEBUG:colcon.colcon_core.event_handler.log_command:Invoking command in '/home/brsd/microros_ws/build/drive_base_msgs': CMAKE_PREFIX_PATH=${CMAKE_PREFIX_PATH}:/home/brsd/microros_ws/install/jetson_comm:/opt/ros/foxy /usr/bin/cmake --install /home/brsd/microros_ws/build/drive_base_msgs
[4.408s] Level 1:colcon.colcon_core.environment:create_environment_scripts_only(micro_ros_msgs)
[4.410s] Level 1:colcon.colcon_core.environment:checking '/home/brsd/microros_ws/install/micro_ros_msgs' for CMake module files
[4.414s] Level 1:colcon.colcon_core.environment:checking '/home/brsd/microros_ws/install/micro_ros_msgs' for CMake config files
[4.417s] Level 1:colcon.colcon_core.shell:create_environment_hook('micro_ros_msgs', 'cmake_prefix_path')
[4.418s] INFO:colcon.colcon_core.shell:Creating environment hook '/home/brsd/microros_ws/install/micro_ros_msgs/share/micro_ros_msgs/hook/cmake_prefix_path.ps1'
[4.422s] INFO:colcon.colcon_core.shell:Creating environment descriptor '/home/brsd/microros_ws/install/micro_ros_msgs/share/micro_ros_msgs/hook/cmake_prefix_path.dsv'
[4.425s] INFO:colcon.colcon_core.shell:Creating environment hook '/home/brsd/microros_ws/install/micro_ros_msgs/share/micro_ros_msgs/hook/cmake_prefix_path.sh'
[4.430s] Level 1:colcon.colcon_core.environment:checking '/home/brsd/microros_ws/install/micro_ros_msgs/lib'
[4.431s] Level 1:colcon.colcon_core.shell:create_environment_hook('micro_ros_msgs', 'ld_library_path_lib')
[4.433s] INFO:colcon.colcon_core.shell:Creating environment hook '/home/brsd/microros_ws/install/micro_ros_msgs/share/micro_ros_msgs/hook/ld_library_path_lib.ps1'
[4.436s] INFO:colcon.colcon_core.shell:Creating environment descriptor '/home/brsd/microros_ws/install/micro_ros_msgs/share/micro_ros_msgs/hook/ld_library_path_lib.dsv'
[4.439s] INFO:colcon.colcon_core.shell:Creating environment hook '/home/brsd/microros_ws/install/micro_ros_msgs/share/micro_ros_msgs/hook/ld_library_path_lib.sh'
[4.443s] Level 1:colcon.colcon_core.environment:checking '/home/brsd/microros_ws/install/micro_ros_msgs/bin'
[4.443s] Level 1:colcon.colcon_core.environment:checking '/home/brsd/microros_ws/install/micro_ros_msgs/lib/pkgconfig/micro_ros_msgs.pc'
[4.445s] Level 1:colcon.colcon_core.environment:checking '/home/brsd/microros_ws/install/micro_ros_msgs/lib/python3.8/site-packages'
[4.445s] Level 1:colcon.colcon_core.shell:create_environment_hook('micro_ros_msgs', 'pythonpath')
[4.447s] INFO:colcon.colcon_core.shell:Creating environment hook '/home/brsd/microros_ws/install/micro_ros_msgs/share/micro_ros_msgs/hook/pythonpath.ps1'
[4.451s] INFO:colcon.colcon_core.shell:Creating environment descriptor '/home/brsd/microros_ws/install/micro_ros_msgs/share/micro_ros_msgs/hook/pythonpath.dsv'
[4.454s] INFO:colcon.colcon_core.shell:Creating environment hook '/home/brsd/microros_ws/install/micro_ros_msgs/share/micro_ros_msgs/hook/pythonpath.sh'
[4.458s] Level 1:colcon.colcon_core.environment:checking '/home/brsd/microros_ws/install/micro_ros_msgs/bin'
[4.460s] INFO:colcon.colcon_core.shell:Creating package script '/home/brsd/microros_ws/install/micro_ros_msgs/share/micro_ros_msgs/package.ps1'
[4.464s] INFO:colcon.colcon_core.shell:Creating package descriptor '/home/brsd/microros_ws/install/micro_ros_msgs/share/micro_ros_msgs/package.dsv'
[4.468s] INFO:colcon.colcon_core.shell:Creating package script '/home/brsd/microros_ws/install/micro_ros_msgs/share/micro_ros_msgs/package.sh'
[4.472s] INFO:colcon.colcon_core.shell:Creating package script '/home/brsd/microros_ws/install/micro_ros_msgs/share/micro_ros_msgs/package.bash'
[4.477s] INFO:colcon.colcon_core.shell:Creating package script '/home/brsd/microros_ws/install/micro_ros_msgs/share/micro_ros_msgs/package.zsh'
[4.480s] Level 1:colcon.colcon_core.environment:create_file_with_runtime_dependencies(/home/brsd/microros_ws/install/micro_ros_msgs/share/colcon-core/packages/micro_ros_msgs)
[4.494s] DEBUG:colcon.colcon_core.event_handler.log_command:Invoked command in '/home/brsd/microros_ws/build/micro_ros_msgs' returned '0': CMAKE_PREFIX_PATH=${CMAKE_PREFIX_PATH}:/home/brsd/microros_ws/install/jetson_comm:/opt/ros/foxy /usr/bin/cmake --install /home/brsd/microros_ws/build/micro_ros_msgs
[4.584s] Level 1:colcon.colcon_core.environment:create_environment_scripts_only(drive_base_msgs)
[4.586s] Level 1:colcon.colcon_core.environment:checking '/home/brsd/microros_ws/install/drive_base_msgs' for CMake module files
[4.591s] DEBUG:colcon.colcon_core.event_handler.log_command:Invoked command in '/home/brsd/microros_ws/build/drive_base_msgs' returned '0': CMAKE_PREFIX_PATH=${CMAKE_PREFIX_PATH}:/home/brsd/microros_ws/install/jetson_comm:/opt/ros/foxy /usr/bin/cmake --install /home/brsd/microros_ws/build/drive_base_msgs
[4.593s] Level 1:colcon.colcon_core.environment:checking '/home/brsd/microros_ws/install/drive_base_msgs' for CMake config files
[4.596s] Level 1:colcon.colcon_core.shell:create_environment_hook('drive_base_msgs', 'cmake_prefix_path')
[4.597s] INFO:colcon.colcon_core.shell:Creating environment hook '/home/brsd/microros_ws/install/drive_base_msgs/share/drive_base_msgs/hook/cmake_prefix_path.ps1'
[4.599s] INFO:colcon.colcon_core.shell:Creating environment descriptor '/home/brsd/microros_ws/install/drive_base_msgs/share/drive_base_msgs/hook/cmake_prefix_path.dsv'
[4.601s] INFO:colcon.colcon_core.shell:Creating environment hook '/home/brsd/microros_ws/install/drive_base_msgs/share/drive_base_msgs/hook/cmake_prefix_path.sh'
[4.603s] Level 1:colcon.colcon_core.environment:checking '/home/brsd/microros_ws/install/drive_base_msgs/lib'
[4.604s] Level 1:colcon.colcon_core.shell:create_environment_hook('drive_base_msgs', 'ld_library_path_lib')
[4.605s] INFO:colcon.colcon_core.shell:Creating environment hook '/home/brsd/microros_ws/install/drive_base_msgs/share/drive_base_msgs/hook/ld_library_path_lib.ps1'
[4.607s] INFO:colcon.colcon_core.shell:Creating environment descriptor '/home/brsd/microros_ws/install/drive_base_msgs/share/drive_base_msgs/hook/ld_library_path_lib.dsv'
[4.608s] INFO:colcon.colcon_core.shell:Creating environment hook '/home/brsd/microros_ws/install/drive_base_msgs/share/drive_base_msgs/hook/ld_library_path_lib.sh'
[4.610s] Level 1:colcon.colcon_core.environment:checking '/home/brsd/microros_ws/install/drive_base_msgs/bin'
[4.611s] Level 1:colcon.colcon_core.environment:checking '/home/brsd/microros_ws/install/drive_base_msgs/lib/pkgconfig/drive_base_msgs.pc'
[4.612s] Level 1:colcon.colcon_core.environment:checking '/home/brsd/microros_ws/install/drive_base_msgs/lib/python3.8/site-packages'
[4.612s] Level 1:colcon.colcon_core.shell:create_environment_hook('drive_base_msgs', 'pythonpath')
[4.614s] INFO:colcon.colcon_core.shell:Creating environment hook '/home/brsd/microros_ws/install/drive_base_msgs/share/drive_base_msgs/hook/pythonpath.ps1'
[4.616s] INFO:colcon.colcon_core.shell:Creating environment descriptor '/home/brsd/microros_ws/install/drive_base_msgs/share/drive_base_msgs/hook/pythonpath.dsv'
[4.618s] INFO:colcon.colcon_core.shell:Creating environment hook '/home/brsd/microros_ws/install/drive_base_msgs/share/drive_base_msgs/hook/pythonpath.sh'
[4.620s] Level 1:colcon.colcon_core.environment:checking '/home/brsd/microros_ws/install/drive_base_msgs/bin'
[4.622s] INFO:colcon.colcon_core.shell:Creating package script '/home/brsd/microros_ws/install/drive_base_msgs/share/drive_base_msgs/package.ps1'
[4.625s] INFO:colcon.colcon_core.shell:Creating package descriptor '/home/brsd/microros_ws/install/drive_base_msgs/share/drive_base_msgs/package.dsv'
[4.627s] INFO:colcon.colcon_core.shell:Creating package script '/home/brsd/microros_ws/install/drive_base_msgs/share/drive_base_msgs/package.sh'
[4.630s] INFO:colcon.colcon_core.shell:Creating package script '/home/brsd/microros_ws/install/drive_base_msgs/share/drive_base_msgs/package.bash'
[4.632s] INFO:colcon.colcon_core.shell:Creating package script '/home/brsd/microros_ws/install/drive_base_msgs/share/drive_base_msgs/package.zsh'
[4.635s] Level 1:colcon.colcon_core.environment:create_file_with_runtime_dependencies(/home/brsd/microros_ws/install/drive_base_msgs/share/colcon-core/packages/drive_base_msgs)
[4.828s] Level 1:colcon.colcon_core.environment:create_environment_scripts_only(micro_ros_msgs)
[4.829s] Level 1:colcon.colcon_core.environment:checking '/home/brsd/microros_ws/install/micro_ros_msgs' for CMake module files
[4.833s] Level 1:colcon.colcon_core.environment:checking '/home/brsd/microros_ws/install/micro_ros_msgs' for CMake config files
[4.835s] Level 1:colcon.colcon_core.shell:create_environment_hook('micro_ros_msgs', 'cmake_prefix_path')
[4.836s] INFO:colcon.colcon_core.shell:Creating environment hook '/home/brsd/microros_ws/install/micro_ros_msgs/share/micro_ros_msgs/hook/cmake_prefix_path.ps1'
[4.838s] INFO:colcon.colcon_core.shell:Creating environment descriptor '/home/brsd/microros_ws/install/micro_ros_msgs/share/micro_ros_msgs/hook/cmake_prefix_path.dsv'
[4.840s] INFO:colcon.colcon_core.shell:Creating environment hook '/home/brsd/microros_ws/install/micro_ros_msgs/share/micro_ros_msgs/hook/cmake_prefix_path.sh'
[4.843s] Level 1:colcon.colcon_core.environment:checking '/home/brsd/microros_ws/install/micro_ros_msgs/lib'
[4.843s] Level 1:colcon.colcon_core.shell:create_environment_hook('micro_ros_msgs', 'ld_library_path_lib')
[4.844s] INFO:colcon.colcon_core.shell:Creating environment hook '/home/brsd/microros_ws/install/micro_ros_msgs/share/micro_ros_msgs/hook/ld_library_path_lib.ps1'
[4.846s] INFO:colcon.colcon_core.shell:Creating environment descriptor '/home/brsd/microros_ws/install/micro_ros_msgs/share/micro_ros_msgs/hook/ld_library_path_lib.dsv'
[4.848s] INFO:colcon.colcon_core.shell:Creating environment hook '/home/brsd/microros_ws/install/micro_ros_msgs/share/micro_ros_msgs/hook/ld_library_path_lib.sh'
[4.850s] Level 1:colcon.colcon_core.environment:checking '/home/brsd/microros_ws/install/micro_ros_msgs/bin'
[4.850s] Level 1:colcon.colcon_core.environment:checking '/home/brsd/microros_ws/install/micro_ros_msgs/lib/pkgconfig/micro_ros_msgs.pc'
[4.851s] Level 1:colcon.colcon_core.environment:checking '/home/brsd/microros_ws/install/micro_ros_msgs/lib/python3.8/site-packages'
[4.852s] Level 1:colcon.colcon_core.shell:create_environment_hook('micro_ros_msgs', 'pythonpath')
[4.853s] INFO:colcon.colcon_core.shell:Creating environment hook '/home/brsd/microros_ws/install/micro_ros_msgs/share/micro_ros_msgs/hook/pythonpath.ps1'
[4.855s] INFO:colcon.colcon_core.shell:Creating environment descriptor '/home/brsd/microros_ws/install/micro_ros_msgs/share/micro_ros_msgs/hook/pythonpath.dsv'
[4.856s] INFO:colcon.colcon_core.shell:Creating environment hook '/home/brsd/microros_ws/install/micro_ros_msgs/share/micro_ros_msgs/hook/pythonpath.sh'
[4.858s] Level 1:colcon.colcon_core.environment:checking '/home/brsd/microros_ws/install/micro_ros_msgs/bin'
[4.860s] INFO:colcon.colcon_core.shell:Creating package script '/home/brsd/microros_ws/install/micro_ros_msgs/share/micro_ros_msgs/package.ps1'
[4.863s] INFO:colcon.colcon_core.shell:Creating package descriptor '/home/brsd/microros_ws/install/micro_ros_msgs/share/micro_ros_msgs/package.dsv'
[4.865s] INFO:colcon.colcon_core.shell:Creating package script '/home/brsd/microros_ws/install/micro_ros_msgs/share/micro_ros_msgs/package.sh'
[4.868s] INFO:colcon.colcon_core.shell:Creating package script '/home/brsd/microros_ws/install/micro_ros_msgs/share/micro_ros_msgs/package.bash'
[4.870s] INFO:colcon.colcon_core.shell:Creating package script '/home/brsd/microros_ws/install/micro_ros_msgs/share/micro_ros_msgs/package.zsh'
[4.872s] Level 1:colcon.colcon_core.environment:create_file_with_runtime_dependencies(/home/brsd/microros_ws/install/micro_ros_msgs/share/colcon-core/packages/micro_ros_msgs)
[4.874s] INFO:colcon.colcon_ros.task.ament_cmake.build:Building ROS package in '/home/brsd/microros_ws/src/uros/micro-ROS-Agent/micro_ros_agent' with build type 'ament_cmake'
[4.875s] INFO:colcon.colcon_cmake.task.cmake.build:Building CMake package in '/home/brsd/microros_ws/src/uros/micro-ROS-Agent/micro_ros_agent'
[4.876s] INFO:colcon.colcon_core.shell:Skip shell extension 'powershell' for command environment: Not usable outside of PowerShell
[4.876s] DEBUG:colcon.colcon_core.shell:Skip shell extension 'dsv' for command environment
[4.944s] DEBUG:colcon.colcon_core.event_handler.log_command:Invoking command in '/home/brsd/microros_ws/build/micro_ros_agent': CMAKE_PREFIX_PATH=/home/brsd/microros_ws/install/micro_ros_msgs:/home/brsd/microros_ws/install/micro_ros_setup:/home/brsd/microros_ws/install/micro_ros_agent:/home/brsd/microros_ws/install/drive_base_msgs:/home/brsd/microros_ws/install/jetson_comm:/opt/ros/foxy LD_LIBRARY_PATH=/home/brsd/microros_ws/install/micro_ros_msgs/lib:/home/brsd/microros_ws/install/micro_ros_agent/lib:/home/brsd/microros_ws/install/drive_base_msgs/lib:/opt/ros/foxy/opt/yaml_cpp_vendor/lib:/opt/ros/foxy/opt/rviz_ogre_vendor/lib:/opt/ros/foxy/lib/aarch64-linux-gnu:/opt/ros/foxy/lib /usr/bin/cmake --build /home/brsd/microros_ws/build/micro_ros_agent -- -j4 -l4
[5.065s] Level 1:colcon.colcon_core.environment:create_environment_scripts_only(drive_base_msgs)
[5.067s] Level 1:colcon.colcon_core.environment:checking '/home/brsd/microros_ws/install/drive_base_msgs' for CMake module files
[5.070s] Level 1:colcon.colcon_core.environment:checking '/home/brsd/microros_ws/install/drive_base_msgs' for CMake config files
[5.073s] Level 1:colcon.colcon_core.shell:create_environment_hook('drive_base_msgs', 'cmake_prefix_path')
[5.075s] INFO:colcon.colcon_core.shell:Creating environment hook '/home/brsd/microros_ws/install/drive_base_msgs/share/drive_base_msgs/hook/cmake_prefix_path.ps1'
[5.078s] INFO:colcon.colcon_core.shell:Creating environment descriptor '/home/brsd/microros_ws/install/drive_base_msgs/share/drive_base_msgs/hook/cmake_prefix_path.dsv'
[5.080s] INFO:colcon.colcon_core.shell:Creating environment hook '/home/brsd/microros_ws/install/drive_base_msgs/share/drive_base_msgs/hook/cmake_prefix_path.sh'
[5.083s] Level 1:colcon.colcon_core.environment:checking '/home/brsd/microros_ws/install/drive_base_msgs/lib'
[5.083s] Level 1:colcon.colcon_core.shell:create_environment_hook('drive_base_msgs', 'ld_library_path_lib')
[5.085s] INFO:colcon.colcon_core.shell:Creating environment hook '/home/brsd/microros_ws/install/drive_base_msgs/share/drive_base_msgs/hook/ld_library_path_lib.ps1'
[5.086s] INFO:colcon.colcon_core.shell:Creating environment descriptor '/home/brsd/microros_ws/install/drive_base_msgs/share/drive_base_msgs/hook/ld_library_path_lib.dsv'
[5.088s] INFO:colcon.colcon_core.shell:Creating environment hook '/home/brsd/microros_ws/install/drive_base_msgs/share/drive_base_msgs/hook/ld_library_path_lib.sh'
[5.090s] Level 1:colcon.colcon_core.environment:checking '/home/brsd/microros_ws/install/drive_base_msgs/bin'
[5.091s] Level 1:colcon.colcon_core.environment:checking '/home/brsd/microros_ws/install/drive_base_msgs/lib/pkgconfig/drive_base_msgs.pc'
[5.093s] Level 1:colcon.colcon_core.environment:checking '/home/brsd/microros_ws/install/drive_base_msgs/lib/python3.8/site-packages'
[5.093s] Level 1:colcon.colcon_core.shell:create_environment_hook('drive_base_msgs', 'pythonpath')
[5.094s] INFO:colcon.colcon_core.shell:Creating environment hook '/home/brsd/microros_ws/install/drive_base_msgs/share/drive_base_msgs/hook/pythonpath.ps1'
[5.096s] INFO:colcon.colcon_core.shell:Creating environment descriptor '/home/brsd/microros_ws/install/drive_base_msgs/share/drive_base_msgs/hook/pythonpath.dsv'
[5.098s] INFO:colcon.colcon_core.shell:Creating environment hook '/home/brsd/microros_ws/install/drive_base_msgs/share/drive_base_msgs/hook/pythonpath.sh'
[5.100s] Level 1:colcon.colcon_core.environment:checking '/home/brsd/microros_ws/install/drive_base_msgs/bin'
[5.103s] INFO:colcon.colcon_core.shell:Creating package script '/home/brsd/microros_ws/install/drive_base_msgs/share/drive_base_msgs/package.ps1'
[5.106s] INFO:colcon.colcon_core.shell:Creating package descriptor '/home/brsd/microros_ws/install/drive_base_msgs/share/drive_base_msgs/package.dsv'
[5.111s] INFO:colcon.colcon_core.shell:Creating package script '/home/brsd/microros_ws/install/drive_base_msgs/share/drive_base_msgs/package.sh'
[5.115s] INFO:colcon.colcon_core.shell:Creating package script '/home/brsd/microros_ws/install/drive_base_msgs/share/drive_base_msgs/package.bash'
[5.118s] INFO:colcon.colcon_core.shell:Creating package script '/home/brsd/microros_ws/install/drive_base_msgs/share/drive_base_msgs/package.zsh'
[5.120s] Level 1:colcon.colcon_core.environment:create_file_with_runtime_dependencies(/home/brsd/microros_ws/install/drive_base_msgs/share/colcon-core/packages/drive_base_msgs)
[5.269s] DEBUG:colcon.colcon_core.event_handler.log_command:Invoked command in '/home/brsd/microros_ws/build/micro_ros_agent' returned '0': CMAKE_PREFIX_PATH=/home/brsd/microros_ws/install/micro_ros_msgs:/home/brsd/microros_ws/install/micro_ros_setup:/home/brsd/microros_ws/install/micro_ros_agent:/home/brsd/microros_ws/install/drive_base_msgs:/home/brsd/microros_ws/install/jetson_comm:/opt/ros/foxy LD_LIBRARY_PATH=/home/brsd/microros_ws/install/micro_ros_msgs/lib:/home/brsd/microros_ws/install/micro_ros_agent/lib:/home/brsd/microros_ws/install/drive_base_msgs/lib:/opt/ros/foxy/opt/yaml_cpp_vendor/lib:/opt/ros/foxy/opt/rviz_ogre_vendor/lib:/opt/ros/foxy/lib/aarch64-linux-gnu:/opt/ros/foxy/lib /usr/bin/cmake --build /home/brsd/microros_ws/build/micro_ros_agent -- -j4 -l4
[5.392s] DEBUG:colcon.colcon_core.event_handler.log_command:Invoking command in '/home/brsd/microros_ws/build/micro_ros_agent': CMAKE_PREFIX_PATH=/home/brsd/microros_ws/install/micro_ros_msgs:/home/brsd/microros_ws/install/micro_ros_setup:/home/brsd/microros_ws/install/micro_ros_agent:/home/brsd/microros_ws/install/drive_base_msgs:/home/brsd/microros_ws/install/jetson_comm:/opt/ros/foxy LD_LIBRARY_PATH=/home/brsd/microros_ws/install/micro_ros_msgs/lib:/home/brsd/microros_ws/install/micro_ros_agent/lib:/home/brsd/microros_ws/install/drive_base_msgs/lib:/opt/ros/foxy/opt/yaml_cpp_vendor/lib:/opt/ros/foxy/opt/rviz_ogre_vendor/lib:/opt/ros/foxy/lib/aarch64-linux-gnu:/opt/ros/foxy/lib /usr/bin/cmake --install /home/brsd/microros_ws/build/micro_ros_agent
[5.438s] Level 1:colcon.colcon_core.environment:create_environment_scripts_only(micro_ros_agent)
[5.440s] Level 1:colcon.colcon_core.environment:checking '/home/brsd/microros_ws/install/micro_ros_agent' for CMake module files
[5.442s] DEBUG:colcon.colcon_core.event_handler.log_command:Invoked command in '/home/brsd/microros_ws/build/micro_ros_agent' returned '0': CMAKE_PREFIX_PATH=/home/brsd/microros_ws/install/micro_ros_msgs:/home/brsd/microros_ws/install/micro_ros_setup:/home/brsd/microros_ws/install/micro_ros_agent:/home/brsd/microros_ws/install/drive_base_msgs:/home/brsd/microros_ws/install/jetson_comm:/opt/ros/foxy LD_LIBRARY_PATH=/home/brsd/microros_ws/install/micro_ros_msgs/lib:/home/brsd/microros_ws/install/micro_ros_agent/lib:/home/brsd/microros_ws/install/drive_base_msgs/lib:/opt/ros/foxy/opt/yaml_cpp_vendor/lib:/opt/ros/foxy/opt/rviz_ogre_vendor/lib:/opt/ros/foxy/lib/aarch64-linux-gnu:/opt/ros/foxy/lib /usr/bin/cmake --install /home/brsd/microros_ws/build/micro_ros_agent
[5.444s] Level 1:colcon.colcon_core.environment:checking '/home/brsd/microros_ws/install/micro_ros_agent' for CMake config files
[5.449s] Level 1:colcon.colcon_core.shell:create_environment_hook('micro_ros_agent', 'cmake_prefix_path')
[5.451s] INFO:colcon.colcon_core.shell:Creating environment hook '/home/brsd/microros_ws/install/micro_ros_agent/share/micro_ros_agent/hook/cmake_prefix_path.ps1'
[5.453s] INFO:colcon.colcon_core.shell:Creating environment descriptor '/home/brsd/microros_ws/install/micro_ros_agent/share/micro_ros_agent/hook/cmake_prefix_path.dsv'
[5.454s] INFO:colcon.colcon_core.shell:Creating environment hook '/home/brsd/microros_ws/install/micro_ros_agent/share/micro_ros_agent/hook/cmake_prefix_path.sh'
[5.457s] Level 1:colcon.colcon_core.environment:checking '/home/brsd/microros_ws/install/micro_ros_agent/lib'
[5.457s] Level 1:colcon.colcon_core.shell:create_environment_hook('micro_ros_agent', 'ld_library_path_lib')
[5.458s] INFO:colcon.colcon_core.shell:Creating environment hook '/home/brsd/microros_ws/install/micro_ros_agent/share/micro_ros_agent/hook/ld_library_path_lib.ps1'
[5.460s] INFO:colcon.colcon_core.shell:Creating environment descriptor '/home/brsd/microros_ws/install/micro_ros_agent/share/micro_ros_agent/hook/ld_library_path_lib.dsv'
[5.461s] INFO:colcon.colcon_core.shell:Creating environment hook '/home/brsd/microros_ws/install/micro_ros_agent/share/micro_ros_agent/hook/ld_library_path_lib.sh'
[5.463s] Level 1:colcon.colcon_core.environment:checking '/home/brsd/microros_ws/install/micro_ros_agent/bin'
[5.463s] Level 1:colcon.colcon_core.environment:checking '/home/brsd/microros_ws/install/micro_ros_agent/lib/pkgconfig/micro_ros_agent.pc'
[5.464s] Level 1:colcon.colcon_core.environment:checking '/home/brsd/microros_ws/install/micro_ros_agent/lib/python3.8/site-packages'
[5.465s] Level 1:colcon.colcon_core.environment:checking '/home/brsd/microros_ws/install/micro_ros_agent/bin'
[5.467s] INFO:colcon.colcon_core.shell:Creating package script '/home/brsd/microros_ws/install/micro_ros_agent/share/micro_ros_agent/package.ps1'
[5.469s] INFO:colcon.colcon_core.shell:Creating package descriptor '/home/brsd/microros_ws/install/micro_ros_agent/share/micro_ros_agent/package.dsv'
[5.471s] INFO:colcon.colcon_core.shell:Creating package script '/home/brsd/microros_ws/install/micro_ros_agent/share/micro_ros_agent/package.sh'
[5.473s] INFO:colcon.colcon_core.shell:Creating package script '/home/brsd/microros_ws/install/micro_ros_agent/share/micro_ros_agent/package.bash'
[5.474s] INFO:colcon.colcon_core.shell:Creating package script '/home/brsd/microros_ws/install/micro_ros_agent/share/micro_ros_agent/package.zsh'
[5.476s] Level 1:colcon.colcon_core.environment:create_file_with_runtime_dependencies(/home/brsd/microros_ws/install/micro_ros_agent/share/colcon-core/packages/micro_ros_agent)
[5.598s] Level 1:colcon.colcon_core.environment:create_environment_scripts_only(micro_ros_agent)
[5.600s] Level 1:colcon.colcon_core.environment:checking '/home/brsd/microros_ws/install/micro_ros_agent' for CMake module files
[5.603s] Level 1:colcon.colcon_core.environment:checking '/home/brsd/microros_ws/install/micro_ros_agent' for CMake config files
[5.608s] Level 1:colcon.colcon_core.shell:create_environment_hook('micro_ros_agent', 'cmake_prefix_path')
[5.610s] INFO:colcon.colcon_core.shell:Creating environment hook '/home/brsd/microros_ws/install/micro_ros_agent/share/micro_ros_agent/hook/cmake_prefix_path.ps1'
[5.613s] INFO:colcon.colcon_core.shell:Creating environment descriptor '/home/brsd/microros_ws/install/micro_ros_agent/share/micro_ros_agent/hook/cmake_prefix_path.dsv'
[5.615s] INFO:colcon.colcon_core.shell:Creating environment hook '/home/brsd/microros_ws/install/micro_ros_agent/share/micro_ros_agent/hook/cmake_prefix_path.sh'
[5.618s] Level 1:colcon.colcon_core.environment:checking '/home/brsd/microros_ws/install/micro_ros_agent/lib'
[5.619s] Level 1:colcon.colcon_core.shell:create_environment_hook('micro_ros_agent', 'ld_library_path_lib')
[5.620s] INFO:colcon.colcon_core.shell:Creating environment hook '/home/brsd/microros_ws/install/micro_ros_agent/share/micro_ros_agent/hook/ld_library_path_lib.ps1'
[5.622s] INFO:colcon.colcon_core.shell:Creating environment descriptor '/home/brsd/microros_ws/install/micro_ros_agent/share/micro_ros_agent/hook/ld_library_path_lib.dsv'
[5.624s] INFO:colcon.colcon_core.shell:Creating environment hook '/home/brsd/microros_ws/install/micro_ros_agent/share/micro_ros_agent/hook/ld_library_path_lib.sh'
[5.626s] Level 1:colcon.colcon_core.environment:checking '/home/brsd/microros_ws/install/micro_ros_agent/bin'
[5.627s] Level 1:colcon.colcon_core.environment:checking '/home/brsd/microros_ws/install/micro_ros_agent/lib/pkgconfig/micro_ros_agent.pc'
[5.628s] Level 1:colcon.colcon_core.environment:checking '/home/brsd/microros_ws/install/micro_ros_agent/lib/python3.8/site-packages'
[5.629s] Level 1:colcon.colcon_core.environment:checking '/home/brsd/microros_ws/install/micro_ros_agent/bin'
[5.631s] INFO:colcon.colcon_core.shell:Creating package script '/home/brsd/microros_ws/install/micro_ros_agent/share/micro_ros_agent/package.ps1'
[5.633s] INFO:colcon.colcon_core.shell:Creating package descriptor '/home/brsd/microros_ws/install/micro_ros_agent/share/micro_ros_agent/package.dsv'
[5.636s] INFO:colcon.colcon_core.shell:Creating package script '/home/brsd/microros_ws/install/micro_ros_agent/share/micro_ros_agent/package.sh'
[5.639s] INFO:colcon.colcon_core.shell:Creating package script '/home/brsd/microros_ws/install/micro_ros_agent/share/micro_ros_agent/package.bash'
[5.641s] INFO:colcon.colcon_core.shell:Creating package script '/home/brsd/microros_ws/install/micro_ros_agent/share/micro_ros_agent/package.zsh'
[5.643s] Level 1:colcon.colcon_core.environment:create_file_with_runtime_dependencies(/home/brsd/microros_ws/install/micro_ros_agent/share/colcon-core/packages/micro_ros_agent)
[5.657s] DEBUG:colcon.colcon_core.event_handler.log_command:Invoking command in '/home/brsd/microros_ws/src/jetson_comm': PYTHONPATH=/home/brsd/microros_ws/build/jetson_comm/prefix_override:/usr/lib/python3/dist-packages/colcon_core/task/python/colcon_distutils_commands:/home/brsd/microros_ws/install/jetson_comm/lib/python3.8/site-packages:${PYTHONPATH} /usr/bin/python3 -W ignore:setup.py install is deprecated setup.py egg_info --egg-base ../../build/jetson_comm build --build-base /home/brsd/microros_ws/build/jetson_comm/build install --record /home/brsd/microros_ws/build/jetson_comm/install.log --install-scripts $base/lib/jetson_comm --single-version-externally-managed install_data
[6.999s] Level 1:colcon.colcon_core.environment:checking '/home/brsd/microros_ws/install/jetson_comm' for CMake module files
[7.002s] DEBUG:colcon.colcon_core.event_handler.log_command:Invoked command in '/home/brsd/microros_ws/src/jetson_comm' returned '0': PYTHONPATH=/home/brsd/microros_ws/build/jetson_comm/prefix_override:/usr/lib/python3/dist-packages/colcon_core/task/python/colcon_distutils_commands:/home/brsd/microros_ws/install/jetson_comm/lib/python3.8/site-packages:${PYTHONPATH} /usr/bin/python3 -W ignore:setup.py install is deprecated setup.py egg_info --egg-base ../../build/jetson_comm build --build-base /home/brsd/microros_ws/build/jetson_comm/build install --record /home/brsd/microros_ws/build/jetson_comm/install.log --install-scripts $base/lib/jetson_comm --single-version-externally-managed install_data
[7.003s] Level 1:colcon.colcon_core.environment:checking '/home/brsd/microros_ws/install/jetson_comm' for CMake config files
[7.006s] Level 1:colcon.colcon_core.environment:checking '/home/brsd/microros_ws/install/jetson_comm/lib'
[7.006s] Level 1:colcon.colcon_core.environment:checking '/home/brsd/microros_ws/install/jetson_comm/bin'
[7.006s] Level 1:colcon.colcon_core.environment:checking '/home/brsd/microros_ws/install/jetson_comm/lib/pkgconfig/jetson_comm.pc'
[7.007s] Level 1:colcon.colcon_core.environment:checking '/home/brsd/microros_ws/install/jetson_comm/lib/python3.8/site-packages'
[7.008s] Level 1:colcon.colcon_core.shell:create_environment_hook('jetson_comm', 'pythonpath')
[7.009s] INFO:colcon.colcon_core.shell:Creating environment hook '/home/brsd/microros_ws/install/jetson_comm/share/jetson_comm/hook/pythonpath.ps1'
[7.011s] INFO:colcon.colcon_core.shell:Creating environment descriptor '/home/brsd/microros_ws/install/jetson_comm/share/jetson_comm/hook/pythonpath.dsv'
[7.012s] INFO:colcon.colcon_core.shell:Creating environment hook '/home/brsd/microros_ws/install/jetson_comm/share/jetson_comm/hook/pythonpath.sh'
[7.014s] Level 1:colcon.colcon_core.environment:checking '/home/brsd/microros_ws/install/jetson_comm/bin'
[7.015s] Level 1:colcon.colcon_core.environment:create_environment_scripts_only(jetson_comm)
[7.016s] INFO:colcon.colcon_core.shell:Creating package script '/home/brsd/microros_ws/install/jetson_comm/share/jetson_comm/package.ps1'
[7.018s] INFO:colcon.colcon_core.shell:Creating package descriptor '/home/brsd/microros_ws/install/jetson_comm/share/jetson_comm/package.dsv'
[7.020s] INFO:colcon.colcon_core.shell:Creating package script '/home/brsd/microros_ws/install/jetson_comm/share/jetson_comm/package.sh'
[7.023s] INFO:colcon.colcon_core.shell:Creating package script '/home/brsd/microros_ws/install/jetson_comm/share/jetson_comm/package.bash'
[7.024s] INFO:colcon.colcon_core.shell:Creating package script '/home/brsd/microros_ws/install/jetson_comm/share/jetson_comm/package.zsh'
[7.026s] Level 1:colcon.colcon_core.environment:create_file_with_runtime_dependencies(/home/brsd/microros_ws/install/jetson_comm/share/colcon-core/packages/jetson_comm)
[7.027s] DEBUG:colcon.colcon_parallel_executor.executor.parallel:closing loop
[7.028s] DEBUG:colcon.colcon_parallel_executor.executor.parallel:loop closed
[7.029s] DEBUG:colcon.colcon_parallel_executor.executor.parallel:run_until_complete finished with '0'
[7.029s] DEBUG:colcon.colcon_core.event_reactor:joining thread
[7.054s] INFO:colcon.colcon_core.plugin_system:Skipping extension 'colcon_notification.desktop_notification.terminal_notifier': Not used on non-Darwin systems
[7.054s] INFO:colcon.colcon_core.plugin_system:Skipping extension 'colcon_notification.desktop_notification.win32': Not used on non-Windows systems
[7.054s] INFO:colcon.colcon_notification.desktop_notification:Sending desktop notification using 'notify2'
[7.126s] DEBUG:colcon.colcon_core.event_reactor:joined thread
[7.127s] INFO:colcon.colcon_core.shell:Creating prefix script '/home/brsd/microros_ws/install/local_setup.ps1'
[7.132s] INFO:colcon.colcon_core.shell:Creating prefix util module '/home/brsd/microros_ws/install/_local_setup_util_ps1.py'
[7.138s] INFO:colcon.colcon_core.shell:Creating prefix chain script '/home/brsd/microros_ws/install/setup.ps1'
[7.144s] INFO:colcon.colcon_core.shell:Creating prefix script '/home/brsd/microros_ws/install/local_setup.sh'
[7.147s] INFO:colcon.colcon_core.shell:Creating prefix util module '/home/brsd/microros_ws/install/_local_setup_util_sh.py'
[7.150s] INFO:colcon.colcon_core.shell:Creating prefix chain script '/home/brsd/microros_ws/install/setup.sh'
[7.156s] INFO:colcon.colcon_core.shell:Creating prefix script '/home/brsd/microros_ws/install/local_setup.bash'
[7.158s] INFO:colcon.colcon_core.shell:Creating prefix chain script '/home/brsd/microros_ws/install/setup.bash'
[7.164s] INFO:colcon.colcon_core.shell:Creating prefix script '/home/brsd/microros_ws/install/local_setup.zsh'
[7.166s] INFO:colcon.colcon_core.shell:Creating prefix chain script '/home/brsd/microros_ws/install/setup.zsh'
