[0.147s] Invoking command in '/home/brsd/microros_ws/build/micro_ros_msgs': CMAKE_PREFIX_PATH=${CMAKE_PREFIX_PATH}:/home/brsd/microros_ws/install/person_detection:/home/brsd/microros_ws/install/pathfinding:/home/brsd/microros_ws/install/object_detection_pkg:/home/brsd/microros_ws/install/joystick_input:/home/brsd/microros_ws/install/jetson_comm:/home/brsd/microros_ws/install/fsm:/opt/ros/foxy /usr/bin/cmake --build /home/brsd/microros_ws/build/micro_ros_msgs -- -j4 -l4
[0.457s] [ 10%] Built target micro_ros_msgs__rosidl_generator_c
[0.500s] [ 12%] Built target micro_ros_msgs__cpp
[0.677s] [ 23%] Built target micro_ros_msgs__rosidl_typesupport_introspection_c
[0.707s] [ 34%] Built target micro_ros_msgs__rosidl_typesupport_c
[0.859s] [ 44%] Built target micro_ros_msgs__rosidl_typesupport_introspection_cpp
[0.869s] [ 55%] Built target micro_ros_msgs__rosidl_typesupport_fastrtps_cpp
[0.997s] [ 65%] Built target micro_ros_msgs__rosidl_typesupport_cpp
[1.157s] [ 76%] Built target micro_ros_msgs__rosidl_typesupport_fastrtps_c
[1.410s] [ 76%] Built target micro_ros_msgs
[1.552s] [ 78%] Built target micro_ros_msgs__py
[1.786s] [ 87%] Built target micro_ros_msgs__python
[2.062s] [ 91%] Built target micro_ros_msgs__rosidl_typesupport_c__pyext
[2.097s] [ 95%] Built target micro_ros_msgs__rosidl_typesupport_introspection_c__pyext
[2.126s] [100%] Built target micro_ros_msgs__rosidl_typesupport_fastrtps_c__pyext
[2.252s] Invoked command in '/home/brsd/microros_ws/build/micro_ros_msgs' returned '0': CMAKE_PREFIX_PATH=${CMAKE_PREFIX_PATH}:/home/brsd/microros_ws/install/person_detection:/home/brsd/microros_ws/install/pathfinding:/home/brsd/microros_ws/install/object_detection_pkg:/home/brsd/microros_ws/install/joystick_input:/home/brsd/microros_ws/install/jetson_comm:/home/brsd/microros_ws/install/fsm:/opt/ros/foxy /usr/bin/cmake --build /home/brsd/microros_ws/build/micro_ros_msgs -- -j4 -l4
[4.521s] Invoking command in '/home/brsd/microros_ws/build/micro_ros_msgs': CMAKE_PREFIX_PATH=${CMAKE_PREFIX_PATH}:/home/brsd/microros_ws/install/person_detection:/home/brsd/microros_ws/install/pathfinding:/home/brsd/microros_ws/install/object_detection_pkg:/home/brsd/microros_ws/install/joystick_input:/home/brsd/microros_ws/install/jetson_comm:/home/brsd/microros_ws/install/fsm:/opt/ros/foxy /usr/bin/cmake --install /home/brsd/microros_ws/build/micro_ros_msgs
[4.599s] -- Install configuration: ""
[4.616s] -- Up-to-date: /home/brsd/microros_ws/install/micro_ros_msgs/share/ament_index/resource_index/rosidl_interfaces/micro_ros_msgs
[4.617s] -- Up-to-date: /home/brsd/microros_ws/install/micro_ros_msgs/include/micro_ros_msgs
[4.617s] -- Up-to-date: /home/brsd/microros_ws/install/micro_ros_msgs/include/micro_ros_msgs/msg
[4.618s] -- Up-to-date: /home/brsd/microros_ws/install/micro_ros_msgs/include/micro_ros_msgs/msg/entity.h
[4.619s] -- Up-to-date: /home/brsd/microros_ws/install/micro_ros_msgs/include/micro_ros_msgs/msg/node.h
[4.619s] -- Up-to-date: /home/brsd/microros_ws/install/micro_ros_msgs/include/micro_ros_msgs/msg/graph.h
[4.620s] -- Up-to-date: /home/brsd/microros_ws/install/micro_ros_msgs/include/micro_ros_msgs/msg/detail
[4.621s] -- Up-to-date: /home/brsd/microros_ws/install/micro_ros_msgs/include/micro_ros_msgs/msg/detail/graph__type_support.h
[4.621s] -- Up-to-date: /home/brsd/microros_ws/install/micro_ros_msgs/include/micro_ros_msgs/msg/detail/node__type_support.h
[4.622s] -- Up-to-date: /home/brsd/microros_ws/install/micro_ros_msgs/include/micro_ros_msgs/msg/detail/entity__struct.h
[4.623s] -- Up-to-date: /home/brsd/microros_ws/install/micro_ros_msgs/include/micro_ros_msgs/msg/detail/node__functions.h
[4.623s] -- Up-to-date: /home/brsd/microros_ws/install/micro_ros_msgs/include/micro_ros_msgs/msg/detail/entity__functions.h
[4.624s] -- Up-to-date: /home/brsd/microros_ws/install/micro_ros_msgs/include/micro_ros_msgs/msg/detail/node__struct.h
[4.624s] -- Up-to-date: /home/brsd/microros_ws/install/micro_ros_msgs/include/micro_ros_msgs/msg/detail/graph__functions.c
[4.625s] -- Up-to-date: /home/brsd/microros_ws/install/micro_ros_msgs/include/micro_ros_msgs/msg/detail/node__functions.c
[4.630s] -- Up-to-date: /home/brsd/microros_ws/install/micro_ros_msgs/include/micro_ros_msgs/msg/detail/graph__struct.h
[4.630s] -- Up-to-date: /home/brsd/microros_ws/install/micro_ros_msgs/include/micro_ros_msgs/msg/detail/entity__type_support.h
[4.648s] -- Up-to-date: /home/brsd/microros_ws/install/micro_ros_msgs/include/micro_ros_msgs/msg/detail/graph__functions.h
[4.649s] -- Up-to-date: /home/brsd/microros_ws/install/micro_ros_msgs/include/micro_ros_msgs/msg/detail/entity__functions.c
[4.650s] -- Up-to-date: /home/brsd/microros_ws/install/micro_ros_msgs/include/micro_ros_msgs/msg/rosidl_generator_c__visibility_control.h
[4.650s] -- Up-to-date: /home/brsd/microros_ws/install/micro_ros_msgs/share/micro_ros_msgs/environment/library_path.sh
[4.651s] -- Up-to-date: /home/brsd/microros_ws/install/micro_ros_msgs/share/micro_ros_msgs/environment/library_path.dsv
[4.651s] -- Up-to-date: /home/brsd/microros_ws/install/micro_ros_msgs/lib/libmicro_ros_msgs__rosidl_generator_c.so
[4.652s] -- Up-to-date: /home/brsd/microros_ws/install/micro_ros_msgs/include/micro_ros_msgs
[4.653s] -- Up-to-date: /home/brsd/microros_ws/install/micro_ros_msgs/include/micro_ros_msgs/msg
[4.653s] -- Up-to-date: /home/brsd/microros_ws/install/micro_ros_msgs/include/micro_ros_msgs/msg/rosidl_typesupport_fastrtps_c__visibility_control.h
[4.657s] -- Up-to-date: /home/brsd/microros_ws/install/micro_ros_msgs/include/micro_ros_msgs/msg/detail
[4.657s] -- Up-to-date: /home/brsd/microros_ws/install/micro_ros_msgs/include/micro_ros_msgs/msg/detail/graph__rosidl_typesupport_fastrtps_c.h
[4.658s] -- Up-to-date: /home/brsd/microros_ws/install/micro_ros_msgs/include/micro_ros_msgs/msg/detail/node__rosidl_typesupport_fastrtps_c.h
[4.659s] -- Up-to-date: /home/brsd/microros_ws/install/micro_ros_msgs/include/micro_ros_msgs/msg/detail/entity__rosidl_typesupport_fastrtps_c.h
[4.661s] -- Up-to-date: /home/brsd/microros_ws/install/micro_ros_msgs/lib/libmicro_ros_msgs__rosidl_typesupport_fastrtps_c.so
[4.662s] -- Up-to-date: /home/brsd/microros_ws/install/micro_ros_msgs/include/micro_ros_msgs
[4.663s] -- Up-to-date: /home/brsd/microros_ws/install/micro_ros_msgs/include/micro_ros_msgs/msg
[4.666s] -- Up-to-date: /home/brsd/microros_ws/install/micro_ros_msgs/include/micro_ros_msgs/msg/rosidl_typesupport_fastrtps_cpp__visibility_control.h
[4.666s] -- Up-to-date: /home/brsd/microros_ws/install/micro_ros_msgs/include/micro_ros_msgs/msg/detail
[4.676s] -- Up-to-date: /home/brsd/microros_ws/install/micro_ros_msgs/include/micro_ros_msgs/msg/detail/node__rosidl_typesupport_fastrtps_cpp.hpp
[4.677s] -- Up-to-date: /home/brsd/microros_ws/install/micro_ros_msgs/include/micro_ros_msgs/msg/detail/graph__rosidl_typesupport_fastrtps_cpp.hpp
[4.678s] -- Up-to-date: /home/brsd/microros_ws/install/micro_ros_msgs/include/micro_ros_msgs/msg/detail/entity__rosidl_typesupport_fastrtps_cpp.hpp
[4.684s] -- Up-to-date: /home/brsd/microros_ws/install/micro_ros_msgs/include/micro_ros_msgs/msg/detail/dds_fastrtps
[4.684s] -- Up-to-date: /home/brsd/microros_ws/install/micro_ros_msgs/lib/libmicro_ros_msgs__rosidl_typesupport_fastrtps_cpp.so
[4.685s] -- Up-to-date: /home/brsd/microros_ws/install/micro_ros_msgs/include/micro_ros_msgs
[4.686s] -- Up-to-date: /home/brsd/microros_ws/install/micro_ros_msgs/include/micro_ros_msgs/msg
[4.687s] -- Up-to-date: /home/brsd/microros_ws/install/micro_ros_msgs/include/micro_ros_msgs/msg/detail
[4.687s] -- Up-to-date: /home/brsd/microros_ws/install/micro_ros_msgs/include/micro_ros_msgs/msg/detail/node__rosidl_typesupport_introspection_c.h
[4.688s] -- Up-to-date: /home/brsd/microros_ws/install/micro_ros_msgs/include/micro_ros_msgs/msg/detail/node__type_support.c
[4.689s] -- Up-to-date: /home/brsd/microros_ws/install/micro_ros_msgs/include/micro_ros_msgs/msg/detail/graph__type_support.c
[4.691s] -- Up-to-date: /home/brsd/microros_ws/install/micro_ros_msgs/include/micro_ros_msgs/msg/detail/entity__type_support.c
[4.693s] -- Up-to-date: /home/brsd/microros_ws/install/micro_ros_msgs/include/micro_ros_msgs/msg/detail/graph__rosidl_typesupport_introspection_c.h
[4.703s] -- Up-to-date: /home/brsd/microros_ws/install/micro_ros_msgs/include/micro_ros_msgs/msg/detail/entity__rosidl_typesupport_introspection_c.h
[4.710s] -- Up-to-date: /home/brsd/microros_ws/install/micro_ros_msgs/include/micro_ros_msgs/msg/rosidl_typesupport_introspection_c__visibility_control.h
[4.713s] -- Up-to-date: /home/brsd/microros_ws/install/micro_ros_msgs/lib/libmicro_ros_msgs__rosidl_typesupport_introspection_c.so
[4.713s] -- Up-to-date: /home/brsd/microros_ws/install/micro_ros_msgs/lib/libmicro_ros_msgs__rosidl_typesupport_c.so
[4.714s] -- Up-to-date: /home/brsd/microros_ws/install/micro_ros_msgs/include/micro_ros_msgs
[4.714s] -- Up-to-date: /home/brsd/microros_ws/install/micro_ros_msgs/include/micro_ros_msgs/msg
[4.715s] -- Up-to-date: /home/brsd/microros_ws/install/micro_ros_msgs/include/micro_ros_msgs/msg/entity.hpp
[4.715s] -- Up-to-date: /home/brsd/microros_ws/install/micro_ros_msgs/include/micro_ros_msgs/msg/node.hpp
[4.719s] -- Up-to-date: /home/brsd/microros_ws/install/micro_ros_msgs/include/micro_ros_msgs/msg/rosidl_generator_cpp__visibility_control.hpp
[4.720s] -- Up-to-date: /home/brsd/microros_ws/install/micro_ros_msgs/include/micro_ros_msgs/msg/graph.hpp
[4.721s] -- Up-to-date: /home/brsd/microros_ws/install/micro_ros_msgs/include/micro_ros_msgs/msg/detail
[4.721s] -- Up-to-date: /home/brsd/microros_ws/install/micro_ros_msgs/include/micro_ros_msgs/msg/detail/graph__type_support.hpp
[4.722s] -- Up-to-date: /home/brsd/microros_ws/install/micro_ros_msgs/include/micro_ros_msgs/msg/detail/entity__traits.hpp
[4.722s] -- Up-to-date: /home/brsd/microros_ws/install/micro_ros_msgs/include/micro_ros_msgs/msg/detail/entity__struct.hpp
[4.723s] -- Up-to-date: /home/brsd/microros_ws/install/micro_ros_msgs/include/micro_ros_msgs/msg/detail/entity__type_support.hpp
[4.723s] -- Up-to-date: /home/brsd/microros_ws/install/micro_ros_msgs/include/micro_ros_msgs/msg/detail/node__struct.hpp
[4.730s] -- Up-to-date: /home/brsd/microros_ws/install/micro_ros_msgs/include/micro_ros_msgs/msg/detail/graph__struct.hpp
[4.730s] -- Up-to-date: /home/brsd/microros_ws/install/micro_ros_msgs/include/micro_ros_msgs/msg/detail/node__type_support.hpp
[4.732s] -- Up-to-date: /home/brsd/microros_ws/install/micro_ros_msgs/include/micro_ros_msgs/msg/detail/node__builder.hpp
[4.733s] -- Up-to-date: /home/brsd/microros_ws/install/micro_ros_msgs/include/micro_ros_msgs/msg/detail/node__traits.hpp
[4.737s] -- Up-to-date: /home/brsd/microros_ws/install/micro_ros_msgs/include/micro_ros_msgs/msg/detail/graph__builder.hpp
[4.737s] -- Up-to-date: /home/brsd/microros_ws/install/micro_ros_msgs/include/micro_ros_msgs/msg/detail/graph__traits.hpp
[4.738s] -- Up-to-date: /home/brsd/microros_ws/install/micro_ros_msgs/include/micro_ros_msgs/msg/detail/entity__builder.hpp
[4.742s] -- Up-to-date: /home/brsd/microros_ws/install/micro_ros_msgs/include/micro_ros_msgs
[4.743s] -- Up-to-date: /home/brsd/microros_ws/install/micro_ros_msgs/include/micro_ros_msgs/msg
[4.744s] -- Up-to-date: /home/brsd/microros_ws/install/micro_ros_msgs/include/micro_ros_msgs/msg/detail
[4.744s] -- Up-to-date: /home/brsd/microros_ws/install/micro_ros_msgs/include/micro_ros_msgs/msg/detail/node__type_support.cpp
[4.745s] -- Up-to-date: /home/brsd/microros_ws/install/micro_ros_msgs/include/micro_ros_msgs/msg/detail/node__rosidl_typesupport_introspection_cpp.hpp
[4.746s] -- Up-to-date: /home/brsd/microros_ws/install/micro_ros_msgs/include/micro_ros_msgs/msg/detail/graph__type_support.cpp
[4.746s] -- Up-to-date: /home/brsd/microros_ws/install/micro_ros_msgs/include/micro_ros_msgs/msg/detail/graph__rosidl_typesupport_introspection_cpp.hpp
[4.756s] -- Up-to-date: /home/brsd/microros_ws/install/micro_ros_msgs/include/micro_ros_msgs/msg/detail/entity__type_support.cpp
[4.757s] -- Up-to-date: /home/brsd/microros_ws/install/micro_ros_msgs/include/micro_ros_msgs/msg/detail/entity__rosidl_typesupport_introspection_cpp.hpp
[4.757s] -- Up-to-date: /home/brsd/microros_ws/install/micro_ros_msgs/lib/libmicro_ros_msgs__rosidl_typesupport_introspection_cpp.so
[4.758s] -- Up-to-date: /home/brsd/microros_ws/install/micro_ros_msgs/lib/libmicro_ros_msgs__rosidl_typesupport_cpp.so
[4.758s] -- Up-to-date: /home/brsd/microros_ws/install/micro_ros_msgs/share/micro_ros_msgs/environment/pythonpath.sh
[4.765s] -- Up-to-date: /home/brsd/microros_ws/install/micro_ros_msgs/share/micro_ros_msgs/environment/pythonpath.dsv
[4.818s] -- Up-to-date: /home/brsd/microros_ws/install/micro_ros_msgs/lib/python3.8/site-packages/micro_ros_msgs/__init__.py
[5.100s] -- Up-to-date: /home/brsd/microros_ws/install/micro_ros_msgs/lib/python3.8/site-packages/micro_ros_msgs/msg
[5.103s] -- Up-to-date: /home/brsd/microros_ws/install/micro_ros_msgs/lib/python3.8/site-packages/micro_ros_msgs/msg/_graph_s.c
[5.103s] -- Up-to-date: /home/brsd/microros_ws/install/micro_ros_msgs/lib/python3.8/site-packages/micro_ros_msgs/msg/__init__.py
[5.104s] -- Up-to-date: /home/brsd/microros_ws/install/micro_ros_msgs/lib/python3.8/site-packages/micro_ros_msgs/msg/_node.py
[5.105s] -- Up-to-date: /home/brsd/microros_ws/install/micro_ros_msgs/lib/python3.8/site-packages/micro_ros_msgs/msg/_graph.py
[5.105s] -- Up-to-date: /home/brsd/microros_ws/install/micro_ros_msgs/lib/python3.8/site-packages/micro_ros_msgs/msg/_entity_s.c
[5.106s] -- Up-to-date: /home/brsd/microros_ws/install/micro_ros_msgs/lib/python3.8/site-packages/micro_ros_msgs/msg/_entity.py
[5.106s] -- Up-to-date: /home/brsd/microros_ws/install/micro_ros_msgs/lib/python3.8/site-packages/micro_ros_msgs/msg/_node_s.c
[5.111s] -- Up-to-date: /home/brsd/microros_ws/install/micro_ros_msgs/lib/python3.8/site-packages/micro_ros_msgs/micro_ros_msgs_s__rosidl_typesupport_fastrtps_c.cpython-38-aarch64-linux-gnu.so
[5.112s] -- Up-to-date: /home/brsd/microros_ws/install/micro_ros_msgs/lib/python3.8/site-packages/micro_ros_msgs/micro_ros_msgs_s__rosidl_typesupport_introspection_c.cpython-38-aarch64-linux-gnu.so
[5.114s] -- Up-to-date: /home/brsd/microros_ws/install/micro_ros_msgs/lib/python3.8/site-packages/micro_ros_msgs/micro_ros_msgs_s__rosidl_typesupport_c.cpython-38-aarch64-linux-gnu.so
[5.119s] -- Up-to-date: /home/brsd/microros_ws/install/micro_ros_msgs/lib/libmicro_ros_msgs__python.so
[5.124s] -- Up-to-date: /home/brsd/microros_ws/install/micro_ros_msgs/share/micro_ros_msgs/msg/Graph.idl
[5.125s] -- Up-to-date: /home/brsd/microros_ws/install/micro_ros_msgs/share/micro_ros_msgs/msg/Node.idl
[5.127s] -- Up-to-date: /home/brsd/microros_ws/install/micro_ros_msgs/share/micro_ros_msgs/msg/Entity.idl
[5.130s] -- Up-to-date: /home/brsd/microros_ws/install/micro_ros_msgs/share/micro_ros_msgs/msg/Graph.msg
[5.131s] -- Up-to-date: /home/brsd/microros_ws/install/micro_ros_msgs/share/micro_ros_msgs/msg/Node.msg
[5.131s] -- Up-to-date: /home/brsd/microros_ws/install/micro_ros_msgs/share/micro_ros_msgs/msg/Entity.msg
[5.131s] -- Up-to-date: /home/brsd/microros_ws/install/micro_ros_msgs/share/ament_index/resource_index/package_run_dependencies/micro_ros_msgs
[5.132s] -- Up-to-date: /home/brsd/microros_ws/install/micro_ros_msgs/share/ament_index/resource_index/parent_prefix_path/micro_ros_msgs
[5.140s] -- Up-to-date: /home/brsd/microros_ws/install/micro_ros_msgs/share/micro_ros_msgs/environment/ament_prefix_path.sh
[5.141s] -- Up-to-date: /home/brsd/microros_ws/install/micro_ros_msgs/share/micro_ros_msgs/environment/ament_prefix_path.dsv
[5.144s] -- Up-to-date: /home/brsd/microros_ws/install/micro_ros_msgs/share/micro_ros_msgs/environment/path.sh
[5.145s] -- Up-to-date: /home/brsd/microros_ws/install/micro_ros_msgs/share/micro_ros_msgs/environment/path.dsv
[5.145s] -- Up-to-date: /home/brsd/microros_ws/install/micro_ros_msgs/share/micro_ros_msgs/local_setup.bash
[5.149s] -- Up-to-date: /home/brsd/microros_ws/install/micro_ros_msgs/share/micro_ros_msgs/local_setup.sh
[5.150s] -- Up-to-date: /home/brsd/microros_ws/install/micro_ros_msgs/share/micro_ros_msgs/local_setup.zsh
[5.156s] -- Up-to-date: /home/brsd/microros_ws/install/micro_ros_msgs/share/micro_ros_msgs/local_setup.dsv
[5.156s] -- Installing: /home/brsd/microros_ws/install/micro_ros_msgs/share/micro_ros_msgs/package.dsv
[5.163s] -- Up-to-date: /home/brsd/microros_ws/install/micro_ros_msgs/share/ament_index/resource_index/packages/micro_ros_msgs
[5.166s] -- Up-to-date: /home/brsd/microros_ws/install/micro_ros_msgs/share/micro_ros_msgs/cmake/micro_ros_msgs__rosidl_generator_cExport.cmake
[5.176s] -- Up-to-date: /home/brsd/microros_ws/install/micro_ros_msgs/share/micro_ros_msgs/cmake/micro_ros_msgs__rosidl_generator_cExport-noconfig.cmake
[5.176s] -- Up-to-date: /home/brsd/microros_ws/install/micro_ros_msgs/share/micro_ros_msgs/cmake/micro_ros_msgs__rosidl_typesupport_introspection_cExport.cmake
[5.180s] -- Up-to-date: /home/brsd/microros_ws/install/micro_ros_msgs/share/micro_ros_msgs/cmake/micro_ros_msgs__rosidl_typesupport_introspection_cExport-noconfig.cmake
[5.182s] -- Up-to-date: /home/brsd/microros_ws/install/micro_ros_msgs/share/micro_ros_msgs/cmake/micro_ros_msgs__rosidl_typesupport_cExport.cmake
[5.182s] -- Up-to-date: /home/brsd/microros_ws/install/micro_ros_msgs/share/micro_ros_msgs/cmake/micro_ros_msgs__rosidl_typesupport_cExport-noconfig.cmake
[5.183s] -- Up-to-date: /home/brsd/microros_ws/install/micro_ros_msgs/share/micro_ros_msgs/cmake/micro_ros_msgs__rosidl_generator_cppExport.cmake
[5.186s] -- Up-to-date: /home/brsd/microros_ws/install/micro_ros_msgs/share/micro_ros_msgs/cmake/micro_ros_msgs__rosidl_typesupport_introspection_cppExport.cmake
[5.186s] -- Up-to-date: /home/brsd/microros_ws/install/micro_ros_msgs/share/micro_ros_msgs/cmake/micro_ros_msgs__rosidl_typesupport_introspection_cppExport-noconfig.cmake
[5.187s] -- Up-to-date: /home/brsd/microros_ws/install/micro_ros_msgs/share/micro_ros_msgs/cmake/micro_ros_msgs__rosidl_typesupport_cppExport.cmake
[5.188s] -- Up-to-date: /home/brsd/microros_ws/install/micro_ros_msgs/share/micro_ros_msgs/cmake/micro_ros_msgs__rosidl_typesupport_cppExport-noconfig.cmake
[5.188s] -- Up-to-date: /home/brsd/microros_ws/install/micro_ros_msgs/share/micro_ros_msgs/cmake/rosidl_cmake-extras.cmake
[5.189s] -- Up-to-date: /home/brsd/microros_ws/install/micro_ros_msgs/share/micro_ros_msgs/cmake/ament_cmake_export_dependencies-extras.cmake
[5.189s] -- Up-to-date: /home/brsd/microros_ws/install/micro_ros_msgs/share/micro_ros_msgs/cmake/ament_cmake_export_libraries-extras.cmake
[5.190s] -- Up-to-date: /home/brsd/microros_ws/install/micro_ros_msgs/share/micro_ros_msgs/cmake/ament_cmake_export_targets-extras.cmake
[5.190s] -- Up-to-date: /home/brsd/microros_ws/install/micro_ros_msgs/share/micro_ros_msgs/cmake/ament_cmake_export_include_directories-extras.cmake
[5.191s] -- Up-to-date: /home/brsd/microros_ws/install/micro_ros_msgs/share/micro_ros_msgs/cmake/rosidl_cmake_export_typesupport_libraries-extras.cmake
[5.192s] -- Up-to-date: /home/brsd/microros_ws/install/micro_ros_msgs/share/micro_ros_msgs/cmake/rosidl_cmake_export_typesupport_targets-extras.cmake
[5.193s] -- Up-to-date: /home/brsd/microros_ws/install/micro_ros_msgs/share/micro_ros_msgs/cmake/micro_ros_msgsConfig.cmake
[5.193s] -- Up-to-date: /home/brsd/microros_ws/install/micro_ros_msgs/share/micro_ros_msgs/cmake/micro_ros_msgsConfig-version.cmake
[5.194s] -- Up-to-date: /home/brsd/microros_ws/install/micro_ros_msgs/share/micro_ros_msgs/package.xml
[5.213s] Invoked command in '/home/brsd/microros_ws/build/micro_ros_msgs' returned '0': CMAKE_PREFIX_PATH=${CMAKE_PREFIX_PATH}:/home/brsd/microros_ws/install/person_detection:/home/brsd/microros_ws/install/pathfinding:/home/brsd/microros_ws/install/object_detection_pkg:/home/brsd/microros_ws/install/joystick_input:/home/brsd/microros_ws/install/jetson_comm:/home/brsd/microros_ws/install/fsm:/opt/ros/foxy /usr/bin/cmake --install /home/brsd/microros_ws/build/micro_ros_msgs
