[6.638s] Invoking command in '/home/brsd/microros_ws/src/pathfinding': PYTHONPATH=/home/brsd/microros_ws/build/pathfinding/prefix_override:/usr/lib/python3/dist-packages/colcon_core/task/python/colcon_distutils_commands:/home/brsd/microros_ws/install/pathfinding/lib/python3.8/site-packages:${PYTHONPATH} /usr/bin/python3 -W ignore:setup.py install is deprecated setup.py egg_info --egg-base ../../build/pathfinding build --build-base /home/brsd/microros_ws/build/pathfinding/build install --record /home/brsd/microros_ws/build/pathfinding/install.log --install-scripts $base/lib/pathfinding --single-version-externally-managed install_data
[8.178s] running egg_info
[8.178s] writing ../../build/pathfinding/pathfinding.egg-info/PKG-INFO
[8.197s] writing dependency_links to ../../build/pathfinding/pathfinding.egg-info/dependency_links.txt
[8.198s] writing entry points to ../../build/pathfinding/pathfinding.egg-info/entry_points.txt
[8.199s] writing requirements to ../../build/pathfinding/pathfinding.egg-info/requires.txt
[8.200s] writing top-level names to ../../build/pathfinding/pathfinding.egg-info/top_level.txt
[8.361s] reading manifest file '../../build/pathfinding/pathfinding.egg-info/SOURCES.txt'
[8.366s] writing manifest file '../../build/pathfinding/pathfinding.egg-info/SOURCES.txt'
[8.367s] running build
[8.367s] running build_py
[8.369s] copying pathfinding/pathfinding.py -> /home/brsd/microros_ws/build/pathfinding/build/lib/pathfinding
[8.379s] running install
[8.381s] running install_lib
[8.382s] copying /home/brsd/microros_ws/build/pathfinding/build/lib/pathfinding/pathfinding.py -> /home/brsd/microros_ws/install/pathfinding/lib/python3.8/site-packages/pathfinding
[8.384s] byte-compiling /home/brsd/microros_ws/install/pathfinding/lib/python3.8/site-packages/pathfinding/pathfinding.py to pathfinding.cpython-38.pyc
[8.409s] running install_data
[8.409s] running install_egg_info
[8.416s] removing '/home/brsd/microros_ws/install/pathfinding/lib/python3.8/site-packages/pathfinding-0.0.0-py3.8.egg-info' (and everything under it)
[8.418s] Copying ../../build/pathfinding/pathfinding.egg-info to /home/brsd/microros_ws/install/pathfinding/lib/python3.8/site-packages/pathfinding-0.0.0-py3.8.egg-info
[8.429s] running install_scripts
[8.514s] Installing image_display_node script to /home/brsd/microros_ws/install/pathfinding/lib/pathfinding
[8.516s] Installing pathfinding_node script to /home/brsd/microros_ws/install/pathfinding/lib/pathfinding
[8.517s] writing list of installed files to '/home/brsd/microros_ws/build/pathfinding/install.log'
[8.638s] Invoked command in '/home/brsd/microros_ws/src/pathfinding' returned '0': PYTHONPATH=/home/brsd/microros_ws/build/pathfinding/prefix_override:/usr/lib/python3/dist-packages/colcon_core/task/python/colcon_distutils_commands:/home/brsd/microros_ws/install/pathfinding/lib/python3.8/site-packages:${PYTHONPATH} /usr/bin/python3 -W ignore:setup.py install is deprecated setup.py egg_info --egg-base ../../build/pathfinding build --build-base /home/brsd/microros_ws/build/pathfinding/build install --record /home/brsd/microros_ws/build/pathfinding/install.log --install-scripts $base/lib/pathfinding --single-version-externally-managed install_data
