[0.810s] DEBUG:colcon:Command line arguments: ['/usr/bin/colcon', 'build']
[0.810s] DEBUG:colcon:Parsed command line arguments: Namespace(allow_overriding=[], ament_cmake_args=None, base_paths=['.'], build_base='build', catkin_cmake_args=None, catkin_skip_building_tests=False, cmake_args=None, cmake_clean_cache=False, cmake_clean_first=False, cmake_force_configure=False, cmake_target=None, cmake_target_skip_unavailable=False, continue_on_error=False, event_handlers=None, executor='parallel', ignore_user_meta=False, install_base='install', log_base=None, log_level=None, main=<bound method BuildVerb.main of <colcon_core.verb.build.BuildVerb object at 0x7fad20e850>>, merge_install=False, metas=['./colcon.meta'], packages_above=None, packages_above_and_dependencies=None, packages_above_depth=None, packages_end=None, packages_ignore=None, packages_ignore_regex=None, packages_select=None, packages_select_build_failed=False, packages_select_by_dep=None, packages_select_regex=None, packages_select_test_failures=False, packages_skip=None, packages_skip_build_finished=False, packages_skip_by_dep=None, packages_skip_regex=None, packages_skip_test_passed=False, packages_skip_up_to=None, packages_start=None, packages_up_to=None, packages_up_to_regex=None, parallel_workers=4, paths=None, symlink_install=False, test_result_base=None, verb_extension=<colcon_core.verb.build.BuildVerb object at 0x7fad20e850>, verb_name='build', verb_parser=<colcon_defaults.argument_parser.defaults.DefaultArgumentsDecorator object at 0x7fad1a6b20>)
[1.516s] Level 1:colcon.colcon_core.package_discovery:discover_packages(colcon_meta) check parameters
[1.516s] Level 1:colcon.colcon_core.package_discovery:discover_packages(recursive) check parameters
[1.516s] Level 1:colcon.colcon_core.package_discovery:discover_packages(ignore) check parameters
[1.517s] Level 1:colcon.colcon_core.package_discovery:discover_packages(path) check parameters
[1.517s] Level 1:colcon.colcon_core.package_discovery:discover_packages(colcon_meta) discover
[1.517s] Level 1:colcon.colcon_core.package_discovery:discover_packages(recursive) discover
[1.517s] INFO:colcon.colcon_core.package_discovery:Crawling recursively for packages in '/home/brsd/microros_ws'
[1.518s] Level 1:colcon.colcon_core.package_identification:_identify(.) by extensions ['ignore', 'ignore_ament_install']
[1.518s] Level 1:colcon.colcon_core.package_identification:_identify(.) by extension 'ignore'
[1.518s] Level 1:colcon.colcon_core.package_identification:_identify(.) by extension 'ignore_ament_install'
[1.518s] Level 1:colcon.colcon_core.package_identification:_identify(.) by extensions ['colcon_pkg']
[1.519s] Level 1:colcon.colcon_core.package_identification:_identify(.) by extension 'colcon_pkg'
[1.519s] Level 1:colcon.colcon_core.package_identification:_identify(.) by extensions ['colcon_meta']
[1.519s] Level 1:colcon.colcon_core.package_identification:_identify(.) by extension 'colcon_meta'
[1.519s] Level 1:colcon.colcon_core.package_identification:_identify(.) by extensions ['ros']
[1.519s] Level 1:colcon.colcon_core.package_identification:_identify(.) by extension 'ros'
[1.569s] Level 1:colcon.colcon_core.package_identification:_identify(.) by extensions ['cmake', 'python']
[1.569s] Level 1:colcon.colcon_core.package_identification:_identify(.) by extension 'cmake'
[1.569s] Level 1:colcon.colcon_core.package_identification:_identify(.) by extension 'python'
[1.570s] Level 1:colcon.colcon_core.package_identification:_identify(.) by extensions ['python_setup_py']
[1.570s] Level 1:colcon.colcon_core.package_identification:_identify(.) by extension 'python_setup_py'
[1.570s] Level 1:colcon.colcon_core.package_identification:_identify(build) by extensions ['ignore', 'ignore_ament_install']
[1.571s] Level 1:colcon.colcon_core.package_identification:_identify(build) by extension 'ignore'
[1.571s] Level 1:colcon.colcon_core.package_identification:_identify(build) ignored
[1.571s] Level 1:colcon.colcon_core.package_identification:_identify(install) by extensions ['ignore', 'ignore_ament_install']
[1.572s] Level 1:colcon.colcon_core.package_identification:_identify(install) by extension 'ignore'
[1.572s] Level 1:colcon.colcon_core.package_identification:_identify(install) ignored
[1.572s] Level 1:colcon.colcon_core.package_identification:_identify(log) by extensions ['ignore', 'ignore_ament_install']
[1.573s] Level 1:colcon.colcon_core.package_identification:_identify(log) by extension 'ignore'
[1.573s] Level 1:colcon.colcon_core.package_identification:_identify(log) ignored
[1.573s] Level 1:colcon.colcon_core.package_identification:_identify(src) by extensions ['ignore', 'ignore_ament_install']
[1.573s] Level 1:colcon.colcon_core.package_identification:_identify(src) by extension 'ignore'
[1.574s] Level 1:colcon.colcon_core.package_identification:_identify(src) by extension 'ignore_ament_install'
[1.574s] Level 1:colcon.colcon_core.package_identification:_identify(src) by extensions ['colcon_pkg']
[1.574s] Level 1:colcon.colcon_core.package_identification:_identify(src) by extension 'colcon_pkg'
[1.574s] Level 1:colcon.colcon_core.package_identification:_identify(src) by extensions ['colcon_meta']
[1.574s] Level 1:colcon.colcon_core.package_identification:_identify(src) by extension 'colcon_meta'
[1.575s] Level 1:colcon.colcon_core.package_identification:_identify(src) by extensions ['ros']
[1.575s] Level 1:colcon.colcon_core.package_identification:_identify(src) by extension 'ros'
[1.575s] Level 1:colcon.colcon_core.package_identification:_identify(src) by extensions ['cmake', 'python']
[1.575s] Level 1:colcon.colcon_core.package_identification:_identify(src) by extension 'cmake'
[1.575s] Level 1:colcon.colcon_core.package_identification:_identify(src) by extension 'python'
[1.576s] Level 1:colcon.colcon_core.package_identification:_identify(src) by extensions ['python_setup_py']
[1.576s] Level 1:colcon.colcon_core.package_identification:_identify(src) by extension 'python_setup_py'
[1.576s] Level 1:colcon.colcon_core.package_identification:_identify(src/jetson_comm) by extensions ['ignore', 'ignore_ament_install']
[1.576s] Level 1:colcon.colcon_core.package_identification:_identify(src/jetson_comm) by extension 'ignore'
[1.577s] Level 1:colcon.colcon_core.package_identification:_identify(src/jetson_comm) by extension 'ignore_ament_install'
[1.577s] Level 1:colcon.colcon_core.package_identification:_identify(src/jetson_comm) by extensions ['colcon_pkg']
[1.577s] Level 1:colcon.colcon_core.package_identification:_identify(src/jetson_comm) by extension 'colcon_pkg'
[1.577s] Level 1:colcon.colcon_core.package_identification:_identify(src/jetson_comm) by extensions ['colcon_meta']
[1.577s] Level 1:colcon.colcon_core.package_identification:_identify(src/jetson_comm) by extension 'colcon_meta'
[1.577s] Level 1:colcon.colcon_core.package_identification:_identify(src/jetson_comm) by extensions ['ros']
[1.578s] Level 1:colcon.colcon_core.package_identification:_identify(src/jetson_comm) by extension 'ros'
[1.587s] DEBUG:colcon.colcon_core.package_identification:Package 'src/jetson_comm' with type 'ros.ament_python' and name 'jetson_comm'
[1.587s] Level 1:colcon.colcon_core.package_identification:_identify(src/micro_ros_setup) by extensions ['ignore', 'ignore_ament_install']
[1.588s] Level 1:colcon.colcon_core.package_identification:_identify(src/micro_ros_setup) by extension 'ignore'
[1.588s] Level 1:colcon.colcon_core.package_identification:_identify(src/micro_ros_setup) by extension 'ignore_ament_install'
[1.588s] Level 1:colcon.colcon_core.package_identification:_identify(src/micro_ros_setup) by extensions ['colcon_pkg']
[1.588s] Level 1:colcon.colcon_core.package_identification:_identify(src/micro_ros_setup) by extension 'colcon_pkg'
[1.589s] Level 1:colcon.colcon_core.package_identification:_identify(src/micro_ros_setup) by extensions ['colcon_meta']
[1.589s] Level 1:colcon.colcon_core.package_identification:_identify(src/micro_ros_setup) by extension 'colcon_meta'
[1.589s] Level 1:colcon.colcon_core.package_identification:_identify(src/micro_ros_setup) by extensions ['ros']
[1.589s] Level 1:colcon.colcon_core.package_identification:_identify(src/micro_ros_setup) by extension 'ros'
[1.594s] DEBUG:colcon.colcon_core.package_identification:Package 'src/micro_ros_setup' with type 'ros.ament_cmake' and name 'micro_ros_setup'
[1.594s] Level 1:colcon.colcon_core.package_identification:_identify(src/uros) by extensions ['ignore', 'ignore_ament_install']
[1.594s] Level 1:colcon.colcon_core.package_identification:_identify(src/uros) by extension 'ignore'
[1.595s] Level 1:colcon.colcon_core.package_identification:_identify(src/uros) by extension 'ignore_ament_install'
[1.595s] Level 1:colcon.colcon_core.package_identification:_identify(src/uros) by extensions ['colcon_pkg']
[1.595s] Level 1:colcon.colcon_core.package_identification:_identify(src/uros) by extension 'colcon_pkg'
[1.595s] Level 1:colcon.colcon_core.package_identification:_identify(src/uros) by extensions ['colcon_meta']
[1.595s] Level 1:colcon.colcon_core.package_identification:_identify(src/uros) by extension 'colcon_meta'
[1.596s] Level 1:colcon.colcon_core.package_identification:_identify(src/uros) by extensions ['ros']
[1.596s] Level 1:colcon.colcon_core.package_identification:_identify(src/uros) by extension 'ros'
[1.596s] Level 1:colcon.colcon_core.package_identification:_identify(src/uros) by extensions ['cmake', 'python']
[1.596s] Level 1:colcon.colcon_core.package_identification:_identify(src/uros) by extension 'cmake'
[1.596s] Level 1:colcon.colcon_core.package_identification:_identify(src/uros) by extension 'python'
[1.596s] Level 1:colcon.colcon_core.package_identification:_identify(src/uros) by extensions ['python_setup_py']
[1.597s] Level 1:colcon.colcon_core.package_identification:_identify(src/uros) by extension 'python_setup_py'
[1.597s] Level 1:colcon.colcon_core.package_identification:_identify(src/uros/drive_base) by extensions ['ignore', 'ignore_ament_install']
[1.597s] Level 1:colcon.colcon_core.package_identification:_identify(src/uros/drive_base) by extension 'ignore'
[1.598s] Level 1:colcon.colcon_core.package_identification:_identify(src/uros/drive_base) by extension 'ignore_ament_install'
[1.598s] Level 1:colcon.colcon_core.package_identification:_identify(src/uros/drive_base) by extensions ['colcon_pkg']
[1.598s] Level 1:colcon.colcon_core.package_identification:_identify(src/uros/drive_base) by extension 'colcon_pkg'
[1.598s] Level 1:colcon.colcon_core.package_identification:_identify(src/uros/drive_base) by extensions ['colcon_meta']
[1.598s] Level 1:colcon.colcon_core.package_identification:_identify(src/uros/drive_base) by extension 'colcon_meta'
[1.599s] Level 1:colcon.colcon_core.package_identification:_identify(src/uros/drive_base) by extensions ['ros']
[1.599s] Level 1:colcon.colcon_core.package_identification:_identify(src/uros/drive_base) by extension 'ros'
[1.599s] Level 1:colcon.colcon_core.package_identification:_identify(src/uros/drive_base) by extensions ['cmake', 'python']
[1.599s] Level 1:colcon.colcon_core.package_identification:_identify(src/uros/drive_base) by extension 'cmake'
[1.599s] Level 1:colcon.colcon_core.package_identification:_identify(src/uros/drive_base) by extension 'python'
[1.599s] Level 1:colcon.colcon_core.package_identification:_identify(src/uros/drive_base) by extensions ['python_setup_py']
[1.600s] Level 1:colcon.colcon_core.package_identification:_identify(src/uros/drive_base) by extension 'python_setup_py'
[1.600s] Level 1:colcon.colcon_core.package_identification:_identify(src/uros/drive_base/drive_base_msgs) by extensions ['ignore', 'ignore_ament_install']
[1.600s] Level 1:colcon.colcon_core.package_identification:_identify(src/uros/drive_base/drive_base_msgs) by extension 'ignore'
[1.601s] Level 1:colcon.colcon_core.package_identification:_identify(src/uros/drive_base/drive_base_msgs) by extension 'ignore_ament_install'
[1.601s] Level 1:colcon.colcon_core.package_identification:_identify(src/uros/drive_base/drive_base_msgs) by extensions ['colcon_pkg']
[1.601s] Level 1:colcon.colcon_core.package_identification:_identify(src/uros/drive_base/drive_base_msgs) by extension 'colcon_pkg'
[1.601s] Level 1:colcon.colcon_core.package_identification:_identify(src/uros/drive_base/drive_base_msgs) by extensions ['colcon_meta']
[1.601s] Level 1:colcon.colcon_core.package_identification:_identify(src/uros/drive_base/drive_base_msgs) by extension 'colcon_meta'
[1.602s] Level 1:colcon.colcon_core.package_identification:_identify(src/uros/drive_base/drive_base_msgs) by extensions ['ros']
[1.602s] Level 1:colcon.colcon_core.package_identification:_identify(src/uros/drive_base/drive_base_msgs) by extension 'ros'
[1.604s] DEBUG:colcon.colcon_core.package_identification:Package 'src/uros/drive_base/drive_base_msgs' with type 'ros.ament_cmake' and name 'drive_base_msgs'
[1.605s] Level 1:colcon.colcon_core.package_identification:_identify(src/uros/micro-ROS-Agent) by extensions ['ignore', 'ignore_ament_install']
[1.605s] Level 1:colcon.colcon_core.package_identification:_identify(src/uros/micro-ROS-Agent) by extension 'ignore'
[1.605s] Level 1:colcon.colcon_core.package_identification:_identify(src/uros/micro-ROS-Agent) by extension 'ignore_ament_install'
[1.606s] Level 1:colcon.colcon_core.package_identification:_identify(src/uros/micro-ROS-Agent) by extensions ['colcon_pkg']
[1.606s] Level 1:colcon.colcon_core.package_identification:_identify(src/uros/micro-ROS-Agent) by extension 'colcon_pkg'
[1.606s] Level 1:colcon.colcon_core.package_identification:_identify(src/uros/micro-ROS-Agent) by extensions ['colcon_meta']
[1.606s] Level 1:colcon.colcon_core.package_identification:_identify(src/uros/micro-ROS-Agent) by extension 'colcon_meta'
[1.606s] Level 1:colcon.colcon_core.package_identification:_identify(src/uros/micro-ROS-Agent) by extensions ['ros']
[1.607s] Level 1:colcon.colcon_core.package_identification:_identify(src/uros/micro-ROS-Agent) by extension 'ros'
[1.607s] Level 1:colcon.colcon_core.package_identification:_identify(src/uros/micro-ROS-Agent) by extensions ['cmake', 'python']
[1.607s] Level 1:colcon.colcon_core.package_identification:_identify(src/uros/micro-ROS-Agent) by extension 'cmake'
[1.607s] Level 1:colcon.colcon_core.package_identification:_identify(src/uros/micro-ROS-Agent) by extension 'python'
[1.608s] Level 1:colcon.colcon_core.package_identification:_identify(src/uros/micro-ROS-Agent) by extensions ['python_setup_py']
[1.608s] Level 1:colcon.colcon_core.package_identification:_identify(src/uros/micro-ROS-Agent) by extension 'python_setup_py'
[1.608s] Level 1:colcon.colcon_core.package_identification:_identify(src/uros/micro-ROS-Agent/micro_ros_agent) by extensions ['ignore', 'ignore_ament_install']
[1.609s] Level 1:colcon.colcon_core.package_identification:_identify(src/uros/micro-ROS-Agent/micro_ros_agent) by extension 'ignore'
[1.609s] Level 1:colcon.colcon_core.package_identification:_identify(src/uros/micro-ROS-Agent/micro_ros_agent) by extension 'ignore_ament_install'
[1.609s] Level 1:colcon.colcon_core.package_identification:_identify(src/uros/micro-ROS-Agent/micro_ros_agent) by extensions ['colcon_pkg']
[1.609s] Level 1:colcon.colcon_core.package_identification:_identify(src/uros/micro-ROS-Agent/micro_ros_agent) by extension 'colcon_pkg'
[1.609s] Level 1:colcon.colcon_core.package_identification:_identify(src/uros/micro-ROS-Agent/micro_ros_agent) by extensions ['colcon_meta']
[1.610s] Level 1:colcon.colcon_core.package_identification:_identify(src/uros/micro-ROS-Agent/micro_ros_agent) by extension 'colcon_meta'
[1.610s] Level 1:colcon.colcon_core.package_identification:_identify(src/uros/micro-ROS-Agent/micro_ros_agent) by extensions ['ros']
[1.610s] Level 1:colcon.colcon_core.package_identification:_identify(src/uros/micro-ROS-Agent/micro_ros_agent) by extension 'ros'
[1.614s] DEBUG:colcon.colcon_core.package_identification:Package 'src/uros/micro-ROS-Agent/micro_ros_agent' with type 'ros.ament_cmake' and name 'micro_ros_agent'
[1.615s] Level 1:colcon.colcon_core.package_identification:_identify(src/uros/micro-ROS-Agent/snap) by extensions ['ignore', 'ignore_ament_install']
[1.615s] Level 1:colcon.colcon_core.package_identification:_identify(src/uros/micro-ROS-Agent/snap) by extension 'ignore'
[1.616s] Level 1:colcon.colcon_core.package_identification:_identify(src/uros/micro-ROS-Agent/snap) by extension 'ignore_ament_install'
[1.616s] Level 1:colcon.colcon_core.package_identification:_identify(src/uros/micro-ROS-Agent/snap) by extensions ['colcon_pkg']
[1.616s] Level 1:colcon.colcon_core.package_identification:_identify(src/uros/micro-ROS-Agent/snap) by extension 'colcon_pkg'
[1.616s] Level 1:colcon.colcon_core.package_identification:_identify(src/uros/micro-ROS-Agent/snap) by extensions ['colcon_meta']
[1.616s] Level 1:colcon.colcon_core.package_identification:_identify(src/uros/micro-ROS-Agent/snap) by extension 'colcon_meta'
[1.617s] Level 1:colcon.colcon_core.package_identification:_identify(src/uros/micro-ROS-Agent/snap) by extensions ['ros']
[1.617s] Level 1:colcon.colcon_core.package_identification:_identify(src/uros/micro-ROS-Agent/snap) by extension 'ros'
[1.617s] Level 1:colcon.colcon_core.package_identification:_identify(src/uros/micro-ROS-Agent/snap) by extensions ['cmake', 'python']
[1.617s] Level 1:colcon.colcon_core.package_identification:_identify(src/uros/micro-ROS-Agent/snap) by extension 'cmake'
[1.618s] Level 1:colcon.colcon_core.package_identification:_identify(src/uros/micro-ROS-Agent/snap) by extension 'python'
[1.618s] Level 1:colcon.colcon_core.package_identification:_identify(src/uros/micro-ROS-Agent/snap) by extensions ['python_setup_py']
[1.618s] Level 1:colcon.colcon_core.package_identification:_identify(src/uros/micro-ROS-Agent/snap) by extension 'python_setup_py'
[1.618s] Level 1:colcon.colcon_core.package_identification:_identify(src/uros/micro-ROS-Agent/snap/hooks) by extensions ['ignore', 'ignore_ament_install']
[1.619s] Level 1:colcon.colcon_core.package_identification:_identify(src/uros/micro-ROS-Agent/snap/hooks) by extension 'ignore'
[1.619s] Level 1:colcon.colcon_core.package_identification:_identify(src/uros/micro-ROS-Agent/snap/hooks) by extension 'ignore_ament_install'
[1.619s] Level 1:colcon.colcon_core.package_identification:_identify(src/uros/micro-ROS-Agent/snap/hooks) by extensions ['colcon_pkg']
[1.619s] Level 1:colcon.colcon_core.package_identification:_identify(src/uros/micro-ROS-Agent/snap/hooks) by extension 'colcon_pkg'
[1.619s] Level 1:colcon.colcon_core.package_identification:_identify(src/uros/micro-ROS-Agent/snap/hooks) by extensions ['colcon_meta']
[1.619s] Level 1:colcon.colcon_core.package_identification:_identify(src/uros/micro-ROS-Agent/snap/hooks) by extension 'colcon_meta'
[1.620s] Level 1:colcon.colcon_core.package_identification:_identify(src/uros/micro-ROS-Agent/snap/hooks) by extensions ['ros']
[1.620s] Level 1:colcon.colcon_core.package_identification:_identify(src/uros/micro-ROS-Agent/snap/hooks) by extension 'ros'
[1.620s] Level 1:colcon.colcon_core.package_identification:_identify(src/uros/micro-ROS-Agent/snap/hooks) by extensions ['cmake', 'python']
[1.620s] Level 1:colcon.colcon_core.package_identification:_identify(src/uros/micro-ROS-Agent/snap/hooks) by extension 'cmake'
[1.621s] Level 1:colcon.colcon_core.package_identification:_identify(src/uros/micro-ROS-Agent/snap/hooks) by extension 'python'
[1.621s] Level 1:colcon.colcon_core.package_identification:_identify(src/uros/micro-ROS-Agent/snap/hooks) by extensions ['python_setup_py']
[1.621s] Level 1:colcon.colcon_core.package_identification:_identify(src/uros/micro-ROS-Agent/snap/hooks) by extension 'python_setup_py'
[1.621s] Level 1:colcon.colcon_core.package_identification:_identify(src/uros/micro-ROS-Agent/snap/local) by extensions ['ignore', 'ignore_ament_install']
[1.622s] Level 1:colcon.colcon_core.package_identification:_identify(src/uros/micro-ROS-Agent/snap/local) by extension 'ignore'
[1.622s] Level 1:colcon.colcon_core.package_identification:_identify(src/uros/micro-ROS-Agent/snap/local) by extension 'ignore_ament_install'
[1.622s] Level 1:colcon.colcon_core.package_identification:_identify(src/uros/micro-ROS-Agent/snap/local) by extensions ['colcon_pkg']
[1.623s] Level 1:colcon.colcon_core.package_identification:_identify(src/uros/micro-ROS-Agent/snap/local) by extension 'colcon_pkg'
[1.623s] Level 1:colcon.colcon_core.package_identification:_identify(src/uros/micro-ROS-Agent/snap/local) by extensions ['colcon_meta']
[1.623s] Level 1:colcon.colcon_core.package_identification:_identify(src/uros/micro-ROS-Agent/snap/local) by extension 'colcon_meta'
[1.623s] Level 1:colcon.colcon_core.package_identification:_identify(src/uros/micro-ROS-Agent/snap/local) by extensions ['ros']
[1.624s] Level 1:colcon.colcon_core.package_identification:_identify(src/uros/micro-ROS-Agent/snap/local) by extension 'ros'
[1.624s] Level 1:colcon.colcon_core.package_identification:_identify(src/uros/micro-ROS-Agent/snap/local) by extensions ['cmake', 'python']
[1.624s] Level 1:colcon.colcon_core.package_identification:_identify(src/uros/micro-ROS-Agent/snap/local) by extension 'cmake'
[1.625s] Level 1:colcon.colcon_core.package_identification:_identify(src/uros/micro-ROS-Agent/snap/local) by extension 'python'
[1.625s] Level 1:colcon.colcon_core.package_identification:_identify(src/uros/micro-ROS-Agent/snap/local) by extensions ['python_setup_py']
[1.625s] Level 1:colcon.colcon_core.package_identification:_identify(src/uros/micro-ROS-Agent/snap/local) by extension 'python_setup_py'
[1.626s] Level 1:colcon.colcon_core.package_identification:_identify(src/uros/micro_ros_msgs) by extensions ['ignore', 'ignore_ament_install']
[1.626s] Level 1:colcon.colcon_core.package_identification:_identify(src/uros/micro_ros_msgs) by extension 'ignore'
[1.626s] Level 1:colcon.colcon_core.package_identification:_identify(src/uros/micro_ros_msgs) by extension 'ignore_ament_install'
[1.626s] Level 1:colcon.colcon_core.package_identification:_identify(src/uros/micro_ros_msgs) by extensions ['colcon_pkg']
[1.626s] Level 1:colcon.colcon_core.package_identification:_identify(src/uros/micro_ros_msgs) by extension 'colcon_pkg'
[1.627s] Level 1:colcon.colcon_core.package_identification:_identify(src/uros/micro_ros_msgs) by extensions ['colcon_meta']
[1.627s] Level 1:colcon.colcon_core.package_identification:_identify(src/uros/micro_ros_msgs) by extension 'colcon_meta'
[1.627s] Level 1:colcon.colcon_core.package_identification:_identify(src/uros/micro_ros_msgs) by extensions ['ros']
[1.627s] Level 1:colcon.colcon_core.package_identification:_identify(src/uros/micro_ros_msgs) by extension 'ros'
[1.630s] DEBUG:colcon.colcon_core.package_identification:Package 'src/uros/micro_ros_msgs' with type 'ros.ament_cmake' and name 'micro_ros_msgs'
[1.630s] Level 1:colcon.colcon_core.package_discovery:discover_packages(recursive) using defaults
[1.630s] Level 1:colcon.colcon_core.package_discovery:discover_packages(ignore) discover
[1.630s] Level 1:colcon.colcon_core.package_discovery:discover_packages(ignore) using defaults
[1.631s] Level 1:colcon.colcon_core.package_discovery:discover_packages(path) discover
[1.631s] Level 1:colcon.colcon_core.package_discovery:discover_packages(path) using defaults
[1.700s] Level 1:colcon.colcon_core.package_discovery:discover_packages(prefix_path) check parameters
[1.700s] Level 1:colcon.colcon_core.package_discovery:discover_packages(prefix_path) discover
[1.708s] DEBUG:colcon.colcon_installed_package_information.package_discovery:Found 5 installed packages in /home/brsd/microros_ws/install
[1.715s] DEBUG:colcon.colcon_installed_package_information.package_discovery:Found 263 installed packages in /opt/ros/foxy
[1.723s] Level 1:colcon.colcon_core.package_discovery:discover_packages(prefix_path) using defaults
[2.085s] Level 5:colcon.colcon_core.verb:set package 'drive_base_msgs' build argument 'cmake_args' from command line to 'None'
[2.086s] Level 5:colcon.colcon_core.verb:set package 'drive_base_msgs' build argument 'cmake_target' from command line to 'None'
[2.086s] Level 5:colcon.colcon_core.verb:set package 'drive_base_msgs' build argument 'cmake_target_skip_unavailable' from command line to 'False'
[2.086s] Level 5:colcon.colcon_core.verb:set package 'drive_base_msgs' build argument 'cmake_clean_cache' from command line to 'False'
[2.086s] Level 5:colcon.colcon_core.verb:set package 'drive_base_msgs' build argument 'cmake_clean_first' from command line to 'False'
[2.086s] Level 5:colcon.colcon_core.verb:set package 'drive_base_msgs' build argument 'cmake_force_configure' from command line to 'False'
[2.086s] Level 5:colcon.colcon_core.verb:set package 'drive_base_msgs' build argument 'ament_cmake_args' from command line to 'None'
[2.086s] Level 5:colcon.colcon_core.verb:set package 'drive_base_msgs' build argument 'catkin_cmake_args' from command line to 'None'
[2.087s] Level 5:colcon.colcon_core.verb:set package 'drive_base_msgs' build argument 'catkin_skip_building_tests' from command line to 'False'
[2.087s] DEBUG:colcon.colcon_core.verb:Building package 'drive_base_msgs' with the following arguments: {'ament_cmake_args': None, 'build_base': '/home/brsd/microros_ws/build/drive_base_msgs', 'catkin_cmake_args': None, 'catkin_skip_building_tests': False, 'cmake_args': None, 'cmake_clean_cache': False, 'cmake_clean_first': False, 'cmake_force_configure': False, 'cmake_target': None, 'cmake_target_skip_unavailable': False, 'install_base': '/home/brsd/microros_ws/install/drive_base_msgs', 'merge_install': False, 'path': '/home/brsd/microros_ws/src/uros/drive_base/drive_base_msgs', 'symlink_install': False, 'test_result_base': None}
[2.089s] Level 5:colcon.colcon_core.verb:set package 'jetson_comm' build argument 'cmake_args' from command line to 'None'
[2.089s] Level 5:colcon.colcon_core.verb:set package 'jetson_comm' build argument 'cmake_target' from command line to 'None'
[2.089s] Level 5:colcon.colcon_core.verb:set package 'jetson_comm' build argument 'cmake_target_skip_unavailable' from command line to 'False'
[2.089s] Level 5:colcon.colcon_core.verb:set package 'jetson_comm' build argument 'cmake_clean_cache' from command line to 'False'
[2.089s] Level 5:colcon.colcon_core.verb:set package 'jetson_comm' build argument 'cmake_clean_first' from command line to 'False'
[2.089s] Level 5:colcon.colcon_core.verb:set package 'jetson_comm' build argument 'cmake_force_configure' from command line to 'False'
[2.089s] Level 5:colcon.colcon_core.verb:set package 'jetson_comm' build argument 'ament_cmake_args' from command line to 'None'
[2.089s] Level 5:colcon.colcon_core.verb:set package 'jetson_comm' build argument 'catkin_cmake_args' from command line to 'None'
[2.090s] Level 5:colcon.colcon_core.verb:set package 'jetson_comm' build argument 'catkin_skip_building_tests' from command line to 'False'
[2.090s] DEBUG:colcon.colcon_core.verb:Building package 'jetson_comm' with the following arguments: {'ament_cmake_args': None, 'build_base': '/home/brsd/microros_ws/build/jetson_comm', 'catkin_cmake_args': None, 'catkin_skip_building_tests': False, 'cmake_args': None, 'cmake_clean_cache': False, 'cmake_clean_first': False, 'cmake_force_configure': False, 'cmake_target': None, 'cmake_target_skip_unavailable': False, 'install_base': '/home/brsd/microros_ws/install/jetson_comm', 'merge_install': False, 'path': '/home/brsd/microros_ws/src/jetson_comm', 'symlink_install': False, 'test_result_base': None}
[2.091s] Level 5:colcon.colcon_core.verb:set package 'micro_ros_msgs' build argument 'cmake_args' from command line to 'None'
[2.092s] Level 5:colcon.colcon_core.verb:set package 'micro_ros_msgs' build argument 'cmake_target' from command line to 'None'
[2.092s] Level 5:colcon.colcon_core.verb:set package 'micro_ros_msgs' build argument 'cmake_target_skip_unavailable' from command line to 'False'
[2.092s] Level 5:colcon.colcon_core.verb:set package 'micro_ros_msgs' build argument 'cmake_clean_cache' from command line to 'False'
[2.092s] Level 5:colcon.colcon_core.verb:set package 'micro_ros_msgs' build argument 'cmake_clean_first' from command line to 'False'
[2.092s] Level 5:colcon.colcon_core.verb:set package 'micro_ros_msgs' build argument 'cmake_force_configure' from command line to 'False'
[2.092s] Level 5:colcon.colcon_core.verb:set package 'micro_ros_msgs' build argument 'ament_cmake_args' from command line to 'None'
[2.092s] Level 5:colcon.colcon_core.verb:set package 'micro_ros_msgs' build argument 'catkin_cmake_args' from command line to 'None'
[2.092s] Level 5:colcon.colcon_core.verb:set package 'micro_ros_msgs' build argument 'catkin_skip_building_tests' from command line to 'False'
[2.093s] DEBUG:colcon.colcon_core.verb:Building package 'micro_ros_msgs' with the following arguments: {'ament_cmake_args': None, 'build_base': '/home/brsd/microros_ws/build/micro_ros_msgs', 'catkin_cmake_args': None, 'catkin_skip_building_tests': False, 'cmake_args': None, 'cmake_clean_cache': False, 'cmake_clean_first': False, 'cmake_force_configure': False, 'cmake_target': None, 'cmake_target_skip_unavailable': False, 'install_base': '/home/brsd/microros_ws/install/micro_ros_msgs', 'merge_install': False, 'path': '/home/brsd/microros_ws/src/uros/micro_ros_msgs', 'symlink_install': False, 'test_result_base': None}
[2.094s] Level 5:colcon.colcon_core.verb:set package 'micro_ros_setup' build argument 'cmake_args' from command line to 'None'
[2.094s] Level 5:colcon.colcon_core.verb:set package 'micro_ros_setup' build argument 'cmake_target' from command line to 'None'
[2.095s] Level 5:colcon.colcon_core.verb:set package 'micro_ros_setup' build argument 'cmake_target_skip_unavailable' from command line to 'False'
[2.095s] Level 5:colcon.colcon_core.verb:set package 'micro_ros_setup' build argument 'cmake_clean_cache' from command line to 'False'
[2.095s] Level 5:colcon.colcon_core.verb:set package 'micro_ros_setup' build argument 'cmake_clean_first' from command line to 'False'
[2.095s] Level 5:colcon.colcon_core.verb:set package 'micro_ros_setup' build argument 'cmake_force_configure' from command line to 'False'
[2.095s] Level 5:colcon.colcon_core.verb:set package 'micro_ros_setup' build argument 'ament_cmake_args' from command line to 'None'
[2.095s] Level 5:colcon.colcon_core.verb:set package 'micro_ros_setup' build argument 'catkin_cmake_args' from command line to 'None'
[2.095s] Level 5:colcon.colcon_core.verb:set package 'micro_ros_setup' build argument 'catkin_skip_building_tests' from command line to 'False'
[2.095s] DEBUG:colcon.colcon_core.verb:Building package 'micro_ros_setup' with the following arguments: {'ament_cmake_args': None, 'build_base': '/home/brsd/microros_ws/build/micro_ros_setup', 'catkin_cmake_args': None, 'catkin_skip_building_tests': False, 'cmake_args': None, 'cmake_clean_cache': False, 'cmake_clean_first': False, 'cmake_force_configure': False, 'cmake_target': None, 'cmake_target_skip_unavailable': False, 'install_base': '/home/brsd/microros_ws/install/micro_ros_setup', 'merge_install': False, 'path': '/home/brsd/microros_ws/src/micro_ros_setup', 'symlink_install': False, 'test_result_base': None}
[2.097s] Level 5:colcon.colcon_core.verb:set package 'micro_ros_agent' build argument 'cmake_args' from command line to 'None'
[2.097s] Level 5:colcon.colcon_core.verb:set package 'micro_ros_agent' build argument 'cmake_target' from command line to 'None'
[2.097s] Level 5:colcon.colcon_core.verb:set package 'micro_ros_agent' build argument 'cmake_target_skip_unavailable' from command line to 'False'
[2.098s] Level 5:colcon.colcon_core.verb:set package 'micro_ros_agent' build argument 'cmake_clean_cache' from command line to 'False'
[2.098s] Level 5:colcon.colcon_core.verb:set package 'micro_ros_agent' build argument 'cmake_clean_first' from command line to 'False'
[2.098s] Level 5:colcon.colcon_core.verb:set package 'micro_ros_agent' build argument 'cmake_force_configure' from command line to 'False'
[2.098s] Level 5:colcon.colcon_core.verb:set package 'micro_ros_agent' build argument 'ament_cmake_args' from command line to 'None'
[2.098s] Level 5:colcon.colcon_core.verb:set package 'micro_ros_agent' build argument 'catkin_cmake_args' from command line to 'None'
[2.098s] Level 5:colcon.colcon_core.verb:set package 'micro_ros_agent' build argument 'catkin_skip_building_tests' from command line to 'False'
[2.098s] DEBUG:colcon.colcon_core.verb:Building package 'micro_ros_agent' with the following arguments: {'ament_cmake_args': None, 'build_base': '/home/brsd/microros_ws/build/micro_ros_agent', 'catkin_cmake_args': None, 'catkin_skip_building_tests': False, 'cmake_args': None, 'cmake_clean_cache': False, 'cmake_clean_first': False, 'cmake_force_configure': False, 'cmake_target': None, 'cmake_target_skip_unavailable': False, 'install_base': '/home/brsd/microros_ws/install/micro_ros_agent', 'merge_install': False, 'path': '/home/brsd/microros_ws/src/uros/micro-ROS-Agent/micro_ros_agent', 'symlink_install': False, 'test_result_base': None}
[2.099s] INFO:colcon.colcon_core.executor:Executing jobs using 'parallel' executor
[2.102s] DEBUG:colcon.colcon_parallel_executor.executor.parallel:run_until_complete
[2.103s] INFO:colcon.colcon_ros.task.ament_cmake.build:Building ROS package in '/home/brsd/microros_ws/src/uros/micro_ros_msgs' with build type 'ament_cmake'
[2.103s] INFO:colcon.colcon_cmake.task.cmake.build:Building CMake package in '/home/brsd/microros_ws/src/uros/micro_ros_msgs'
[2.112s] INFO:colcon.colcon_core.plugin_system:Skipping extension 'colcon_core.shell.bat': Not used on non-Windows systems
[2.113s] INFO:colcon.colcon_core.shell:Skip shell extension 'powershell' for command environment: Not usable outside of PowerShell
[2.113s] DEBUG:colcon.colcon_core.shell:Skip shell extension 'dsv' for command environment
[2.136s] INFO:colcon.colcon_ros.task.ament_cmake.build:Building ROS package in '/home/brsd/microros_ws/src/uros/drive_base/drive_base_msgs' with build type 'ament_cmake'
[2.137s] INFO:colcon.colcon_cmake.task.cmake.build:Building CMake package in '/home/brsd/microros_ws/src/uros/drive_base/drive_base_msgs'
[2.139s] INFO:colcon.colcon_core.shell:Skip shell extension 'powershell' for command environment: Not usable outside of PowerShell
[2.140s] DEBUG:colcon.colcon_core.shell:Skip shell extension 'dsv' for command environment
[2.161s] INFO:colcon.colcon_ros.task.ament_python.build:Building ROS package in '/home/brsd/microros_ws/src/jetson_comm' with build type 'ament_python'
[2.162s] Level 1:colcon.colcon_core.shell:create_environment_hook('jetson_comm', 'ament_prefix_path')
[2.164s] INFO:colcon.colcon_core.shell:Creating environment hook '/home/brsd/microros_ws/install/jetson_comm/share/jetson_comm/hook/ament_prefix_path.ps1'
[2.168s] INFO:colcon.colcon_core.shell:Creating environment descriptor '/home/brsd/microros_ws/install/jetson_comm/share/jetson_comm/hook/ament_prefix_path.dsv'
[2.170s] INFO:colcon.colcon_core.shell:Creating environment hook '/home/brsd/microros_ws/install/jetson_comm/share/jetson_comm/hook/ament_prefix_path.sh'
[2.174s] INFO:colcon.colcon_core.shell:Skip shell extension 'powershell' for command environment: Not usable outside of PowerShell
[2.174s] DEBUG:colcon.colcon_core.shell:Skip shell extension 'dsv' for command environment
[2.195s] INFO:colcon.colcon_ros.task.ament_cmake.build:Building ROS package in '/home/brsd/microros_ws/src/micro_ros_setup' with build type 'ament_cmake'
[2.196s] INFO:colcon.colcon_cmake.task.cmake.build:Building CMake package in '/home/brsd/microros_ws/src/micro_ros_setup'
[2.198s] INFO:colcon.colcon_core.shell:Skip shell extension 'powershell' for command environment: Not usable outside of PowerShell
[2.199s] DEBUG:colcon.colcon_core.shell:Skip shell extension 'dsv' for command environment
[2.246s] DEBUG:colcon.colcon_core.event_handler.log_command:Invoking command in '/home/brsd/microros_ws/build/micro_ros_msgs': CMAKE_PREFIX_PATH=${CMAKE_PREFIX_PATH}:/home/brsd/microros_ws/install/jetson_comm:/opt/ros/foxy /usr/bin/cmake --build /home/brsd/microros_ws/build/micro_ros_msgs -- -j4 -l4
[2.273s] DEBUG:colcon.colcon_core.event_handler.log_command:Invoking command in '/home/brsd/microros_ws/build/drive_base_msgs': CMAKE_PREFIX_PATH=${CMAKE_PREFIX_PATH}:/home/brsd/microros_ws/install/jetson_comm:/opt/ros/foxy /usr/bin/cmake --build /home/brsd/microros_ws/build/drive_base_msgs -- -j4 -l4
[3.504s] INFO:colcon.colcon_core.task.python.build:Building Python package in '/home/brsd/microros_ws/src/jetson_comm'
[3.506s] INFO:colcon.colcon_core.shell:Skip shell extension 'powershell' for command environment: Not usable outside of PowerShell
[3.507s] DEBUG:colcon.colcon_core.shell:Skip shell extension 'dsv' for command environment
[3.547s] DEBUG:colcon.colcon_core.event_handler.log_command:Invoking command in '/home/brsd/microros_ws/build/micro_ros_setup': CMAKE_PREFIX_PATH=${CMAKE_PREFIX_PATH}:/home/brsd/microros_ws/install/jetson_comm:/opt/ros/foxy /usr/bin/cmake --build /home/brsd/microros_ws/build/micro_ros_setup -- -j4 -l4
[3.599s] DEBUG:colcon.colcon_core.event_handler.log_command:Invoked command in '/home/brsd/microros_ws/build/drive_base_msgs' returned '0': CMAKE_PREFIX_PATH=${CMAKE_PREFIX_PATH}:/home/brsd/microros_ws/install/jetson_comm:/opt/ros/foxy /usr/bin/cmake --build /home/brsd/microros_ws/build/drive_base_msgs -- -j4 -l4
[3.608s] DEBUG:colcon.colcon_core.event_handler.log_command:Invoked command in '/home/brsd/microros_ws/build/micro_ros_msgs' returned '0': CMAKE_PREFIX_PATH=${CMAKE_PREFIX_PATH}:/home/brsd/microros_ws/install/jetson_comm:/opt/ros/foxy /usr/bin/cmake --build /home/brsd/microros_ws/build/micro_ros_msgs -- -j4 -l4
[3.736s] DEBUG:colcon.colcon_core.event_handler.log_command:Invoked command in '/home/brsd/microros_ws/build/micro_ros_setup' returned '0': CMAKE_PREFIX_PATH=${CMAKE_PREFIX_PATH}:/home/brsd/microros_ws/install/jetson_comm:/opt/ros/foxy /usr/bin/cmake --build /home/brsd/microros_ws/build/micro_ros_setup -- -j4 -l4
[3.883s] DEBUG:colcon.colcon_core.event_handler.log_command:Invoking command in '/home/brsd/microros_ws/build/micro_ros_setup': CMAKE_PREFIX_PATH=${CMAKE_PREFIX_PATH}:/home/brsd/microros_ws/install/jetson_comm:/opt/ros/foxy /usr/bin/cmake --install /home/brsd/microros_ws/build/micro_ros_setup
[3.952s] Level 1:colcon.colcon_core.environment:create_environment_scripts_only(micro_ros_setup)
[3.981s] Level 1:colcon.colcon_core.environment:checking '/home/brsd/microros_ws/install/micro_ros_setup' for CMake module files
[3.984s] Level 1:colcon.colcon_core.environment:checking '/home/brsd/microros_ws/install/micro_ros_setup' for CMake config files
[3.991s] Level 1:colcon.colcon_core.shell:create_environment_hook('micro_ros_setup', 'cmake_prefix_path')
[3.994s] INFO:colcon.colcon_core.shell:Creating environment hook '/home/brsd/microros_ws/install/micro_ros_setup/share/micro_ros_setup/hook/cmake_prefix_path.ps1'
[3.996s] INFO:colcon.colcon_core.shell:Creating environment descriptor '/home/brsd/microros_ws/install/micro_ros_setup/share/micro_ros_setup/hook/cmake_prefix_path.dsv'
[4.002s] INFO:colcon.colcon_core.shell:Creating environment hook '/home/brsd/microros_ws/install/micro_ros_setup/share/micro_ros_setup/hook/cmake_prefix_path.sh'
[4.006s] Level 1:colcon.colcon_core.environment:checking '/home/brsd/microros_ws/install/micro_ros_setup/lib'
[4.007s] Level 1:colcon.colcon_core.environment:checking '/home/brsd/microros_ws/install/micro_ros_setup/bin'
[4.007s] Level 1:colcon.colcon_core.environment:checking '/home/brsd/microros_ws/install/micro_ros_setup/lib/pkgconfig/micro_ros_setup.pc'
[4.008s] Level 1:colcon.colcon_core.environment:checking '/home/brsd/microros_ws/install/micro_ros_setup/lib/python3.8/site-packages'
[4.009s] Level 1:colcon.colcon_core.environment:checking '/home/brsd/microros_ws/install/micro_ros_setup/bin'
[4.011s] INFO:colcon.colcon_core.shell:Creating package script '/home/brsd/microros_ws/install/micro_ros_setup/share/micro_ros_setup/package.ps1'
[4.018s] INFO:colcon.colcon_core.shell:Creating package descriptor '/home/brsd/microros_ws/install/micro_ros_setup/share/micro_ros_setup/package.dsv'
[4.023s] INFO:colcon.colcon_core.shell:Creating package script '/home/brsd/microros_ws/install/micro_ros_setup/share/micro_ros_setup/package.sh'
[4.029s] INFO:colcon.colcon_core.shell:Creating package script '/home/brsd/microros_ws/install/micro_ros_setup/share/micro_ros_setup/package.bash'
[4.034s] INFO:colcon.colcon_core.shell:Creating package script '/home/brsd/microros_ws/install/micro_ros_setup/share/micro_ros_setup/package.zsh'
[4.039s] Level 1:colcon.colcon_core.environment:create_file_with_runtime_dependencies(/home/brsd/microros_ws/install/micro_ros_setup/share/colcon-core/packages/micro_ros_setup)
[4.112s] DEBUG:colcon.colcon_core.event_handler.log_command:Invoked command in '/home/brsd/microros_ws/build/micro_ros_setup' returned '0': CMAKE_PREFIX_PATH=${CMAKE_PREFIX_PATH}:/home/brsd/microros_ws/install/jetson_comm:/opt/ros/foxy /usr/bin/cmake --install /home/brsd/microros_ws/build/micro_ros_setup
[4.125s] DEBUG:colcon.colcon_core.event_handler.log_command:Invoking command in '/home/brsd/microros_ws/build/micro_ros_msgs': CMAKE_PREFIX_PATH=${CMAKE_PREFIX_PATH}:/home/brsd/microros_ws/install/jetson_comm:/opt/ros/foxy /usr/bin/cmake --install /home/brsd/microros_ws/build/micro_ros_msgs
[4.130s] DEBUG:colcon.colcon_core.event_handler.log_command:Invoking command in '/home/brsd/microros_ws/build/drive_base_msgs': CMAKE_PREFIX_PATH=${CMAKE_PREFIX_PATH}:/home/brsd/microros_ws/install/jetson_comm:/opt/ros/foxy /usr/bin/cmake --install /home/brsd/microros_ws/build/drive_base_msgs
[4.183s] Level 1:colcon.colcon_core.environment:create_environment_scripts_only(micro_ros_setup)
[4.184s] Level 1:colcon.colcon_core.environment:checking '/home/brsd/microros_ws/install/micro_ros_setup' for CMake module files
[4.189s] Level 1:colcon.colcon_core.environment:checking '/home/brsd/microros_ws/install/micro_ros_setup' for CMake config files
[4.196s] Level 1:colcon.colcon_core.shell:create_environment_hook('micro_ros_setup', 'cmake_prefix_path')
[4.205s] INFO:colcon.colcon_core.shell:Creating environment hook '/home/brsd/microros_ws/install/micro_ros_setup/share/micro_ros_setup/hook/cmake_prefix_path.ps1'
[4.208s] INFO:colcon.colcon_core.shell:Creating environment descriptor '/home/brsd/microros_ws/install/micro_ros_setup/share/micro_ros_setup/hook/cmake_prefix_path.dsv'
[4.210s] INFO:colcon.colcon_core.shell:Creating environment hook '/home/brsd/microros_ws/install/micro_ros_setup/share/micro_ros_setup/hook/cmake_prefix_path.sh'
[4.213s] Level 1:colcon.colcon_core.environment:checking '/home/brsd/microros_ws/install/micro_ros_setup/lib'
[4.229s] Level 1:colcon.colcon_core.environment:checking '/home/brsd/microros_ws/install/micro_ros_setup/bin'
[4.229s] Level 1:colcon.colcon_core.environment:checking '/home/brsd/microros_ws/install/micro_ros_setup/lib/pkgconfig/micro_ros_setup.pc'
[4.230s] Level 1:colcon.colcon_core.environment:checking '/home/brsd/microros_ws/install/micro_ros_setup/lib/python3.8/site-packages'
[4.231s] Level 1:colcon.colcon_core.environment:checking '/home/brsd/microros_ws/install/micro_ros_setup/bin'
[4.233s] INFO:colcon.colcon_core.shell:Creating package script '/home/brsd/microros_ws/install/micro_ros_setup/share/micro_ros_setup/package.ps1'
[4.236s] INFO:colcon.colcon_core.shell:Creating package descriptor '/home/brsd/microros_ws/install/micro_ros_setup/share/micro_ros_setup/package.dsv'
[4.245s] INFO:colcon.colcon_core.shell:Creating package script '/home/brsd/microros_ws/install/micro_ros_setup/share/micro_ros_setup/package.sh'
[4.248s] INFO:colcon.colcon_core.shell:Creating package script '/home/brsd/microros_ws/install/micro_ros_setup/share/micro_ros_setup/package.bash'
[4.250s] INFO:colcon.colcon_core.shell:Creating package script '/home/brsd/microros_ws/install/micro_ros_setup/share/micro_ros_setup/package.zsh'
[4.252s] Level 1:colcon.colcon_core.environment:create_file_with_runtime_dependencies(/home/brsd/microros_ws/install/micro_ros_setup/share/colcon-core/packages/micro_ros_setup)
[4.370s] Level 1:colcon.colcon_core.environment:create_environment_scripts_only(micro_ros_msgs)
[4.371s] Level 1:colcon.colcon_core.environment:checking '/home/brsd/microros_ws/install/micro_ros_msgs' for CMake module files
[4.373s] DEBUG:colcon.colcon_core.event_handler.log_command:Invoked command in '/home/brsd/microros_ws/build/micro_ros_msgs' returned '0': CMAKE_PREFIX_PATH=${CMAKE_PREFIX_PATH}:/home/brsd/microros_ws/install/jetson_comm:/opt/ros/foxy /usr/bin/cmake --install /home/brsd/microros_ws/build/micro_ros_msgs
[4.397s] Level 1:colcon.colcon_core.environment:checking '/home/brsd/microros_ws/install/micro_ros_msgs' for CMake config files
[4.412s] Level 1:colcon.colcon_core.shell:create_environment_hook('micro_ros_msgs', 'cmake_prefix_path')
[4.414s] INFO:colcon.colcon_core.shell:Creating environment hook '/home/brsd/microros_ws/install/micro_ros_msgs/share/micro_ros_msgs/hook/cmake_prefix_path.ps1'
[4.417s] INFO:colcon.colcon_core.shell:Creating environment descriptor '/home/brsd/microros_ws/install/micro_ros_msgs/share/micro_ros_msgs/hook/cmake_prefix_path.dsv'
[4.420s] INFO:colcon.colcon_core.shell:Creating environment hook '/home/brsd/microros_ws/install/micro_ros_msgs/share/micro_ros_msgs/hook/cmake_prefix_path.sh'
[4.424s] Level 1:colcon.colcon_core.environment:checking '/home/brsd/microros_ws/install/micro_ros_msgs/lib'
[4.425s] Level 1:colcon.colcon_core.shell:create_environment_hook('micro_ros_msgs', 'ld_library_path_lib')
[4.426s] INFO:colcon.colcon_core.shell:Creating environment hook '/home/brsd/microros_ws/install/micro_ros_msgs/share/micro_ros_msgs/hook/ld_library_path_lib.ps1'
[4.429s] INFO:colcon.colcon_core.shell:Creating environment descriptor '/home/brsd/microros_ws/install/micro_ros_msgs/share/micro_ros_msgs/hook/ld_library_path_lib.dsv'
[4.430s] INFO:colcon.colcon_core.shell:Creating environment hook '/home/brsd/microros_ws/install/micro_ros_msgs/share/micro_ros_msgs/hook/ld_library_path_lib.sh'
[4.432s] Level 1:colcon.colcon_core.environment:checking '/home/brsd/microros_ws/install/micro_ros_msgs/bin'
[4.432s] Level 1:colcon.colcon_core.environment:checking '/home/brsd/microros_ws/install/micro_ros_msgs/lib/pkgconfig/micro_ros_msgs.pc'
[4.433s] Level 1:colcon.colcon_core.environment:checking '/home/brsd/microros_ws/install/micro_ros_msgs/lib/python3.8/site-packages'
[4.433s] Level 1:colcon.colcon_core.shell:create_environment_hook('micro_ros_msgs', 'pythonpath')
[4.434s] INFO:colcon.colcon_core.shell:Creating environment hook '/home/brsd/microros_ws/install/micro_ros_msgs/share/micro_ros_msgs/hook/pythonpath.ps1'
[4.436s] INFO:colcon.colcon_core.shell:Creating environment descriptor '/home/brsd/microros_ws/install/micro_ros_msgs/share/micro_ros_msgs/hook/pythonpath.dsv'
[4.437s] INFO:colcon.colcon_core.shell:Creating environment hook '/home/brsd/microros_ws/install/micro_ros_msgs/share/micro_ros_msgs/hook/pythonpath.sh'
[4.439s] Level 1:colcon.colcon_core.environment:checking '/home/brsd/microros_ws/install/micro_ros_msgs/bin'
[4.441s] INFO:colcon.colcon_core.shell:Creating package script '/home/brsd/microros_ws/install/micro_ros_msgs/share/micro_ros_msgs/package.ps1'
[4.443s] INFO:colcon.colcon_core.shell:Creating package descriptor '/home/brsd/microros_ws/install/micro_ros_msgs/share/micro_ros_msgs/package.dsv'
[4.446s] INFO:colcon.colcon_core.shell:Creating package script '/home/brsd/microros_ws/install/micro_ros_msgs/share/micro_ros_msgs/package.sh'
[4.447s] INFO:colcon.colcon_core.shell:Creating package script '/home/brsd/microros_ws/install/micro_ros_msgs/share/micro_ros_msgs/package.bash'
[4.449s] INFO:colcon.colcon_core.shell:Creating package script '/home/brsd/microros_ws/install/micro_ros_msgs/share/micro_ros_msgs/package.zsh'
[4.450s] Level 1:colcon.colcon_core.environment:create_file_with_runtime_dependencies(/home/brsd/microros_ws/install/micro_ros_msgs/share/colcon-core/packages/micro_ros_msgs)
[4.464s] Level 1:colcon.colcon_core.environment:create_environment_scripts_only(drive_base_msgs)
[4.466s] Level 1:colcon.colcon_core.environment:checking '/home/brsd/microros_ws/install/drive_base_msgs' for CMake module files
[4.468s] DEBUG:colcon.colcon_core.event_handler.log_command:Invoked command in '/home/brsd/microros_ws/build/drive_base_msgs' returned '0': CMAKE_PREFIX_PATH=${CMAKE_PREFIX_PATH}:/home/brsd/microros_ws/install/jetson_comm:/opt/ros/foxy /usr/bin/cmake --install /home/brsd/microros_ws/build/drive_base_msgs
[4.471s] Level 1:colcon.colcon_core.environment:checking '/home/brsd/microros_ws/install/drive_base_msgs' for CMake config files
[4.474s] Level 1:colcon.colcon_core.shell:create_environment_hook('drive_base_msgs', 'cmake_prefix_path')
[4.475s] INFO:colcon.colcon_core.shell:Creating environment hook '/home/brsd/microros_ws/install/drive_base_msgs/share/drive_base_msgs/hook/cmake_prefix_path.ps1'
[4.478s] INFO:colcon.colcon_core.shell:Creating environment descriptor '/home/brsd/microros_ws/install/drive_base_msgs/share/drive_base_msgs/hook/cmake_prefix_path.dsv'
[4.479s] INFO:colcon.colcon_core.shell:Creating environment hook '/home/brsd/microros_ws/install/drive_base_msgs/share/drive_base_msgs/hook/cmake_prefix_path.sh'
[4.482s] Level 1:colcon.colcon_core.environment:checking '/home/brsd/microros_ws/install/drive_base_msgs/lib'
[4.482s] Level 1:colcon.colcon_core.shell:create_environment_hook('drive_base_msgs', 'ld_library_path_lib')
[4.484s] INFO:colcon.colcon_core.shell:Creating environment hook '/home/brsd/microros_ws/install/drive_base_msgs/share/drive_base_msgs/hook/ld_library_path_lib.ps1'
[4.486s] INFO:colcon.colcon_core.shell:Creating environment descriptor '/home/brsd/microros_ws/install/drive_base_msgs/share/drive_base_msgs/hook/ld_library_path_lib.dsv'
[4.487s] INFO:colcon.colcon_core.shell:Creating environment hook '/home/brsd/microros_ws/install/drive_base_msgs/share/drive_base_msgs/hook/ld_library_path_lib.sh'
[4.489s] Level 1:colcon.colcon_core.environment:checking '/home/brsd/microros_ws/install/drive_base_msgs/bin'
[4.489s] Level 1:colcon.colcon_core.environment:checking '/home/brsd/microros_ws/install/drive_base_msgs/lib/pkgconfig/drive_base_msgs.pc'
[4.490s] Level 1:colcon.colcon_core.environment:checking '/home/brsd/microros_ws/install/drive_base_msgs/lib/python3.8/site-packages'
[4.491s] Level 1:colcon.colcon_core.shell:create_environment_hook('drive_base_msgs', 'pythonpath')
[4.492s] INFO:colcon.colcon_core.shell:Creating environment hook '/home/brsd/microros_ws/install/drive_base_msgs/share/drive_base_msgs/hook/pythonpath.ps1'
[4.494s] INFO:colcon.colcon_core.shell:Creating environment descriptor '/home/brsd/microros_ws/install/drive_base_msgs/share/drive_base_msgs/hook/pythonpath.dsv'
[4.496s] INFO:colcon.colcon_core.shell:Creating environment hook '/home/brsd/microros_ws/install/drive_base_msgs/share/drive_base_msgs/hook/pythonpath.sh'
[4.498s] Level 1:colcon.colcon_core.environment:checking '/home/brsd/microros_ws/install/drive_base_msgs/bin'
[4.500s] INFO:colcon.colcon_core.shell:Creating package script '/home/brsd/microros_ws/install/drive_base_msgs/share/drive_base_msgs/package.ps1'
[4.503s] INFO:colcon.colcon_core.shell:Creating package descriptor '/home/brsd/microros_ws/install/drive_base_msgs/share/drive_base_msgs/package.dsv'
[4.505s] INFO:colcon.colcon_core.shell:Creating package script '/home/brsd/microros_ws/install/drive_base_msgs/share/drive_base_msgs/package.sh'
[4.508s] INFO:colcon.colcon_core.shell:Creating package script '/home/brsd/microros_ws/install/drive_base_msgs/share/drive_base_msgs/package.bash'
[4.510s] INFO:colcon.colcon_core.shell:Creating package script '/home/brsd/microros_ws/install/drive_base_msgs/share/drive_base_msgs/package.zsh'
[4.512s] Level 1:colcon.colcon_core.environment:create_file_with_runtime_dependencies(/home/brsd/microros_ws/install/drive_base_msgs/share/colcon-core/packages/drive_base_msgs)
[4.766s] Level 1:colcon.colcon_core.environment:create_environment_scripts_only(micro_ros_msgs)
[4.768s] Level 1:colcon.colcon_core.environment:checking '/home/brsd/microros_ws/install/micro_ros_msgs' for CMake module files
[4.771s] Level 1:colcon.colcon_core.environment:checking '/home/brsd/microros_ws/install/micro_ros_msgs' for CMake config files
[4.774s] Level 1:colcon.colcon_core.shell:create_environment_hook('micro_ros_msgs', 'cmake_prefix_path')
[4.775s] INFO:colcon.colcon_core.shell:Creating environment hook '/home/brsd/microros_ws/install/micro_ros_msgs/share/micro_ros_msgs/hook/cmake_prefix_path.ps1'
[4.778s] INFO:colcon.colcon_core.shell:Creating environment descriptor '/home/brsd/microros_ws/install/micro_ros_msgs/share/micro_ros_msgs/hook/cmake_prefix_path.dsv'
[4.779s] INFO:colcon.colcon_core.shell:Creating environment hook '/home/brsd/microros_ws/install/micro_ros_msgs/share/micro_ros_msgs/hook/cmake_prefix_path.sh'
[4.782s] Level 1:colcon.colcon_core.environment:checking '/home/brsd/microros_ws/install/micro_ros_msgs/lib'
[4.782s] Level 1:colcon.colcon_core.shell:create_environment_hook('micro_ros_msgs', 'ld_library_path_lib')
[4.784s] INFO:colcon.colcon_core.shell:Creating environment hook '/home/brsd/microros_ws/install/micro_ros_msgs/share/micro_ros_msgs/hook/ld_library_path_lib.ps1'
[4.786s] INFO:colcon.colcon_core.shell:Creating environment descriptor '/home/brsd/microros_ws/install/micro_ros_msgs/share/micro_ros_msgs/hook/ld_library_path_lib.dsv'
[4.787s] INFO:colcon.colcon_core.shell:Creating environment hook '/home/brsd/microros_ws/install/micro_ros_msgs/share/micro_ros_msgs/hook/ld_library_path_lib.sh'
[4.789s] Level 1:colcon.colcon_core.environment:checking '/home/brsd/microros_ws/install/micro_ros_msgs/bin'
[4.790s] Level 1:colcon.colcon_core.environment:checking '/home/brsd/microros_ws/install/micro_ros_msgs/lib/pkgconfig/micro_ros_msgs.pc'
[4.791s] Level 1:colcon.colcon_core.environment:checking '/home/brsd/microros_ws/install/micro_ros_msgs/lib/python3.8/site-packages'
[4.791s] Level 1:colcon.colcon_core.shell:create_environment_hook('micro_ros_msgs', 'pythonpath')
[4.792s] INFO:colcon.colcon_core.shell:Creating environment hook '/home/brsd/microros_ws/install/micro_ros_msgs/share/micro_ros_msgs/hook/pythonpath.ps1'
[4.794s] INFO:colcon.colcon_core.shell:Creating environment descriptor '/home/brsd/microros_ws/install/micro_ros_msgs/share/micro_ros_msgs/hook/pythonpath.dsv'
[4.796s] INFO:colcon.colcon_core.shell:Creating environment hook '/home/brsd/microros_ws/install/micro_ros_msgs/share/micro_ros_msgs/hook/pythonpath.sh'
[4.798s] Level 1:colcon.colcon_core.environment:checking '/home/brsd/microros_ws/install/micro_ros_msgs/bin'
[4.800s] INFO:colcon.colcon_core.shell:Creating package script '/home/brsd/microros_ws/install/micro_ros_msgs/share/micro_ros_msgs/package.ps1'
[4.803s] INFO:colcon.colcon_core.shell:Creating package descriptor '/home/brsd/microros_ws/install/micro_ros_msgs/share/micro_ros_msgs/package.dsv'
[4.806s] INFO:colcon.colcon_core.shell:Creating package script '/home/brsd/microros_ws/install/micro_ros_msgs/share/micro_ros_msgs/package.sh'
[4.808s] INFO:colcon.colcon_core.shell:Creating package script '/home/brsd/microros_ws/install/micro_ros_msgs/share/micro_ros_msgs/package.bash'
[4.810s] INFO:colcon.colcon_core.shell:Creating package script '/home/brsd/microros_ws/install/micro_ros_msgs/share/micro_ros_msgs/package.zsh'
[4.812s] Level 1:colcon.colcon_core.environment:create_file_with_runtime_dependencies(/home/brsd/microros_ws/install/micro_ros_msgs/share/colcon-core/packages/micro_ros_msgs)
[4.814s] INFO:colcon.colcon_ros.task.ament_cmake.build:Building ROS package in '/home/brsd/microros_ws/src/uros/micro-ROS-Agent/micro_ros_agent' with build type 'ament_cmake'
[4.815s] INFO:colcon.colcon_cmake.task.cmake.build:Building CMake package in '/home/brsd/microros_ws/src/uros/micro-ROS-Agent/micro_ros_agent'
[4.816s] INFO:colcon.colcon_core.shell:Skip shell extension 'powershell' for command environment: Not usable outside of PowerShell
[4.817s] DEBUG:colcon.colcon_core.shell:Skip shell extension 'dsv' for command environment
[4.883s] DEBUG:colcon.colcon_core.event_handler.log_command:Invoking command in '/home/brsd/microros_ws/build/micro_ros_agent': CMAKE_PREFIX_PATH=/home/brsd/microros_ws/install/micro_ros_msgs:/home/brsd/microros_ws/install/micro_ros_setup:/home/brsd/microros_ws/install/micro_ros_agent:/home/brsd/microros_ws/install/drive_base_msgs:/home/brsd/microros_ws/install/jetson_comm:/opt/ros/foxy LD_LIBRARY_PATH=/home/brsd/microros_ws/install/micro_ros_msgs/lib:/home/brsd/microros_ws/install/micro_ros_agent/lib:/home/brsd/microros_ws/install/drive_base_msgs/lib:/opt/ros/foxy/opt/yaml_cpp_vendor/lib:/opt/ros/foxy/opt/rviz_ogre_vendor/lib:/opt/ros/foxy/lib/aarch64-linux-gnu:/opt/ros/foxy/lib /usr/bin/cmake --build /home/brsd/microros_ws/build/micro_ros_agent -- -j4 -l4
[4.903s] Level 1:colcon.colcon_core.environment:create_environment_scripts_only(drive_base_msgs)
[4.905s] Level 1:colcon.colcon_core.environment:checking '/home/brsd/microros_ws/install/drive_base_msgs' for CMake module files
[4.908s] Level 1:colcon.colcon_core.environment:checking '/home/brsd/microros_ws/install/drive_base_msgs' for CMake config files
[4.911s] Level 1:colcon.colcon_core.shell:create_environment_hook('drive_base_msgs', 'cmake_prefix_path')
[4.913s] INFO:colcon.colcon_core.shell:Creating environment hook '/home/brsd/microros_ws/install/drive_base_msgs/share/drive_base_msgs/hook/cmake_prefix_path.ps1'
[4.916s] INFO:colcon.colcon_core.shell:Creating environment descriptor '/home/brsd/microros_ws/install/drive_base_msgs/share/drive_base_msgs/hook/cmake_prefix_path.dsv'
[4.918s] INFO:colcon.colcon_core.shell:Creating environment hook '/home/brsd/microros_ws/install/drive_base_msgs/share/drive_base_msgs/hook/cmake_prefix_path.sh'
[4.921s] Level 1:colcon.colcon_core.environment:checking '/home/brsd/microros_ws/install/drive_base_msgs/lib'
[4.922s] Level 1:colcon.colcon_core.shell:create_environment_hook('drive_base_msgs', 'ld_library_path_lib')
[4.923s] INFO:colcon.colcon_core.shell:Creating environment hook '/home/brsd/microros_ws/install/drive_base_msgs/share/drive_base_msgs/hook/ld_library_path_lib.ps1'
[4.925s] INFO:colcon.colcon_core.shell:Creating environment descriptor '/home/brsd/microros_ws/install/drive_base_msgs/share/drive_base_msgs/hook/ld_library_path_lib.dsv'
[4.927s] INFO:colcon.colcon_core.shell:Creating environment hook '/home/brsd/microros_ws/install/drive_base_msgs/share/drive_base_msgs/hook/ld_library_path_lib.sh'
[4.929s] Level 1:colcon.colcon_core.environment:checking '/home/brsd/microros_ws/install/drive_base_msgs/bin'
[4.929s] Level 1:colcon.colcon_core.environment:checking '/home/brsd/microros_ws/install/drive_base_msgs/lib/pkgconfig/drive_base_msgs.pc'
[4.931s] Level 1:colcon.colcon_core.environment:checking '/home/brsd/microros_ws/install/drive_base_msgs/lib/python3.8/site-packages'
[4.931s] Level 1:colcon.colcon_core.shell:create_environment_hook('drive_base_msgs', 'pythonpath')
[4.932s] INFO:colcon.colcon_core.shell:Creating environment hook '/home/brsd/microros_ws/install/drive_base_msgs/share/drive_base_msgs/hook/pythonpath.ps1'
[4.934s] INFO:colcon.colcon_core.shell:Creating environment descriptor '/home/brsd/microros_ws/install/drive_base_msgs/share/drive_base_msgs/hook/pythonpath.dsv'
[4.937s] INFO:colcon.colcon_core.shell:Creating environment hook '/home/brsd/microros_ws/install/drive_base_msgs/share/drive_base_msgs/hook/pythonpath.sh'
[4.940s] Level 1:colcon.colcon_core.environment:checking '/home/brsd/microros_ws/install/drive_base_msgs/bin'
[4.942s] INFO:colcon.colcon_core.shell:Creating package script '/home/brsd/microros_ws/install/drive_base_msgs/share/drive_base_msgs/package.ps1'
[4.945s] INFO:colcon.colcon_core.shell:Creating package descriptor '/home/brsd/microros_ws/install/drive_base_msgs/share/drive_base_msgs/package.dsv'
[4.949s] INFO:colcon.colcon_core.shell:Creating package script '/home/brsd/microros_ws/install/drive_base_msgs/share/drive_base_msgs/package.sh'
[4.952s] INFO:colcon.colcon_core.shell:Creating package script '/home/brsd/microros_ws/install/drive_base_msgs/share/drive_base_msgs/package.bash'
[4.954s] INFO:colcon.colcon_core.shell:Creating package script '/home/brsd/microros_ws/install/drive_base_msgs/share/drive_base_msgs/package.zsh'
[4.956s] Level 1:colcon.colcon_core.environment:create_file_with_runtime_dependencies(/home/brsd/microros_ws/install/drive_base_msgs/share/colcon-core/packages/drive_base_msgs)
[5.199s] DEBUG:colcon.colcon_core.event_handler.log_command:Invoked command in '/home/brsd/microros_ws/build/micro_ros_agent' returned '0': CMAKE_PREFIX_PATH=/home/brsd/microros_ws/install/micro_ros_msgs:/home/brsd/microros_ws/install/micro_ros_setup:/home/brsd/microros_ws/install/micro_ros_agent:/home/brsd/microros_ws/install/drive_base_msgs:/home/brsd/microros_ws/install/jetson_comm:/opt/ros/foxy LD_LIBRARY_PATH=/home/brsd/microros_ws/install/micro_ros_msgs/lib:/home/brsd/microros_ws/install/micro_ros_agent/lib:/home/brsd/microros_ws/install/drive_base_msgs/lib:/opt/ros/foxy/opt/yaml_cpp_vendor/lib:/opt/ros/foxy/opt/rviz_ogre_vendor/lib:/opt/ros/foxy/lib/aarch64-linux-gnu:/opt/ros/foxy/lib /usr/bin/cmake --build /home/brsd/microros_ws/build/micro_ros_agent -- -j4 -l4
[5.324s] DEBUG:colcon.colcon_core.event_handler.log_command:Invoking command in '/home/brsd/microros_ws/build/micro_ros_agent': CMAKE_PREFIX_PATH=/home/brsd/microros_ws/install/micro_ros_msgs:/home/brsd/microros_ws/install/micro_ros_setup:/home/brsd/microros_ws/install/micro_ros_agent:/home/brsd/microros_ws/install/drive_base_msgs:/home/brsd/microros_ws/install/jetson_comm:/opt/ros/foxy LD_LIBRARY_PATH=/home/brsd/microros_ws/install/micro_ros_msgs/lib:/home/brsd/microros_ws/install/micro_ros_agent/lib:/home/brsd/microros_ws/install/drive_base_msgs/lib:/opt/ros/foxy/opt/yaml_cpp_vendor/lib:/opt/ros/foxy/opt/rviz_ogre_vendor/lib:/opt/ros/foxy/lib/aarch64-linux-gnu:/opt/ros/foxy/lib /usr/bin/cmake --install /home/brsd/microros_ws/build/micro_ros_agent
[5.368s] Level 1:colcon.colcon_core.environment:create_environment_scripts_only(micro_ros_agent)
[5.370s] Level 1:colcon.colcon_core.environment:checking '/home/brsd/microros_ws/install/micro_ros_agent' for CMake module files
[5.374s] DEBUG:colcon.colcon_core.event_handler.log_command:Invoked command in '/home/brsd/microros_ws/build/micro_ros_agent' returned '0': CMAKE_PREFIX_PATH=/home/brsd/microros_ws/install/micro_ros_msgs:/home/brsd/microros_ws/install/micro_ros_setup:/home/brsd/microros_ws/install/micro_ros_agent:/home/brsd/microros_ws/install/drive_base_msgs:/home/brsd/microros_ws/install/jetson_comm:/opt/ros/foxy LD_LIBRARY_PATH=/home/brsd/microros_ws/install/micro_ros_msgs/lib:/home/brsd/microros_ws/install/micro_ros_agent/lib:/home/brsd/microros_ws/install/drive_base_msgs/lib:/opt/ros/foxy/opt/yaml_cpp_vendor/lib:/opt/ros/foxy/opt/rviz_ogre_vendor/lib:/opt/ros/foxy/lib/aarch64-linux-gnu:/opt/ros/foxy/lib /usr/bin/cmake --install /home/brsd/microros_ws/build/micro_ros_agent
[5.376s] Level 1:colcon.colcon_core.environment:checking '/home/brsd/microros_ws/install/micro_ros_agent' for CMake config files
[5.382s] Level 1:colcon.colcon_core.shell:create_environment_hook('micro_ros_agent', 'cmake_prefix_path')
[5.383s] INFO:colcon.colcon_core.shell:Creating environment hook '/home/brsd/microros_ws/install/micro_ros_agent/share/micro_ros_agent/hook/cmake_prefix_path.ps1'
[5.385s] INFO:colcon.colcon_core.shell:Creating environment descriptor '/home/brsd/microros_ws/install/micro_ros_agent/share/micro_ros_agent/hook/cmake_prefix_path.dsv'
[5.387s] INFO:colcon.colcon_core.shell:Creating environment hook '/home/brsd/microros_ws/install/micro_ros_agent/share/micro_ros_agent/hook/cmake_prefix_path.sh'
[5.389s] Level 1:colcon.colcon_core.environment:checking '/home/brsd/microros_ws/install/micro_ros_agent/lib'
[5.390s] Level 1:colcon.colcon_core.shell:create_environment_hook('micro_ros_agent', 'ld_library_path_lib')
[5.391s] INFO:colcon.colcon_core.shell:Creating environment hook '/home/brsd/microros_ws/install/micro_ros_agent/share/micro_ros_agent/hook/ld_library_path_lib.ps1'
[5.392s] INFO:colcon.colcon_core.shell:Creating environment descriptor '/home/brsd/microros_ws/install/micro_ros_agent/share/micro_ros_agent/hook/ld_library_path_lib.dsv'
[5.394s] INFO:colcon.colcon_core.shell:Creating environment hook '/home/brsd/microros_ws/install/micro_ros_agent/share/micro_ros_agent/hook/ld_library_path_lib.sh'
[5.396s] Level 1:colcon.colcon_core.environment:checking '/home/brsd/microros_ws/install/micro_ros_agent/bin'
[5.396s] Level 1:colcon.colcon_core.environment:checking '/home/brsd/microros_ws/install/micro_ros_agent/lib/pkgconfig/micro_ros_agent.pc'
[5.397s] Level 1:colcon.colcon_core.environment:checking '/home/brsd/microros_ws/install/micro_ros_agent/lib/python3.8/site-packages'
[5.398s] Level 1:colcon.colcon_core.environment:checking '/home/brsd/microros_ws/install/micro_ros_agent/bin'
[5.400s] INFO:colcon.colcon_core.shell:Creating package script '/home/brsd/microros_ws/install/micro_ros_agent/share/micro_ros_agent/package.ps1'
[5.402s] INFO:colcon.colcon_core.shell:Creating package descriptor '/home/brsd/microros_ws/install/micro_ros_agent/share/micro_ros_agent/package.dsv'
[5.404s] INFO:colcon.colcon_core.shell:Creating package script '/home/brsd/microros_ws/install/micro_ros_agent/share/micro_ros_agent/package.sh'
[5.407s] INFO:colcon.colcon_core.shell:Creating package script '/home/brsd/microros_ws/install/micro_ros_agent/share/micro_ros_agent/package.bash'
[5.409s] INFO:colcon.colcon_core.shell:Creating package script '/home/brsd/microros_ws/install/micro_ros_agent/share/micro_ros_agent/package.zsh'
[5.411s] Level 1:colcon.colcon_core.environment:create_file_with_runtime_dependencies(/home/brsd/microros_ws/install/micro_ros_agent/share/colcon-core/packages/micro_ros_agent)
[5.536s] Level 1:colcon.colcon_core.environment:create_environment_scripts_only(micro_ros_agent)
[5.538s] Level 1:colcon.colcon_core.environment:checking '/home/brsd/microros_ws/install/micro_ros_agent' for CMake module files
[5.542s] Level 1:colcon.colcon_core.environment:checking '/home/brsd/microros_ws/install/micro_ros_agent' for CMake config files
[5.548s] Level 1:colcon.colcon_core.shell:create_environment_hook('micro_ros_agent', 'cmake_prefix_path')
[5.549s] INFO:colcon.colcon_core.shell:Creating environment hook '/home/brsd/microros_ws/install/micro_ros_agent/share/micro_ros_agent/hook/cmake_prefix_path.ps1'
[5.552s] INFO:colcon.colcon_core.shell:Creating environment descriptor '/home/brsd/microros_ws/install/micro_ros_agent/share/micro_ros_agent/hook/cmake_prefix_path.dsv'
[5.554s] INFO:colcon.colcon_core.shell:Creating environment hook '/home/brsd/microros_ws/install/micro_ros_agent/share/micro_ros_agent/hook/cmake_prefix_path.sh'
[5.557s] Level 1:colcon.colcon_core.environment:checking '/home/brsd/microros_ws/install/micro_ros_agent/lib'
[5.557s] Level 1:colcon.colcon_core.shell:create_environment_hook('micro_ros_agent', 'ld_library_path_lib')
[5.558s] INFO:colcon.colcon_core.shell:Creating environment hook '/home/brsd/microros_ws/install/micro_ros_agent/share/micro_ros_agent/hook/ld_library_path_lib.ps1'
[5.560s] INFO:colcon.colcon_core.shell:Creating environment descriptor '/home/brsd/microros_ws/install/micro_ros_agent/share/micro_ros_agent/hook/ld_library_path_lib.dsv'
[5.562s] INFO:colcon.colcon_core.shell:Creating environment hook '/home/brsd/microros_ws/install/micro_ros_agent/share/micro_ros_agent/hook/ld_library_path_lib.sh'
[5.564s] Level 1:colcon.colcon_core.environment:checking '/home/brsd/microros_ws/install/micro_ros_agent/bin'
[5.564s] Level 1:colcon.colcon_core.environment:checking '/home/brsd/microros_ws/install/micro_ros_agent/lib/pkgconfig/micro_ros_agent.pc'
[5.565s] Level 1:colcon.colcon_core.environment:checking '/home/brsd/microros_ws/install/micro_ros_agent/lib/python3.8/site-packages'
[5.566s] Level 1:colcon.colcon_core.environment:checking '/home/brsd/microros_ws/install/micro_ros_agent/bin'
[5.568s] INFO:colcon.colcon_core.shell:Creating package script '/home/brsd/microros_ws/install/micro_ros_agent/share/micro_ros_agent/package.ps1'
[5.570s] INFO:colcon.colcon_core.shell:Creating package descriptor '/home/brsd/microros_ws/install/micro_ros_agent/share/micro_ros_agent/package.dsv'
[5.573s] INFO:colcon.colcon_core.shell:Creating package script '/home/brsd/microros_ws/install/micro_ros_agent/share/micro_ros_agent/package.sh'
[5.576s] INFO:colcon.colcon_core.shell:Creating package script '/home/brsd/microros_ws/install/micro_ros_agent/share/micro_ros_agent/package.bash'
[5.579s] INFO:colcon.colcon_core.shell:Creating package script '/home/brsd/microros_ws/install/micro_ros_agent/share/micro_ros_agent/package.zsh'
[5.581s] Level 1:colcon.colcon_core.environment:create_file_with_runtime_dependencies(/home/brsd/microros_ws/install/micro_ros_agent/share/colcon-core/packages/micro_ros_agent)
[5.594s] DEBUG:colcon.colcon_core.event_handler.log_command:Invoking command in '/home/brsd/microros_ws/src/jetson_comm': PYTHONPATH=/home/brsd/microros_ws/build/jetson_comm/prefix_override:/usr/lib/python3/dist-packages/colcon_core/task/python/colcon_distutils_commands:/home/brsd/microros_ws/install/jetson_comm/lib/python3.8/site-packages:${PYTHONPATH} /usr/bin/python3 -W ignore:setup.py install is deprecated setup.py egg_info --egg-base ../../build/jetson_comm build --build-base /home/brsd/microros_ws/build/jetson_comm/build install --record /home/brsd/microros_ws/build/jetson_comm/install.log --install-scripts $base/lib/jetson_comm --single-version-externally-managed install_data
[6.899s] Level 1:colcon.colcon_core.environment:checking '/home/brsd/microros_ws/install/jetson_comm' for CMake module files
[6.901s] DEBUG:colcon.colcon_core.event_handler.log_command:Invoked command in '/home/brsd/microros_ws/src/jetson_comm' returned '0': PYTHONPATH=/home/brsd/microros_ws/build/jetson_comm/prefix_override:/usr/lib/python3/dist-packages/colcon_core/task/python/colcon_distutils_commands:/home/brsd/microros_ws/install/jetson_comm/lib/python3.8/site-packages:${PYTHONPATH} /usr/bin/python3 -W ignore:setup.py install is deprecated setup.py egg_info --egg-base ../../build/jetson_comm build --build-base /home/brsd/microros_ws/build/jetson_comm/build install --record /home/brsd/microros_ws/build/jetson_comm/install.log --install-scripts $base/lib/jetson_comm --single-version-externally-managed install_data
[6.903s] Level 1:colcon.colcon_core.environment:checking '/home/brsd/microros_ws/install/jetson_comm' for CMake config files
[6.905s] Level 1:colcon.colcon_core.environment:checking '/home/brsd/microros_ws/install/jetson_comm/lib'
[6.905s] Level 1:colcon.colcon_core.environment:checking '/home/brsd/microros_ws/install/jetson_comm/bin'
[6.905s] Level 1:colcon.colcon_core.environment:checking '/home/brsd/microros_ws/install/jetson_comm/lib/pkgconfig/jetson_comm.pc'
[6.906s] Level 1:colcon.colcon_core.environment:checking '/home/brsd/microros_ws/install/jetson_comm/lib/python3.8/site-packages'
[6.907s] Level 1:colcon.colcon_core.shell:create_environment_hook('jetson_comm', 'pythonpath')
[6.908s] INFO:colcon.colcon_core.shell:Creating environment hook '/home/brsd/microros_ws/install/jetson_comm/share/jetson_comm/hook/pythonpath.ps1'
[6.910s] INFO:colcon.colcon_core.shell:Creating environment descriptor '/home/brsd/microros_ws/install/jetson_comm/share/jetson_comm/hook/pythonpath.dsv'
[6.911s] INFO:colcon.colcon_core.shell:Creating environment hook '/home/brsd/microros_ws/install/jetson_comm/share/jetson_comm/hook/pythonpath.sh'
[6.913s] Level 1:colcon.colcon_core.environment:checking '/home/brsd/microros_ws/install/jetson_comm/bin'
[6.913s] Level 1:colcon.colcon_core.environment:create_environment_scripts_only(jetson_comm)
[6.915s] INFO:colcon.colcon_core.shell:Creating package script '/home/brsd/microros_ws/install/jetson_comm/share/jetson_comm/package.ps1'
[6.917s] INFO:colcon.colcon_core.shell:Creating package descriptor '/home/brsd/microros_ws/install/jetson_comm/share/jetson_comm/package.dsv'
[6.919s] INFO:colcon.colcon_core.shell:Creating package script '/home/brsd/microros_ws/install/jetson_comm/share/jetson_comm/package.sh'
[6.920s] INFO:colcon.colcon_core.shell:Creating package script '/home/brsd/microros_ws/install/jetson_comm/share/jetson_comm/package.bash'
[6.922s] INFO:colcon.colcon_core.shell:Creating package script '/home/brsd/microros_ws/install/jetson_comm/share/jetson_comm/package.zsh'
[6.923s] Level 1:colcon.colcon_core.environment:create_file_with_runtime_dependencies(/home/brsd/microros_ws/install/jetson_comm/share/colcon-core/packages/jetson_comm)
[6.924s] DEBUG:colcon.colcon_parallel_executor.executor.parallel:closing loop
[6.925s] DEBUG:colcon.colcon_parallel_executor.executor.parallel:loop closed
[6.925s] DEBUG:colcon.colcon_parallel_executor.executor.parallel:run_until_complete finished with '0'
[6.926s] DEBUG:colcon.colcon_core.event_reactor:joining thread
[6.950s] INFO:colcon.colcon_core.plugin_system:Skipping extension 'colcon_notification.desktop_notification.terminal_notifier': Not used on non-Darwin systems
[6.950s] INFO:colcon.colcon_core.plugin_system:Skipping extension 'colcon_notification.desktop_notification.win32': Not used on non-Windows systems
[6.951s] INFO:colcon.colcon_notification.desktop_notification:Sending desktop notification using 'notify2'
[7.006s] DEBUG:colcon.colcon_core.event_reactor:joined thread
[7.007s] INFO:colcon.colcon_core.shell:Creating prefix script '/home/brsd/microros_ws/install/local_setup.ps1'
[7.013s] INFO:colcon.colcon_core.shell:Creating prefix util module '/home/brsd/microros_ws/install/_local_setup_util_ps1.py'
[7.020s] INFO:colcon.colcon_core.shell:Creating prefix chain script '/home/brsd/microros_ws/install/setup.ps1'
[7.026s] INFO:colcon.colcon_core.shell:Creating prefix script '/home/brsd/microros_ws/install/local_setup.sh'
[7.030s] INFO:colcon.colcon_core.shell:Creating prefix util module '/home/brsd/microros_ws/install/_local_setup_util_sh.py'
[7.033s] INFO:colcon.colcon_core.shell:Creating prefix chain script '/home/brsd/microros_ws/install/setup.sh'
[7.038s] INFO:colcon.colcon_core.shell:Creating prefix script '/home/brsd/microros_ws/install/local_setup.bash'
[7.040s] INFO:colcon.colcon_core.shell:Creating prefix chain script '/home/brsd/microros_ws/install/setup.bash'
[7.045s] INFO:colcon.colcon_core.shell:Creating prefix script '/home/brsd/microros_ws/install/local_setup.zsh'
[7.048s] INFO:colcon.colcon_core.shell:Creating prefix chain script '/home/brsd/microros_ws/install/setup.zsh'
