[5.537s] Invoking command in '/home/brsd/microros_ws/src/joystick_input': PYTHONPATH=/home/brsd/microros_ws/build/joystick_input/prefix_override:/usr/lib/python3/dist-packages/colcon_core/task/python/colcon_distutils_commands:/home/brsd/microros_ws/install/joystick_input/lib/python3.8/site-packages:${PYTHONPATH} /usr/bin/python3 -W ignore:setup.py install is deprecated setup.py egg_info --egg-base ../../build/joystick_input build --build-base /home/brsd/microros_ws/build/joystick_input/build install --record /home/brsd/microros_ws/build/joystick_input/install.log --install-scripts $base/lib/joystick_input --single-version-externally-managed install_data
[7.184s] running egg_info
[7.190s] writing ../../build/joystick_input/joystick_input.egg-info/PKG-INFO
[7.194s] writing dependency_links to ../../build/joystick_input/joystick_input.egg-info/dependency_links.txt
[7.197s] writing entry points to ../../build/joystick_input/joystick_input.egg-info/entry_points.txt
[7.200s] writing requirements to ../../build/joystick_input/joystick_input.egg-info/requires.txt
[7.203s] writing top-level names to ../../build/joystick_input/joystick_input.egg-info/top_level.txt
[7.433s] reading manifest file '../../build/joystick_input/joystick_input.egg-info/SOURCES.txt'
[7.438s] writing manifest file '../../build/joystick_input/joystick_input.egg-info/SOURCES.txt'
[7.441s] running build
[7.442s] running build_py
[7.443s] running install
[7.447s] running install_lib
[7.455s] running install_data
[7.456s] running install_egg_info
[7.466s] removing '/home/brsd/microros_ws/install/joystick_input/lib/python3.8/site-packages/joystick_input-0.0.0-py3.8.egg-info' (and everything under it)
[7.468s] Copying ../../build/joystick_input/joystick_input.egg-info to /home/brsd/microros_ws/install/joystick_input/lib/python3.8/site-packages/joystick_input-0.0.0-py3.8.egg-info
[7.473s] running install_scripts
[7.598s] Installing joystick_node script to /home/brsd/microros_ws/install/joystick_input/lib/joystick_input
[7.601s] writing list of installed files to '/home/brsd/microros_ws/build/joystick_input/install.log'
[9.228s] Invoked command in '/home/brsd/microros_ws/src/joystick_input' returned '0': PYTHONPATH=/home/brsd/microros_ws/build/joystick_input/prefix_override:/usr/lib/python3/dist-packages/colcon_core/task/python/colcon_distutils_commands:/home/brsd/microros_ws/install/joystick_input/lib/python3.8/site-packages:${PYTHONPATH} /usr/bin/python3 -W ignore:setup.py install is deprecated setup.py egg_info --egg-base ../../build/joystick_input build --build-base /home/brsd/microros_ws/build/joystick_input/build install --record /home/brsd/microros_ws/build/joystick_input/install.log --install-scripts $base/lib/joystick_input --single-version-externally-managed install_data
