[6.692s] Invoking command in '/home/brsd/microros_ws/src/joystick_input': PYTHONPATH=/home/brsd/microros_ws/build/joystick_input/prefix_override:/usr/lib/python3/dist-packages/colcon_core/task/python/colcon_distutils_commands:/home/brsd/microros_ws/install/joystick_input/lib/python3.8/site-packages:${PYTHONPATH} /usr/bin/python3 -W ignore:setup.py install is deprecated setup.py egg_info --egg-base ../../build/joystick_input build --build-base /home/brsd/microros_ws/build/joystick_input/build install --record /home/brsd/microros_ws/build/joystick_input/install.log --install-scripts $base/lib/joystick_input --single-version-externally-managed install_data
[8.573s] running egg_info
[8.579s] writing ../../build/joystick_input/joystick_input.egg-info/PKG-INFO
[8.583s] writing dependency_links to ../../build/joystick_input/joystick_input.egg-info/dependency_links.txt
[8.584s] writing entry points to ../../build/joystick_input/joystick_input.egg-info/entry_points.txt
[8.586s] writing requirements to ../../build/joystick_input/joystick_input.egg-info/requires.txt
[8.587s] writing top-level names to ../../build/joystick_input/joystick_input.egg-info/top_level.txt
[8.818s] reading manifest file '../../build/joystick_input/joystick_input.egg-info/SOURCES.txt'
[8.824s] writing manifest file '../../build/joystick_input/joystick_input.egg-info/SOURCES.txt'
[8.826s] running build
[8.827s] running build_py
[8.830s] running install
[8.835s] running install_lib
[8.846s] running install_data
[8.848s] running install_egg_info
[8.858s] removing '/home/brsd/microros_ws/install/joystick_input/lib/python3.8/site-packages/joystick_input-0.0.0-py3.8.egg-info' (and everything under it)
[8.871s] Copying ../../build/joystick_input/joystick_input.egg-info to /home/brsd/microros_ws/install/joystick_input/lib/python3.8/site-packages/joystick_input-0.0.0-py3.8.egg-info
[8.877s] running install_scripts
[8.963s] Installing joystick_node script to /home/brsd/microros_ws/install/joystick_input/lib/joystick_input
[8.965s] writing list of installed files to '/home/brsd/microros_ws/build/joystick_input/install.log'
[9.089s] Invoked command in '/home/brsd/microros_ws/src/joystick_input' returned '0': PYTHONPATH=/home/brsd/microros_ws/build/joystick_input/prefix_override:/usr/lib/python3/dist-packages/colcon_core/task/python/colcon_distutils_commands:/home/brsd/microros_ws/install/joystick_input/lib/python3.8/site-packages:${PYTHONPATH} /usr/bin/python3 -W ignore:setup.py install is deprecated setup.py egg_info --egg-base ../../build/joystick_input build --build-base /home/brsd/microros_ws/build/joystick_input/build install --record /home/brsd/microros_ws/build/joystick_input/install.log --install-scripts $base/lib/joystick_input --single-version-externally-managed install_data
