[5.929s] Invoking command in '/home/brsd/microros_ws/src/fsm': PYTHONPATH=/home/brsd/microros_ws/build/fsm/prefix_override:/usr/lib/python3/dist-packages/colcon_core/task/python/colcon_distutils_commands:/home/brsd/microros_ws/install/fsm/lib/python3.8/site-packages:${PYTHONPATH} /usr/bin/python3 -W ignore:setup.py install is deprecated setup.py egg_info --egg-base ../../build/fsm build --build-base /home/brsd/microros_ws/build/fsm/build install --record /home/brsd/microros_ws/build/fsm/install.log --install-scripts $base/lib/fsm --single-version-externally-managed install_data
[7.863s] running egg_info
[7.867s] writing ../../build/fsm/fsm.egg-info/PKG-INFO
[7.868s] writing dependency_links to ../../build/fsm/fsm.egg-info/dependency_links.txt
[7.868s] writing entry points to ../../build/fsm/fsm.egg-info/entry_points.txt
[7.868s] writing requirements to ../../build/fsm/fsm.egg-info/requires.txt
[7.877s] writing top-level names to ../../build/fsm/fsm.egg-info/top_level.txt
[8.182s] reading manifest file '../../build/fsm/fsm.egg-info/SOURCES.txt'
[8.186s] writing manifest file '../../build/fsm/fsm.egg-info/SOURCES.txt'
[8.193s] running build
[8.194s] running build_py
[8.194s] running install
[8.195s] running install_lib
[8.217s] running install_data
[8.219s] running install_egg_info
[8.228s] removing '/home/brsd/microros_ws/install/fsm/lib/python3.8/site-packages/fsm-0.0.0-py3.8.egg-info' (and everything under it)
[8.232s] Copying ../../build/fsm/fsm.egg-info to /home/brsd/microros_ws/install/fsm/lib/python3.8/site-packages/fsm-0.0.0-py3.8.egg-info
[8.241s] running install_scripts
[8.368s] Installing brsd_fsm_node script to /home/brsd/microros_ws/install/fsm/lib/fsm
[8.372s] writing list of installed files to '/home/brsd/microros_ws/build/fsm/install.log'
[10.393s] Invoked command in '/home/brsd/microros_ws/src/fsm' returned '0': PYTHONPATH=/home/brsd/microros_ws/build/fsm/prefix_override:/usr/lib/python3/dist-packages/colcon_core/task/python/colcon_distutils_commands:/home/brsd/microros_ws/install/fsm/lib/python3.8/site-packages:${PYTHONPATH} /usr/bin/python3 -W ignore:setup.py install is deprecated setup.py egg_info --egg-base ../../build/fsm build --build-base /home/brsd/microros_ws/build/fsm/build install --record /home/brsd/microros_ws/build/fsm/install.log --install-scripts $base/lib/fsm --single-version-externally-managed install_data
