[9.705s] Invoking command in '/home/brsd/microros_ws/src/joystick_input': PYTHONPATH=/home/brsd/microros_ws/build/joystick_input/prefix_override:/usr/lib/python3/dist-packages/colcon_core/task/python/colcon_distutils_commands:/home/brsd/microros_ws/install/joystick_input/lib/python3.8/site-packages:${PYTHONPATH} /usr/bin/python3 -W ignore:setup.py install is deprecated setup.py egg_info --egg-base ../../build/joystick_input build --build-base /home/brsd/microros_ws/build/joystick_input/build install --record /home/brsd/microros_ws/build/joystick_input/install.log --install-scripts $base/lib/joystick_input --single-version-externally-managed install_data
[12.205s] running egg_info
[12.220s] writing ../../build/joystick_input/joystick_input.egg-info/PKG-INFO
[12.224s] writing dependency_links to ../../build/joystick_input/joystick_input.egg-info/dependency_links.txt
[12.231s] writing entry points to ../../build/joystick_input/joystick_input.egg-info/entry_points.txt
[12.233s] writing requirements to ../../build/joystick_input/joystick_input.egg-info/requires.txt
[12.234s] writing top-level names to ../../build/joystick_input/joystick_input.egg-info/top_level.txt
[12.546s] reading manifest file '../../build/joystick_input/joystick_input.egg-info/SOURCES.txt'
[12.556s] writing manifest file '../../build/joystick_input/joystick_input.egg-info/SOURCES.txt'
[12.558s] running build
[12.559s] running build_py
[12.562s] running install
[12.573s] running install_lib
[12.600s] running install_data
[12.602s] running install_egg_info
[12.623s] removing '/home/brsd/microros_ws/install/joystick_input/lib/python3.8/site-packages/joystick_input-0.0.0-py3.8.egg-info' (and everything under it)
[12.626s] Copying ../../build/joystick_input/joystick_input.egg-info to /home/brsd/microros_ws/install/joystick_input/lib/python3.8/site-packages/joystick_input-0.0.0-py3.8.egg-info
[12.636s] running install_scripts
[12.848s] Installing joystick_node script to /home/brsd/microros_ws/install/joystick_input/lib/joystick_input
[12.855s] writing list of installed files to '/home/brsd/microros_ws/build/joystick_input/install.log'
[13.342s] Invoked command in '/home/brsd/microros_ws/src/joystick_input' returned '0': PYTHONPATH=/home/brsd/microros_ws/build/joystick_input/prefix_override:/usr/lib/python3/dist-packages/colcon_core/task/python/colcon_distutils_commands:/home/brsd/microros_ws/install/joystick_input/lib/python3.8/site-packages:${PYTHONPATH} /usr/bin/python3 -W ignore:setup.py install is deprecated setup.py egg_info --egg-base ../../build/joystick_input build --build-base /home/brsd/microros_ws/build/joystick_input/build install --record /home/brsd/microros_ws/build/joystick_input/install.log --install-scripts $base/lib/joystick_input --single-version-externally-managed install_data
