[3.749s] Invoking command in '/home/brsd/microros_ws/src/joystick_input': PYTHONPATH=/home/brsd/microros_ws/build/joystick_input/prefix_override:/usr/lib/python3/dist-packages/colcon_core/task/python/colcon_distutils_commands:/home/brsd/microros_ws/install/joystick_input/lib/python3.8/site-packages:${PYTHONPATH} /usr/bin/python3 -W ignore:setup.py install is deprecated setup.py egg_info --egg-base ../../build/joystick_input build --build-base /home/brsd/microros_ws/build/joystick_input/build install --record /home/brsd/microros_ws/build/joystick_input/install.log --install-scripts $base/lib/joystick_input --single-version-externally-managed install_data
[4.894s] running egg_info
[4.896s] writing ../../build/joystick_input/joystick_input.egg-info/PKG-INFO
[4.897s] writing dependency_links to ../../build/joystick_input/joystick_input.egg-info/dependency_links.txt
[4.898s] writing entry points to ../../build/joystick_input/joystick_input.egg-info/entry_points.txt
[4.898s] writing requirements to ../../build/joystick_input/joystick_input.egg-info/requires.txt
[4.899s] writing top-level names to ../../build/joystick_input/joystick_input.egg-info/top_level.txt
[5.078s] reading manifest file '../../build/joystick_input/joystick_input.egg-info/SOURCES.txt'
[5.084s] writing manifest file '../../build/joystick_input/joystick_input.egg-info/SOURCES.txt'
[5.085s] running build
[5.090s] running build_py
[5.091s] running install
[5.092s] running install_lib
[5.094s] running install_data
[5.094s] running install_egg_info
[5.103s] removing '/home/brsd/microros_ws/install/joystick_input/lib/python3.8/site-packages/joystick_input-0.0.0-py3.8.egg-info' (and everything under it)
[5.104s] Copying ../../build/joystick_input/joystick_input.egg-info to /home/brsd/microros_ws/install/joystick_input/lib/python3.8/site-packages/joystick_input-0.0.0-py3.8.egg-info
[5.111s] running install_scripts
[5.186s] Installing joystick_node script to /home/brsd/microros_ws/install/joystick_input/lib/joystick_input
[5.188s] writing list of installed files to '/home/brsd/microros_ws/build/joystick_input/install.log'
[6.297s] Invoked command in '/home/brsd/microros_ws/src/joystick_input' returned '0': PYTHONPATH=/home/brsd/microros_ws/build/joystick_input/prefix_override:/usr/lib/python3/dist-packages/colcon_core/task/python/colcon_distutils_commands:/home/brsd/microros_ws/install/joystick_input/lib/python3.8/site-packages:${PYTHONPATH} /usr/bin/python3 -W ignore:setup.py install is deprecated setup.py egg_info --egg-base ../../build/joystick_input build --build-base /home/brsd/microros_ws/build/joystick_input/build install --record /home/brsd/microros_ws/build/joystick_input/install.log --install-scripts $base/lib/joystick_input --single-version-externally-managed install_data
