[0.162s] Invoking command in '/home/brsd/microros_ws/build/micro_ros_msgs': CMAKE_PREFIX_PATH=${CMAKE_PREFIX_PATH}:/home/brsd/microros_ws/install/person_detection:/home/brsd/microros_ws/install/pathfinding:/home/brsd/microros_ws/install/object_detection_pkg:/home/brsd/microros_ws/install/joystick_input:/home/brsd/microros_ws/install/jetson_comm:/home/brsd/microros_ws/install/fsm:/opt/ros/foxy /usr/bin/cmake --build /home/brsd/microros_ws/build/micro_ros_msgs -- -j4 -l4
[0.622s] [ 10%] Built target micro_ros_msgs__rosidl_generator_c
[0.635s] [ 12%] Built target micro_ros_msgs__cpp
[0.825s] [ 23%] Built target micro_ros_msgs__rosidl_typesupport_introspection_c
[0.956s] [ 34%] Built target micro_ros_msgs__rosidl_typesupport_introspection_cpp
[1.003s] [ 44%] Built target micro_ros_msgs__rosidl_typesupport_c
[1.088s] [ 55%] Built target micro_ros_msgs__rosidl_typesupport_fastrtps_cpp
[1.149s] [ 65%] Built target micro_ros_msgs__rosidl_typesupport_cpp
[1.293s] [ 76%] Built target micro_ros_msgs__rosidl_typesupport_fastrtps_c
[1.549s] [ 76%] Built target micro_ros_msgs
[1.696s] [ 78%] Built target micro_ros_msgs__py
[1.971s] [ 87%] Built target micro_ros_msgs__python
[2.218s] [ 91%] Built target micro_ros_msgs__rosidl_typesupport_c__pyext
[2.268s] [ 95%] Built target micro_ros_msgs__rosidl_typesupport_fastrtps_c__pyext
[2.280s] [100%] Built target micro_ros_msgs__rosidl_typesupport_introspection_c__pyext
[2.385s] Invoked command in '/home/brsd/microros_ws/build/micro_ros_msgs' returned '0': CMAKE_PREFIX_PATH=${CMAKE_PREFIX_PATH}:/home/brsd/microros_ws/install/person_detection:/home/brsd/microros_ws/install/pathfinding:/home/brsd/microros_ws/install/object_detection_pkg:/home/brsd/microros_ws/install/joystick_input:/home/brsd/microros_ws/install/jetson_comm:/home/brsd/microros_ws/install/fsm:/opt/ros/foxy /usr/bin/cmake --build /home/brsd/microros_ws/build/micro_ros_msgs -- -j4 -l4
[3.329s] Invoking command in '/home/brsd/microros_ws/build/micro_ros_msgs': CMAKE_PREFIX_PATH=${CMAKE_PREFIX_PATH}:/home/brsd/microros_ws/install/person_detection:/home/brsd/microros_ws/install/pathfinding:/home/brsd/microros_ws/install/object_detection_pkg:/home/brsd/microros_ws/install/joystick_input:/home/brsd/microros_ws/install/jetson_comm:/home/brsd/microros_ws/install/fsm:/opt/ros/foxy /usr/bin/cmake --install /home/brsd/microros_ws/build/micro_ros_msgs
[3.407s] -- Install configuration: ""
[3.410s] -- Up-to-date: /home/brsd/microros_ws/install/micro_ros_msgs/share/ament_index/resource_index/rosidl_interfaces/micro_ros_msgs
[3.413s] -- Up-to-date: /home/brsd/microros_ws/install/micro_ros_msgs/include/micro_ros_msgs
[3.416s] -- Up-to-date: /home/brsd/microros_ws/install/micro_ros_msgs/include/micro_ros_msgs/msg
[3.418s] -- Up-to-date: /home/brsd/microros_ws/install/micro_ros_msgs/include/micro_ros_msgs/msg/entity.h
[3.420s] -- Up-to-date: /home/brsd/microros_ws/install/micro_ros_msgs/include/micro_ros_msgs/msg/node.h
[3.421s] -- Up-to-date: /home/brsd/microros_ws/install/micro_ros_msgs/include/micro_ros_msgs/msg/graph.h
[3.424s] -- Up-to-date: /home/brsd/microros_ws/install/micro_ros_msgs/include/micro_ros_msgs/msg/detail
[3.425s] -- Up-to-date: /home/brsd/microros_ws/install/micro_ros_msgs/include/micro_ros_msgs/msg/detail/graph__type_support.h
[3.426s] -- Up-to-date: /home/brsd/microros_ws/install/micro_ros_msgs/include/micro_ros_msgs/msg/detail/node__type_support.h
[3.426s] -- Up-to-date: /home/brsd/microros_ws/install/micro_ros_msgs/include/micro_ros_msgs/msg/detail/entity__struct.h
[3.427s] -- Up-to-date: /home/brsd/microros_ws/install/micro_ros_msgs/include/micro_ros_msgs/msg/detail/node__functions.h
[3.430s] -- Up-to-date: /home/brsd/microros_ws/install/micro_ros_msgs/include/micro_ros_msgs/msg/detail/entity__functions.h
[3.433s] -- Up-to-date: /home/brsd/microros_ws/install/micro_ros_msgs/include/micro_ros_msgs/msg/detail/node__struct.h
[3.434s] -- Up-to-date: /home/brsd/microros_ws/install/micro_ros_msgs/include/micro_ros_msgs/msg/detail/graph__functions.c
[3.435s] -- Up-to-date: /home/brsd/microros_ws/install/micro_ros_msgs/include/micro_ros_msgs/msg/detail/node__functions.c
[3.437s] -- Up-to-date: /home/brsd/microros_ws/install/micro_ros_msgs/include/micro_ros_msgs/msg/detail/graph__struct.h
[3.442s] -- Up-to-date: /home/brsd/microros_ws/install/micro_ros_msgs/include/micro_ros_msgs/msg/detail/entity__type_support.h
[3.442s] -- Up-to-date: /home/brsd/microros_ws/install/micro_ros_msgs/include/micro_ros_msgs/msg/detail/graph__functions.h
[3.444s] -- Up-to-date: /home/brsd/microros_ws/install/micro_ros_msgs/include/micro_ros_msgs/msg/detail/entity__functions.c
[3.444s] -- Up-to-date: /home/brsd/microros_ws/install/micro_ros_msgs/include/micro_ros_msgs/msg/rosidl_generator_c__visibility_control.h
[3.445s] -- Up-to-date: /home/brsd/microros_ws/install/micro_ros_msgs/share/micro_ros_msgs/environment/library_path.sh
[3.445s] -- Up-to-date: /home/brsd/microros_ws/install/micro_ros_msgs/share/micro_ros_msgs/environment/library_path.dsv
[3.445s] -- Up-to-date: /home/brsd/microros_ws/install/micro_ros_msgs/lib/libmicro_ros_msgs__rosidl_generator_c.so
[3.449s] -- Up-to-date: /home/brsd/microros_ws/install/micro_ros_msgs/include/micro_ros_msgs
[3.450s] -- Up-to-date: /home/brsd/microros_ws/install/micro_ros_msgs/include/micro_ros_msgs/msg
[3.451s] -- Up-to-date: /home/brsd/microros_ws/install/micro_ros_msgs/include/micro_ros_msgs/msg/rosidl_typesupport_fastrtps_c__visibility_control.h
[3.451s] -- Up-to-date: /home/brsd/microros_ws/install/micro_ros_msgs/include/micro_ros_msgs/msg/detail
[3.452s] -- Up-to-date: /home/brsd/microros_ws/install/micro_ros_msgs/include/micro_ros_msgs/msg/detail/graph__rosidl_typesupport_fastrtps_c.h
[3.452s] -- Up-to-date: /home/brsd/microros_ws/install/micro_ros_msgs/include/micro_ros_msgs/msg/detail/node__rosidl_typesupport_fastrtps_c.h
[3.453s] -- Up-to-date: /home/brsd/microros_ws/install/micro_ros_msgs/include/micro_ros_msgs/msg/detail/entity__rosidl_typesupport_fastrtps_c.h
[3.458s] -- Up-to-date: /home/brsd/microros_ws/install/micro_ros_msgs/lib/libmicro_ros_msgs__rosidl_typesupport_fastrtps_c.so
[3.460s] -- Up-to-date: /home/brsd/microros_ws/install/micro_ros_msgs/include/micro_ros_msgs
[3.462s] -- Up-to-date: /home/brsd/microros_ws/install/micro_ros_msgs/include/micro_ros_msgs/msg
[3.464s] -- Up-to-date: /home/brsd/microros_ws/install/micro_ros_msgs/include/micro_ros_msgs/msg/rosidl_typesupport_fastrtps_cpp__visibility_control.h
[3.468s] -- Up-to-date: /home/brsd/microros_ws/install/micro_ros_msgs/include/micro_ros_msgs/msg/detail
[3.468s] -- Up-to-date: /home/brsd/microros_ws/install/micro_ros_msgs/include/micro_ros_msgs/msg/detail/node__rosidl_typesupport_fastrtps_cpp.hpp
[3.469s] -- Up-to-date: /home/brsd/microros_ws/install/micro_ros_msgs/include/micro_ros_msgs/msg/detail/graph__rosidl_typesupport_fastrtps_cpp.hpp
[3.469s] -- Up-to-date: /home/brsd/microros_ws/install/micro_ros_msgs/include/micro_ros_msgs/msg/detail/entity__rosidl_typesupport_fastrtps_cpp.hpp
[3.472s] -- Up-to-date: /home/brsd/microros_ws/install/micro_ros_msgs/include/micro_ros_msgs/msg/detail/dds_fastrtps
[3.472s] -- Up-to-date: /home/brsd/microros_ws/install/micro_ros_msgs/lib/libmicro_ros_msgs__rosidl_typesupport_fastrtps_cpp.so
[3.473s] -- Up-to-date: /home/brsd/microros_ws/install/micro_ros_msgs/include/micro_ros_msgs
[3.474s] -- Up-to-date: /home/brsd/microros_ws/install/micro_ros_msgs/include/micro_ros_msgs/msg
[3.474s] -- Up-to-date: /home/brsd/microros_ws/install/micro_ros_msgs/include/micro_ros_msgs/msg/detail
[3.475s] -- Up-to-date: /home/brsd/microros_ws/install/micro_ros_msgs/include/micro_ros_msgs/msg/detail/node__rosidl_typesupport_introspection_c.h
[3.475s] -- Up-to-date: /home/brsd/microros_ws/install/micro_ros_msgs/include/micro_ros_msgs/msg/detail/node__type_support.c
[3.475s] -- Up-to-date: /home/brsd/microros_ws/install/micro_ros_msgs/include/micro_ros_msgs/msg/detail/graph__type_support.c
[3.476s] -- Up-to-date: /home/brsd/microros_ws/install/micro_ros_msgs/include/micro_ros_msgs/msg/detail/entity__type_support.c
[3.476s] -- Up-to-date: /home/brsd/microros_ws/install/micro_ros_msgs/include/micro_ros_msgs/msg/detail/graph__rosidl_typesupport_introspection_c.h
[3.477s] -- Up-to-date: /home/brsd/microros_ws/install/micro_ros_msgs/include/micro_ros_msgs/msg/detail/entity__rosidl_typesupport_introspection_c.h
[3.477s] -- Up-to-date: /home/brsd/microros_ws/install/micro_ros_msgs/include/micro_ros_msgs/msg/rosidl_typesupport_introspection_c__visibility_control.h
[3.477s] -- Up-to-date: /home/brsd/microros_ws/install/micro_ros_msgs/lib/libmicro_ros_msgs__rosidl_typesupport_introspection_c.so
[3.478s] -- Up-to-date: /home/brsd/microros_ws/install/micro_ros_msgs/lib/libmicro_ros_msgs__rosidl_typesupport_c.so
[3.478s] -- Up-to-date: /home/brsd/microros_ws/install/micro_ros_msgs/include/micro_ros_msgs
[3.479s] -- Up-to-date: /home/brsd/microros_ws/install/micro_ros_msgs/include/micro_ros_msgs/msg
[3.479s] -- Up-to-date: /home/brsd/microros_ws/install/micro_ros_msgs/include/micro_ros_msgs/msg/entity.hpp
[3.480s] -- Up-to-date: /home/brsd/microros_ws/install/micro_ros_msgs/include/micro_ros_msgs/msg/node.hpp
[3.480s] -- Up-to-date: /home/brsd/microros_ws/install/micro_ros_msgs/include/micro_ros_msgs/msg/rosidl_generator_cpp__visibility_control.hpp
[3.481s] -- Up-to-date: /home/brsd/microros_ws/install/micro_ros_msgs/include/micro_ros_msgs/msg/graph.hpp
[3.482s] -- Up-to-date: /home/brsd/microros_ws/install/micro_ros_msgs/include/micro_ros_msgs/msg/detail
[3.483s] -- Up-to-date: /home/brsd/microros_ws/install/micro_ros_msgs/include/micro_ros_msgs/msg/detail/graph__type_support.hpp
[3.483s] -- Up-to-date: /home/brsd/microros_ws/install/micro_ros_msgs/include/micro_ros_msgs/msg/detail/entity__traits.hpp
[3.484s] -- Up-to-date: /home/brsd/microros_ws/install/micro_ros_msgs/include/micro_ros_msgs/msg/detail/entity__struct.hpp
[3.484s] -- Up-to-date: /home/brsd/microros_ws/install/micro_ros_msgs/include/micro_ros_msgs/msg/detail/entity__type_support.hpp
[3.485s] -- Up-to-date: /home/brsd/microros_ws/install/micro_ros_msgs/include/micro_ros_msgs/msg/detail/node__struct.hpp
[3.485s] -- Up-to-date: /home/brsd/microros_ws/install/micro_ros_msgs/include/micro_ros_msgs/msg/detail/graph__struct.hpp
[3.486s] -- Up-to-date: /home/brsd/microros_ws/install/micro_ros_msgs/include/micro_ros_msgs/msg/detail/node__type_support.hpp
[3.486s] -- Up-to-date: /home/brsd/microros_ws/install/micro_ros_msgs/include/micro_ros_msgs/msg/detail/node__builder.hpp
[3.487s] -- Up-to-date: /home/brsd/microros_ws/install/micro_ros_msgs/include/micro_ros_msgs/msg/detail/node__traits.hpp
[3.487s] -- Up-to-date: /home/brsd/microros_ws/install/micro_ros_msgs/include/micro_ros_msgs/msg/detail/graph__builder.hpp
[3.487s] -- Up-to-date: /home/brsd/microros_ws/install/micro_ros_msgs/include/micro_ros_msgs/msg/detail/graph__traits.hpp
[3.488s] -- Up-to-date: /home/brsd/microros_ws/install/micro_ros_msgs/include/micro_ros_msgs/msg/detail/entity__builder.hpp
[3.488s] -- Up-to-date: /home/brsd/microros_ws/install/micro_ros_msgs/include/micro_ros_msgs
[3.489s] -- Up-to-date: /home/brsd/microros_ws/install/micro_ros_msgs/include/micro_ros_msgs/msg
[3.489s] -- Up-to-date: /home/brsd/microros_ws/install/micro_ros_msgs/include/micro_ros_msgs/msg/detail
[3.490s] -- Up-to-date: /home/brsd/microros_ws/install/micro_ros_msgs/include/micro_ros_msgs/msg/detail/node__type_support.cpp
[3.490s] -- Up-to-date: /home/brsd/microros_ws/install/micro_ros_msgs/include/micro_ros_msgs/msg/detail/node__rosidl_typesupport_introspection_cpp.hpp
[3.491s] -- Up-to-date: /home/brsd/microros_ws/install/micro_ros_msgs/include/micro_ros_msgs/msg/detail/graph__type_support.cpp
[3.491s] -- Up-to-date: /home/brsd/microros_ws/install/micro_ros_msgs/include/micro_ros_msgs/msg/detail/graph__rosidl_typesupport_introspection_cpp.hpp
[3.491s] -- Up-to-date: /home/brsd/microros_ws/install/micro_ros_msgs/include/micro_ros_msgs/msg/detail/entity__type_support.cpp
[3.492s] -- Up-to-date: /home/brsd/microros_ws/install/micro_ros_msgs/include/micro_ros_msgs/msg/detail/entity__rosidl_typesupport_introspection_cpp.hpp
[3.492s] -- Up-to-date: /home/brsd/microros_ws/install/micro_ros_msgs/lib/libmicro_ros_msgs__rosidl_typesupport_introspection_cpp.so
[3.493s] -- Up-to-date: /home/brsd/microros_ws/install/micro_ros_msgs/lib/libmicro_ros_msgs__rosidl_typesupport_cpp.so
[3.493s] -- Up-to-date: /home/brsd/microros_ws/install/micro_ros_msgs/share/micro_ros_msgs/environment/pythonpath.sh
[3.494s] -- Up-to-date: /home/brsd/microros_ws/install/micro_ros_msgs/share/micro_ros_msgs/environment/pythonpath.dsv
[3.494s] -- Up-to-date: /home/brsd/microros_ws/install/micro_ros_msgs/lib/python3.8/site-packages/micro_ros_msgs/__init__.py
[3.734s] -- Up-to-date: /home/brsd/microros_ws/install/micro_ros_msgs/lib/python3.8/site-packages/micro_ros_msgs/msg
[3.734s] -- Up-to-date: /home/brsd/microros_ws/install/micro_ros_msgs/lib/python3.8/site-packages/micro_ros_msgs/msg/_graph_s.c
[3.741s] -- Up-to-date: /home/brsd/microros_ws/install/micro_ros_msgs/lib/python3.8/site-packages/micro_ros_msgs/msg/__init__.py
[3.747s] -- Up-to-date: /home/brsd/microros_ws/install/micro_ros_msgs/lib/python3.8/site-packages/micro_ros_msgs/msg/_node.py
[3.747s] -- Up-to-date: /home/brsd/microros_ws/install/micro_ros_msgs/lib/python3.8/site-packages/micro_ros_msgs/msg/_graph.py
[3.748s] -- Up-to-date: /home/brsd/microros_ws/install/micro_ros_msgs/lib/python3.8/site-packages/micro_ros_msgs/msg/_entity_s.c
[3.749s] -- Up-to-date: /home/brsd/microros_ws/install/micro_ros_msgs/lib/python3.8/site-packages/micro_ros_msgs/msg/_entity.py
[3.750s] -- Up-to-date: /home/brsd/microros_ws/install/micro_ros_msgs/lib/python3.8/site-packages/micro_ros_msgs/msg/_node_s.c
[3.751s] -- Up-to-date: /home/brsd/microros_ws/install/micro_ros_msgs/lib/python3.8/site-packages/micro_ros_msgs/micro_ros_msgs_s__rosidl_typesupport_fastrtps_c.cpython-38-aarch64-linux-gnu.so
[3.771s] -- Up-to-date: /home/brsd/microros_ws/install/micro_ros_msgs/lib/python3.8/site-packages/micro_ros_msgs/micro_ros_msgs_s__rosidl_typesupport_introspection_c.cpython-38-aarch64-linux-gnu.so
[3.771s] -- Up-to-date: /home/brsd/microros_ws/install/micro_ros_msgs/lib/python3.8/site-packages/micro_ros_msgs/micro_ros_msgs_s__rosidl_typesupport_c.cpython-38-aarch64-linux-gnu.so
[3.772s] -- Up-to-date: /home/brsd/microros_ws/install/micro_ros_msgs/lib/libmicro_ros_msgs__python.so
[3.774s] -- Up-to-date: /home/brsd/microros_ws/install/micro_ros_msgs/share/micro_ros_msgs/msg/Graph.idl
[3.775s] -- Up-to-date: /home/brsd/microros_ws/install/micro_ros_msgs/share/micro_ros_msgs/msg/Node.idl
[3.776s] -- Up-to-date: /home/brsd/microros_ws/install/micro_ros_msgs/share/micro_ros_msgs/msg/Entity.idl
[3.777s] -- Up-to-date: /home/brsd/microros_ws/install/micro_ros_msgs/share/micro_ros_msgs/msg/Graph.msg
[3.779s] -- Up-to-date: /home/brsd/microros_ws/install/micro_ros_msgs/share/micro_ros_msgs/msg/Node.msg
[3.784s] -- Up-to-date: /home/brsd/microros_ws/install/micro_ros_msgs/share/micro_ros_msgs/msg/Entity.msg
[3.786s] -- Up-to-date: /home/brsd/microros_ws/install/micro_ros_msgs/share/ament_index/resource_index/package_run_dependencies/micro_ros_msgs
[3.788s] -- Up-to-date: /home/brsd/microros_ws/install/micro_ros_msgs/share/ament_index/resource_index/parent_prefix_path/micro_ros_msgs
[3.790s] -- Up-to-date: /home/brsd/microros_ws/install/micro_ros_msgs/share/micro_ros_msgs/environment/ament_prefix_path.sh
[3.792s] -- Up-to-date: /home/brsd/microros_ws/install/micro_ros_msgs/share/micro_ros_msgs/environment/ament_prefix_path.dsv
[3.793s] -- Up-to-date: /home/brsd/microros_ws/install/micro_ros_msgs/share/micro_ros_msgs/environment/path.sh
[3.794s] -- Up-to-date: /home/brsd/microros_ws/install/micro_ros_msgs/share/micro_ros_msgs/environment/path.dsv
[3.796s] -- Up-to-date: /home/brsd/microros_ws/install/micro_ros_msgs/share/micro_ros_msgs/local_setup.bash
[3.801s] -- Up-to-date: /home/brsd/microros_ws/install/micro_ros_msgs/share/micro_ros_msgs/local_setup.sh
[3.806s] -- Up-to-date: /home/brsd/microros_ws/install/micro_ros_msgs/share/micro_ros_msgs/local_setup.zsh
[3.812s] -- Up-to-date: /home/brsd/microros_ws/install/micro_ros_msgs/share/micro_ros_msgs/local_setup.dsv
[3.813s] -- Installing: /home/brsd/microros_ws/install/micro_ros_msgs/share/micro_ros_msgs/package.dsv
[3.825s] -- Up-to-date: /home/brsd/microros_ws/install/micro_ros_msgs/share/ament_index/resource_index/packages/micro_ros_msgs
[3.827s] -- Up-to-date: /home/brsd/microros_ws/install/micro_ros_msgs/share/micro_ros_msgs/cmake/micro_ros_msgs__rosidl_generator_cExport.cmake
[3.828s] -- Up-to-date: /home/brsd/microros_ws/install/micro_ros_msgs/share/micro_ros_msgs/cmake/micro_ros_msgs__rosidl_generator_cExport-noconfig.cmake
[3.828s] -- Up-to-date: /home/brsd/microros_ws/install/micro_ros_msgs/share/micro_ros_msgs/cmake/micro_ros_msgs__rosidl_typesupport_introspection_cExport.cmake
[3.831s] -- Up-to-date: /home/brsd/microros_ws/install/micro_ros_msgs/share/micro_ros_msgs/cmake/micro_ros_msgs__rosidl_typesupport_introspection_cExport-noconfig.cmake
[3.832s] -- Up-to-date: /home/brsd/microros_ws/install/micro_ros_msgs/share/micro_ros_msgs/cmake/micro_ros_msgs__rosidl_typesupport_cExport.cmake
[3.832s] -- Up-to-date: /home/brsd/microros_ws/install/micro_ros_msgs/share/micro_ros_msgs/cmake/micro_ros_msgs__rosidl_typesupport_cExport-noconfig.cmake
[3.833s] -- Up-to-date: /home/brsd/microros_ws/install/micro_ros_msgs/share/micro_ros_msgs/cmake/micro_ros_msgs__rosidl_generator_cppExport.cmake
[3.838s] -- Up-to-date: /home/brsd/microros_ws/install/micro_ros_msgs/share/micro_ros_msgs/cmake/micro_ros_msgs__rosidl_typesupport_introspection_cppExport.cmake
[3.838s] -- Up-to-date: /home/brsd/microros_ws/install/micro_ros_msgs/share/micro_ros_msgs/cmake/micro_ros_msgs__rosidl_typesupport_introspection_cppExport-noconfig.cmake
[3.839s] -- Up-to-date: /home/brsd/microros_ws/install/micro_ros_msgs/share/micro_ros_msgs/cmake/micro_ros_msgs__rosidl_typesupport_cppExport.cmake
[3.839s] -- Up-to-date: /home/brsd/microros_ws/install/micro_ros_msgs/share/micro_ros_msgs/cmake/micro_ros_msgs__rosidl_typesupport_cppExport-noconfig.cmake
[3.840s] -- Up-to-date: /home/brsd/microros_ws/install/micro_ros_msgs/share/micro_ros_msgs/cmake/rosidl_cmake-extras.cmake
[3.840s] -- Up-to-date: /home/brsd/microros_ws/install/micro_ros_msgs/share/micro_ros_msgs/cmake/ament_cmake_export_dependencies-extras.cmake
[3.841s] -- Up-to-date: /home/brsd/microros_ws/install/micro_ros_msgs/share/micro_ros_msgs/cmake/ament_cmake_export_libraries-extras.cmake
[3.841s] -- Up-to-date: /home/brsd/microros_ws/install/micro_ros_msgs/share/micro_ros_msgs/cmake/ament_cmake_export_targets-extras.cmake
[3.842s] -- Up-to-date: /home/brsd/microros_ws/install/micro_ros_msgs/share/micro_ros_msgs/cmake/ament_cmake_export_include_directories-extras.cmake
[3.842s] -- Up-to-date: /home/brsd/microros_ws/install/micro_ros_msgs/share/micro_ros_msgs/cmake/rosidl_cmake_export_typesupport_libraries-extras.cmake
[3.843s] -- Up-to-date: /home/brsd/microros_ws/install/micro_ros_msgs/share/micro_ros_msgs/cmake/rosidl_cmake_export_typesupport_targets-extras.cmake
[3.851s] -- Up-to-date: /home/brsd/microros_ws/install/micro_ros_msgs/share/micro_ros_msgs/cmake/micro_ros_msgsConfig.cmake
[3.851s] -- Up-to-date: /home/brsd/microros_ws/install/micro_ros_msgs/share/micro_ros_msgs/cmake/micro_ros_msgsConfig-version.cmake
[3.852s] -- Up-to-date: /home/brsd/microros_ws/install/micro_ros_msgs/share/micro_ros_msgs/package.xml
[5.492s] Invoked command in '/home/brsd/microros_ws/build/micro_ros_msgs' returned '0': CMAKE_PREFIX_PATH=${CMAKE_PREFIX_PATH}:/home/brsd/microros_ws/install/person_detection:/home/brsd/microros_ws/install/pathfinding:/home/brsd/microros_ws/install/object_detection_pkg:/home/brsd/microros_ws/install/joystick_input:/home/brsd/microros_ws/install/jetson_comm:/home/brsd/microros_ws/install/fsm:/opt/ros/foxy /usr/bin/cmake --install /home/brsd/microros_ws/build/micro_ros_msgs
