[0.206s] Invoking command in '/home/brsd/microros_ws/build/multisense_msgs': CMAKE_PREFIX_PATH=${CMAKE_PREFIX_PATH}:/home/brsd/microros_ws/install/person_detection:/home/brsd/microros_ws/install/pathfinding:/home/brsd/microros_ws/install/object_detection_pkg:/home/brsd/microros_ws/install/joystick_input:/home/brsd/microros_ws/install/jetson_comm:/home/brsd/microros_ws/install/fsm:/opt/ros/foxy /usr/bin/cmake --build /home/brsd/microros_ws/build/multisense_msgs -- -j4 -l4
[0.899s] [  0%] Built target multisense_msgs__cpp
[1.040s] [ 12%] Built target multisense_msgs__rosidl_generator_c
[1.360s] [ 25%] Built target multisense_msgs__rosidl_typesupport_introspection_cpp
[1.364s] [ 36%] Built target multisense_msgs__rosidl_typesupport_cpp
[1.394s] [ 47%] Built target multisense_msgs__rosidl_typesupport_fastrtps_cpp
[1.427s] [ 59%] Built target multisense_msgs__rosidl_typesupport_c
[1.677s] [ 71%] Built target multisense_msgs__rosidl_typesupport_introspection_c
[1.882s] [ 83%] Built target multisense_msgs__rosidl_typesupport_fastrtps_c
[2.101s] [ 83%] Built target multisense_msgs
[2.241s] [ 84%] Built target multisense_msgs__py
[2.454s] [ 95%] Built target multisense_msgs__python
[2.783s] [ 96%] Built target multisense_msgs__rosidl_typesupport_c__pyext
[2.817s] [ 98%] Built target multisense_msgs__rosidl_typesupport_introspection_c__pyext
[2.969s] [100%] Built target multisense_msgs__rosidl_typesupport_fastrtps_c__pyext
[3.046s] Invoked command in '/home/brsd/microros_ws/build/multisense_msgs' returned '0': CMAKE_PREFIX_PATH=${CMAKE_PREFIX_PATH}:/home/brsd/microros_ws/install/person_detection:/home/brsd/microros_ws/install/pathfinding:/home/brsd/microros_ws/install/object_detection_pkg:/home/brsd/microros_ws/install/joystick_input:/home/brsd/microros_ws/install/jetson_comm:/home/brsd/microros_ws/install/fsm:/opt/ros/foxy /usr/bin/cmake --build /home/brsd/microros_ws/build/multisense_msgs -- -j4 -l4
[4.781s] Invoking command in '/home/brsd/microros_ws/build/multisense_msgs': CMAKE_PREFIX_PATH=${CMAKE_PREFIX_PATH}:/home/brsd/microros_ws/install/person_detection:/home/brsd/microros_ws/install/pathfinding:/home/brsd/microros_ws/install/object_detection_pkg:/home/brsd/microros_ws/install/joystick_input:/home/brsd/microros_ws/install/jetson_comm:/home/brsd/microros_ws/install/fsm:/opt/ros/foxy /usr/bin/cmake --install /home/brsd/microros_ws/build/multisense_msgs
[4.837s] -- Install configuration: "Release"
[4.838s] -- Up-to-date: /home/brsd/microros_ws/install/multisense_msgs/share/ament_index/resource_index/rosidl_interfaces/multisense_msgs
[4.838s] -- Up-to-date: /home/brsd/microros_ws/install/multisense_msgs/include/multisense_msgs
[4.839s] -- Up-to-date: /home/brsd/microros_ws/install/multisense_msgs/include/multisense_msgs/msg
[4.840s] -- Up-to-date: /home/brsd/microros_ws/install/multisense_msgs/include/multisense_msgs/msg/raw_cam_config.h
[4.840s] -- Up-to-date: /home/brsd/microros_ws/install/multisense_msgs/include/multisense_msgs/msg/raw_cam_cal.h
[4.841s] -- Up-to-date: /home/brsd/microros_ws/install/multisense_msgs/include/multisense_msgs/msg/stamped_pps.h
[4.841s] -- Up-to-date: /home/brsd/microros_ws/install/multisense_msgs/include/multisense_msgs/msg/raw_cam_data.h
[4.841s] -- Up-to-date: /home/brsd/microros_ws/install/multisense_msgs/include/multisense_msgs/msg/ptp_status.h
[4.842s] -- Up-to-date: /home/brsd/microros_ws/install/multisense_msgs/include/multisense_msgs/msg/raw_lidar_data.h
[4.842s] -- Up-to-date: /home/brsd/microros_ws/install/multisense_msgs/include/multisense_msgs/msg/raw_lidar_cal.h
[4.843s] -- Up-to-date: /home/brsd/microros_ws/install/multisense_msgs/include/multisense_msgs/msg/device_info.h
[4.843s] -- Up-to-date: /home/brsd/microros_ws/install/multisense_msgs/include/multisense_msgs/msg/detail
[4.845s] -- Up-to-date: /home/brsd/microros_ws/install/multisense_msgs/include/multisense_msgs/msg/detail/device_status__functions.c
[4.845s] -- Up-to-date: /home/brsd/microros_ws/install/multisense_msgs/include/multisense_msgs/msg/detail/device_info__functions.c
[4.848s] -- Up-to-date: /home/brsd/microros_ws/install/multisense_msgs/include/multisense_msgs/msg/detail/raw_cam_cal__functions.h
[4.851s] -- Up-to-date: /home/brsd/microros_ws/install/multisense_msgs/include/multisense_msgs/msg/detail/device_status__type_support.h
[4.851s] -- Up-to-date: /home/brsd/microros_ws/install/multisense_msgs/include/multisense_msgs/msg/detail/raw_cam_config__functions.c
[4.852s] -- Up-to-date: /home/brsd/microros_ws/install/multisense_msgs/include/multisense_msgs/msg/detail/raw_lidar_cal__struct.h
[4.852s] -- Up-to-date: /home/brsd/microros_ws/install/multisense_msgs/include/multisense_msgs/msg/detail/device_status__struct.h
[4.853s] -- Up-to-date: /home/brsd/microros_ws/install/multisense_msgs/include/multisense_msgs/msg/detail/raw_imu_data__functions.c
[4.854s] -- Up-to-date: /home/brsd/microros_ws/install/multisense_msgs/include/multisense_msgs/msg/detail/raw_cam_data__struct.h
[4.855s] -- Up-to-date: /home/brsd/microros_ws/install/multisense_msgs/include/multisense_msgs/msg/detail/raw_cam_config__struct.h
[4.856s] -- Up-to-date: /home/brsd/microros_ws/install/multisense_msgs/include/multisense_msgs/msg/detail/device_info__type_support.h
[4.856s] -- Up-to-date: /home/brsd/microros_ws/install/multisense_msgs/include/multisense_msgs/msg/detail/histogram__functions.h
[4.857s] -- Up-to-date: /home/brsd/microros_ws/install/multisense_msgs/include/multisense_msgs/msg/detail/histogram__struct.h
[4.858s] -- Up-to-date: /home/brsd/microros_ws/install/multisense_msgs/include/multisense_msgs/msg/detail/stamped_pps__functions.h
[4.867s] -- Up-to-date: /home/brsd/microros_ws/install/multisense_msgs/include/multisense_msgs/msg/detail/raw_cam_data__type_support.h
[4.871s] -- Up-to-date: /home/brsd/microros_ws/install/multisense_msgs/include/multisense_msgs/msg/detail/stamped_pps__functions.c
[4.873s] -- Up-to-date: /home/brsd/microros_ws/install/multisense_msgs/include/multisense_msgs/msg/detail/raw_cam_config__functions.h
[4.873s] -- Up-to-date: /home/brsd/microros_ws/install/multisense_msgs/include/multisense_msgs/msg/detail/raw_lidar_data__struct.h
[4.875s] -- Up-to-date: /home/brsd/microros_ws/install/multisense_msgs/include/multisense_msgs/msg/detail/ptp_status__functions.c
[4.875s] -- Up-to-date: /home/brsd/microros_ws/install/multisense_msgs/include/multisense_msgs/msg/detail/raw_cam_cal__functions.c
[4.875s] -- Up-to-date: /home/brsd/microros_ws/install/multisense_msgs/include/multisense_msgs/msg/detail/raw_lidar_data__functions.c
[4.876s] -- Up-to-date: /home/brsd/microros_ws/install/multisense_msgs/include/multisense_msgs/msg/detail/raw_lidar_data__type_support.h
[4.877s] -- Up-to-date: /home/brsd/microros_ws/install/multisense_msgs/include/multisense_msgs/msg/detail/raw_cam_config__type_support.h
[4.886s] -- Up-to-date: /home/brsd/microros_ws/install/multisense_msgs/include/multisense_msgs/msg/detail/histogram__type_support.h
[4.887s] -- Up-to-date: /home/brsd/microros_ws/install/multisense_msgs/include/multisense_msgs/msg/detail/device_info__functions.h
[4.888s] -- Up-to-date: /home/brsd/microros_ws/install/multisense_msgs/include/multisense_msgs/msg/detail/raw_imu_data__functions.h
[4.897s] -- Up-to-date: /home/brsd/microros_ws/install/multisense_msgs/include/multisense_msgs/msg/detail/histogram__functions.c
[4.899s] -- Up-to-date: /home/brsd/microros_ws/install/multisense_msgs/include/multisense_msgs/msg/detail/raw_imu_data__type_support.h
[4.904s] -- Up-to-date: /home/brsd/microros_ws/install/multisense_msgs/include/multisense_msgs/msg/detail/ptp_status__functions.h
[4.906s] -- Up-to-date: /home/brsd/microros_ws/install/multisense_msgs/include/multisense_msgs/msg/detail/raw_lidar_cal__type_support.h
[4.907s] -- Up-to-date: /home/brsd/microros_ws/install/multisense_msgs/include/multisense_msgs/msg/detail/raw_lidar_data__functions.h
[4.910s] -- Up-to-date: /home/brsd/microros_ws/install/multisense_msgs/include/multisense_msgs/msg/detail/raw_lidar_cal__functions.c
[4.914s] -- Up-to-date: /home/brsd/microros_ws/install/multisense_msgs/include/multisense_msgs/msg/detail/raw_cam_cal__struct.h
[4.915s] -- Up-to-date: /home/brsd/microros_ws/install/multisense_msgs/include/multisense_msgs/msg/detail/stamped_pps__struct.h
[4.915s] -- Up-to-date: /home/brsd/microros_ws/install/multisense_msgs/include/multisense_msgs/msg/detail/raw_cam_cal__type_support.h
[4.916s] -- Up-to-date: /home/brsd/microros_ws/install/multisense_msgs/include/multisense_msgs/msg/detail/device_status__functions.h
[4.917s] -- Up-to-date: /home/brsd/microros_ws/install/multisense_msgs/include/multisense_msgs/msg/detail/raw_cam_data__functions.c
[4.917s] -- Up-to-date: /home/brsd/microros_ws/install/multisense_msgs/include/multisense_msgs/msg/detail/stamped_pps__type_support.h
[4.918s] -- Up-to-date: /home/brsd/microros_ws/install/multisense_msgs/include/multisense_msgs/msg/detail/raw_imu_data__struct.h
[4.918s] -- Up-to-date: /home/brsd/microros_ws/install/multisense_msgs/include/multisense_msgs/msg/detail/raw_cam_data__functions.h
[4.919s] -- Up-to-date: /home/brsd/microros_ws/install/multisense_msgs/include/multisense_msgs/msg/detail/ptp_status__struct.h
[4.919s] -- Up-to-date: /home/brsd/microros_ws/install/multisense_msgs/include/multisense_msgs/msg/detail/device_info__struct.h
[4.920s] -- Up-to-date: /home/brsd/microros_ws/install/multisense_msgs/include/multisense_msgs/msg/detail/ptp_status__type_support.h
[4.920s] -- Up-to-date: /home/brsd/microros_ws/install/multisense_msgs/include/multisense_msgs/msg/detail/raw_lidar_cal__functions.h
[4.920s] -- Up-to-date: /home/brsd/microros_ws/install/multisense_msgs/include/multisense_msgs/msg/histogram.h
[4.921s] -- Up-to-date: /home/brsd/microros_ws/install/multisense_msgs/include/multisense_msgs/msg/device_status.h
[4.921s] -- Up-to-date: /home/brsd/microros_ws/install/multisense_msgs/include/multisense_msgs/msg/rosidl_generator_c__visibility_control.h
[4.922s] -- Up-to-date: /home/brsd/microros_ws/install/multisense_msgs/include/multisense_msgs/msg/raw_imu_data.h
[4.922s] -- Up-to-date: /home/brsd/microros_ws/install/multisense_msgs/share/multisense_msgs/environment/library_path.sh
[4.923s] -- Up-to-date: /home/brsd/microros_ws/install/multisense_msgs/share/multisense_msgs/environment/library_path.dsv
[4.926s] -- Up-to-date: /home/brsd/microros_ws/install/multisense_msgs/lib/libmultisense_msgs__rosidl_generator_c.so
[4.933s] -- Up-to-date: /home/brsd/microros_ws/install/multisense_msgs/include/multisense_msgs
[4.933s] -- Up-to-date: /home/brsd/microros_ws/install/multisense_msgs/include/multisense_msgs/msg
[4.934s] -- Up-to-date: /home/brsd/microros_ws/install/multisense_msgs/include/multisense_msgs/msg/rosidl_typesupport_fastrtps_c__visibility_control.h
[4.934s] -- Up-to-date: /home/brsd/microros_ws/install/multisense_msgs/include/multisense_msgs/msg/detail
[4.935s] -- Up-to-date: /home/brsd/microros_ws/install/multisense_msgs/include/multisense_msgs/msg/detail/raw_cam_data__rosidl_typesupport_fastrtps_c.h
[4.935s] -- Up-to-date: /home/brsd/microros_ws/install/multisense_msgs/include/multisense_msgs/msg/detail/ptp_status__rosidl_typesupport_fastrtps_c.h
[4.936s] -- Up-to-date: /home/brsd/microros_ws/install/multisense_msgs/include/multisense_msgs/msg/detail/stamped_pps__rosidl_typesupport_fastrtps_c.h
[4.936s] -- Up-to-date: /home/brsd/microros_ws/install/multisense_msgs/include/multisense_msgs/msg/detail/raw_lidar_cal__rosidl_typesupport_fastrtps_c.h
[4.937s] -- Up-to-date: /home/brsd/microros_ws/install/multisense_msgs/include/multisense_msgs/msg/detail/device_status__rosidl_typesupport_fastrtps_c.h
[4.937s] -- Up-to-date: /home/brsd/microros_ws/install/multisense_msgs/include/multisense_msgs/msg/detail/raw_cam_cal__rosidl_typesupport_fastrtps_c.h
[4.937s] -- Up-to-date: /home/brsd/microros_ws/install/multisense_msgs/include/multisense_msgs/msg/detail/raw_lidar_data__rosidl_typesupport_fastrtps_c.h
[4.938s] -- Up-to-date: /home/brsd/microros_ws/install/multisense_msgs/include/multisense_msgs/msg/detail/raw_imu_data__rosidl_typesupport_fastrtps_c.h
[4.938s] -- Up-to-date: /home/brsd/microros_ws/install/multisense_msgs/include/multisense_msgs/msg/detail/raw_cam_config__rosidl_typesupport_fastrtps_c.h
[4.939s] -- Up-to-date: /home/brsd/microros_ws/install/multisense_msgs/include/multisense_msgs/msg/detail/device_info__rosidl_typesupport_fastrtps_c.h
[4.939s] -- Up-to-date: /home/brsd/microros_ws/install/multisense_msgs/include/multisense_msgs/msg/detail/histogram__rosidl_typesupport_fastrtps_c.h
[4.947s] -- Up-to-date: /home/brsd/microros_ws/install/multisense_msgs/lib/libmultisense_msgs__rosidl_typesupport_fastrtps_c.so
[4.948s] -- Up-to-date: /home/brsd/microros_ws/install/multisense_msgs/include/multisense_msgs
[4.949s] -- Up-to-date: /home/brsd/microros_ws/install/multisense_msgs/include/multisense_msgs/msg
[4.950s] -- Up-to-date: /home/brsd/microros_ws/install/multisense_msgs/include/multisense_msgs/msg/rosidl_typesupport_fastrtps_cpp__visibility_control.h
[4.952s] -- Up-to-date: /home/brsd/microros_ws/install/multisense_msgs/include/multisense_msgs/msg/detail
[4.953s] -- Up-to-date: /home/brsd/microros_ws/install/multisense_msgs/include/multisense_msgs/msg/detail/raw_imu_data__rosidl_typesupport_fastrtps_cpp.hpp
[4.954s] -- Up-to-date: /home/brsd/microros_ws/install/multisense_msgs/include/multisense_msgs/msg/detail/raw_lidar_cal__rosidl_typesupport_fastrtps_cpp.hpp
[4.954s] -- Up-to-date: /home/brsd/microros_ws/install/multisense_msgs/include/multisense_msgs/msg/detail/ptp_status__rosidl_typesupport_fastrtps_cpp.hpp
[4.955s] -- Up-to-date: /home/brsd/microros_ws/install/multisense_msgs/include/multisense_msgs/msg/detail/raw_cam_config__rosidl_typesupport_fastrtps_cpp.hpp
[4.955s] -- Up-to-date: /home/brsd/microros_ws/install/multisense_msgs/include/multisense_msgs/msg/detail/raw_cam_data__rosidl_typesupport_fastrtps_cpp.hpp
[4.956s] -- Up-to-date: /home/brsd/microros_ws/install/multisense_msgs/include/multisense_msgs/msg/detail/histogram__rosidl_typesupport_fastrtps_cpp.hpp
[4.956s] -- Up-to-date: /home/brsd/microros_ws/install/multisense_msgs/include/multisense_msgs/msg/detail/stamped_pps__rosidl_typesupport_fastrtps_cpp.hpp
[4.957s] -- Up-to-date: /home/brsd/microros_ws/install/multisense_msgs/include/multisense_msgs/msg/detail/raw_lidar_data__rosidl_typesupport_fastrtps_cpp.hpp
[4.957s] -- Up-to-date: /home/brsd/microros_ws/install/multisense_msgs/include/multisense_msgs/msg/detail/device_status__rosidl_typesupport_fastrtps_cpp.hpp
[4.958s] -- Up-to-date: /home/brsd/microros_ws/install/multisense_msgs/include/multisense_msgs/msg/detail/device_info__rosidl_typesupport_fastrtps_cpp.hpp
[4.959s] -- Up-to-date: /home/brsd/microros_ws/install/multisense_msgs/include/multisense_msgs/msg/detail/raw_cam_cal__rosidl_typesupport_fastrtps_cpp.hpp
[4.959s] -- Up-to-date: /home/brsd/microros_ws/install/multisense_msgs/include/multisense_msgs/msg/detail/dds_fastrtps
[4.961s] -- Up-to-date: /home/brsd/microros_ws/install/multisense_msgs/lib/libmultisense_msgs__rosidl_typesupport_fastrtps_cpp.so
[4.962s] -- Up-to-date: /home/brsd/microros_ws/install/multisense_msgs/include/multisense_msgs
[4.962s] -- Up-to-date: /home/brsd/microros_ws/install/multisense_msgs/include/multisense_msgs/msg
[4.963s] -- Up-to-date: /home/brsd/microros_ws/install/multisense_msgs/include/multisense_msgs/msg/detail
[4.966s] -- Up-to-date: /home/brsd/microros_ws/install/multisense_msgs/include/multisense_msgs/msg/detail/ptp_status__rosidl_typesupport_introspection_c.h
[4.966s] -- Up-to-date: /home/brsd/microros_ws/install/multisense_msgs/include/multisense_msgs/msg/detail/raw_cam_config__rosidl_typesupport_introspection_c.h
[4.966s] -- Up-to-date: /home/brsd/microros_ws/install/multisense_msgs/include/multisense_msgs/msg/detail/device_info__rosidl_typesupport_introspection_c.h
[4.967s] -- Up-to-date: /home/brsd/microros_ws/install/multisense_msgs/include/multisense_msgs/msg/detail/raw_lidar_cal__type_support.c
[4.967s] -- Up-to-date: /home/brsd/microros_ws/install/multisense_msgs/include/multisense_msgs/msg/detail/raw_lidar_data__type_support.c
[4.968s] -- Up-to-date: /home/brsd/microros_ws/install/multisense_msgs/include/multisense_msgs/msg/detail/raw_cam_data__rosidl_typesupport_introspection_c.h
[4.968s] -- Up-to-date: /home/brsd/microros_ws/install/multisense_msgs/include/multisense_msgs/msg/detail/device_info__type_support.c
[4.969s] -- Up-to-date: /home/brsd/microros_ws/install/multisense_msgs/include/multisense_msgs/msg/detail/device_status__type_support.c
[4.971s] -- Up-to-date: /home/brsd/microros_ws/install/multisense_msgs/include/multisense_msgs/msg/detail/raw_imu_data__type_support.c
[4.971s] -- Up-to-date: /home/brsd/microros_ws/install/multisense_msgs/include/multisense_msgs/msg/detail/histogram__rosidl_typesupport_introspection_c.h
[4.972s] -- Up-to-date: /home/brsd/microros_ws/install/multisense_msgs/include/multisense_msgs/msg/detail/histogram__type_support.c
[4.972s] -- Up-to-date: /home/brsd/microros_ws/install/multisense_msgs/include/multisense_msgs/msg/detail/ptp_status__type_support.c
[4.977s] -- Up-to-date: /home/brsd/microros_ws/install/multisense_msgs/include/multisense_msgs/msg/detail/raw_lidar_cal__rosidl_typesupport_introspection_c.h
[4.981s] -- Up-to-date: /home/brsd/microros_ws/install/multisense_msgs/include/multisense_msgs/msg/detail/raw_imu_data__rosidl_typesupport_introspection_c.h
[4.981s] -- Up-to-date: /home/brsd/microros_ws/install/multisense_msgs/include/multisense_msgs/msg/detail/raw_cam_data__type_support.c
[4.982s] -- Up-to-date: /home/brsd/microros_ws/install/multisense_msgs/include/multisense_msgs/msg/detail/device_status__rosidl_typesupport_introspection_c.h
[4.983s] -- Up-to-date: /home/brsd/microros_ws/install/multisense_msgs/include/multisense_msgs/msg/detail/stamped_pps__rosidl_typesupport_introspection_c.h
[4.983s] -- Up-to-date: /home/brsd/microros_ws/install/multisense_msgs/include/multisense_msgs/msg/detail/raw_cam_cal__type_support.c
[4.984s] -- Up-to-date: /home/brsd/microros_ws/install/multisense_msgs/include/multisense_msgs/msg/detail/raw_lidar_data__rosidl_typesupport_introspection_c.h
[4.984s] -- Up-to-date: /home/brsd/microros_ws/install/multisense_msgs/include/multisense_msgs/msg/detail/stamped_pps__type_support.c
[4.985s] -- Up-to-date: /home/brsd/microros_ws/install/multisense_msgs/include/multisense_msgs/msg/detail/raw_cam_config__type_support.c
[4.985s] -- Up-to-date: /home/brsd/microros_ws/install/multisense_msgs/include/multisense_msgs/msg/detail/raw_cam_cal__rosidl_typesupport_introspection_c.h
[4.986s] -- Up-to-date: /home/brsd/microros_ws/install/multisense_msgs/include/multisense_msgs/msg/rosidl_typesupport_introspection_c__visibility_control.h
[4.987s] -- Up-to-date: /home/brsd/microros_ws/install/multisense_msgs/lib/libmultisense_msgs__rosidl_typesupport_introspection_c.so
[4.989s] -- Up-to-date: /home/brsd/microros_ws/install/multisense_msgs/lib/libmultisense_msgs__rosidl_typesupport_c.so
[4.996s] -- Up-to-date: /home/brsd/microros_ws/install/multisense_msgs/include/multisense_msgs
[5.002s] -- Up-to-date: /home/brsd/microros_ws/install/multisense_msgs/include/multisense_msgs/msg
[5.003s] -- Up-to-date: /home/brsd/microros_ws/install/multisense_msgs/include/multisense_msgs/msg/raw_cam_cal.hpp
[5.003s] -- Up-to-date: /home/brsd/microros_ws/install/multisense_msgs/include/multisense_msgs/msg/stamped_pps.hpp
[5.004s] -- Up-to-date: /home/brsd/microros_ws/install/multisense_msgs/include/multisense_msgs/msg/histogram.hpp
[5.005s] -- Up-to-date: /home/brsd/microros_ws/install/multisense_msgs/include/multisense_msgs/msg/raw_lidar_data.hpp
[5.009s] -- Up-to-date: /home/brsd/microros_ws/install/multisense_msgs/include/multisense_msgs/msg/raw_cam_config.hpp
[5.009s] -- Up-to-date: /home/brsd/microros_ws/install/multisense_msgs/include/multisense_msgs/msg/device_info.hpp
[5.010s] -- Up-to-date: /home/brsd/microros_ws/install/multisense_msgs/include/multisense_msgs/msg/raw_lidar_cal.hpp
[5.012s] -- Up-to-date: /home/brsd/microros_ws/install/multisense_msgs/include/multisense_msgs/msg/ptp_status.hpp
[5.012s] -- Up-to-date: /home/brsd/microros_ws/install/multisense_msgs/include/multisense_msgs/msg/raw_imu_data.hpp
[5.012s] -- Up-to-date: /home/brsd/microros_ws/install/multisense_msgs/include/multisense_msgs/msg/raw_cam_data.hpp
[5.013s] -- Up-to-date: /home/brsd/microros_ws/install/multisense_msgs/include/multisense_msgs/msg/device_status.hpp
[5.015s] -- Up-to-date: /home/brsd/microros_ws/install/multisense_msgs/include/multisense_msgs/msg/rosidl_generator_cpp__visibility_control.hpp
[5.016s] -- Up-to-date: /home/brsd/microros_ws/install/multisense_msgs/include/multisense_msgs/msg/detail
[5.016s] -- Up-to-date: /home/brsd/microros_ws/install/multisense_msgs/include/multisense_msgs/msg/detail/histogram__struct.hpp
[5.018s] -- Up-to-date: /home/brsd/microros_ws/install/multisense_msgs/include/multisense_msgs/msg/detail/ptp_status__builder.hpp
[5.019s] -- Up-to-date: /home/brsd/microros_ws/install/multisense_msgs/include/multisense_msgs/msg/detail/raw_cam_config__traits.hpp
[5.020s] -- Up-to-date: /home/brsd/microros_ws/install/multisense_msgs/include/multisense_msgs/msg/detail/stamped_pps__struct.hpp
[5.020s] -- Up-to-date: /home/brsd/microros_ws/install/multisense_msgs/include/multisense_msgs/msg/detail/raw_imu_data__traits.hpp
[5.021s] -- Up-to-date: /home/brsd/microros_ws/install/multisense_msgs/include/multisense_msgs/msg/detail/raw_imu_data__struct.hpp
[5.021s] -- Up-to-date: /home/brsd/microros_ws/install/multisense_msgs/include/multisense_msgs/msg/detail/device_info__builder.hpp
[5.022s] -- Up-to-date: /home/brsd/microros_ws/install/multisense_msgs/include/multisense_msgs/msg/detail/raw_cam_config__struct.hpp
[5.022s] -- Up-to-date: /home/brsd/microros_ws/install/multisense_msgs/include/multisense_msgs/msg/detail/raw_cam_config__type_support.hpp
[5.023s] -- Up-to-date: /home/brsd/microros_ws/install/multisense_msgs/include/multisense_msgs/msg/detail/raw_lidar_cal__struct.hpp
[5.023s] -- Up-to-date: /home/brsd/microros_ws/install/multisense_msgs/include/multisense_msgs/msg/detail/device_status__struct.hpp
[5.024s] -- Up-to-date: /home/brsd/microros_ws/install/multisense_msgs/include/multisense_msgs/msg/detail/raw_cam_data__struct.hpp
[5.024s] -- Up-to-date: /home/brsd/microros_ws/install/multisense_msgs/include/multisense_msgs/msg/detail/raw_cam_cal__type_support.hpp
[5.025s] -- Up-to-date: /home/brsd/microros_ws/install/multisense_msgs/include/multisense_msgs/msg/detail/ptp_status__type_support.hpp
[5.025s] -- Up-to-date: /home/brsd/microros_ws/install/multisense_msgs/include/multisense_msgs/msg/detail/stamped_pps__traits.hpp
[5.026s] -- Up-to-date: /home/brsd/microros_ws/install/multisense_msgs/include/multisense_msgs/msg/detail/device_status__builder.hpp
[5.026s] -- Up-to-date: /home/brsd/microros_ws/install/multisense_msgs/include/multisense_msgs/msg/detail/raw_lidar_data__builder.hpp
[5.027s] -- Up-to-date: /home/brsd/microros_ws/install/multisense_msgs/include/multisense_msgs/msg/detail/raw_lidar_cal__traits.hpp
[5.027s] -- Up-to-date: /home/brsd/microros_ws/install/multisense_msgs/include/multisense_msgs/msg/detail/raw_imu_data__builder.hpp
[5.028s] -- Up-to-date: /home/brsd/microros_ws/install/multisense_msgs/include/multisense_msgs/msg/detail/raw_lidar_data__type_support.hpp
[5.029s] -- Up-to-date: /home/brsd/microros_ws/install/multisense_msgs/include/multisense_msgs/msg/detail/histogram__builder.hpp
[5.029s] -- Up-to-date: /home/brsd/microros_ws/install/multisense_msgs/include/multisense_msgs/msg/detail/raw_cam_cal__struct.hpp
[5.030s] -- Up-to-date: /home/brsd/microros_ws/install/multisense_msgs/include/multisense_msgs/msg/detail/raw_lidar_cal__builder.hpp
[5.030s] -- Up-to-date: /home/brsd/microros_ws/install/multisense_msgs/include/multisense_msgs/msg/detail/raw_cam_config__builder.hpp
[5.031s] -- Up-to-date: /home/brsd/microros_ws/install/multisense_msgs/include/multisense_msgs/msg/detail/raw_cam_cal__builder.hpp
[5.031s] -- Up-to-date: /home/brsd/microros_ws/install/multisense_msgs/include/multisense_msgs/msg/detail/raw_cam_cal__traits.hpp
[5.032s] -- Up-to-date: /home/brsd/microros_ws/install/multisense_msgs/include/multisense_msgs/msg/detail/ptp_status__traits.hpp
[5.032s] -- Up-to-date: /home/brsd/microros_ws/install/multisense_msgs/include/multisense_msgs/msg/detail/device_info__struct.hpp
[5.033s] -- Up-to-date: /home/brsd/microros_ws/install/multisense_msgs/include/multisense_msgs/msg/detail/stamped_pps__type_support.hpp
[5.033s] -- Up-to-date: /home/brsd/microros_ws/install/multisense_msgs/include/multisense_msgs/msg/detail/raw_cam_data__type_support.hpp
[5.034s] -- Up-to-date: /home/brsd/microros_ws/install/multisense_msgs/include/multisense_msgs/msg/detail/raw_lidar_data__struct.hpp
[5.034s] -- Up-to-date: /home/brsd/microros_ws/install/multisense_msgs/include/multisense_msgs/msg/detail/ptp_status__struct.hpp
[5.035s] -- Up-to-date: /home/brsd/microros_ws/install/multisense_msgs/include/multisense_msgs/msg/detail/device_status__traits.hpp
[5.035s] -- Up-to-date: /home/brsd/microros_ws/install/multisense_msgs/include/multisense_msgs/msg/detail/device_info__traits.hpp
[5.036s] -- Up-to-date: /home/brsd/microros_ws/install/multisense_msgs/include/multisense_msgs/msg/detail/device_status__type_support.hpp
[5.036s] -- Up-to-date: /home/brsd/microros_ws/install/multisense_msgs/include/multisense_msgs/msg/detail/histogram__traits.hpp
[5.037s] -- Up-to-date: /home/brsd/microros_ws/install/multisense_msgs/include/multisense_msgs/msg/detail/device_info__type_support.hpp
[5.037s] -- Up-to-date: /home/brsd/microros_ws/install/multisense_msgs/include/multisense_msgs/msg/detail/raw_imu_data__type_support.hpp
[5.038s] -- Up-to-date: /home/brsd/microros_ws/install/multisense_msgs/include/multisense_msgs/msg/detail/raw_lidar_data__traits.hpp
[5.038s] -- Up-to-date: /home/brsd/microros_ws/install/multisense_msgs/include/multisense_msgs/msg/detail/stamped_pps__builder.hpp
[5.039s] -- Up-to-date: /home/brsd/microros_ws/install/multisense_msgs/include/multisense_msgs/msg/detail/raw_cam_data__builder.hpp
[5.039s] -- Up-to-date: /home/brsd/microros_ws/install/multisense_msgs/include/multisense_msgs/msg/detail/raw_cam_data__traits.hpp
[5.040s] -- Up-to-date: /home/brsd/microros_ws/install/multisense_msgs/include/multisense_msgs/msg/detail/raw_lidar_cal__type_support.hpp
[5.040s] -- Up-to-date: /home/brsd/microros_ws/install/multisense_msgs/include/multisense_msgs/msg/detail/histogram__type_support.hpp
[5.040s] -- Up-to-date: /home/brsd/microros_ws/install/multisense_msgs/include/multisense_msgs
[5.041s] -- Up-to-date: /home/brsd/microros_ws/install/multisense_msgs/include/multisense_msgs/msg
[5.041s] -- Up-to-date: /home/brsd/microros_ws/install/multisense_msgs/include/multisense_msgs/msg/detail
[5.042s] -- Up-to-date: /home/brsd/microros_ws/install/multisense_msgs/include/multisense_msgs/msg/detail/device_status__rosidl_typesupport_introspection_cpp.hpp
[5.042s] -- Up-to-date: /home/brsd/microros_ws/install/multisense_msgs/include/multisense_msgs/msg/detail/raw_cam_config__type_support.cpp
[5.042s] -- Up-to-date: /home/brsd/microros_ws/install/multisense_msgs/include/multisense_msgs/msg/detail/stamped_pps__type_support.cpp
[5.043s] -- Up-to-date: /home/brsd/microros_ws/install/multisense_msgs/include/multisense_msgs/msg/detail/raw_lidar_data__type_support.cpp
[5.043s] -- Up-to-date: /home/brsd/microros_ws/install/multisense_msgs/include/multisense_msgs/msg/detail/ptp_status__type_support.cpp
[5.044s] -- Up-to-date: /home/brsd/microros_ws/install/multisense_msgs/include/multisense_msgs/msg/detail/raw_cam_cal__type_support.cpp
[5.045s] -- Up-to-date: /home/brsd/microros_ws/install/multisense_msgs/include/multisense_msgs/msg/detail/raw_imu_data__rosidl_typesupport_introspection_cpp.hpp
[5.045s] -- Up-to-date: /home/brsd/microros_ws/install/multisense_msgs/include/multisense_msgs/msg/detail/raw_cam_data__type_support.cpp
[5.046s] -- Up-to-date: /home/brsd/microros_ws/install/multisense_msgs/include/multisense_msgs/msg/detail/raw_cam_cal__rosidl_typesupport_introspection_cpp.hpp
[5.046s] -- Up-to-date: /home/brsd/microros_ws/install/multisense_msgs/include/multisense_msgs/msg/detail/device_status__type_support.cpp
[5.047s] -- Up-to-date: /home/brsd/microros_ws/install/multisense_msgs/include/multisense_msgs/msg/detail/raw_lidar_cal__rosidl_typesupport_introspection_cpp.hpp
[5.047s] -- Up-to-date: /home/brsd/microros_ws/install/multisense_msgs/include/multisense_msgs/msg/detail/stamped_pps__rosidl_typesupport_introspection_cpp.hpp
[5.048s] -- Up-to-date: /home/brsd/microros_ws/install/multisense_msgs/include/multisense_msgs/msg/detail/ptp_status__rosidl_typesupport_introspection_cpp.hpp
[5.048s] -- Up-to-date: /home/brsd/microros_ws/install/multisense_msgs/include/multisense_msgs/msg/detail/raw_lidar_data__rosidl_typesupport_introspection_cpp.hpp
[5.049s] -- Up-to-date: /home/brsd/microros_ws/install/multisense_msgs/include/multisense_msgs/msg/detail/histogram__type_support.cpp
[5.050s] -- Up-to-date: /home/brsd/microros_ws/install/multisense_msgs/include/multisense_msgs/msg/detail/raw_lidar_cal__type_support.cpp
[5.050s] -- Up-to-date: /home/brsd/microros_ws/install/multisense_msgs/include/multisense_msgs/msg/detail/device_info__rosidl_typesupport_introspection_cpp.hpp
[5.051s] -- Up-to-date: /home/brsd/microros_ws/install/multisense_msgs/include/multisense_msgs/msg/detail/histogram__rosidl_typesupport_introspection_cpp.hpp
[5.051s] -- Up-to-date: /home/brsd/microros_ws/install/multisense_msgs/include/multisense_msgs/msg/detail/raw_imu_data__type_support.cpp
[5.052s] -- Up-to-date: /home/brsd/microros_ws/install/multisense_msgs/include/multisense_msgs/msg/detail/raw_cam_data__rosidl_typesupport_introspection_cpp.hpp
[5.052s] -- Up-to-date: /home/brsd/microros_ws/install/multisense_msgs/include/multisense_msgs/msg/detail/raw_cam_config__rosidl_typesupport_introspection_cpp.hpp
[5.053s] -- Up-to-date: /home/brsd/microros_ws/install/multisense_msgs/include/multisense_msgs/msg/detail/device_info__type_support.cpp
[5.055s] -- Up-to-date: /home/brsd/microros_ws/install/multisense_msgs/lib/libmultisense_msgs__rosidl_typesupport_introspection_cpp.so
[5.056s] -- Up-to-date: /home/brsd/microros_ws/install/multisense_msgs/lib/libmultisense_msgs__rosidl_typesupport_cpp.so
[5.056s] -- Up-to-date: /home/brsd/microros_ws/install/multisense_msgs/share/multisense_msgs/environment/pythonpath.sh
[5.056s] -- Up-to-date: /home/brsd/microros_ws/install/multisense_msgs/share/multisense_msgs/environment/pythonpath.dsv
[5.057s] -- Up-to-date: /home/brsd/microros_ws/install/multisense_msgs/lib/python3.8/site-packages/multisense_msgs/__init__.py
[5.161s] -- Up-to-date: /home/brsd/microros_ws/install/multisense_msgs/lib/python3.8/site-packages/multisense_msgs/msg
[5.161s] -- Up-to-date: /home/brsd/microros_ws/install/multisense_msgs/lib/python3.8/site-packages/multisense_msgs/msg/_stamped_pps_s.c
[5.162s] -- Up-to-date: /home/brsd/microros_ws/install/multisense_msgs/lib/python3.8/site-packages/multisense_msgs/msg/_ptp_status_s.c
[5.163s] -- Up-to-date: /home/brsd/microros_ws/install/multisense_msgs/lib/python3.8/site-packages/multisense_msgs/msg/_raw_cam_config_s.c
[5.164s] -- Up-to-date: /home/brsd/microros_ws/install/multisense_msgs/lib/python3.8/site-packages/multisense_msgs/msg/_raw_imu_data_s.c
[5.164s] -- Up-to-date: /home/brsd/microros_ws/install/multisense_msgs/lib/python3.8/site-packages/multisense_msgs/msg/__init__.py
[5.164s] -- Up-to-date: /home/brsd/microros_ws/install/multisense_msgs/lib/python3.8/site-packages/multisense_msgs/msg/_stamped_pps.py
[5.165s] -- Up-to-date: /home/brsd/microros_ws/install/multisense_msgs/lib/python3.8/site-packages/multisense_msgs/msg/_raw_imu_data.py
[5.165s] -- Up-to-date: /home/brsd/microros_ws/install/multisense_msgs/lib/python3.8/site-packages/multisense_msgs/msg/_device_info_s.c
[5.166s] -- Up-to-date: /home/brsd/microros_ws/install/multisense_msgs/lib/python3.8/site-packages/multisense_msgs/msg/_device_status_s.c
[5.166s] -- Up-to-date: /home/brsd/microros_ws/install/multisense_msgs/lib/python3.8/site-packages/multisense_msgs/msg/_raw_lidar_data_s.c
[5.167s] -- Up-to-date: /home/brsd/microros_ws/install/multisense_msgs/lib/python3.8/site-packages/multisense_msgs/msg/_raw_cam_cal_s.c
[5.167s] -- Up-to-date: /home/brsd/microros_ws/install/multisense_msgs/lib/python3.8/site-packages/multisense_msgs/msg/_raw_cam_config.py
[5.168s] -- Up-to-date: /home/brsd/microros_ws/install/multisense_msgs/lib/python3.8/site-packages/multisense_msgs/msg/_raw_cam_data.py
[5.168s] -- Up-to-date: /home/brsd/microros_ws/install/multisense_msgs/lib/python3.8/site-packages/multisense_msgs/msg/_device_info.py
[5.169s] -- Up-to-date: /home/brsd/microros_ws/install/multisense_msgs/lib/python3.8/site-packages/multisense_msgs/msg/_raw_lidar_cal_s.c
[5.169s] -- Up-to-date: /home/brsd/microros_ws/install/multisense_msgs/lib/python3.8/site-packages/multisense_msgs/msg/_ptp_status.py
[5.174s] -- Up-to-date: /home/brsd/microros_ws/install/multisense_msgs/lib/python3.8/site-packages/multisense_msgs/msg/_raw_cam_cal.py
[5.176s] -- Up-to-date: /home/brsd/microros_ws/install/multisense_msgs/lib/python3.8/site-packages/multisense_msgs/msg/_device_status.py
[5.176s] -- Up-to-date: /home/brsd/microros_ws/install/multisense_msgs/lib/python3.8/site-packages/multisense_msgs/msg/_histogram.py
[5.181s] -- Up-to-date: /home/brsd/microros_ws/install/multisense_msgs/lib/python3.8/site-packages/multisense_msgs/msg/_raw_lidar_data.py
[5.182s] -- Up-to-date: /home/brsd/microros_ws/install/multisense_msgs/lib/python3.8/site-packages/multisense_msgs/msg/_raw_lidar_cal.py
[5.182s] -- Up-to-date: /home/brsd/microros_ws/install/multisense_msgs/lib/python3.8/site-packages/multisense_msgs/msg/_raw_cam_data_s.c
[5.183s] -- Up-to-date: /home/brsd/microros_ws/install/multisense_msgs/lib/python3.8/site-packages/multisense_msgs/msg/_histogram_s.c
[5.183s] -- Up-to-date: /home/brsd/microros_ws/install/multisense_msgs/lib/python3.8/site-packages/multisense_msgs/multisense_msgs_s__rosidl_typesupport_fastrtps_c.cpython-38-aarch64-linux-gnu.so
[5.184s] -- Up-to-date: /home/brsd/microros_ws/install/multisense_msgs/lib/python3.8/site-packages/multisense_msgs/multisense_msgs_s__rosidl_typesupport_introspection_c.cpython-38-aarch64-linux-gnu.so
[5.184s] -- Up-to-date: /home/brsd/microros_ws/install/multisense_msgs/lib/python3.8/site-packages/multisense_msgs/multisense_msgs_s__rosidl_typesupport_c.cpython-38-aarch64-linux-gnu.so
[5.185s] -- Up-to-date: /home/brsd/microros_ws/install/multisense_msgs/lib/libmultisense_msgs__python.so
[5.185s] -- Up-to-date: /home/brsd/microros_ws/install/multisense_msgs/share/multisense_msgs/msg/DeviceInfo.idl
[5.191s] -- Up-to-date: /home/brsd/microros_ws/install/multisense_msgs/share/multisense_msgs/msg/RawCamConfig.idl
[5.192s] -- Up-to-date: /home/brsd/microros_ws/install/multisense_msgs/share/multisense_msgs/msg/RawImuData.idl
[5.193s] -- Up-to-date: /home/brsd/microros_ws/install/multisense_msgs/share/multisense_msgs/msg/RawLidarData.idl
[5.194s] -- Up-to-date: /home/brsd/microros_ws/install/multisense_msgs/share/multisense_msgs/msg/RawCamCal.idl
[5.196s] -- Up-to-date: /home/brsd/microros_ws/install/multisense_msgs/share/multisense_msgs/msg/RawCamData.idl
[5.197s] -- Up-to-date: /home/brsd/microros_ws/install/multisense_msgs/share/multisense_msgs/msg/RawLidarCal.idl
[5.198s] -- Up-to-date: /home/brsd/microros_ws/install/multisense_msgs/share/multisense_msgs/msg/Histogram.idl
[5.200s] -- Up-to-date: /home/brsd/microros_ws/install/multisense_msgs/share/multisense_msgs/msg/DeviceStatus.idl
[5.201s] -- Up-to-date: /home/brsd/microros_ws/install/multisense_msgs/share/multisense_msgs/msg/PtpStatus.idl
[5.202s] -- Up-to-date: /home/brsd/microros_ws/install/multisense_msgs/share/multisense_msgs/msg/StampedPps.idl
[5.204s] -- Up-to-date: /home/brsd/microros_ws/install/multisense_msgs/share/multisense_msgs/msg/DeviceInfo.msg
[5.206s] -- Up-to-date: /home/brsd/microros_ws/install/multisense_msgs/share/multisense_msgs/msg/RawCamConfig.msg
[5.208s] -- Up-to-date: /home/brsd/microros_ws/install/multisense_msgs/share/multisense_msgs/msg/RawImuData.msg
[5.209s] -- Up-to-date: /home/brsd/microros_ws/install/multisense_msgs/share/multisense_msgs/msg/RawLidarData.msg
[5.211s] -- Up-to-date: /home/brsd/microros_ws/install/multisense_msgs/share/multisense_msgs/msg/RawCamCal.msg
[5.212s] -- Up-to-date: /home/brsd/microros_ws/install/multisense_msgs/share/multisense_msgs/msg/RawCamData.msg
[5.212s] -- Up-to-date: /home/brsd/microros_ws/install/multisense_msgs/share/multisense_msgs/msg/RawLidarCal.msg
[5.215s] -- Up-to-date: /home/brsd/microros_ws/install/multisense_msgs/share/multisense_msgs/msg/Histogram.msg
[5.216s] -- Up-to-date: /home/brsd/microros_ws/install/multisense_msgs/share/multisense_msgs/msg/DeviceStatus.msg
[5.219s] -- Up-to-date: /home/brsd/microros_ws/install/multisense_msgs/share/multisense_msgs/msg/PtpStatus.msg
[5.219s] -- Up-to-date: /home/brsd/microros_ws/install/multisense_msgs/share/multisense_msgs/msg/StampedPps.msg
[5.220s] -- Up-to-date: /home/brsd/microros_ws/install/multisense_msgs/share/ament_index/resource_index/package_run_dependencies/multisense_msgs
[5.220s] -- Up-to-date: /home/brsd/microros_ws/install/multisense_msgs/share/ament_index/resource_index/parent_prefix_path/multisense_msgs
[5.221s] -- Up-to-date: /home/brsd/microros_ws/install/multisense_msgs/share/multisense_msgs/environment/ament_prefix_path.sh
[5.221s] -- Up-to-date: /home/brsd/microros_ws/install/multisense_msgs/share/multisense_msgs/environment/ament_prefix_path.dsv
[5.227s] -- Up-to-date: /home/brsd/microros_ws/install/multisense_msgs/share/multisense_msgs/environment/path.sh
[5.227s] -- Up-to-date: /home/brsd/microros_ws/install/multisense_msgs/share/multisense_msgs/environment/path.dsv
[5.228s] -- Up-to-date: /home/brsd/microros_ws/install/multisense_msgs/share/multisense_msgs/local_setup.bash
[5.228s] -- Up-to-date: /home/brsd/microros_ws/install/multisense_msgs/share/multisense_msgs/local_setup.sh
[5.229s] -- Up-to-date: /home/brsd/microros_ws/install/multisense_msgs/share/multisense_msgs/local_setup.zsh
[5.229s] -- Up-to-date: /home/brsd/microros_ws/install/multisense_msgs/share/multisense_msgs/local_setup.dsv
[5.232s] -- Installing: /home/brsd/microros_ws/install/multisense_msgs/share/multisense_msgs/package.dsv
[5.233s] -- Up-to-date: /home/brsd/microros_ws/install/multisense_msgs/share/ament_index/resource_index/packages/multisense_msgs
[5.237s] -- Up-to-date: /home/brsd/microros_ws/install/multisense_msgs/share/multisense_msgs/cmake/multisense_msgs__rosidl_generator_cExport.cmake
[5.238s] -- Up-to-date: /home/brsd/microros_ws/install/multisense_msgs/share/multisense_msgs/cmake/multisense_msgs__rosidl_generator_cExport-release.cmake
[5.241s] -- Up-to-date: /home/brsd/microros_ws/install/multisense_msgs/share/multisense_msgs/cmake/multisense_msgs__rosidl_typesupport_introspection_cExport.cmake
[5.241s] -- Up-to-date: /home/brsd/microros_ws/install/multisense_msgs/share/multisense_msgs/cmake/multisense_msgs__rosidl_typesupport_introspection_cExport-release.cmake
[5.244s] -- Up-to-date: /home/brsd/microros_ws/install/multisense_msgs/share/multisense_msgs/cmake/multisense_msgs__rosidl_typesupport_cExport.cmake
[5.246s] -- Up-to-date: /home/brsd/microros_ws/install/multisense_msgs/share/multisense_msgs/cmake/multisense_msgs__rosidl_typesupport_cExport-release.cmake
[5.247s] -- Up-to-date: /home/brsd/microros_ws/install/multisense_msgs/share/multisense_msgs/cmake/multisense_msgs__rosidl_generator_cppExport.cmake
[5.251s] -- Up-to-date: /home/brsd/microros_ws/install/multisense_msgs/share/multisense_msgs/cmake/multisense_msgs__rosidl_typesupport_introspection_cppExport.cmake
[5.251s] -- Up-to-date: /home/brsd/microros_ws/install/multisense_msgs/share/multisense_msgs/cmake/multisense_msgs__rosidl_typesupport_introspection_cppExport-release.cmake
[5.254s] -- Up-to-date: /home/brsd/microros_ws/install/multisense_msgs/share/multisense_msgs/cmake/multisense_msgs__rosidl_typesupport_cppExport.cmake
[5.255s] -- Up-to-date: /home/brsd/microros_ws/install/multisense_msgs/share/multisense_msgs/cmake/multisense_msgs__rosidl_typesupport_cppExport-release.cmake
[5.256s] -- Up-to-date: /home/brsd/microros_ws/install/multisense_msgs/share/multisense_msgs/cmake/rosidl_cmake-extras.cmake
[5.256s] -- Up-to-date: /home/brsd/microros_ws/install/multisense_msgs/share/multisense_msgs/cmake/ament_cmake_export_dependencies-extras.cmake
[5.257s] -- Up-to-date: /home/brsd/microros_ws/install/multisense_msgs/share/multisense_msgs/cmake/ament_cmake_export_libraries-extras.cmake
[5.258s] -- Up-to-date: /home/brsd/microros_ws/install/multisense_msgs/share/multisense_msgs/cmake/ament_cmake_export_targets-extras.cmake
[5.259s] -- Up-to-date: /home/brsd/microros_ws/install/multisense_msgs/share/multisense_msgs/cmake/ament_cmake_export_include_directories-extras.cmake
[5.259s] -- Up-to-date: /home/brsd/microros_ws/install/multisense_msgs/share/multisense_msgs/cmake/rosidl_cmake_export_typesupport_libraries-extras.cmake
[5.262s] -- Up-to-date: /home/brsd/microros_ws/install/multisense_msgs/share/multisense_msgs/cmake/rosidl_cmake_export_typesupport_targets-extras.cmake
[5.264s] -- Up-to-date: /home/brsd/microros_ws/install/multisense_msgs/share/multisense_msgs/cmake/multisense_msgsConfig.cmake
[5.264s] -- Up-to-date: /home/brsd/microros_ws/install/multisense_msgs/share/multisense_msgs/cmake/multisense_msgsConfig-version.cmake
[5.265s] -- Up-to-date: /home/brsd/microros_ws/install/multisense_msgs/share/multisense_msgs/package.xml
[5.297s] Invoked command in '/home/brsd/microros_ws/build/multisense_msgs' returned '0': CMAKE_PREFIX_PATH=${CMAKE_PREFIX_PATH}:/home/brsd/microros_ws/install/person_detection:/home/brsd/microros_ws/install/pathfinding:/home/brsd/microros_ws/install/object_detection_pkg:/home/brsd/microros_ws/install/joystick_input:/home/brsd/microros_ws/install/jetson_comm:/home/brsd/microros_ws/install/fsm:/opt/ros/foxy /usr/bin/cmake --install /home/brsd/microros_ws/build/multisense_msgs
