[4.772s] Invoking command in '/home/brsd/microros_ws/src/pathfinding': PYTHONPATH=/home/brsd/microros_ws/build/pathfinding/prefix_override:/usr/lib/python3/dist-packages/colcon_core/task/python/colcon_distutils_commands:/home/brsd/microros_ws/install/pathfinding/lib/python3.8/site-packages:${PYTHONPATH} /usr/bin/python3 -W ignore:setup.py install is deprecated setup.py egg_info --egg-base ../../build/pathfinding build --build-base /home/brsd/microros_ws/build/pathfinding/build install --record /home/brsd/microros_ws/build/pathfinding/install.log --install-scripts $base/lib/pathfinding --single-version-externally-managed install_data
[5.871s] running egg_info
[5.875s] writing ../../build/pathfinding/pathfinding.egg-info/PKG-INFO
[5.876s] writing dependency_links to ../../build/pathfinding/pathfinding.egg-info/dependency_links.txt
[5.876s] writing entry points to ../../build/pathfinding/pathfinding.egg-info/entry_points.txt
[5.877s] writing requirements to ../../build/pathfinding/pathfinding.egg-info/requires.txt
[5.877s] writing top-level names to ../../build/pathfinding/pathfinding.egg-info/top_level.txt
[6.040s] file pathfinding.py (for module pathfinding) not found
[6.044s] reading manifest file '../../build/pathfinding/pathfinding.egg-info/SOURCES.txt'
[6.048s] writing manifest file '../../build/pathfinding/pathfinding.egg-info/SOURCES.txt'
[6.049s] running build
[6.049s] running build_py
[6.050s] file pathfinding.py (for module pathfinding) not found
[6.050s] file pathfinding.py (for module pathfinding) not found
[6.050s] running install
[6.053s] running install_lib
[6.061s] running install_data
[6.061s] running install_egg_info
[6.069s] removing '/home/brsd/microros_ws/install/pathfinding/lib/python3.8/site-packages/pathfinding-0.0.0-py3.8.egg-info' (and everything under it)
[6.070s] Copying ../../build/pathfinding/pathfinding.egg-info to /home/brsd/microros_ws/install/pathfinding/lib/python3.8/site-packages/pathfinding-0.0.0-py3.8.egg-info
[6.074s] running install_scripts
[6.147s] Installing navigation_node script to /home/brsd/microros_ws/install/pathfinding/lib/pathfinding
[6.147s] file pathfinding.py (for module pathfinding) not found
[6.148s] writing list of installed files to '/home/brsd/microros_ws/build/pathfinding/install.log'
[6.258s] Invoked command in '/home/brsd/microros_ws/src/pathfinding' returned '0': PYTHONPATH=/home/brsd/microros_ws/build/pathfinding/prefix_override:/usr/lib/python3/dist-packages/colcon_core/task/python/colcon_distutils_commands:/home/brsd/microros_ws/install/pathfinding/lib/python3.8/site-packages:${PYTHONPATH} /usr/bin/python3 -W ignore:setup.py install is deprecated setup.py egg_info --egg-base ../../build/pathfinding build --build-base /home/brsd/microros_ws/build/pathfinding/build install --record /home/brsd/microros_ws/build/pathfinding/install.log --install-scripts $base/lib/pathfinding --single-version-externally-managed install_data
