[4.205s] Invoking command in '/home/brsd/microros_ws/src/jetson_comm': PYTHONPATH=/home/brsd/microros_ws/build/jetson_comm/prefix_override:/usr/lib/python3/dist-packages/colcon_core/task/python/colcon_distutils_commands:/home/brsd/microros_ws/install/jetson_comm/lib/python3.8/site-packages:${PYTHONPATH} /usr/bin/python3 -W ignore:setup.py install is deprecated setup.py egg_info --egg-base ../../build/jetson_comm build --build-base /home/brsd/microros_ws/build/jetson_comm/build install --record /home/brsd/microros_ws/build/jetson_comm/install.log --install-scripts $base/lib/jetson_comm --single-version-externally-managed install_data
[5.360s] running egg_info
[5.362s] writing ../../build/jetson_comm/jetson_comm.egg-info/PKG-INFO
[5.365s] writing dependency_links to ../../build/jetson_comm/jetson_comm.egg-info/dependency_links.txt
[5.366s] writing entry points to ../../build/jetson_comm/jetson_comm.egg-info/entry_points.txt
[5.366s] writing requirements to ../../build/jetson_comm/jetson_comm.egg-info/requires.txt
[5.367s] writing top-level names to ../../build/jetson_comm/jetson_comm.egg-info/top_level.txt
[5.549s] reading manifest file '../../build/jetson_comm/jetson_comm.egg-info/SOURCES.txt'
[5.554s] writing manifest file '../../build/jetson_comm/jetson_comm.egg-info/SOURCES.txt'
[5.555s] running build
[5.555s] running build_py
[5.556s] copying jetson_comm/jetson_node.py -> /home/brsd/microros_ws/build/jetson_comm/build/lib/jetson_comm
[5.557s] running install
[5.560s] running install_lib
[5.565s] copying /home/brsd/microros_ws/build/jetson_comm/build/lib/jetson_comm/jetson_node.py -> /home/brsd/microros_ws/install/jetson_comm/lib/python3.8/site-packages/jetson_comm
[5.568s] byte-compiling /home/brsd/microros_ws/install/jetson_comm/lib/python3.8/site-packages/jetson_comm/jetson_node.py to jetson_node.cpython-38.pyc
[5.573s] running install_data
[5.575s] running install_egg_info
[5.582s] removing '/home/brsd/microros_ws/install/jetson_comm/lib/python3.8/site-packages/jetson_comm-0.0.0-py3.8.egg-info' (and everything under it)
[5.583s] Copying ../../build/jetson_comm/jetson_comm.egg-info to /home/brsd/microros_ws/install/jetson_comm/lib/python3.8/site-packages/jetson_comm-0.0.0-py3.8.egg-info
[5.587s] running install_scripts
[5.664s] Installing jetson_node script to /home/brsd/microros_ws/install/jetson_comm/lib/jetson_comm
[5.666s] writing list of installed files to '/home/brsd/microros_ws/build/jetson_comm/install.log'
[5.773s] Invoked command in '/home/brsd/microros_ws/src/jetson_comm' returned '0': PYTHONPATH=/home/brsd/microros_ws/build/jetson_comm/prefix_override:/usr/lib/python3/dist-packages/colcon_core/task/python/colcon_distutils_commands:/home/brsd/microros_ws/install/jetson_comm/lib/python3.8/site-packages:${PYTHONPATH} /usr/bin/python3 -W ignore:setup.py install is deprecated setup.py egg_info --egg-base ../../build/jetson_comm build --build-base /home/brsd/microros_ws/build/jetson_comm/build install --record /home/brsd/microros_ws/build/jetson_comm/install.log --install-scripts $base/lib/jetson_comm --single-version-externally-managed install_data
