[3.547s] Invoking command in '/home/brsd/microros_ws/src/jetson_comm': PYTHONPATH=/home/brsd/microros_ws/build/jetson_comm/prefix_override:/usr/lib/python3/dist-packages/colcon_core/task/python/colcon_distutils_commands:/home/brsd/microros_ws/install/jetson_comm/lib/python3.8/site-packages:${PYTHONPATH} /usr/bin/python3 -W ignore:setup.py install is deprecated setup.py egg_info --egg-base ../../build/jetson_comm build --build-base /home/brsd/microros_ws/build/jetson_comm/build install --record /home/brsd/microros_ws/build/jetson_comm/install.log --install-scripts $base/lib/jetson_comm --single-version-externally-managed install_data
[4.671s] running egg_info
[4.675s] writing ../../build/jetson_comm/jetson_comm.egg-info/PKG-INFO
[4.676s] writing dependency_links to ../../build/jetson_comm/jetson_comm.egg-info/dependency_links.txt
[4.678s] writing entry points to ../../build/jetson_comm/jetson_comm.egg-info/entry_points.txt
[4.679s] writing requirements to ../../build/jetson_comm/jetson_comm.egg-info/requires.txt
[4.679s] writing top-level names to ../../build/jetson_comm/jetson_comm.egg-info/top_level.txt
[4.853s] reading manifest file '../../build/jetson_comm/jetson_comm.egg-info/SOURCES.txt'
[4.858s] writing manifest file '../../build/jetson_comm/jetson_comm.egg-info/SOURCES.txt'
[4.859s] running build
[4.859s] running build_py
[4.861s] copying jetson_comm/jetson_node.py -> /home/brsd/microros_ws/build/jetson_comm/build/lib/jetson_comm
[4.861s] running install
[4.865s] running install_lib
[4.869s] copying /home/brsd/microros_ws/build/jetson_comm/build/lib/jetson_comm/jetson_node.py -> /home/brsd/microros_ws/install/jetson_comm/lib/python3.8/site-packages/jetson_comm
[4.874s] byte-compiling /home/brsd/microros_ws/install/jetson_comm/lib/python3.8/site-packages/jetson_comm/jetson_node.py to jetson_node.cpython-38.pyc
[4.879s] running install_data
[4.881s] running install_egg_info
[4.888s] removing '/home/brsd/microros_ws/install/jetson_comm/lib/python3.8/site-packages/jetson_comm-0.0.0-py3.8.egg-info' (and everything under it)
[4.890s] Copying ../../build/jetson_comm/jetson_comm.egg-info to /home/brsd/microros_ws/install/jetson_comm/lib/python3.8/site-packages/jetson_comm-0.0.0-py3.8.egg-info
[4.895s] running install_scripts
[4.975s] Installing jetson_node script to /home/brsd/microros_ws/install/jetson_comm/lib/jetson_comm
[4.978s] writing list of installed files to '/home/brsd/microros_ws/build/jetson_comm/install.log'
[5.249s] Invoked command in '/home/brsd/microros_ws/src/jetson_comm' returned '0': PYTHONPATH=/home/brsd/microros_ws/build/jetson_comm/prefix_override:/usr/lib/python3/dist-packages/colcon_core/task/python/colcon_distutils_commands:/home/brsd/microros_ws/install/jetson_comm/lib/python3.8/site-packages:${PYTHONPATH} /usr/bin/python3 -W ignore:setup.py install is deprecated setup.py egg_info --egg-base ../../build/jetson_comm build --build-base /home/brsd/microros_ws/build/jetson_comm/build install --record /home/brsd/microros_ws/build/jetson_comm/install.log --install-scripts $base/lib/jetson_comm --single-version-externally-managed install_data
