[3.629s] Invoking command in '/home/brsd/microros_ws/src/jetson_comm': PYTHONPATH=/home/brsd/microros_ws/build/jetson_comm/prefix_override:/usr/lib/python3/dist-packages/colcon_core/task/python/colcon_distutils_commands:/home/brsd/microros_ws/install/jetson_comm/lib/python3.8/site-packages:${PYTHONPATH} /usr/bin/python3 -W ignore:setup.py install is deprecated setup.py egg_info --egg-base ../../build/jetson_comm build --build-base /home/brsd/microros_ws/build/jetson_comm/build install --record /home/brsd/microros_ws/build/jetson_comm/install.log --install-scripts $base/lib/jetson_comm --single-version-externally-managed install_data
[4.647s] running egg_info
[4.650s] writing ../../build/jetson_comm/jetson_comm.egg-info/PKG-INFO
[4.652s] writing dependency_links to ../../build/jetson_comm/jetson_comm.egg-info/dependency_links.txt
[4.653s] writing entry points to ../../build/jetson_comm/jetson_comm.egg-info/entry_points.txt
[4.653s] writing requirements to ../../build/jetson_comm/jetson_comm.egg-info/requires.txt
[4.653s] writing top-level names to ../../build/jetson_comm/jetson_comm.egg-info/top_level.txt
[4.822s] reading manifest file '../../build/jetson_comm/jetson_comm.egg-info/SOURCES.txt'
[4.826s] writing manifest file '../../build/jetson_comm/jetson_comm.egg-info/SOURCES.txt'
[4.826s] running build
[4.827s] running build_py
[4.829s] running install
[4.832s] running install_lib
[4.839s] running install_data
[4.840s] running install_egg_info
[4.847s] removing '/home/brsd/microros_ws/install/jetson_comm/lib/python3.8/site-packages/jetson_comm-0.0.0-py3.8.egg-info' (and everything under it)
[4.848s] Copying ../../build/jetson_comm/jetson_comm.egg-info to /home/brsd/microros_ws/install/jetson_comm/lib/python3.8/site-packages/jetson_comm-0.0.0-py3.8.egg-info
[4.852s] running install_scripts
[4.921s] Installing jetson_node script to /home/brsd/microros_ws/install/jetson_comm/lib/jetson_comm
[4.924s] writing list of installed files to '/home/brsd/microros_ws/build/jetson_comm/install.log'
[5.026s] Invoked command in '/home/brsd/microros_ws/src/jetson_comm' returned '0': PYTHONPATH=/home/brsd/microros_ws/build/jetson_comm/prefix_override:/usr/lib/python3/dist-packages/colcon_core/task/python/colcon_distutils_commands:/home/brsd/microros_ws/install/jetson_comm/lib/python3.8/site-packages:${PYTHONPATH} /usr/bin/python3 -W ignore:setup.py install is deprecated setup.py egg_info --egg-base ../../build/jetson_comm build --build-base /home/brsd/microros_ws/build/jetson_comm/build install --record /home/brsd/microros_ws/build/jetson_comm/install.log --install-scripts $base/lib/jetson_comm --single-version-externally-managed install_data
