[3.619s] Invoking command in '/home/brsd/microros_ws/src/jetson_comm': PYTHONPATH=/home/brsd/microros_ws/build/jetson_comm/prefix_override:/usr/lib/python3/dist-packages/colcon_core/task/python/colcon_distutils_commands:/home/brsd/microros_ws/install/jetson_comm/lib/python3.8/site-packages:${PYTHONPATH} /usr/bin/python3 -W ignore:setup.py install is deprecated setup.py egg_info --egg-base ../../build/jetson_comm build --build-base /home/brsd/microros_ws/build/jetson_comm/build install --record /home/brsd/microros_ws/build/jetson_comm/install.log --install-scripts $base/lib/jetson_comm --single-version-externally-managed install_data
[4.763s] running egg_info
[4.766s] writing ../../build/jetson_comm/jetson_comm.egg-info/PKG-INFO
[4.768s] writing dependency_links to ../../build/jetson_comm/jetson_comm.egg-info/dependency_links.txt
[4.768s] writing entry points to ../../build/jetson_comm/jetson_comm.egg-info/entry_points.txt
[4.769s] writing requirements to ../../build/jetson_comm/jetson_comm.egg-info/requires.txt
[4.770s] writing top-level names to ../../build/jetson_comm/jetson_comm.egg-info/top_level.txt
[4.953s] reading manifest file '../../build/jetson_comm/jetson_comm.egg-info/SOURCES.txt'
[4.958s] writing manifest file '../../build/jetson_comm/jetson_comm.egg-info/SOURCES.txt'
[4.959s] running build
[4.960s] running build_py
[4.960s] running install
[4.964s] running install_lib
[4.970s] running install_data
[4.971s] running install_egg_info
[4.979s] removing '/home/brsd/microros_ws/install/jetson_comm/lib/python3.8/site-packages/jetson_comm-0.0.0-py3.8.egg-info' (and everything under it)
[4.981s] Copying ../../build/jetson_comm/jetson_comm.egg-info to /home/brsd/microros_ws/install/jetson_comm/lib/python3.8/site-packages/jetson_comm-0.0.0-py3.8.egg-info
[4.985s] running install_scripts
[5.063s] Installing jetson_node script to /home/brsd/microros_ws/install/jetson_comm/lib/jetson_comm
[5.065s] writing list of installed files to '/home/brsd/microros_ws/build/jetson_comm/install.log'
[5.226s] Invoked command in '/home/brsd/microros_ws/src/jetson_comm' returned '0': PYTHONPATH=/home/brsd/microros_ws/build/jetson_comm/prefix_override:/usr/lib/python3/dist-packages/colcon_core/task/python/colcon_distutils_commands:/home/brsd/microros_ws/install/jetson_comm/lib/python3.8/site-packages:${PYTHONPATH} /usr/bin/python3 -W ignore:setup.py install is deprecated setup.py egg_info --egg-base ../../build/jetson_comm build --build-base /home/brsd/microros_ws/build/jetson_comm/build install --record /home/brsd/microros_ws/build/jetson_comm/install.log --install-scripts $base/lib/jetson_comm --single-version-externally-managed install_data
