[0.204s] Invoking command in '/home/brsd/microros_ws/build/multisense_lib': CMAKE_PREFIX_PATH=${CMAKE_PREFIX_PATH}:/home/brsd/microros_ws/install/person_detection:/home/brsd/microros_ws/install/pathfinding:/home/brsd/microros_ws/install/object_detection_pkg:/home/brsd/microros_ws/install/joystick_input:/home/brsd/microros_ws/install/jetson_comm:/home/brsd/microros_ws/install/fsm:/opt/ros/foxy /usr/bin/cmake --build /home/brsd/microros_ws/build/multisense_lib -- -j4 -l4
[0.707s] [ 19%] Built target MultiSense
[0.938s] [ 23%] Built target ChangeResolution
[1.004s] [ 27%] Built target ChangeFps
[1.037s] [ 31%] Built target ChangeIpUtility
[1.054s] [ 36%] Built target AprilTagTestUtility
[1.240s] [ 40%] Built target ChangeTransmitDelay
[1.248s] [ 44%] Built target DeviceInfoUtility
[1.315s] [ 48%] Built target ColorImageUtility
[1.402s] [ 53%] Built target DepthImageUtility
[1.514s] [ 57%] Built target ExternalCalUtility
[1.532s] [ 61%] Built target FeatureDetectorUtility
[1.585s] [ 65%] Built target ImageCalUtility
[1.595s] [ 70%] Built target FlashUtility
[1.641s] [ 74%] Built target ImuConfigUtility
[1.726s] [ 78%] Built target ImuTestUtility
[1.860s] [ 82%] Built target PointCloudUtility
[1.871s] [ 87%] Built target LidarCalUtility
[1.895s] [ 91%] Built target RectifiedFocalLengthUtility
[1.932s] [ 95%] Built target SaveImageUtility
[2.028s] [100%] Built target VersionInfoUtility
[2.149s] Invoked command in '/home/brsd/microros_ws/build/multisense_lib' returned '0': CMAKE_PREFIX_PATH=${CMAKE_PREFIX_PATH}:/home/brsd/microros_ws/install/person_detection:/home/brsd/microros_ws/install/pathfinding:/home/brsd/microros_ws/install/object_detection_pkg:/home/brsd/microros_ws/install/joystick_input:/home/brsd/microros_ws/install/jetson_comm:/home/brsd/microros_ws/install/fsm:/opt/ros/foxy /usr/bin/cmake --build /home/brsd/microros_ws/build/multisense_lib -- -j4 -l4
[2.754s] Invoking command in '/home/brsd/microros_ws/build/multisense_lib': CMAKE_PREFIX_PATH=${CMAKE_PREFIX_PATH}:/home/brsd/microros_ws/install/person_detection:/home/brsd/microros_ws/install/pathfinding:/home/brsd/microros_ws/install/object_detection_pkg:/home/brsd/microros_ws/install/joystick_input:/home/brsd/microros_ws/install/jetson_comm:/home/brsd/microros_ws/install/fsm:/opt/ros/foxy /usr/bin/cmake --install /home/brsd/microros_ws/build/multisense_lib
[2.892s] -- Install configuration: "Release"
[2.893s] -- Up-to-date: /home/brsd/microros_ws/install/multisense_lib/share/multisense_lib/environment/library_path.sh
[2.894s] -- Up-to-date: /home/brsd/microros_ws/install/multisense_lib/share/multisense_lib/environment/library_path.dsv
[2.899s] -- Up-to-date: /home/brsd/microros_ws/install/multisense_lib/share/ament_index/resource_index/package_run_dependencies/multisense_lib
[2.900s] -- Up-to-date: /home/brsd/microros_ws/install/multisense_lib/share/ament_index/resource_index/parent_prefix_path/multisense_lib
[2.901s] -- Up-to-date: /home/brsd/microros_ws/install/multisense_lib/share/multisense_lib/environment/ament_prefix_path.sh
[2.901s] -- Up-to-date: /home/brsd/microros_ws/install/multisense_lib/share/multisense_lib/environment/ament_prefix_path.dsv
[2.902s] -- Up-to-date: /home/brsd/microros_ws/install/multisense_lib/share/multisense_lib/environment/path.sh
[2.902s] -- Up-to-date: /home/brsd/microros_ws/install/multisense_lib/share/multisense_lib/environment/path.dsv
[2.903s] -- Up-to-date: /home/brsd/microros_ws/install/multisense_lib/share/multisense_lib/local_setup.bash
[2.903s] -- Up-to-date: /home/brsd/microros_ws/install/multisense_lib/share/multisense_lib/local_setup.sh
[2.904s] -- Up-to-date: /home/brsd/microros_ws/install/multisense_lib/share/multisense_lib/local_setup.zsh
[2.904s] -- Up-to-date: /home/brsd/microros_ws/install/multisense_lib/share/multisense_lib/local_setup.dsv
[2.905s] -- Installing: /home/brsd/microros_ws/install/multisense_lib/share/multisense_lib/package.dsv
[2.905s] -- Up-to-date: /home/brsd/microros_ws/install/multisense_lib/share/ament_index/resource_index/packages/multisense_lib
[2.906s] -- Up-to-date: /home/brsd/microros_ws/install/multisense_lib/share/multisense_lib/cmake/ament_cmake_export_include_directories-extras.cmake
[2.906s] -- Up-to-date: /home/brsd/microros_ws/install/multisense_lib/share/multisense_lib/cmake/ament_cmake_export_libraries-extras.cmake
[2.906s] -- Up-to-date: /home/brsd/microros_ws/install/multisense_lib/share/multisense_lib/cmake/multisense_libConfig.cmake
[2.907s] -- Up-to-date: /home/brsd/microros_ws/install/multisense_lib/share/multisense_lib/cmake/multisense_libConfig-version.cmake
[2.907s] -- Up-to-date: /home/brsd/microros_ws/install/multisense_lib/share/multisense_lib/package.xml
[2.908s] -- Up-to-date: /home/brsd/microros_ws/install/multisense_lib/lib/pkgconfig/LibMultiSense.pc
[2.916s] -- Up-to-date: /home/brsd/microros_ws/install/multisense_lib/lib/libMultiSense.so.6.1.0
[2.917s] -- Up-to-date: /home/brsd/microros_ws/install/multisense_lib/lib/libMultiSense.so
[2.919s] -- Up-to-date: /home/brsd/microros_ws/install/multisense_lib/include/MultiSense/MultiSenseChannel.hh
[2.920s] -- Up-to-date: /home/brsd/microros_ws/install/multisense_lib/include/MultiSense/MultiSenseTypes.hh
[2.926s] -- Up-to-date: /home/brsd/microros_ws/install/multisense_lib/lib/cmake/MultiSense/MultiSenseTargets.cmake
[2.927s] -- Up-to-date: /home/brsd/microros_ws/install/multisense_lib/lib/cmake/MultiSense/MultiSenseTargets-release.cmake
[2.929s] -- Up-to-date: /home/brsd/microros_ws/install/multisense_lib/lib/cmake/MultiSense/MultiSenseConfig.cmake
[2.930s] -- Up-to-date: /home/brsd/microros_ws/install/multisense_lib/lib/cmake/MultiSense/MultiSenseConfigVersion.cmake
[2.930s] -- Up-to-date: /home/brsd/microros_ws/install/multisense_lib/include/MultiSense/MultiSenseChannel.hh
[2.934s] -- Up-to-date: /home/brsd/microros_ws/install/multisense_lib/include/MultiSense/MultiSenseTypes.hh
[2.940s] -- Up-to-date: /home/brsd/microros_ws/install/multisense_lib/bin/AprilTagTestUtility
[2.949s] -- Up-to-date: /home/brsd/microros_ws/install/multisense_lib/bin/ChangeFps
[2.961s] -- Up-to-date: /home/brsd/microros_ws/install/multisense_lib/bin/ChangeIpUtility
[2.965s] -- Up-to-date: /home/brsd/microros_ws/install/multisense_lib/bin/ChangeResolution
[2.968s] -- Up-to-date: /home/brsd/microros_ws/install/multisense_lib/bin/ChangeTransmitDelay
[2.976s] -- Up-to-date: /home/brsd/microros_ws/install/multisense_lib/bin/ColorImageUtility
[2.989s] -- Up-to-date: /home/brsd/microros_ws/install/multisense_lib/bin/DeviceInfoUtility
[2.994s] -- Up-to-date: /home/brsd/microros_ws/install/multisense_lib/bin/DepthImageUtility
[2.999s] -- Up-to-date: /home/brsd/microros_ws/install/multisense_lib/bin/ExternalCalUtility
[3.008s] -- Up-to-date: /home/brsd/microros_ws/install/multisense_lib/bin/FeatureDetectorUtility
[3.010s] -- Up-to-date: /home/brsd/microros_ws/install/multisense_lib/bin/MultiSenseUpdater
[3.013s] -- Up-to-date: /home/brsd/microros_ws/install/multisense_lib/bin/FlashUtility
[3.018s] -- Up-to-date: /home/brsd/microros_ws/install/multisense_lib/bin/ImageCalUtility
[3.023s] -- Up-to-date: /home/brsd/microros_ws/install/multisense_lib/bin/ImuConfigUtility
[3.027s] -- Up-to-date: /home/brsd/microros_ws/install/multisense_lib/bin/ImuTestUtility
[3.092s] -- Up-to-date: /home/brsd/microros_ws/install/multisense_lib/bin/LidarCalUtility
[3.096s] -- Up-to-date: /home/brsd/microros_ws/install/multisense_lib/bin/PointCloudUtility
[3.098s] -- Up-to-date: /home/brsd/microros_ws/install/multisense_lib/bin/RectifiedFocalLengthUtility
[3.098s] -- Up-to-date: /home/brsd/microros_ws/install/multisense_lib/bin/SaveImageUtility
[3.102s] -- Up-to-date: /home/brsd/microros_ws/install/multisense_lib/bin/VersionInfoUtility
[3.142s] Invoked command in '/home/brsd/microros_ws/build/multisense_lib' returned '0': CMAKE_PREFIX_PATH=${CMAKE_PREFIX_PATH}:/home/brsd/microros_ws/install/person_detection:/home/brsd/microros_ws/install/pathfinding:/home/brsd/microros_ws/install/object_detection_pkg:/home/brsd/microros_ws/install/joystick_input:/home/brsd/microros_ws/install/jetson_comm:/home/brsd/microros_ws/install/fsm:/opt/ros/foxy /usr/bin/cmake --install /home/brsd/microros_ws/build/multisense_lib
