[2.951s] Invoking command in '/home/brsd/microros_ws/src/jetson_comm': PYTHONPATH=/home/brsd/microros_ws/build/jetson_comm/prefix_override:/usr/lib/python3/dist-packages/colcon_core/task/python/colcon_distutils_commands:/home/brsd/microros_ws/install/jetson_comm/lib/python3.8/site-packages:${PYTHONPATH} /usr/bin/python3 -W ignore:setup.py install is deprecated setup.py egg_info --egg-base ../../build/jetson_comm build --build-base /home/brsd/microros_ws/build/jetson_comm/build install --record /home/brsd/microros_ws/build/jetson_comm/install.log --install-scripts $base/lib/jetson_comm --single-version-externally-managed install_data
[3.888s] running egg_info
[3.890s] writing ../../build/jetson_comm/jetson_comm.egg-info/PKG-INFO
[3.893s] writing dependency_links to ../../build/jetson_comm/jetson_comm.egg-info/dependency_links.txt
[3.894s] writing entry points to ../../build/jetson_comm/jetson_comm.egg-info/entry_points.txt
[3.894s] writing requirements to ../../build/jetson_comm/jetson_comm.egg-info/requires.txt
[3.895s] writing top-level names to ../../build/jetson_comm/jetson_comm.egg-info/top_level.txt
[4.067s] reading manifest file '../../build/jetson_comm/jetson_comm.egg-info/SOURCES.txt'
[4.071s] writing manifest file '../../build/jetson_comm/jetson_comm.egg-info/SOURCES.txt'
[4.071s] running build
[4.072s] running build_py
[4.074s] running install
[4.077s] running install_lib
[4.084s] running install_data
[4.084s] running install_egg_info
[4.091s] removing '/home/brsd/microros_ws/install/jetson_comm/lib/python3.8/site-packages/jetson_comm-0.0.0-py3.8.egg-info' (and everything under it)
[4.092s] Copying ../../build/jetson_comm/jetson_comm.egg-info to /home/brsd/microros_ws/install/jetson_comm/lib/python3.8/site-packages/jetson_comm-0.0.0-py3.8.egg-info
[4.096s] running install_scripts
[4.165s] writing list of installed files to '/home/brsd/microros_ws/build/jetson_comm/install.log'
[4.264s] Invoked command in '/home/brsd/microros_ws/src/jetson_comm' returned '0': PYTHONPATH=/home/brsd/microros_ws/build/jetson_comm/prefix_override:/usr/lib/python3/dist-packages/colcon_core/task/python/colcon_distutils_commands:/home/brsd/microros_ws/install/jetson_comm/lib/python3.8/site-packages:${PYTHONPATH} /usr/bin/python3 -W ignore:setup.py install is deprecated setup.py egg_info --egg-base ../../build/jetson_comm build --build-base /home/brsd/microros_ws/build/jetson_comm/build install --record /home/brsd/microros_ws/build/jetson_comm/install.log --install-scripts $base/lib/jetson_comm --single-version-externally-managed install_data
