[5.350s] Invoking command in '/home/brsd/microros_ws/src/fsm': PYTHONPATH=/home/brsd/microros_ws/build/fsm/prefix_override:/usr/lib/python3/dist-packages/colcon_core/task/python/colcon_distutils_commands:/home/brsd/microros_ws/install/fsm/lib/python3.8/site-packages:${PYTHONPATH} /usr/bin/python3 -W ignore:setup.py install is deprecated setup.py egg_info --egg-base ../../build/fsm build --build-base /home/brsd/microros_ws/build/fsm/build install --record /home/brsd/microros_ws/build/fsm/install.log --install-scripts $base/lib/fsm --single-version-externally-managed install_data
[7.656s] running egg_info
[7.663s] writing ../../build/fsm/fsm.egg-info/PKG-INFO
[7.669s] writing dependency_links to ../../build/fsm/fsm.egg-info/dependency_links.txt
[7.670s] writing entry points to ../../build/fsm/fsm.egg-info/entry_points.txt
[7.673s] writing requirements to ../../build/fsm/fsm.egg-info/requires.txt
[7.674s] writing top-level names to ../../build/fsm/fsm.egg-info/top_level.txt
[8.112s] reading manifest file '../../build/fsm/fsm.egg-info/SOURCES.txt'
[8.119s] writing manifest file '../../build/fsm/fsm.egg-info/SOURCES.txt'
[8.120s] running build
[8.121s] running build_py
[8.126s] running install
[8.146s] running install_lib
[8.158s] running install_data
[8.161s] running install_egg_info
[8.174s] removing '/home/brsd/microros_ws/install/fsm/lib/python3.8/site-packages/fsm-0.0.0-py3.8.egg-info' (and everything under it)
[8.184s] Copying ../../build/fsm/fsm.egg-info to /home/brsd/microros_ws/install/fsm/lib/python3.8/site-packages/fsm-0.0.0-py3.8.egg-info
[8.202s] running install_scripts
[8.313s] Installing brsd_fsm_node script to /home/brsd/microros_ws/install/fsm/lib/fsm
[8.320s] writing list of installed files to '/home/brsd/microros_ws/build/fsm/install.log'
[8.516s] Invoked command in '/home/brsd/microros_ws/src/fsm' returned '0': PYTHONPATH=/home/brsd/microros_ws/build/fsm/prefix_override:/usr/lib/python3/dist-packages/colcon_core/task/python/colcon_distutils_commands:/home/brsd/microros_ws/install/fsm/lib/python3.8/site-packages:${PYTHONPATH} /usr/bin/python3 -W ignore:setup.py install is deprecated setup.py egg_info --egg-base ../../build/fsm build --build-base /home/brsd/microros_ws/build/fsm/build install --record /home/brsd/microros_ws/build/fsm/install.log --install-scripts $base/lib/fsm --single-version-externally-managed install_data
