[2.797s] Invoking command in '/home/brsd/microros_ws/build/micro_ros_setup': CMAKE_PREFIX_PATH=${CMAKE_PREFIX_PATH}:/home/brsd/microros_ws/install/person_detection:/home/brsd/microros_ws/install/pathfinding:/home/brsd/microros_ws/install/object_detection_pkg:/home/brsd/microros_ws/install/joystick_input:/home/brsd/microros_ws/install/jetson_comm:/home/brsd/microros_ws/install/fsm:/opt/ros/foxy /usr/bin/cmake --build /home/brsd/microros_ws/build/micro_ros_setup -- -j4 -l4
[6.095s] Invoked command in '/home/brsd/microros_ws/build/micro_ros_setup' returned '0': CMAKE_PREFIX_PATH=${CMAKE_PREFIX_PATH}:/home/brsd/microros_ws/install/person_detection:/home/brsd/microros_ws/install/pathfinding:/home/brsd/microros_ws/install/object_detection_pkg:/home/brsd/microros_ws/install/joystick_input:/home/brsd/microros_ws/install/jetson_comm:/home/brsd/microros_ws/install/fsm:/opt/ros/foxy /usr/bin/cmake --build /home/brsd/microros_ws/build/micro_ros_setup -- -j4 -l4
[6.546s] Invoking command in '/home/brsd/microros_ws/build/micro_ros_setup': CMAKE_PREFIX_PATH=${CMAKE_PREFIX_PATH}:/home/brsd/microros_ws/install/person_detection:/home/brsd/microros_ws/install/pathfinding:/home/brsd/microros_ws/install/object_detection_pkg:/home/brsd/microros_ws/install/joystick_input:/home/brsd/microros_ws/install/jetson_comm:/home/brsd/microros_ws/install/fsm:/opt/ros/foxy /usr/bin/cmake --install /home/brsd/microros_ws/build/micro_ros_setup
[6.648s] -- Install configuration: ""
[6.651s] -- Up-to-date: /home/brsd/microros_ws/install/micro_ros_setup/share/ament_index/resource_index/package_run_dependencies/micro_ros_setup
[6.653s] -- Up-to-date: /home/brsd/microros_ws/install/micro_ros_setup/share/ament_index/resource_index/parent_prefix_path/micro_ros_setup
[6.655s] -- Up-to-date: /home/brsd/microros_ws/install/micro_ros_setup/share/micro_ros_setup/environment/ament_prefix_path.sh
[6.655s] -- Up-to-date: /home/brsd/microros_ws/install/micro_ros_setup/share/micro_ros_setup/environment/ament_prefix_path.dsv
[6.656s] -- Up-to-date: /home/brsd/microros_ws/install/micro_ros_setup/share/micro_ros_setup/environment/path.sh
[6.656s] -- Up-to-date: /home/brsd/microros_ws/install/micro_ros_setup/share/micro_ros_setup/environment/path.dsv
[6.657s] -- Up-to-date: /home/brsd/microros_ws/install/micro_ros_setup/share/micro_ros_setup/local_setup.bash
[6.660s] -- Up-to-date: /home/brsd/microros_ws/install/micro_ros_setup/share/micro_ros_setup/local_setup.sh
[6.662s] -- Up-to-date: /home/brsd/microros_ws/install/micro_ros_setup/share/micro_ros_setup/local_setup.zsh
[6.664s] -- Up-to-date: /home/brsd/microros_ws/install/micro_ros_setup/share/micro_ros_setup/local_setup.dsv
[6.664s] -- Installing: /home/brsd/microros_ws/install/micro_ros_setup/share/micro_ros_setup/package.dsv
[6.665s] -- Up-to-date: /home/brsd/microros_ws/install/micro_ros_setup/share/ament_index/resource_index/packages/micro_ros_setup
[6.666s] -- Up-to-date: /home/brsd/microros_ws/install/micro_ros_setup/share/micro_ros_setup/cmake/micro_ros_setupConfig.cmake
[6.682s] -- Up-to-date: /home/brsd/microros_ws/install/micro_ros_setup/share/micro_ros_setup/cmake/micro_ros_setupConfig-version.cmake
[6.693s] -- Up-to-date: /home/brsd/microros_ws/install/micro_ros_setup/share/micro_ros_setup/package.xml
[6.694s] -- Up-to-date: /home/brsd/microros_ws/install/micro_ros_setup/./config
[6.732s] -- Up-to-date: /home/brsd/microros_ws/install/micro_ros_setup/./config/client_ros2_packages.txt
[6.733s] -- Up-to-date: /home/brsd/microros_ws/install/micro_ros_setup/./config/raspbian
[6.733s] -- Up-to-date: /home/brsd/microros_ws/install/micro_ros_setup/./config/raspbian/generic
[6.734s] -- Up-to-date: /home/brsd/microros_ws/install/micro_ros_setup/./config/raspbian/generic/build.sh
[6.735s] -- Up-to-date: /home/brsd/microros_ws/install/micro_ros_setup/./config/raspbian/generic/configure.sh
[6.735s] -- Up-to-date: /home/brsd/microros_ws/install/micro_ros_setup/./config/raspbian/generic/client_uros_packages.repos
[6.736s] -- Up-to-date: /home/brsd/microros_ws/install/micro_ros_setup/./config/raspbian/generic/create.sh
[6.736s] -- Up-to-date: /home/brsd/microros_ws/install/micro_ros_setup/./config/raspbian/generic/flash.sh
[6.737s] -- Up-to-date: /home/brsd/microros_ws/install/micro_ros_setup/./config/raspbian/generic/client-colcon.meta
[6.738s] -- Up-to-date: /home/brsd/microros_ws/install/micro_ros_setup/./config/raspbian/generic/supported_platforms
[6.738s] -- Up-to-date: /home/brsd/microros_ws/install/micro_ros_setup/./config/raspbian/dev_uros_packages.repos
[6.739s] -- Up-to-date: /home/brsd/microros_ws/install/micro_ros_setup/./config/raspbian/dev_ros2_packages.txt
[6.739s] -- Up-to-date: /home/brsd/microros_ws/install/micro_ros_setup/./config/client_uros_packages.repos
[6.740s] -- Up-to-date: /home/brsd/microros_ws/install/micro_ros_setup/./config/zephyr
[6.744s] -- Up-to-date: /home/brsd/microros_ws/install/micro_ros_setup/./config/zephyr/list_apps.sh
[6.746s] -- Up-to-date: /home/brsd/microros_ws/install/micro_ros_setup/./config/zephyr/generic
[6.747s] -- Up-to-date: /home/brsd/microros_ws/install/micro_ros_setup/./config/zephyr/generic/build.sh
[6.747s] -- Up-to-date: /home/brsd/microros_ws/install/micro_ros_setup/./config/zephyr/generic/configure.sh
[6.748s] -- Up-to-date: /home/brsd/microros_ws/install/micro_ros_setup/./config/zephyr/generic/client_uros_packages.repos
[6.749s] -- Up-to-date: /home/brsd/microros_ws/install/micro_ros_setup/./config/zephyr/generic/package.xml
[6.749s] -- Up-to-date: /home/brsd/microros_ws/install/micro_ros_setup/./config/zephyr/generic/create.sh
[6.750s] -- Up-to-date: /home/brsd/microros_ws/install/micro_ros_setup/./config/zephyr/generic/flash.sh
[6.750s] -- Up-to-date: /home/brsd/microros_ws/install/micro_ros_setup/./config/zephyr/generic/board.repos
[6.751s] -- Up-to-date: /home/brsd/microros_ws/install/micro_ros_setup/./config/zephyr/generic/client-colcon.meta
[6.751s] -- Up-to-date: /home/brsd/microros_ws/install/micro_ros_setup/./config/zephyr/generic/reset.sh
[6.751s] -- Up-to-date: /home/brsd/microros_ws/install/micro_ros_setup/./config/zephyr/generic/supported_platforms
[6.752s] -- Up-to-date: /home/brsd/microros_ws/install/micro_ros_setup/./config/zephyr/dev_uros_packages.repos
[6.752s] -- Up-to-date: /home/brsd/microros_ws/install/micro_ros_setup/./config/zephyr/dev_ros2_packages.txt
[6.753s] -- Up-to-date: /home/brsd/microros_ws/install/micro_ros_setup/./config/renesas_ra
[6.785s] -- Up-to-date: /home/brsd/microros_ws/install/micro_ros_setup/./config/renesas_ra/list_apps.sh
[6.787s] -- Up-to-date: /home/brsd/microros_ws/install/micro_ros_setup/./config/renesas_ra/ra6m5
[6.788s] -- Up-to-date: /home/brsd/microros_ws/install/micro_ros_setup/./config/renesas_ra/ra6m5/build.sh
[6.788s] -- Up-to-date: /home/brsd/microros_ws/install/micro_ros_setup/./config/renesas_ra/ra6m5/configure.sh
[6.789s] -- Up-to-date: /home/brsd/microros_ws/install/micro_ros_setup/./config/renesas_ra/ra6m5/client_uros_packages.repos
[6.789s] -- Up-to-date: /home/brsd/microros_ws/install/micro_ros_setup/./config/renesas_ra/ra6m5/create.sh
[6.795s] -- Up-to-date: /home/brsd/microros_ws/install/micro_ros_setup/./config/renesas_ra/ra6m5/flash.sh
[6.796s] -- Up-to-date: /home/brsd/microros_ws/install/micro_ros_setup/./config/renesas_ra/ra6m5/board.repos
[6.796s] -- Up-to-date: /home/brsd/microros_ws/install/micro_ros_setup/./config/renesas_ra/ra6m5/client-colcon.meta
[6.802s] -- Up-to-date: /home/brsd/microros_ws/install/micro_ros_setup/./config/renesas_ra/dev_uros_packages.repos
[6.803s] -- Up-to-date: /home/brsd/microros_ws/install/micro_ros_setup/./config/renesas_ra/dev_ros2_packages.txt
[6.803s] -- Up-to-date: /home/brsd/microros_ws/install/micro_ros_setup/./config/freertos
[6.804s] -- Up-to-date: /home/brsd/microros_ws/install/micro_ros_setup/./config/freertos/list_apps.sh
[6.804s] -- Up-to-date: /home/brsd/microros_ws/install/micro_ros_setup/./config/freertos/dev_uros_packages.repos
[6.805s] -- Up-to-date: /home/brsd/microros_ws/install/micro_ros_setup/./config/freertos/nucleo_f746zg
[6.821s] -- Up-to-date: /home/brsd/microros_ws/install/micro_ros_setup/./config/freertos/nucleo_f746zg/build.sh
[6.821s] -- Up-to-date: /home/brsd/microros_ws/install/micro_ros_setup/./config/freertos/nucleo_f746zg/configure.sh
[6.822s] -- Up-to-date: /home/brsd/microros_ws/install/micro_ros_setup/./config/freertos/nucleo_f746zg/client_uros_packages.repos
[6.822s] -- Up-to-date: /home/brsd/microros_ws/install/micro_ros_setup/./config/freertos/nucleo_f746zg/package.xml
[6.829s] -- Up-to-date: /home/brsd/microros_ws/install/micro_ros_setup/./config/freertos/nucleo_f746zg/create.sh
[6.830s] -- Up-to-date: /home/brsd/microros_ws/install/micro_ros_setup/./config/freertos/nucleo_f746zg/flash.sh
[6.831s] -- Up-to-date: /home/brsd/microros_ws/install/micro_ros_setup/./config/freertos/nucleo_f746zg/board.repos
[6.831s] -- Up-to-date: /home/brsd/microros_ws/install/micro_ros_setup/./config/freertos/nucleo_f746zg/client-colcon.meta
[6.832s] -- Up-to-date: /home/brsd/microros_ws/install/micro_ros_setup/./config/freertos/nucleo_f746zg/reset.sh
[6.832s] -- Up-to-date: /home/brsd/microros_ws/install/micro_ros_setup/./config/freertos/crazyflie21
[6.843s] -- Up-to-date: /home/brsd/microros_ws/install/micro_ros_setup/./config/freertos/crazyflie21/build.sh
[6.844s] -- Up-to-date: /home/brsd/microros_ws/install/micro_ros_setup/./config/freertos/crazyflie21/configure.sh
[6.845s] -- Up-to-date: /home/brsd/microros_ws/install/micro_ros_setup/./config/freertos/crazyflie21/client_uros_packages.repos
[6.845s] -- Up-to-date: /home/brsd/microros_ws/install/micro_ros_setup/./config/freertos/crazyflie21/package.xml
[6.846s] -- Up-to-date: /home/brsd/microros_ws/install/micro_ros_setup/./config/freertos/crazyflie21/create.sh
[6.846s] -- Up-to-date: /home/brsd/microros_ws/install/micro_ros_setup/./config/freertos/crazyflie21/flash.sh
[6.847s] -- Up-to-date: /home/brsd/microros_ws/install/micro_ros_setup/./config/freertos/crazyflie21/board.repos
[6.848s] -- Up-to-date: /home/brsd/microros_ws/install/micro_ros_setup/./config/freertos/crazyflie21/client-colcon.meta
[6.848s] -- Up-to-date: /home/brsd/microros_ws/install/micro_ros_setup/./config/freertos/nucleo_f446re
[6.854s] -- Up-to-date: /home/brsd/microros_ws/install/micro_ros_setup/./config/freertos/nucleo_f446re/build.sh
[6.855s] -- Up-to-date: /home/brsd/microros_ws/install/micro_ros_setup/./config/freertos/nucleo_f446re/configure.sh
[6.855s] -- Up-to-date: /home/brsd/microros_ws/install/micro_ros_setup/./config/freertos/nucleo_f446re/client_uros_packages.repos
[6.870s] -- Up-to-date: /home/brsd/microros_ws/install/micro_ros_setup/./config/freertos/nucleo_f446re/package.xml
[6.872s] -- Up-to-date: /home/brsd/microros_ws/install/micro_ros_setup/./config/freertos/nucleo_f446re/create.sh
[6.873s] -- Up-to-date: /home/brsd/microros_ws/install/micro_ros_setup/./config/freertos/nucleo_f446re/flash.sh
[6.873s] -- Up-to-date: /home/brsd/microros_ws/install/micro_ros_setup/./config/freertos/nucleo_f446re/board.repos
[6.874s] -- Up-to-date: /home/brsd/microros_ws/install/micro_ros_setup/./config/freertos/nucleo_f446re/client-colcon.meta
[6.874s] -- Up-to-date: /home/brsd/microros_ws/install/micro_ros_setup/./config/freertos/nucleo_f446re/reset.sh
[6.875s] -- Up-to-date: /home/brsd/microros_ws/install/micro_ros_setup/./config/freertos/esp32
[6.876s] -- Up-to-date: /home/brsd/microros_ws/install/micro_ros_setup/./config/freertos/esp32/README.md
[6.877s] -- Up-to-date: /home/brsd/microros_ws/install/micro_ros_setup/./config/freertos/esp32/build.sh
[6.877s] -- Up-to-date: /home/brsd/microros_ws/install/micro_ros_setup/./config/freertos/esp32/configure.sh
[6.878s] -- Up-to-date: /home/brsd/microros_ws/install/micro_ros_setup/./config/freertos/esp32/client_uros_packages.repos
[6.882s] -- Up-to-date: /home/brsd/microros_ws/install/micro_ros_setup/./config/freertos/esp32/package.xml
[6.882s] -- Up-to-date: /home/brsd/microros_ws/install/micro_ros_setup/./config/freertos/esp32/create.sh
[6.883s] -- Up-to-date: /home/brsd/microros_ws/install/micro_ros_setup/./config/freertos/esp32/flash.sh
[6.883s] -- Up-to-date: /home/brsd/microros_ws/install/micro_ros_setup/./config/freertos/esp32/board.repos
[6.884s] -- Up-to-date: /home/brsd/microros_ws/install/micro_ros_setup/./config/freertos/esp32/client-colcon.meta
[6.884s] -- Up-to-date: /home/brsd/microros_ws/install/micro_ros_setup/./config/freertos/nucleo_f767zi
[6.885s] -- Up-to-date: /home/brsd/microros_ws/install/micro_ros_setup/./config/freertos/nucleo_f767zi/build.sh
[6.886s] -- Up-to-date: /home/brsd/microros_ws/install/micro_ros_setup/./config/freertos/nucleo_f767zi/configure.sh
[6.887s] -- Up-to-date: /home/brsd/microros_ws/install/micro_ros_setup/./config/freertos/nucleo_f767zi/client_uros_packages.repos
[6.888s] -- Up-to-date: /home/brsd/microros_ws/install/micro_ros_setup/./config/freertos/nucleo_f767zi/package.xml
[6.889s] -- Up-to-date: /home/brsd/microros_ws/install/micro_ros_setup/./config/freertos/nucleo_f767zi/create.sh
[6.897s] -- Up-to-date: /home/brsd/microros_ws/install/micro_ros_setup/./config/freertos/nucleo_f767zi/flash.sh
[6.898s] -- Up-to-date: /home/brsd/microros_ws/install/micro_ros_setup/./config/freertos/nucleo_f767zi/board.repos
[6.899s] -- Up-to-date: /home/brsd/microros_ws/install/micro_ros_setup/./config/freertos/nucleo_f767zi/client-colcon.meta
[6.899s] -- Up-to-date: /home/brsd/microros_ws/install/micro_ros_setup/./config/freertos/nucleo_f767zi/reset.sh
[6.900s] -- Up-to-date: /home/brsd/microros_ws/install/micro_ros_setup/./config/freertos/olimex-stm32-e407
[6.900s] -- Up-to-date: /home/brsd/microros_ws/install/micro_ros_setup/./config/freertos/olimex-stm32-e407/build.sh
[6.901s] -- Up-to-date: /home/brsd/microros_ws/install/micro_ros_setup/./config/freertos/olimex-stm32-e407/configure.sh
[6.901s] -- Up-to-date: /home/brsd/microros_ws/install/micro_ros_setup/./config/freertos/olimex-stm32-e407/client_uros_packages.repos
[6.902s] -- Up-to-date: /home/brsd/microros_ws/install/micro_ros_setup/./config/freertos/olimex-stm32-e407/package.xml
[6.902s] -- Up-to-date: /home/brsd/microros_ws/install/micro_ros_setup/./config/freertos/olimex-stm32-e407/create.sh
[6.903s] -- Up-to-date: /home/brsd/microros_ws/install/micro_ros_setup/./config/freertos/olimex-stm32-e407/flash.sh
[6.903s] -- Up-to-date: /home/brsd/microros_ws/install/micro_ros_setup/./config/freertos/olimex-stm32-e407/board.repos
[6.904s] -- Up-to-date: /home/brsd/microros_ws/install/micro_ros_setup/./config/freertos/olimex-stm32-e407/client-colcon.meta
[6.904s] -- Up-to-date: /home/brsd/microros_ws/install/micro_ros_setup/./config/freertos/olimex-stm32-e407/reset.sh
[6.905s] -- Up-to-date: /home/brsd/microros_ws/install/micro_ros_setup/./config/freertos/nucleo_f446ze
[6.905s] -- Up-to-date: /home/brsd/microros_ws/install/micro_ros_setup/./config/freertos/nucleo_f446ze/build.sh
[6.906s] -- Up-to-date: /home/brsd/microros_ws/install/micro_ros_setup/./config/freertos/nucleo_f446ze/configure.sh
[6.925s] -- Up-to-date: /home/brsd/microros_ws/install/micro_ros_setup/./config/freertos/nucleo_f446ze/client_uros_packages.repos
[6.926s] -- Up-to-date: /home/brsd/microros_ws/install/micro_ros_setup/./config/freertos/nucleo_f446ze/package.xml
[6.927s] -- Up-to-date: /home/brsd/microros_ws/install/micro_ros_setup/./config/freertos/nucleo_f446ze/create.sh
[6.927s] -- Up-to-date: /home/brsd/microros_ws/install/micro_ros_setup/./config/freertos/nucleo_f446ze/flash.sh
[6.928s] -- Up-to-date: /home/brsd/microros_ws/install/micro_ros_setup/./config/freertos/nucleo_f446ze/board.repos
[6.928s] -- Up-to-date: /home/brsd/microros_ws/install/micro_ros_setup/./config/freertos/nucleo_f446ze/client-colcon.meta
[6.929s] -- Up-to-date: /home/brsd/microros_ws/install/micro_ros_setup/./config/freertos/nucleo_f446ze/reset.sh
[6.929s] -- Up-to-date: /home/brsd/microros_ws/install/micro_ros_setup/./config/freertos/dev_ros2_packages.txt
[6.930s] -- Up-to-date: /home/brsd/microros_ws/install/micro_ros_setup/./config/agent_ros2_packages.txt
[6.930s] -- Up-to-date: /home/brsd/microros_ws/install/micro_ros_setup/./config/utils.sh
[6.931s] -- Up-to-date: /home/brsd/microros_ws/install/micro_ros_setup/./config/nuttx
[6.931s] -- Up-to-date: /home/brsd/microros_ws/install/micro_ros_setup/./config/nuttx/generic
[6.932s] -- Up-to-date: /home/brsd/microros_ws/install/micro_ros_setup/./config/nuttx/generic/build.sh
[6.932s] -- Up-to-date: /home/brsd/microros_ws/install/micro_ros_setup/./config/nuttx/generic/configure.sh
[6.933s] -- Up-to-date: /home/brsd/microros_ws/install/micro_ros_setup/./config/nuttx/generic/client_uros_packages.repos
[6.933s] -- Up-to-date: /home/brsd/microros_ws/install/micro_ros_setup/./config/nuttx/generic/package.xml
[6.934s] -- Up-to-date: /home/brsd/microros_ws/install/micro_ros_setup/./config/nuttx/generic/create.sh
[6.935s] -- Up-to-date: /home/brsd/microros_ws/install/micro_ros_setup/./config/nuttx/generic/flash.sh
[6.936s] -- Up-to-date: /home/brsd/microros_ws/install/micro_ros_setup/./config/nuttx/generic/uros_packages.repos
[6.936s] -- Up-to-date: /home/brsd/microros_ws/install/micro_ros_setup/./config/nuttx/generic/client-colcon.meta
[6.937s] -- Up-to-date: /home/brsd/microros_ws/install/micro_ros_setup/./config/nuttx/generic/reset.sh
[6.937s] -- Up-to-date: /home/brsd/microros_ws/install/micro_ros_setup/./config/nuttx/generic/supported_platforms
[6.938s] -- Up-to-date: /home/brsd/microros_ws/install/micro_ros_setup/./config/nuttx/dev_uros_packages.repos
[6.938s] -- Up-to-date: /home/brsd/microros_ws/install/micro_ros_setup/./config/nuttx/dev_ros2_packages.txt
[6.939s] -- Up-to-date: /home/brsd/microros_ws/install/micro_ros_setup/./config/generate_lib
[6.939s] -- Up-to-date: /home/brsd/microros_ws/install/micro_ros_setup/./config/generate_lib/generic
[6.939s] -- Up-to-date: /home/brsd/microros_ws/install/micro_ros_setup/./config/generate_lib/generic/build.sh
[6.940s] -- Up-to-date: /home/brsd/microros_ws/install/micro_ros_setup/./config/generate_lib/generic/client_uros_packages.repos
[6.940s] -- Up-to-date: /home/brsd/microros_ws/install/micro_ros_setup/./config/generate_lib/generic/package.xml
[6.941s] -- Up-to-date: /home/brsd/microros_ws/install/micro_ros_setup/./config/generate_lib/generic/create.sh
[6.941s] -- Up-to-date: /home/brsd/microros_ws/install/micro_ros_setup/./config/generate_lib/generic/flash.sh
[6.942s] -- Up-to-date: /home/brsd/microros_ws/install/micro_ros_setup/./config/generate_lib/generic/demo_toolchain.cmake
[6.943s] -- Up-to-date: /home/brsd/microros_ws/install/micro_ros_setup/./config/generate_lib/generic/client-colcon.meta
[6.943s] -- Up-to-date: /home/brsd/microros_ws/install/micro_ros_setup/./config/generate_lib/dev_uros_packages.repos
[6.944s] -- Up-to-date: /home/brsd/microros_ws/install/micro_ros_setup/./config/generate_lib/dev_ros2_packages.txt
[6.944s] -- Up-to-date: /home/brsd/microros_ws/install/micro_ros_setup/./config/agent_uros_packages.repos
[6.945s] -- Up-to-date: /home/brsd/microros_ws/install/micro_ros_setup/./config/host
[6.945s] -- Up-to-date: /home/brsd/microros_ws/install/micro_ros_setup/./config/host/client_ros2_packages.txt
[6.946s] -- Up-to-date: /home/brsd/microros_ws/install/micro_ros_setup/./config/host/generic
[6.947s] -- Up-to-date: /home/brsd/microros_ws/install/micro_ros_setup/./config/host/generic/build.sh
[6.947s] -- Up-to-date: /home/brsd/microros_ws/install/micro_ros_setup/./config/host/generic/package.xml
[6.948s] -- Up-to-date: /home/brsd/microros_ws/install/micro_ros_setup/./config/host/generic/create.sh
[6.948s] -- Up-to-date: /home/brsd/microros_ws/install/micro_ros_setup/./config/host/generic/flash.sh
[6.949s] -- Up-to-date: /home/brsd/microros_ws/install/micro_ros_setup/./config/host/generic/client-host-colcon.meta
[6.949s] -- Up-to-date: /home/brsd/microros_ws/install/micro_ros_setup/./config/host/generic/reset.sh
[6.950s] -- Up-to-date: /home/brsd/microros_ws/install/micro_ros_setup/./config/host/generic/client_host_packages.repos
[6.950s] -- Up-to-date: /home/brsd/microros_ws/install/micro_ros_setup/./config/host/dev_uros_packages.repos
[6.951s] -- Up-to-date: /home/brsd/microros_ws/install/micro_ros_setup/./config/host/dev_ros2_packages.txt
[6.951s] -- Up-to-date: /home/brsd/microros_ws/install/micro_ros_setup/lib/micro_ros_setup/create_ws.sh
[6.952s] -- Up-to-date: /home/brsd/microros_ws/install/micro_ros_setup/lib/micro_ros_setup/create_agent_ws.sh
[6.953s] -- Up-to-date: /home/brsd/microros_ws/install/micro_ros_setup/lib/micro_ros_setup/create_firmware_ws.sh
[6.953s] -- Up-to-date: /home/brsd/microros_ws/install/micro_ros_setup/lib/micro_ros_setup/configure_firmware.sh
[6.954s] -- Up-to-date: /home/brsd/microros_ws/install/micro_ros_setup/lib/micro_ros_setup/flash_firmware.sh
[6.954s] -- Up-to-date: /home/brsd/microros_ws/install/micro_ros_setup/lib/micro_ros_setup/reset_firmware.sh
[6.955s] -- Up-to-date: /home/brsd/microros_ws/install/micro_ros_setup/lib/micro_ros_setup/build_firmware.sh
[6.955s] -- Up-to-date: /home/brsd/microros_ws/install/micro_ros_setup/lib/micro_ros_setup/build_agent.sh
[6.956s] -- Up-to-date: /home/brsd/microros_ws/install/micro_ros_setup/lib/micro_ros_setup/yaml_filter.py
[6.956s] -- Up-to-date: /home/brsd/microros_ws/install/micro_ros_setup/lib/micro_ros_setup/clean_env.sh
[6.958s] Invoked command in '/home/brsd/microros_ws/build/micro_ros_setup' returned '0': CMAKE_PREFIX_PATH=${CMAKE_PREFIX_PATH}:/home/brsd/microros_ws/install/person_detection:/home/brsd/microros_ws/install/pathfinding:/home/brsd/microros_ws/install/object_detection_pkg:/home/brsd/microros_ws/install/joystick_input:/home/brsd/microros_ws/install/jetson_comm:/home/brsd/microros_ws/install/fsm:/opt/ros/foxy /usr/bin/cmake --install /home/brsd/microros_ws/build/micro_ros_setup
