-- Found ament_cmake: 0.9.12 (/opt/ros/foxy/share/ament_cmake/cmake)
-- Using PYTHON_EXECUTABLE: /usr/bin/python3
-- Performing Test HAVE_CONSTEXPR
-- Performing Test HAVE_CONSTEXPR - Success
-- Looking for vasprintf
-- Looking for vasprintf - found
-- Looking for getopt
-- Looking for getopt - found
-- Configuring done
-- Generating done
-- Build files have been written to: /home/brsd/microros_ws/build/multisense_lib
[35m[1mScanning dependencies of target MultiSense[0m
[  2%] [32mBuilding CXX object LibMultiSense/source/LibMultiSense/CMakeFiles/MultiSense.dir/details/constants.cc.o[0m
[  4%] [32mBuilding CXX object LibMultiSense/source/LibMultiSense/CMakeFiles/MultiSense.dir/details/public.cc.o[0m
[  6%] [32mBuilding CXX object LibMultiSense/source/LibMultiSense/CMakeFiles/MultiSense.dir/details/channel.cc.o[0m
[  8%] [32mBuilding CXX object LibMultiSense/source/LibMultiSense/CMakeFiles/MultiSense.dir/details/flash.cc.o[0m
[ 10%] [32mBuilding CXX object LibMultiSense/source/LibMultiSense/CMakeFiles/MultiSense.dir/details/dispatch.cc.o[0m
[ 12%] [32mBuilding CXX object LibMultiSense/source/LibMultiSense/CMakeFiles/MultiSense.dir/details/utility/Constants.cc.o[0m
[ 14%] [32mBuilding CXX object LibMultiSense/source/LibMultiSense/CMakeFiles/MultiSense.dir/details/utility/TimeStamp.cc.o[0m
[ 17%] [32mBuilding CXX object LibMultiSense/source/LibMultiSense/CMakeFiles/MultiSense.dir/details/utility/Exception.cc.o[0m
[ 19%] [32m[1mLinking CXX shared library libMultiSense.so[0m
[ 19%] Built target MultiSense
[35m[1mScanning dependencies of target AprilTagTestUtility[0m
[ 21%] [32mBuilding CXX object LibMultiSense/source/Utilities/AprilTagTestUtility/CMakeFiles/AprilTagTestUtility.dir/AprilTagTestUtility.cc.o[0m
[35m[1mScanning dependencies of target ChangeResolution[0m
[ 23%] [32mBuilding CXX object LibMultiSense/source/Utilities/ChangeResolution/CMakeFiles/ChangeResolution.dir/ChangeResolution.cc.o[0m
[35m[1mScanning dependencies of target ChangeIpUtility[0m
[ 25%] [32mBuilding CXX object LibMultiSense/source/Utilities/ChangeIpUtility/CMakeFiles/ChangeIpUtility.dir/ChangeIpUtility.cc.o[0m
[ 27%] [32m[1mLinking CXX executable AprilTagTestUtility[0m
[ 27%] Built target AprilTagTestUtility
[35m[1mScanning dependencies of target ChangeFps[0m
[35m[1mScanning dependencies of target ChangeTransmitDelay[0m
[ 29%] [32mBuilding CXX object LibMultiSense/source/Utilities/ChangeFps/CMakeFiles/ChangeFps.dir/ChangeFps.cc.o[0m
[ 31%] [32mBuilding CXX object LibMultiSense/source/Utilities/ChangeTransmitDelay/CMakeFiles/ChangeTransmitDelay.dir/ChangeTransmitDelay.cc.o[0m
[ 34%] [32m[1mLinking CXX executable ChangeResolution[0m
[ 34%] Built target ChangeResolution
[ 36%] [32m[1mLinking CXX executable ChangeIpUtility[0m
[ 38%] [32m[1mLinking CXX executable ChangeTransmitDelay[0m
[ 40%] [32m[1mLinking CXX executable ChangeFps[0m
[ 40%] Built target ChangeIpUtility
[ 40%] Built target ChangeTransmitDelay
[ 40%] Built target ChangeFps
[35m[1mScanning dependencies of target DepthImageUtility[0m
[ 42%] [32mBuilding CXX object LibMultiSense/source/Utilities/DepthImageUtility/CMakeFiles/DepthImageUtility.dir/DepthImageUtility.cc.o[0m
[ 44%] [32m[1mLinking CXX executable DepthImageUtility[0m
[ 44%] Built target DepthImageUtility
[35m[1mScanning dependencies of target ExternalCalUtility[0m
[ 46%] [32mBuilding CXX object LibMultiSense/source/Utilities/ExternalCalUtility/CMakeFiles/ExternalCalUtility.dir/ExternalCalUtility.cc.o[0m
[35m[1mScanning dependencies of target FeatureDetectorUtility[0m
[ 48%] [32mBuilding CXX object LibMultiSense/source/Utilities/FeatureDetectorUtility/CMakeFiles/FeatureDetectorUtility.dir/FeatureDetectorUtility.cc.o[0m
[ 51%] [32m[1mLinking CXX executable ExternalCalUtility[0m
[35m[1mScanning dependencies of target DeviceInfoUtility[0m
[ 53%] [32mBuilding CXX object LibMultiSense/source/Utilities/DeviceInfoUtility/CMakeFiles/DeviceInfoUtility.dir/DeviceInfoUtility.cc.o[0m
[ 53%] Built target ExternalCalUtility
[35m[1mScanning dependencies of target ColorImageUtility[0m
[ 55%] [32mBuilding CXX object LibMultiSense/source/Utilities/ColorImageUtility/CMakeFiles/ColorImageUtility.dir/ColorImage.cc.o[0m
[35m[1mScanning dependencies of target FlashUtility[0m
[ 57%] [32mBuilding CXX object LibMultiSense/source/Utilities/FlashUtility/CMakeFiles/FlashUtility.dir/FlashUtility.cc.o[0m
[ 59%] [32m[1mLinking CXX executable DeviceInfoUtility[0m
[ 61%] [32m[1mLinking CXX executable FlashUtility[0m
[ 61%] Built target DeviceInfoUtility
[ 61%] Built target FlashUtility
[ 63%] [32m[1mLinking CXX executable FeatureDetectorUtility[0m
[ 65%] [32m[1mLinking CXX executable ColorImageUtility[0m
[ 65%] Built target FeatureDetectorUtility
[ 65%] Built target ColorImageUtility
[35m[1mScanning dependencies of target ImuTestUtility[0m
[ 68%] [32mBuilding CXX object LibMultiSense/source/Utilities/ImuTestUtility/CMakeFiles/ImuTestUtility.dir/ImuTestUtility.cc.o[0m
[ 70%] [32m[1mLinking CXX executable ImuTestUtility[0m
[ 70%] Built target ImuTestUtility
[35m[1mScanning dependencies of target LidarCalUtility[0m
[ 72%] [32mBuilding CXX object LibMultiSense/source/Utilities/LidarCalUtility/CMakeFiles/LidarCalUtility.dir/LidarCalUtility.cc.o[0m
[35m[1mScanning dependencies of target PointCloudUtility[0m
[ 74%] [32mBuilding CXX object LibMultiSense/source/Utilities/PointCloudUtility/CMakeFiles/PointCloudUtility.dir/PointCloudUtility.cc.o[0m
[ 76%] [32m[1mLinking CXX executable LidarCalUtility[0m
[ 76%] Built target LidarCalUtility
[35m[1mScanning dependencies of target RectifiedFocalLengthUtility[0m
[ 78%] [32mBuilding CXX object LibMultiSense/source/Utilities/RectifiedFocalLengthUtility/CMakeFiles/RectifiedFocalLengthUtility.dir/RectifiedFocalLengthUtility.cc.o[0m
[35m[1mScanning dependencies of target ImuConfigUtility[0m
[ 80%] [32mBuilding CXX object LibMultiSense/source/Utilities/ImuConfigUtility/CMakeFiles/ImuConfigUtility.dir/ImuConfigUtility.cc.o[0m
[ 82%] [32m[1mLinking CXX executable PointCloudUtility[0m
[ 82%] Built target PointCloudUtility
[ 85%] [32m[1mLinking CXX executable RectifiedFocalLengthUtility[0m
[ 85%] Built target RectifiedFocalLengthUtility
[ 87%] [32m[1mLinking CXX executable ImuConfigUtility[0m
[ 87%] Built target ImuConfigUtility
[35m[1mScanning dependencies of target VersionInfoUtility[0m
[ 89%] [32mBuilding CXX object LibMultiSense/source/Utilities/VersionInfoUtility/CMakeFiles/VersionInfoUtility.dir/VersionInfoUtility.cc.o[0m
[ 91%] [32m[1mLinking CXX executable VersionInfoUtility[0m
[ 91%] Built target VersionInfoUtility
[35m[1mScanning dependencies of target SaveImageUtility[0m
[ 93%] [32mBuilding CXX object LibMultiSense/source/Utilities/SaveImageUtility/CMakeFiles/SaveImageUtility.dir/SaveImageUtility.cc.o[0m
[ 95%] [32m[1mLinking CXX executable SaveImageUtility[0m
[ 95%] Built target SaveImageUtility
[35m[1mScanning dependencies of target ImageCalUtility[0m
[ 97%] [32mBuilding CXX object LibMultiSense/source/Utilities/ImageCalUtility/CMakeFiles/ImageCalUtility.dir/ImageCalUtility.cc.o[0m
[100%] [32m[1mLinking CXX executable ImageCalUtility[0m
[100%] Built target ImageCalUtility
-- Install configuration: "Release"
-- Installing: /home/brsd/microros_ws/install/multisense_lib/share/multisense_lib/environment/library_path.sh
-- Installing: /home/brsd/microros_ws/install/multisense_lib/share/multisense_lib/environment/library_path.dsv
-- Installing: /home/brsd/microros_ws/install/multisense_lib/share/ament_index/resource_index/package_run_dependencies/multisense_lib
-- Installing: /home/brsd/microros_ws/install/multisense_lib/share/ament_index/resource_index/parent_prefix_path/multisense_lib
-- Installing: /home/brsd/microros_ws/install/multisense_lib/share/multisense_lib/environment/ament_prefix_path.sh
-- Installing: /home/brsd/microros_ws/install/multisense_lib/share/multisense_lib/environment/ament_prefix_path.dsv
-- Installing: /home/brsd/microros_ws/install/multisense_lib/share/multisense_lib/environment/path.sh
-- Installing: /home/brsd/microros_ws/install/multisense_lib/share/multisense_lib/environment/path.dsv
-- Installing: /home/brsd/microros_ws/install/multisense_lib/share/multisense_lib/local_setup.bash
-- Installing: /home/brsd/microros_ws/install/multisense_lib/share/multisense_lib/local_setup.sh
-- Installing: /home/brsd/microros_ws/install/multisense_lib/share/multisense_lib/local_setup.zsh
-- Installing: /home/brsd/microros_ws/install/multisense_lib/share/multisense_lib/local_setup.dsv
-- Installing: /home/brsd/microros_ws/install/multisense_lib/share/multisense_lib/package.dsv
-- Installing: /home/brsd/microros_ws/install/multisense_lib/share/ament_index/resource_index/packages/multisense_lib
-- Installing: /home/brsd/microros_ws/install/multisense_lib/share/multisense_lib/cmake/ament_cmake_export_include_directories-extras.cmake
-- Installing: /home/brsd/microros_ws/install/multisense_lib/share/multisense_lib/cmake/ament_cmake_export_libraries-extras.cmake
-- Installing: /home/brsd/microros_ws/install/multisense_lib/share/multisense_lib/cmake/multisense_libConfig.cmake
-- Installing: /home/brsd/microros_ws/install/multisense_lib/share/multisense_lib/cmake/multisense_libConfig-version.cmake
-- Installing: /home/brsd/microros_ws/install/multisense_lib/share/multisense_lib/package.xml
-- Installing: /home/brsd/microros_ws/install/multisense_lib/lib/pkgconfig/LibMultiSense.pc
-- Installing: /home/brsd/microros_ws/install/multisense_lib/lib/libMultiSense.so.6.1.0
-- Set runtime path of "/home/brsd/microros_ws/install/multisense_lib/lib/libMultiSense.so.6.1.0" to "/home/brsd/microros_ws/install/multisense_lib/lib"
-- Installing: /home/brsd/microros_ws/install/multisense_lib/lib/libMultiSense.so
-- Installing: /home/brsd/microros_ws/install/multisense_lib/include/MultiSense/MultiSenseChannel.hh
-- Installing: /home/brsd/microros_ws/install/multisense_lib/include/MultiSense/MultiSenseTypes.hh
-- Installing: /home/brsd/microros_ws/install/multisense_lib/lib/cmake/MultiSense/MultiSenseTargets.cmake
-- Installing: /home/brsd/microros_ws/install/multisense_lib/lib/cmake/MultiSense/MultiSenseTargets-release.cmake
-- Installing: /home/brsd/microros_ws/install/multisense_lib/lib/cmake/MultiSense/MultiSenseConfig.cmake
-- Installing: /home/brsd/microros_ws/install/multisense_lib/lib/cmake/MultiSense/MultiSenseConfigVersion.cmake
-- Up-to-date: /home/brsd/microros_ws/install/multisense_lib/include/MultiSense/MultiSenseChannel.hh
-- Up-to-date: /home/brsd/microros_ws/install/multisense_lib/include/MultiSense/MultiSenseTypes.hh
-- Installing: /home/brsd/microros_ws/install/multisense_lib/bin/AprilTagTestUtility
-- Set runtime path of "/home/brsd/microros_ws/install/multisense_lib/bin/AprilTagTestUtility" to "/home/brsd/microros_ws/install/multisense_lib/lib"
-- Installing: /home/brsd/microros_ws/install/multisense_lib/bin/ChangeFps
-- Set runtime path of "/home/brsd/microros_ws/install/multisense_lib/bin/ChangeFps" to "/home/brsd/microros_ws/install/multisense_lib/lib"
-- Installing: /home/brsd/microros_ws/install/multisense_lib/bin/ChangeIpUtility
-- Set runtime path of "/home/brsd/microros_ws/install/multisense_lib/bin/ChangeIpUtility" to "/home/brsd/microros_ws/install/multisense_lib/lib"
-- Installing: /home/brsd/microros_ws/install/multisense_lib/bin/ChangeResolution
-- Set runtime path of "/home/brsd/microros_ws/install/multisense_lib/bin/ChangeResolution" to "/home/brsd/microros_ws/install/multisense_lib/lib"
-- Installing: /home/brsd/microros_ws/install/multisense_lib/bin/ChangeTransmitDelay
-- Set runtime path of "/home/brsd/microros_ws/install/multisense_lib/bin/ChangeTransmitDelay" to "/home/brsd/microros_ws/install/multisense_lib/lib"
-- Installing: /home/brsd/microros_ws/install/multisense_lib/bin/ColorImageUtility
-- Set runtime path of "/home/brsd/microros_ws/install/multisense_lib/bin/ColorImageUtility" to "/home/brsd/microros_ws/install/multisense_lib/lib"
-- Installing: /home/brsd/microros_ws/install/multisense_lib/bin/DeviceInfoUtility
-- Set runtime path of "/home/brsd/microros_ws/install/multisense_lib/bin/DeviceInfoUtility" to "/home/brsd/microros_ws/install/multisense_lib/lib"
-- Installing: /home/brsd/microros_ws/install/multisense_lib/bin/DepthImageUtility
-- Set runtime path of "/home/brsd/microros_ws/install/multisense_lib/bin/DepthImageUtility" to "/home/brsd/microros_ws/install/multisense_lib/lib"
-- Installing: /home/brsd/microros_ws/install/multisense_lib/bin/ExternalCalUtility
-- Set runtime path of "/home/brsd/microros_ws/install/multisense_lib/bin/ExternalCalUtility" to "/home/brsd/microros_ws/install/multisense_lib/lib"
-- Installing: /home/brsd/microros_ws/install/multisense_lib/bin/FeatureDetectorUtility
-- Set runtime path of "/home/brsd/microros_ws/install/multisense_lib/bin/FeatureDetectorUtility" to "/home/brsd/microros_ws/install/multisense_lib/lib"
-- Installing: /home/brsd/microros_ws/install/multisense_lib/bin/MultiSenseUpdater
-- Installing: /home/brsd/microros_ws/install/multisense_lib/bin/FlashUtility
-- Set runtime path of "/home/brsd/microros_ws/install/multisense_lib/bin/FlashUtility" to "/home/brsd/microros_ws/install/multisense_lib/lib"
-- Installing: /home/brsd/microros_ws/install/multisense_lib/bin/ImageCalUtility
-- Set runtime path of "/home/brsd/microros_ws/install/multisense_lib/bin/ImageCalUtility" to "/home/brsd/microros_ws/install/multisense_lib/lib"
-- Installing: /home/brsd/microros_ws/install/multisense_lib/bin/ImuConfigUtility
-- Set runtime path of "/home/brsd/microros_ws/install/multisense_lib/bin/ImuConfigUtility" to "/home/brsd/microros_ws/install/multisense_lib/lib"
-- Installing: /home/brsd/microros_ws/install/multisense_lib/bin/ImuTestUtility
-- Set runtime path of "/home/brsd/microros_ws/install/multisense_lib/bin/ImuTestUtility" to "/home/brsd/microros_ws/install/multisense_lib/lib"
-- Installing: /home/brsd/microros_ws/install/multisense_lib/bin/LidarCalUtility
-- Set runtime path of "/home/brsd/microros_ws/install/multisense_lib/bin/LidarCalUtility" to "/home/brsd/microros_ws/install/multisense_lib/lib"
-- Installing: /home/brsd/microros_ws/install/multisense_lib/bin/PointCloudUtility
-- Set runtime path of "/home/brsd/microros_ws/install/multisense_lib/bin/PointCloudUtility" to "/home/brsd/microros_ws/install/multisense_lib/lib"
-- Installing: /home/brsd/microros_ws/install/multisense_lib/bin/RectifiedFocalLengthUtility
-- Set runtime path of "/home/brsd/microros_ws/install/multisense_lib/bin/RectifiedFocalLengthUtility" to "/home/brsd/microros_ws/install/multisense_lib/lib"
-- Installing: /home/brsd/microros_ws/install/multisense_lib/bin/SaveImageUtility
-- Set runtime path of "/home/brsd/microros_ws/install/multisense_lib/bin/SaveImageUtility" to "/home/brsd/microros_ws/install/multisense_lib/lib"
-- Installing: /home/brsd/microros_ws/install/multisense_lib/bin/VersionInfoUtility
-- Set runtime path of "/home/brsd/microros_ws/install/multisense_lib/bin/VersionInfoUtility" to "/home/brsd/microros_ws/install/multisense_lib/lib"
