[0.159s] Invoking command in '/home/brsd/microros_ws/build/multisense_lib': CMAKE_PREFIX_PATH=${CMAKE_PREFIX_PATH}:/home/brsd/microros_ws/install/jetson_comm:/opt/ros/foxy /usr/bin/cmake /home/brsd/microros_ws/src/multisense_ros2/multisense_lib -DCMAKE_INSTALL_PREFIX=/home/brsd/microros_ws/install/multisense_lib
[0.453s] -- Found ament_cmake: 0.9.12 (/opt/ros/foxy/share/ament_cmake/cmake)
[0.588s] -- Using PYTHON_EXECUTABLE: /usr/bin/python3
[1.827s] -- Performing Test HAVE_CONSTEXPR
[2.783s] -- Performing Test HAVE_CONSTEXPR - Success
[2.796s] -- Looking for vasprintf
[3.660s] -- Looking for vasprintf - found
[3.675s] -- Looking for getopt
[4.051s] -- Looking for getopt - found
[4.514s] -- Configuring done
[4.758s] -- Generating done
[4.779s] -- Build files have been written to: /home/brsd/microros_ws/build/multisense_lib
[5.753s] Invoked command in '/home/brsd/microros_ws/build/multisense_lib' returned '0': CMAKE_PREFIX_PATH=${CMAKE_PREFIX_PATH}:/home/brsd/microros_ws/install/jetson_comm:/opt/ros/foxy /usr/bin/cmake /home/brsd/microros_ws/src/multisense_ros2/multisense_lib -DCMAKE_INSTALL_PREFIX=/home/brsd/microros_ws/install/multisense_lib
[5.758s] Invoking command in '/home/brsd/microros_ws/build/multisense_lib': CMAKE_PREFIX_PATH=${CMAKE_PREFIX_PATH}:/home/brsd/microros_ws/install/jetson_comm:/opt/ros/foxy /usr/bin/cmake --build /home/brsd/microros_ws/build/multisense_lib -- -j4 -l4
[6.107s] [35m[1mScanning dependencies of target MultiSense[0m
[6.336s] [  2%] [32mBuilding CXX object LibMultiSense/source/LibMultiSense/CMakeFiles/MultiSense.dir/details/constants.cc.o[0m
[6.341s] [  4%] [32mBuilding CXX object LibMultiSense/source/LibMultiSense/CMakeFiles/MultiSense.dir/details/public.cc.o[0m
[6.349s] [  6%] [32mBuilding CXX object LibMultiSense/source/LibMultiSense/CMakeFiles/MultiSense.dir/details/channel.cc.o[0m
[6.359s] [  8%] [32mBuilding CXX object LibMultiSense/source/LibMultiSense/CMakeFiles/MultiSense.dir/details/flash.cc.o[0m
[12.995s] [ 10%] [32mBuilding CXX object LibMultiSense/source/LibMultiSense/CMakeFiles/MultiSense.dir/details/dispatch.cc.o[0m
[19.716s] [ 12%] [32mBuilding CXX object LibMultiSense/source/LibMultiSense/CMakeFiles/MultiSense.dir/details/utility/Constants.cc.o[0m
[19.925s] [ 14%] [32mBuilding CXX object LibMultiSense/source/LibMultiSense/CMakeFiles/MultiSense.dir/details/utility/TimeStamp.cc.o[0m
[22.072s] [ 17%] [32mBuilding CXX object LibMultiSense/source/LibMultiSense/CMakeFiles/MultiSense.dir/details/utility/Exception.cc.o[0m
[52.550s] [ 19%] [32m[1mLinking CXX shared library libMultiSense.so[0m
[52.937s] [ 19%] Built target MultiSense
[52.978s] [35m[1mScanning dependencies of target AprilTagTestUtility[0m
[53.033s] [ 21%] [32mBuilding CXX object LibMultiSense/source/Utilities/AprilTagTestUtility/CMakeFiles/AprilTagTestUtility.dir/AprilTagTestUtility.cc.o[0m
[55.040s] [35m[1mScanning dependencies of target ChangeResolution[0m
[55.094s] [ 23%] [32mBuilding CXX object LibMultiSense/source/Utilities/ChangeResolution/CMakeFiles/ChangeResolution.dir/ChangeResolution.cc.o[0m
[56.100s] [35m[1mScanning dependencies of target ChangeIpUtility[0m
[56.158s] [ 25%] [32mBuilding CXX object LibMultiSense/source/Utilities/ChangeIpUtility/CMakeFiles/ChangeIpUtility.dir/ChangeIpUtility.cc.o[0m
[56.188s] [ 27%] [32m[1mLinking CXX executable AprilTagTestUtility[0m
[56.625s] [ 27%] Built target AprilTagTestUtility
[56.678s] [35m[1mScanning dependencies of target ChangeFps[0m
[56.741s] [35m[1mScanning dependencies of target ChangeTransmitDelay[0m
[56.778s] [ 29%] [32mBuilding CXX object LibMultiSense/source/Utilities/ChangeFps/CMakeFiles/ChangeFps.dir/ChangeFps.cc.o[0m
[56.881s] [ 31%] [32mBuilding CXX object LibMultiSense/source/Utilities/ChangeTransmitDelay/CMakeFiles/ChangeTransmitDelay.dir/ChangeTransmitDelay.cc.o[0m
[58.541s] [ 34%] [32m[1mLinking CXX executable ChangeResolution[0m
[59.136s] [ 34%] Built target ChangeResolution
[60.700s] [ 36%] [32m[1mLinking CXX executable ChangeIpUtility[0m
[60.709s] [ 38%] [32m[1mLinking CXX executable ChangeTransmitDelay[0m
[60.798s] [ 40%] [32m[1mLinking CXX executable ChangeFps[0m
[61.108s] [ 40%] Built target ChangeIpUtility
[61.129s] [ 40%] Built target ChangeTransmitDelay
[61.260s] [ 40%] Built target ChangeFps
[61.302s] [35m[1mScanning dependencies of target DepthImageUtility[0m
[61.353s] [ 42%] [32mBuilding CXX object LibMultiSense/source/Utilities/DepthImageUtility/CMakeFiles/DepthImageUtility.dir/DepthImageUtility.cc.o[0m
[66.229s] [ 44%] [32m[1mLinking CXX executable DepthImageUtility[0m
[66.511s] [ 44%] Built target DepthImageUtility
[66.551s] [35m[1mScanning dependencies of target ExternalCalUtility[0m
[66.601s] [ 46%] [32mBuilding CXX object LibMultiSense/source/Utilities/ExternalCalUtility/CMakeFiles/ExternalCalUtility.dir/ExternalCalUtility.cc.o[0m
[69.610s] [35m[1mScanning dependencies of target FeatureDetectorUtility[0m
[69.665s] [ 48%] [32mBuilding CXX object LibMultiSense/source/Utilities/FeatureDetectorUtility/CMakeFiles/FeatureDetectorUtility.dir/FeatureDetectorUtility.cc.o[0m
[70.584s] [ 51%] [32m[1mLinking CXX executable ExternalCalUtility[0m
[70.716s] [35m[1mScanning dependencies of target DeviceInfoUtility[0m
[70.855s] [ 53%] [32mBuilding CXX object LibMultiSense/source/Utilities/DeviceInfoUtility/CMakeFiles/DeviceInfoUtility.dir/DeviceInfoUtility.cc.o[0m
[70.947s] [ 53%] Built target ExternalCalUtility
[71.063s] [35m[1mScanning dependencies of target ColorImageUtility[0m
[71.223s] [ 55%] [32mBuilding CXX object LibMultiSense/source/Utilities/ColorImageUtility/CMakeFiles/ColorImageUtility.dir/ColorImage.cc.o[0m
[72.238s] [35m[1mScanning dependencies of target FlashUtility[0m
[72.392s] [ 57%] [32mBuilding CXX object LibMultiSense/source/Utilities/FlashUtility/CMakeFiles/FlashUtility.dir/FlashUtility.cc.o[0m
[76.790s] [ 59%] [32m[1mLinking CXX executable DeviceInfoUtility[0m
[77.000s] [ 61%] [32m[1mLinking CXX executable FlashUtility[0m
[77.452s] [ 61%] Built target DeviceInfoUtility
[77.492s] [ 61%] Built target FlashUtility
[77.978s] [ 63%] [32m[1mLinking CXX executable FeatureDetectorUtility[0m
[78.253s] [ 65%] [32m[1mLinking CXX executable ColorImageUtility[0m
[78.266s] [ 65%] Built target FeatureDetectorUtility
[78.539s] [ 65%] Built target ColorImageUtility
[78.580s] [35m[1mScanning dependencies of target ImuTestUtility[0m
[78.628s] [ 68%] [32mBuilding CXX object LibMultiSense/source/Utilities/ImuTestUtility/CMakeFiles/ImuTestUtility.dir/ImuTestUtility.cc.o[0m
[81.145s] [ 70%] [32m[1mLinking CXX executable ImuTestUtility[0m
[81.418s] [ 70%] Built target ImuTestUtility
[81.458s] [35m[1mScanning dependencies of target LidarCalUtility[0m
[81.505s] [ 72%] [32mBuilding CXX object LibMultiSense/source/Utilities/LidarCalUtility/CMakeFiles/LidarCalUtility.dir/LidarCalUtility.cc.o[0m
[84.514s] [35m[1mScanning dependencies of target PointCloudUtility[0m
[84.563s] [ 74%] [32mBuilding CXX object LibMultiSense/source/Utilities/PointCloudUtility/CMakeFiles/PointCloudUtility.dir/PointCloudUtility.cc.o[0m
[85.336s] [ 76%] [32m[1mLinking CXX executable LidarCalUtility[0m
[85.622s] [ 76%] Built target LidarCalUtility
[86.667s] [35m[1mScanning dependencies of target RectifiedFocalLengthUtility[0m
[86.718s] [ 78%] [32mBuilding CXX object LibMultiSense/source/Utilities/RectifiedFocalLengthUtility/CMakeFiles/RectifiedFocalLengthUtility.dir/RectifiedFocalLengthUtility.cc.o[0m
[88.724s] [35m[1mScanning dependencies of target ImuConfigUtility[0m
[88.773s] [ 80%] [32mBuilding CXX object LibMultiSense/source/Utilities/ImuConfigUtility/CMakeFiles/ImuConfigUtility.dir/ImuConfigUtility.cc.o[0m
[89.324s] [ 82%] [32m[1mLinking CXX executable PointCloudUtility[0m
[89.814s] [ 82%] Built target PointCloudUtility
[90.492s] [ 85%] [32m[1mLinking CXX executable RectifiedFocalLengthUtility[0m
[90.782s] [ 85%] Built target RectifiedFocalLengthUtility
[93.370s] [ 87%] [32m[1mLinking CXX executable ImuConfigUtility[0m
[93.652s] [ 87%] Built target ImuConfigUtility
[93.693s] [35m[1mScanning dependencies of target VersionInfoUtility[0m
[93.740s] [ 89%] [32mBuilding CXX object LibMultiSense/source/Utilities/VersionInfoUtility/CMakeFiles/VersionInfoUtility.dir/VersionInfoUtility.cc.o[0m
[95.532s] [ 91%] [32m[1mLinking CXX executable VersionInfoUtility[0m
[95.816s] [ 91%] Built target VersionInfoUtility
[95.866s] [35m[1mScanning dependencies of target SaveImageUtility[0m
[95.920s] [ 93%] [32mBuilding CXX object LibMultiSense/source/Utilities/SaveImageUtility/CMakeFiles/SaveImageUtility.dir/SaveImageUtility.cc.o[0m
[100.731s] [ 95%] [32m[1mLinking CXX executable SaveImageUtility[0m
[101.008s] [ 95%] Built target SaveImageUtility
[101.048s] [35m[1mScanning dependencies of target ImageCalUtility[0m
[101.096s] [ 97%] [32mBuilding CXX object LibMultiSense/source/Utilities/ImageCalUtility/CMakeFiles/ImageCalUtility.dir/ImageCalUtility.cc.o[0m
[106.420s] [100%] [32m[1mLinking CXX executable ImageCalUtility[0m
[106.693s] [100%] Built target ImageCalUtility
[106.737s] Invoked command in '/home/brsd/microros_ws/build/multisense_lib' returned '0': CMAKE_PREFIX_PATH=${CMAKE_PREFIX_PATH}:/home/brsd/microros_ws/install/jetson_comm:/opt/ros/foxy /usr/bin/cmake --build /home/brsd/microros_ws/build/multisense_lib -- -j4 -l4
[106.862s] Invoking command in '/home/brsd/microros_ws/build/multisense_lib': CMAKE_PREFIX_PATH=${CMAKE_PREFIX_PATH}:/home/brsd/microros_ws/install/jetson_comm:/opt/ros/foxy /usr/bin/cmake --install /home/brsd/microros_ws/build/multisense_lib
[106.899s] -- Install configuration: "Release"
[106.902s] -- Installing: /home/brsd/microros_ws/install/multisense_lib/share/multisense_lib/environment/library_path.sh
[106.903s] -- Installing: /home/brsd/microros_ws/install/multisense_lib/share/multisense_lib/environment/library_path.dsv
[106.907s] -- Installing: /home/brsd/microros_ws/install/multisense_lib/share/ament_index/resource_index/package_run_dependencies/multisense_lib
[106.908s] -- Installing: /home/brsd/microros_ws/install/multisense_lib/share/ament_index/resource_index/parent_prefix_path/multisense_lib
[106.909s] -- Installing: /home/brsd/microros_ws/install/multisense_lib/share/multisense_lib/environment/ament_prefix_path.sh
[106.909s] -- Installing: /home/brsd/microros_ws/install/multisense_lib/share/multisense_lib/environment/ament_prefix_path.dsv
[106.910s] -- Installing: /home/brsd/microros_ws/install/multisense_lib/share/multisense_lib/environment/path.sh
[106.911s] -- Installing: /home/brsd/microros_ws/install/multisense_lib/share/multisense_lib/environment/path.dsv
[106.912s] -- Installing: /home/brsd/microros_ws/install/multisense_lib/share/multisense_lib/local_setup.bash
[106.913s] -- Installing: /home/brsd/microros_ws/install/multisense_lib/share/multisense_lib/local_setup.sh
[106.914s] -- Installing: /home/brsd/microros_ws/install/multisense_lib/share/multisense_lib/local_setup.zsh
[106.916s] -- Installing: /home/brsd/microros_ws/install/multisense_lib/share/multisense_lib/local_setup.dsv
[106.917s] -- Installing: /home/brsd/microros_ws/install/multisense_lib/share/multisense_lib/package.dsv
[106.918s] -- Installing: /home/brsd/microros_ws/install/multisense_lib/share/ament_index/resource_index/packages/multisense_lib
[106.919s] -- Installing: /home/brsd/microros_ws/install/multisense_lib/share/multisense_lib/cmake/ament_cmake_export_include_directories-extras.cmake
[106.920s] -- Installing: /home/brsd/microros_ws/install/multisense_lib/share/multisense_lib/cmake/ament_cmake_export_libraries-extras.cmake
[106.921s] -- Installing: /home/brsd/microros_ws/install/multisense_lib/share/multisense_lib/cmake/multisense_libConfig.cmake
[106.922s] -- Installing: /home/brsd/microros_ws/install/multisense_lib/share/multisense_lib/cmake/multisense_libConfig-version.cmake
[106.923s] -- Installing: /home/brsd/microros_ws/install/multisense_lib/share/multisense_lib/package.xml
[106.925s] -- Installing: /home/brsd/microros_ws/install/multisense_lib/lib/pkgconfig/LibMultiSense.pc
[106.927s] -- Installing: /home/brsd/microros_ws/install/multisense_lib/lib/libMultiSense.so.6.1.0
[106.931s] -- Set runtime path of "/home/brsd/microros_ws/install/multisense_lib/lib/libMultiSense.so.6.1.0" to "/home/brsd/microros_ws/install/multisense_lib/lib"
[106.933s] -- Installing: /home/brsd/microros_ws/install/multisense_lib/lib/libMultiSense.so
[106.933s] -- Installing: /home/brsd/microros_ws/install/multisense_lib/include/MultiSense/MultiSenseChannel.hh
[106.934s] -- Installing: /home/brsd/microros_ws/install/multisense_lib/include/MultiSense/MultiSenseTypes.hh
[106.936s] -- Installing: /home/brsd/microros_ws/install/multisense_lib/lib/cmake/MultiSense/MultiSenseTargets.cmake
[106.937s] -- Installing: /home/brsd/microros_ws/install/multisense_lib/lib/cmake/MultiSense/MultiSenseTargets-release.cmake
[106.937s] -- Installing: /home/brsd/microros_ws/install/multisense_lib/lib/cmake/MultiSense/MultiSenseConfig.cmake
[106.938s] -- Installing: /home/brsd/microros_ws/install/multisense_lib/lib/cmake/MultiSense/MultiSenseConfigVersion.cmake
[106.939s] -- Up-to-date: /home/brsd/microros_ws/install/multisense_lib/include/MultiSense/MultiSenseChannel.hh
[106.939s] -- Up-to-date: /home/brsd/microros_ws/install/multisense_lib/include/MultiSense/MultiSenseTypes.hh
[106.940s] -- Installing: /home/brsd/microros_ws/install/multisense_lib/bin/AprilTagTestUtility
[106.941s] -- Set runtime path of "/home/brsd/microros_ws/install/multisense_lib/bin/AprilTagTestUtility" to "/home/brsd/microros_ws/install/multisense_lib/lib"
[106.942s] -- Installing: /home/brsd/microros_ws/install/multisense_lib/bin/ChangeFps
[106.943s] -- Set runtime path of "/home/brsd/microros_ws/install/multisense_lib/bin/ChangeFps" to "/home/brsd/microros_ws/install/multisense_lib/lib"
[106.944s] -- Installing: /home/brsd/microros_ws/install/multisense_lib/bin/ChangeIpUtility
[106.945s] -- Set runtime path of "/home/brsd/microros_ws/install/multisense_lib/bin/ChangeIpUtility" to "/home/brsd/microros_ws/install/multisense_lib/lib"
[106.946s] -- Installing: /home/brsd/microros_ws/install/multisense_lib/bin/ChangeResolution
[106.947s] -- Set runtime path of "/home/brsd/microros_ws/install/multisense_lib/bin/ChangeResolution" to "/home/brsd/microros_ws/install/multisense_lib/lib"
[106.948s] -- Installing: /home/brsd/microros_ws/install/multisense_lib/bin/ChangeTransmitDelay
[106.949s] -- Set runtime path of "/home/brsd/microros_ws/install/multisense_lib/bin/ChangeTransmitDelay" to "/home/brsd/microros_ws/install/multisense_lib/lib"
[106.950s] -- Installing: /home/brsd/microros_ws/install/multisense_lib/bin/ColorImageUtility
[106.951s] -- Set runtime path of "/home/brsd/microros_ws/install/multisense_lib/bin/ColorImageUtility" to "/home/brsd/microros_ws/install/multisense_lib/lib"
[106.951s] -- Installing: /home/brsd/microros_ws/install/multisense_lib/bin/DeviceInfoUtility
[106.953s] -- Set runtime path of "/home/brsd/microros_ws/install/multisense_lib/bin/DeviceInfoUtility" to "/home/brsd/microros_ws/install/multisense_lib/lib"
[106.953s] -- Installing: /home/brsd/microros_ws/install/multisense_lib/bin/DepthImageUtility
[106.954s] -- Set runtime path of "/home/brsd/microros_ws/install/multisense_lib/bin/DepthImageUtility" to "/home/brsd/microros_ws/install/multisense_lib/lib"
[106.955s] -- Installing: /home/brsd/microros_ws/install/multisense_lib/bin/ExternalCalUtility
[106.956s] -- Set runtime path of "/home/brsd/microros_ws/install/multisense_lib/bin/ExternalCalUtility" to "/home/brsd/microros_ws/install/multisense_lib/lib"
[106.957s] -- Installing: /home/brsd/microros_ws/install/multisense_lib/bin/FeatureDetectorUtility
[106.958s] -- Set runtime path of "/home/brsd/microros_ws/install/multisense_lib/bin/FeatureDetectorUtility" to "/home/brsd/microros_ws/install/multisense_lib/lib"
[106.959s] -- Installing: /home/brsd/microros_ws/install/multisense_lib/bin/MultiSenseUpdater
[106.961s] -- Installing: /home/brsd/microros_ws/install/multisense_lib/bin/FlashUtility
[106.962s] -- Set runtime path of "/home/brsd/microros_ws/install/multisense_lib/bin/FlashUtility" to "/home/brsd/microros_ws/install/multisense_lib/lib"
[106.963s] -- Installing: /home/brsd/microros_ws/install/multisense_lib/bin/ImageCalUtility
[106.964s] -- Set runtime path of "/home/brsd/microros_ws/install/multisense_lib/bin/ImageCalUtility" to "/home/brsd/microros_ws/install/multisense_lib/lib"
[106.965s] -- Installing: /home/brsd/microros_ws/install/multisense_lib/bin/ImuConfigUtility
[106.966s] -- Set runtime path of "/home/brsd/microros_ws/install/multisense_lib/bin/ImuConfigUtility" to "/home/brsd/microros_ws/install/multisense_lib/lib"
[106.967s] -- Installing: /home/brsd/microros_ws/install/multisense_lib/bin/ImuTestUtility
[106.968s] -- Set runtime path of "/home/brsd/microros_ws/install/multisense_lib/bin/ImuTestUtility" to "/home/brsd/microros_ws/install/multisense_lib/lib"
[106.968s] -- Installing: /home/brsd/microros_ws/install/multisense_lib/bin/LidarCalUtility
[106.970s] -- Set runtime path of "/home/brsd/microros_ws/install/multisense_lib/bin/LidarCalUtility" to "/home/brsd/microros_ws/install/multisense_lib/lib"
[106.970s] -- Installing: /home/brsd/microros_ws/install/multisense_lib/bin/PointCloudUtility
[106.972s] -- Set runtime path of "/home/brsd/microros_ws/install/multisense_lib/bin/PointCloudUtility" to "/home/brsd/microros_ws/install/multisense_lib/lib"
[106.972s] -- Installing: /home/brsd/microros_ws/install/multisense_lib/bin/RectifiedFocalLengthUtility
[106.974s] -- Set runtime path of "/home/brsd/microros_ws/install/multisense_lib/bin/RectifiedFocalLengthUtility" to "/home/brsd/microros_ws/install/multisense_lib/lib"
[106.974s] -- Installing: /home/brsd/microros_ws/install/multisense_lib/bin/SaveImageUtility
[106.975s] -- Set runtime path of "/home/brsd/microros_ws/install/multisense_lib/bin/SaveImageUtility" to "/home/brsd/microros_ws/install/multisense_lib/lib"
[106.976s] -- Installing: /home/brsd/microros_ws/install/multisense_lib/bin/VersionInfoUtility
[106.977s] -- Set runtime path of "/home/brsd/microros_ws/install/multisense_lib/bin/VersionInfoUtility" to "/home/brsd/microros_ws/install/multisense_lib/lib"
[106.986s] Invoked command in '/home/brsd/microros_ws/build/multisense_lib' returned '0': CMAKE_PREFIX_PATH=${CMAKE_PREFIX_PATH}:/home/brsd/microros_ws/install/jetson_comm:/opt/ros/foxy /usr/bin/cmake --install /home/brsd/microros_ws/build/multisense_lib
