[0.236s] Invoking command in '/home/brsd/microros_ws/build/xacro': CMAKE_PREFIX_PATH=${CMAKE_PREFIX_PATH}:/home/brsd/microros_ws/install/object_detection_pkg:/home/brsd/microros_ws/install/joystick_input:/home/brsd/microros_ws/install/jetson_comm:/opt/ros/foxy /usr/bin/cmake --build /home/brsd/microros_ws/build/xacro -- -j4 -l4
[0.677s] Invoked command in '/home/brsd/microros_ws/build/xacro' returned '0': CMAKE_PREFIX_PATH=${CMAKE_PREFIX_PATH}:/home/brsd/microros_ws/install/object_detection_pkg:/home/brsd/microros_ws/install/joystick_input:/home/brsd/microros_ws/install/jetson_comm:/opt/ros/foxy /usr/bin/cmake --build /home/brsd/microros_ws/build/xacro -- -j4 -l4
[0.949s] Invoking command in '/home/brsd/microros_ws/build/xacro': CMAKE_PREFIX_PATH=${CMAKE_PREFIX_PATH}:/home/brsd/microros_ws/install/object_detection_pkg:/home/brsd/microros_ws/install/joystick_input:/home/brsd/microros_ws/install/jetson_comm:/opt/ros/foxy /usr/bin/cmake --install /home/brsd/microros_ws/build/xacro
[1.034s] -- Install configuration: ""
[1.036s] -- Up-to-date: /home/brsd/microros_ws/install/xacro/share/xacro/environment/completion.bash
[1.037s] -- Up-to-date: /home/brsd/microros_ws/install/xacro/share/xacro/environment/pythonpath.sh
[1.038s] -- Up-to-date: /home/brsd/microros_ws/install/xacro/share/xacro/environment/pythonpath.dsv
[1.038s] -- Up-to-date: /home/brsd/microros_ws/install/xacro/lib/python3.8/site-packages/xacro
[1.040s] -- Up-to-date: /home/brsd/microros_ws/install/xacro/lib/python3.8/site-packages/xacro/__init__.py
[1.040s] -- Up-to-date: /home/brsd/microros_ws/install/xacro/lib/python3.8/site-packages/xacro/substitution_args.py
[1.041s] -- Up-to-date: /home/brsd/microros_ws/install/xacro/lib/python3.8/site-packages/xacro/xmlutils.py
[1.041s] -- Up-to-date: /home/brsd/microros_ws/install/xacro/lib/python3.8/site-packages/xacro/color.py
[1.042s] -- Up-to-date: /home/brsd/microros_ws/install/xacro/lib/python3.8/site-packages/xacro/cli.py
[1.383s] Listing '/home/brsd/microros_ws/install/xacro/lib/python3.8/site-packages/xacro'...
[1.428s] -- Up-to-date: /home/brsd/microros_ws/install/xacro/bin/xacro
[1.434s] -- Up-to-date: /home/brsd/microros_ws/install/xacro/lib/xacro/xacro
[1.435s] -- Up-to-date: /home/brsd/microros_ws/install/xacro/share/ament_index/resource_index/package_run_dependencies/xacro
[1.437s] -- Up-to-date: /home/brsd/microros_ws/install/xacro/share/ament_index/resource_index/parent_prefix_path/xacro
[1.443s] -- Up-to-date: /home/brsd/microros_ws/install/xacro/share/xacro/environment/ament_prefix_path.sh
[1.445s] -- Up-to-date: /home/brsd/microros_ws/install/xacro/share/xacro/environment/ament_prefix_path.dsv
[1.447s] -- Up-to-date: /home/brsd/microros_ws/install/xacro/share/xacro/environment/path.sh
[1.448s] -- Up-to-date: /home/brsd/microros_ws/install/xacro/share/xacro/environment/path.dsv
[1.448s] -- Up-to-date: /home/brsd/microros_ws/install/xacro/share/xacro/local_setup.bash
[1.449s] -- Up-to-date: /home/brsd/microros_ws/install/xacro/share/xacro/local_setup.sh
[1.450s] -- Up-to-date: /home/brsd/microros_ws/install/xacro/share/xacro/local_setup.zsh
[1.451s] -- Up-to-date: /home/brsd/microros_ws/install/xacro/share/xacro/local_setup.dsv
[1.451s] -- Installing: /home/brsd/microros_ws/install/xacro/share/xacro/package.dsv
[1.452s] -- Up-to-date: /home/brsd/microros_ws/install/xacro/share/ament_index/resource_index/packages/xacro
[1.454s] -- Up-to-date: /home/brsd/microros_ws/install/xacro/share/xacro/cmake/xacro-extras.cmake
[1.458s] -- Up-to-date: /home/brsd/microros_ws/install/xacro/share/xacro/cmake/xacroConfig.cmake
[1.458s] -- Up-to-date: /home/brsd/microros_ws/install/xacro/share/xacro/cmake/xacroConfig-version.cmake
[1.459s] -- Up-to-date: /home/brsd/microros_ws/install/xacro/share/xacro/package.xml
[1.467s] Invoked command in '/home/brsd/microros_ws/build/xacro' returned '0': CMAKE_PREFIX_PATH=${CMAKE_PREFIX_PATH}:/home/brsd/microros_ws/install/object_detection_pkg:/home/brsd/microros_ws/install/joystick_input:/home/brsd/microros_ws/install/jetson_comm:/opt/ros/foxy /usr/bin/cmake --install /home/brsd/microros_ws/build/xacro
