[0.152s] Invoking command in '/home/brsd/microros_ws/build/multisense_lib': CMAKE_PREFIX_PATH=${CMAKE_PREFIX_PATH}:/home/brsd/microros_ws/install/person_detection:/home/brsd/microros_ws/install/pathfinding:/home/brsd/microros_ws/install/object_detection_pkg:/home/brsd/microros_ws/install/joystick_input:/home/brsd/microros_ws/install/jetson_comm:/opt/ros/foxy /usr/bin/cmake --build /home/brsd/microros_ws/build/multisense_lib -- -j4 -l4
[0.496s] [ 19%] Built target MultiSense
[0.774s] [ 23%] Built target AprilTagTestUtility
[0.785s] [ 27%] Built target ChangeFps
[0.823s] [ 31%] Built target ChangeResolution
[0.841s] [ 36%] Built target ChangeIpUtility
[1.011s] [ 40%] Built target ChangeTransmitDelay
[1.053s] [ 44%] Built target DepthImageUtility
[1.079s] [ 48%] Built target ColorImageUtility
[1.089s] [ 53%] Built target DeviceInfoUtility
[1.193s] [ 57%] Built target ExternalCalUtility
[1.218s] [ 61%] Built target FeatureDetectorUtility
[1.244s] [ 65%] Built target ImageCalUtility
[1.343s] [ 70%] Built target FlashUtility
[1.392s] [ 74%] Built target ImuConfigUtility
[1.405s] [ 78%] Built target ImuTestUtility
[1.497s] [ 82%] Built target LidarCalUtility
[1.571s] [ 87%] Built target SaveImageUtility
[1.579s] [ 91%] Built target RectifiedFocalLengthUtility
[1.593s] [ 95%] Built target PointCloudUtility
[1.684s] [100%] Built target VersionInfoUtility
[1.971s] Invoked command in '/home/brsd/microros_ws/build/multisense_lib' returned '0': CMAKE_PREFIX_PATH=${CMAKE_PREFIX_PATH}:/home/brsd/microros_ws/install/person_detection:/home/brsd/microros_ws/install/pathfinding:/home/brsd/microros_ws/install/object_detection_pkg:/home/brsd/microros_ws/install/joystick_input:/home/brsd/microros_ws/install/jetson_comm:/opt/ros/foxy /usr/bin/cmake --build /home/brsd/microros_ws/build/multisense_lib -- -j4 -l4
[2.328s] Invoking command in '/home/brsd/microros_ws/build/multisense_lib': CMAKE_PREFIX_PATH=${CMAKE_PREFIX_PATH}:/home/brsd/microros_ws/install/person_detection:/home/brsd/microros_ws/install/pathfinding:/home/brsd/microros_ws/install/object_detection_pkg:/home/brsd/microros_ws/install/joystick_input:/home/brsd/microros_ws/install/jetson_comm:/opt/ros/foxy /usr/bin/cmake --install /home/brsd/microros_ws/build/multisense_lib
[2.371s] -- Install configuration: "Release"
[2.378s] -- Up-to-date: /home/brsd/microros_ws/install/multisense_lib/share/multisense_lib/environment/library_path.sh
[2.379s] -- Up-to-date: /home/brsd/microros_ws/install/multisense_lib/share/multisense_lib/environment/library_path.dsv
[2.379s] -- Up-to-date: /home/brsd/microros_ws/install/multisense_lib/share/ament_index/resource_index/package_run_dependencies/multisense_lib
[2.380s] -- Up-to-date: /home/brsd/microros_ws/install/multisense_lib/share/ament_index/resource_index/parent_prefix_path/multisense_lib
[2.380s] -- Up-to-date: /home/brsd/microros_ws/install/multisense_lib/share/multisense_lib/environment/ament_prefix_path.sh
[2.381s] -- Up-to-date: /home/brsd/microros_ws/install/multisense_lib/share/multisense_lib/environment/ament_prefix_path.dsv
[2.381s] -- Up-to-date: /home/brsd/microros_ws/install/multisense_lib/share/multisense_lib/environment/path.sh
[2.381s] -- Up-to-date: /home/brsd/microros_ws/install/multisense_lib/share/multisense_lib/environment/path.dsv
[2.382s] -- Up-to-date: /home/brsd/microros_ws/install/multisense_lib/share/multisense_lib/local_setup.bash
[2.382s] -- Up-to-date: /home/brsd/microros_ws/install/multisense_lib/share/multisense_lib/local_setup.sh
[2.383s] -- Up-to-date: /home/brsd/microros_ws/install/multisense_lib/share/multisense_lib/local_setup.zsh
[2.383s] -- Up-to-date: /home/brsd/microros_ws/install/multisense_lib/share/multisense_lib/local_setup.dsv
[2.396s] -- Installing: /home/brsd/microros_ws/install/multisense_lib/share/multisense_lib/package.dsv
[2.397s] -- Up-to-date: /home/brsd/microros_ws/install/multisense_lib/share/ament_index/resource_index/packages/multisense_lib
[2.398s] -- Up-to-date: /home/brsd/microros_ws/install/multisense_lib/share/multisense_lib/cmake/ament_cmake_export_include_directories-extras.cmake
[2.400s] -- Up-to-date: /home/brsd/microros_ws/install/multisense_lib/share/multisense_lib/cmake/ament_cmake_export_libraries-extras.cmake
[2.401s] -- Up-to-date: /home/brsd/microros_ws/install/multisense_lib/share/multisense_lib/cmake/multisense_libConfig.cmake
[2.401s] -- Up-to-date: /home/brsd/microros_ws/install/multisense_lib/share/multisense_lib/cmake/multisense_libConfig-version.cmake
[2.402s] -- Up-to-date: /home/brsd/microros_ws/install/multisense_lib/share/multisense_lib/package.xml
[2.402s] -- Up-to-date: /home/brsd/microros_ws/install/multisense_lib/lib/pkgconfig/LibMultiSense.pc
[2.408s] -- Up-to-date: /home/brsd/microros_ws/install/multisense_lib/lib/libMultiSense.so.6.1.0
[2.409s] -- Up-to-date: /home/brsd/microros_ws/install/multisense_lib/lib/libMultiSense.so
[2.410s] -- Up-to-date: /home/brsd/microros_ws/install/multisense_lib/include/MultiSense/MultiSenseChannel.hh
[2.411s] -- Up-to-date: /home/brsd/microros_ws/install/multisense_lib/include/MultiSense/MultiSenseTypes.hh
[2.411s] -- Up-to-date: /home/brsd/microros_ws/install/multisense_lib/lib/cmake/MultiSense/MultiSenseTargets.cmake
[2.420s] -- Up-to-date: /home/brsd/microros_ws/install/multisense_lib/lib/cmake/MultiSense/MultiSenseTargets-release.cmake
[2.422s] -- Up-to-date: /home/brsd/microros_ws/install/multisense_lib/lib/cmake/MultiSense/MultiSenseConfig.cmake
[2.422s] -- Up-to-date: /home/brsd/microros_ws/install/multisense_lib/lib/cmake/MultiSense/MultiSenseConfigVersion.cmake
[2.423s] -- Up-to-date: /home/brsd/microros_ws/install/multisense_lib/include/MultiSense/MultiSenseChannel.hh
[2.423s] -- Up-to-date: /home/brsd/microros_ws/install/multisense_lib/include/MultiSense/MultiSenseTypes.hh
[2.423s] -- Up-to-date: /home/brsd/microros_ws/install/multisense_lib/bin/AprilTagTestUtility
[2.425s] -- Up-to-date: /home/brsd/microros_ws/install/multisense_lib/bin/ChangeFps
[2.425s] -- Up-to-date: /home/brsd/microros_ws/install/multisense_lib/bin/ChangeIpUtility
[2.426s] -- Up-to-date: /home/brsd/microros_ws/install/multisense_lib/bin/ChangeResolution
[2.426s] -- Up-to-date: /home/brsd/microros_ws/install/multisense_lib/bin/ChangeTransmitDelay
[2.427s] -- Up-to-date: /home/brsd/microros_ws/install/multisense_lib/bin/ColorImageUtility
[2.427s] -- Up-to-date: /home/brsd/microros_ws/install/multisense_lib/bin/DeviceInfoUtility
[2.427s] -- Up-to-date: /home/brsd/microros_ws/install/multisense_lib/bin/DepthImageUtility
[2.428s] -- Up-to-date: /home/brsd/microros_ws/install/multisense_lib/bin/ExternalCalUtility
[2.429s] -- Up-to-date: /home/brsd/microros_ws/install/multisense_lib/bin/FeatureDetectorUtility
[2.429s] -- Up-to-date: /home/brsd/microros_ws/install/multisense_lib/bin/MultiSenseUpdater
[2.430s] -- Up-to-date: /home/brsd/microros_ws/install/multisense_lib/bin/FlashUtility
[2.432s] -- Up-to-date: /home/brsd/microros_ws/install/multisense_lib/bin/ImageCalUtility
[2.433s] -- Up-to-date: /home/brsd/microros_ws/install/multisense_lib/bin/ImuConfigUtility
[2.434s] -- Up-to-date: /home/brsd/microros_ws/install/multisense_lib/bin/ImuTestUtility
[2.435s] -- Up-to-date: /home/brsd/microros_ws/install/multisense_lib/bin/LidarCalUtility
[2.448s] -- Up-to-date: /home/brsd/microros_ws/install/multisense_lib/bin/PointCloudUtility
[2.449s] -- Up-to-date: /home/brsd/microros_ws/install/multisense_lib/bin/RectifiedFocalLengthUtility
[2.449s] -- Up-to-date: /home/brsd/microros_ws/install/multisense_lib/bin/SaveImageUtility
[2.450s] -- Up-to-date: /home/brsd/microros_ws/install/multisense_lib/bin/VersionInfoUtility
[2.451s] Invoked command in '/home/brsd/microros_ws/build/multisense_lib' returned '0': CMAKE_PREFIX_PATH=${CMAKE_PREFIX_PATH}:/home/brsd/microros_ws/install/person_detection:/home/brsd/microros_ws/install/pathfinding:/home/brsd/microros_ws/install/object_detection_pkg:/home/brsd/microros_ws/install/joystick_input:/home/brsd/microros_ws/install/jetson_comm:/opt/ros/foxy /usr/bin/cmake --install /home/brsd/microros_ws/build/multisense_lib
