[12.665s] Invoking command in '/home/brsd/microros_ws/src/jetson_comm': PYTHONPATH=/home/brsd/microros_ws/build/jetson_comm/prefix_override:/usr/lib/python3/dist-packages/colcon_core/task/python/colcon_distutils_commands:/home/brsd/microros_ws/install/jetson_comm/lib/python3.8/site-packages:${PYTHONPATH} /usr/bin/python3 -W ignore:setup.py install is deprecated setup.py egg_info --egg-base ../../build/jetson_comm build --build-base /home/brsd/microros_ws/build/jetson_comm/build install --record /home/brsd/microros_ws/build/jetson_comm/install.log --install-scripts $base/lib/jetson_comm --single-version-externally-managed install_data
[16.435s] running egg_info
[16.441s] writing ../../build/jetson_comm/jetson_comm.egg-info/PKG-INFO
[16.443s] writing dependency_links to ../../build/jetson_comm/jetson_comm.egg-info/dependency_links.txt
[16.444s] writing entry points to ../../build/jetson_comm/jetson_comm.egg-info/entry_points.txt
[16.446s] writing requirements to ../../build/jetson_comm/jetson_comm.egg-info/requires.txt
[16.447s] writing top-level names to ../../build/jetson_comm/jetson_comm.egg-info/top_level.txt
[16.795s] reading manifest file '../../build/jetson_comm/jetson_comm.egg-info/SOURCES.txt'
[16.816s] writing manifest file '../../build/jetson_comm/jetson_comm.egg-info/SOURCES.txt'
[16.826s] running build
[16.826s] running build_py
[16.829s] running install
[16.835s] running install_lib
[16.852s] running install_data
[16.853s] running install_egg_info
[16.883s] removing '/home/brsd/microros_ws/install/jetson_comm/lib/python3.8/site-packages/jetson_comm-0.0.0-py3.8.egg-info' (and everything under it)
[16.892s] Copying ../../build/jetson_comm/jetson_comm.egg-info to /home/brsd/microros_ws/install/jetson_comm/lib/python3.8/site-packages/jetson_comm-0.0.0-py3.8.egg-info
[16.903s] running install_scripts
[17.090s] Installing jetson_node script to /home/brsd/microros_ws/install/jetson_comm/lib/jetson_comm
[17.096s] writing list of installed files to '/home/brsd/microros_ws/build/jetson_comm/install.log'
[17.381s] Invoked command in '/home/brsd/microros_ws/src/jetson_comm' returned '0': PYTHONPATH=/home/brsd/microros_ws/build/jetson_comm/prefix_override:/usr/lib/python3/dist-packages/colcon_core/task/python/colcon_distutils_commands:/home/brsd/microros_ws/install/jetson_comm/lib/python3.8/site-packages:${PYTHONPATH} /usr/bin/python3 -W ignore:setup.py install is deprecated setup.py egg_info --egg-base ../../build/jetson_comm build --build-base /home/brsd/microros_ws/build/jetson_comm/build install --record /home/brsd/microros_ws/build/jetson_comm/install.log --install-scripts $base/lib/jetson_comm --single-version-externally-managed install_data
