[0.107s] Invoking command in '/home/brsd/microros_ws/build/drive_base_msgs': CMAKE_PREFIX_PATH=${CMAKE_PREFIX_PATH}:/home/brsd/microros_ws/install/person_detection:/home/brsd/microros_ws/install/pathfinding:/home/brsd/microros_ws/install/object_detection_pkg:/home/brsd/microros_ws/install/joystick_input:/home/brsd/microros_ws/install/jetson_comm:/home/brsd/microros_ws/install/fsm:/opt/ros/foxy /usr/bin/cmake --build /home/brsd/microros_ws/build/drive_base_msgs -- -j4 -l4
[0.615s] [  1%] Built target drive_base_msgs__cpp
[0.698s] [ 12%] Built target drive_base_msgs__rosidl_generator_c
[0.860s] [ 23%] Built target drive_base_msgs__rosidl_typesupport_cpp
[0.879s] [ 34%] Built target drive_base_msgs__rosidl_typesupport_introspection_cpp
[0.905s] [ 45%] Built target drive_base_msgs__rosidl_typesupport_introspection_c
[0.915s] [ 56%] Built target drive_base_msgs__rosidl_typesupport_fastrtps_cpp
[1.059s] [ 67%] Built target drive_base_msgs__rosidl_typesupport_c
[1.088s] [ 78%] Built target drive_base_msgs__rosidl_typesupport_fastrtps_c
[1.206s] [ 78%] Built target drive_base_msgs
[1.337s] [ 80%] Built target drive_base_msgs__py
[1.492s] [ 89%] Built target drive_base_msgs__python
[1.749s] [ 92%] Built target drive_base_msgs__rosidl_typesupport_c__pyext
[1.811s] [ 98%] Built target drive_base_msgs__rosidl_typesupport_introspection_c__pyext
[1.814s] [100%] Built target drive_base_msgs__rosidl_typesupport_fastrtps_c__pyext
[2.677s] Invoked command in '/home/brsd/microros_ws/build/drive_base_msgs' returned '0': CMAKE_PREFIX_PATH=${CMAKE_PREFIX_PATH}:/home/brsd/microros_ws/install/person_detection:/home/brsd/microros_ws/install/pathfinding:/home/brsd/microros_ws/install/object_detection_pkg:/home/brsd/microros_ws/install/joystick_input:/home/brsd/microros_ws/install/jetson_comm:/home/brsd/microros_ws/install/fsm:/opt/ros/foxy /usr/bin/cmake --build /home/brsd/microros_ws/build/drive_base_msgs -- -j4 -l4
[4.022s] Invoking command in '/home/brsd/microros_ws/build/drive_base_msgs': CMAKE_PREFIX_PATH=${CMAKE_PREFIX_PATH}:/home/brsd/microros_ws/install/person_detection:/home/brsd/microros_ws/install/pathfinding:/home/brsd/microros_ws/install/object_detection_pkg:/home/brsd/microros_ws/install/joystick_input:/home/brsd/microros_ws/install/jetson_comm:/home/brsd/microros_ws/install/fsm:/opt/ros/foxy /usr/bin/cmake --install /home/brsd/microros_ws/build/drive_base_msgs
[4.142s] -- Install configuration: ""
[4.145s] -- Up-to-date: /home/brsd/microros_ws/install/drive_base_msgs/share/ament_index/resource_index/rosidl_interfaces/drive_base_msgs
[4.146s] -- Up-to-date: /home/brsd/microros_ws/install/drive_base_msgs/include/drive_base_msgs
[4.146s] -- Up-to-date: /home/brsd/microros_ws/install/drive_base_msgs/include/drive_base_msgs/msg
[4.147s] -- Up-to-date: /home/brsd/microros_ws/install/drive_base_msgs/include/drive_base_msgs/msg/command_status.h
[4.147s] -- Up-to-date: /home/brsd/microros_ws/install/drive_base_msgs/include/drive_base_msgs/msg/command_header.h
[4.147s] -- Up-to-date: /home/brsd/microros_ws/install/drive_base_msgs/include/drive_base_msgs/msg/base_info.h
[4.148s] -- Up-to-date: /home/brsd/microros_ws/install/drive_base_msgs/include/drive_base_msgs/msg/detail
[4.153s] -- Up-to-date: /home/brsd/microros_ws/install/drive_base_msgs/include/drive_base_msgs/msg/detail/base_info__struct.h
[4.158s] -- Up-to-date: /home/brsd/microros_ws/install/drive_base_msgs/include/drive_base_msgs/msg/detail/trv_command__type_support.h
[4.158s] -- Up-to-date: /home/brsd/microros_ws/install/drive_base_msgs/include/drive_base_msgs/msg/detail/trv_command__functions.h
[4.159s] -- Up-to-date: /home/brsd/microros_ws/install/drive_base_msgs/include/drive_base_msgs/msg/detail/command_header__functions.c
[4.159s] -- Up-to-date: /home/brsd/microros_ws/install/drive_base_msgs/include/drive_base_msgs/msg/detail/command_header__struct.h
[4.160s] -- Up-to-date: /home/brsd/microros_ws/install/drive_base_msgs/include/drive_base_msgs/msg/detail/trv_command__struct.h
[4.160s] -- Up-to-date: /home/brsd/microros_ws/install/drive_base_msgs/include/drive_base_msgs/msg/detail/command_header__functions.h
[4.161s] -- Up-to-date: /home/brsd/microros_ws/install/drive_base_msgs/include/drive_base_msgs/msg/detail/command_status__functions.c
[4.161s] -- Up-to-date: /home/brsd/microros_ws/install/drive_base_msgs/include/drive_base_msgs/msg/detail/base_info__functions.h
[4.162s] -- Up-to-date: /home/brsd/microros_ws/install/drive_base_msgs/include/drive_base_msgs/msg/detail/trv_command__functions.c
[4.162s] -- Up-to-date: /home/brsd/microros_ws/install/drive_base_msgs/include/drive_base_msgs/msg/detail/command_status__type_support.h
[4.163s] -- Up-to-date: /home/brsd/microros_ws/install/drive_base_msgs/include/drive_base_msgs/msg/detail/command_status__functions.h
[4.163s] -- Up-to-date: /home/brsd/microros_ws/install/drive_base_msgs/include/drive_base_msgs/msg/detail/base_info__functions.c
[4.182s] -- Up-to-date: /home/brsd/microros_ws/install/drive_base_msgs/include/drive_base_msgs/msg/detail/base_info__type_support.h
[4.183s] -- Up-to-date: /home/brsd/microros_ws/install/drive_base_msgs/include/drive_base_msgs/msg/detail/command_header__type_support.h
[4.183s] -- Up-to-date: /home/brsd/microros_ws/install/drive_base_msgs/include/drive_base_msgs/msg/detail/command_status__struct.h
[4.184s] -- Up-to-date: /home/brsd/microros_ws/install/drive_base_msgs/include/drive_base_msgs/msg/trv_command.h
[4.184s] -- Up-to-date: /home/brsd/microros_ws/install/drive_base_msgs/include/drive_base_msgs/msg/rosidl_generator_c__visibility_control.h
[4.194s] -- Up-to-date: /home/brsd/microros_ws/install/drive_base_msgs/share/drive_base_msgs/environment/library_path.sh
[4.195s] -- Up-to-date: /home/brsd/microros_ws/install/drive_base_msgs/share/drive_base_msgs/environment/library_path.dsv
[4.195s] -- Up-to-date: /home/brsd/microros_ws/install/drive_base_msgs/lib/libdrive_base_msgs__rosidl_generator_c.so
[4.196s] -- Up-to-date: /home/brsd/microros_ws/install/drive_base_msgs/include/drive_base_msgs
[4.196s] -- Up-to-date: /home/brsd/microros_ws/install/drive_base_msgs/include/drive_base_msgs/msg
[4.197s] -- Up-to-date: /home/brsd/microros_ws/install/drive_base_msgs/include/drive_base_msgs/msg/rosidl_typesupport_fastrtps_c__visibility_control.h
[4.197s] -- Up-to-date: /home/brsd/microros_ws/install/drive_base_msgs/include/drive_base_msgs/msg/detail
[4.198s] -- Up-to-date: /home/brsd/microros_ws/install/drive_base_msgs/include/drive_base_msgs/msg/detail/command_status__rosidl_typesupport_fastrtps_c.h
[4.198s] -- Up-to-date: /home/brsd/microros_ws/install/drive_base_msgs/include/drive_base_msgs/msg/detail/trv_command__rosidl_typesupport_fastrtps_c.h
[4.199s] -- Up-to-date: /home/brsd/microros_ws/install/drive_base_msgs/include/drive_base_msgs/msg/detail/base_info__rosidl_typesupport_fastrtps_c.h
[4.200s] -- Up-to-date: /home/brsd/microros_ws/install/drive_base_msgs/include/drive_base_msgs/msg/detail/command_header__rosidl_typesupport_fastrtps_c.h
[4.201s] -- Up-to-date: /home/brsd/microros_ws/install/drive_base_msgs/lib/libdrive_base_msgs__rosidl_typesupport_fastrtps_c.so
[4.202s] -- Up-to-date: /home/brsd/microros_ws/install/drive_base_msgs/include/drive_base_msgs
[4.202s] -- Up-to-date: /home/brsd/microros_ws/install/drive_base_msgs/include/drive_base_msgs/msg
[4.203s] -- Up-to-date: /home/brsd/microros_ws/install/drive_base_msgs/include/drive_base_msgs/msg/rosidl_typesupport_fastrtps_cpp__visibility_control.h
[4.203s] -- Up-to-date: /home/brsd/microros_ws/install/drive_base_msgs/include/drive_base_msgs/msg/detail
[4.203s] -- Up-to-date: /home/brsd/microros_ws/install/drive_base_msgs/include/drive_base_msgs/msg/detail/command_header__rosidl_typesupport_fastrtps_cpp.hpp
[4.204s] -- Up-to-date: /home/brsd/microros_ws/install/drive_base_msgs/include/drive_base_msgs/msg/detail/command_status__rosidl_typesupport_fastrtps_cpp.hpp
[4.204s] -- Up-to-date: /home/brsd/microros_ws/install/drive_base_msgs/include/drive_base_msgs/msg/detail/trv_command__rosidl_typesupport_fastrtps_cpp.hpp
[4.205s] -- Up-to-date: /home/brsd/microros_ws/install/drive_base_msgs/include/drive_base_msgs/msg/detail/base_info__rosidl_typesupport_fastrtps_cpp.hpp
[4.205s] -- Up-to-date: /home/brsd/microros_ws/install/drive_base_msgs/include/drive_base_msgs/msg/detail/dds_fastrtps
[4.206s] -- Up-to-date: /home/brsd/microros_ws/install/drive_base_msgs/lib/libdrive_base_msgs__rosidl_typesupport_fastrtps_cpp.so
[4.206s] -- Up-to-date: /home/brsd/microros_ws/install/drive_base_msgs/include/drive_base_msgs
[4.207s] -- Up-to-date: /home/brsd/microros_ws/install/drive_base_msgs/include/drive_base_msgs/msg
[4.207s] -- Up-to-date: /home/brsd/microros_ws/install/drive_base_msgs/include/drive_base_msgs/msg/detail
[4.208s] -- Up-to-date: /home/brsd/microros_ws/install/drive_base_msgs/include/drive_base_msgs/msg/detail/command_status__rosidl_typesupport_introspection_c.h
[4.227s] -- Up-to-date: /home/brsd/microros_ws/install/drive_base_msgs/include/drive_base_msgs/msg/detail/command_header__rosidl_typesupport_introspection_c.h
[4.228s] -- Up-to-date: /home/brsd/microros_ws/install/drive_base_msgs/include/drive_base_msgs/msg/detail/command_header__type_support.c
[4.228s] -- Up-to-date: /home/brsd/microros_ws/install/drive_base_msgs/include/drive_base_msgs/msg/detail/base_info__rosidl_typesupport_introspection_c.h
[4.229s] -- Up-to-date: /home/brsd/microros_ws/install/drive_base_msgs/include/drive_base_msgs/msg/detail/command_status__type_support.c
[4.235s] -- Up-to-date: /home/brsd/microros_ws/install/drive_base_msgs/include/drive_base_msgs/msg/detail/trv_command__rosidl_typesupport_introspection_c.h
[4.237s] -- Up-to-date: /home/brsd/microros_ws/install/drive_base_msgs/include/drive_base_msgs/msg/detail/trv_command__type_support.c
[4.237s] -- Up-to-date: /home/brsd/microros_ws/install/drive_base_msgs/include/drive_base_msgs/msg/detail/base_info__type_support.c
[4.238s] -- Up-to-date: /home/brsd/microros_ws/install/drive_base_msgs/include/drive_base_msgs/msg/rosidl_typesupport_introspection_c__visibility_control.h
[4.238s] -- Up-to-date: /home/brsd/microros_ws/install/drive_base_msgs/lib/libdrive_base_msgs__rosidl_typesupport_introspection_c.so
[4.239s] -- Up-to-date: /home/brsd/microros_ws/install/drive_base_msgs/lib/libdrive_base_msgs__rosidl_typesupport_c.so
[4.239s] -- Up-to-date: /home/brsd/microros_ws/install/drive_base_msgs/include/drive_base_msgs
[4.240s] -- Up-to-date: /home/brsd/microros_ws/install/drive_base_msgs/include/drive_base_msgs/msg
[4.240s] -- Up-to-date: /home/brsd/microros_ws/install/drive_base_msgs/include/drive_base_msgs/msg/command_status.hpp
[4.242s] -- Up-to-date: /home/brsd/microros_ws/install/drive_base_msgs/include/drive_base_msgs/msg/base_info.hpp
[4.258s] -- Up-to-date: /home/brsd/microros_ws/install/drive_base_msgs/include/drive_base_msgs/msg/command_header.hpp
[4.260s] -- Up-to-date: /home/brsd/microros_ws/install/drive_base_msgs/include/drive_base_msgs/msg/trv_command.hpp
[4.270s] -- Up-to-date: /home/brsd/microros_ws/install/drive_base_msgs/include/drive_base_msgs/msg/rosidl_generator_cpp__visibility_control.hpp
[4.270s] -- Up-to-date: /home/brsd/microros_ws/install/drive_base_msgs/include/drive_base_msgs/msg/detail
[4.271s] -- Up-to-date: /home/brsd/microros_ws/install/drive_base_msgs/include/drive_base_msgs/msg/detail/command_status__builder.hpp
[4.271s] -- Up-to-date: /home/brsd/microros_ws/install/drive_base_msgs/include/drive_base_msgs/msg/detail/command_header__traits.hpp
[4.278s] -- Up-to-date: /home/brsd/microros_ws/install/drive_base_msgs/include/drive_base_msgs/msg/detail/command_status__struct.hpp
[4.279s] -- Up-to-date: /home/brsd/microros_ws/install/drive_base_msgs/include/drive_base_msgs/msg/detail/command_header__struct.hpp
[4.279s] -- Up-to-date: /home/brsd/microros_ws/install/drive_base_msgs/include/drive_base_msgs/msg/detail/command_status__type_support.hpp
[4.280s] -- Up-to-date: /home/brsd/microros_ws/install/drive_base_msgs/include/drive_base_msgs/msg/detail/base_info__type_support.hpp
[4.281s] -- Up-to-date: /home/brsd/microros_ws/install/drive_base_msgs/include/drive_base_msgs/msg/detail/base_info__traits.hpp
[4.282s] -- Up-to-date: /home/brsd/microros_ws/install/drive_base_msgs/include/drive_base_msgs/msg/detail/base_info__struct.hpp
[4.283s] -- Up-to-date: /home/brsd/microros_ws/install/drive_base_msgs/include/drive_base_msgs/msg/detail/command_header__type_support.hpp
[4.283s] -- Up-to-date: /home/brsd/microros_ws/install/drive_base_msgs/include/drive_base_msgs/msg/detail/trv_command__type_support.hpp
[4.284s] -- Up-to-date: /home/brsd/microros_ws/install/drive_base_msgs/include/drive_base_msgs/msg/detail/command_header__builder.hpp
[4.284s] -- Up-to-date: /home/brsd/microros_ws/install/drive_base_msgs/include/drive_base_msgs/msg/detail/trv_command__traits.hpp
[4.285s] -- Up-to-date: /home/brsd/microros_ws/install/drive_base_msgs/include/drive_base_msgs/msg/detail/trv_command__builder.hpp
[4.285s] -- Up-to-date: /home/brsd/microros_ws/install/drive_base_msgs/include/drive_base_msgs/msg/detail/trv_command__struct.hpp
[4.286s] -- Up-to-date: /home/brsd/microros_ws/install/drive_base_msgs/include/drive_base_msgs/msg/detail/base_info__builder.hpp
[4.286s] -- Up-to-date: /home/brsd/microros_ws/install/drive_base_msgs/include/drive_base_msgs/msg/detail/command_status__traits.hpp
[4.286s] -- Up-to-date: /home/brsd/microros_ws/install/drive_base_msgs/include/drive_base_msgs
[4.287s] -- Up-to-date: /home/brsd/microros_ws/install/drive_base_msgs/include/drive_base_msgs/msg
[4.287s] -- Up-to-date: /home/brsd/microros_ws/install/drive_base_msgs/include/drive_base_msgs/msg/detail
[4.288s] -- Up-to-date: /home/brsd/microros_ws/install/drive_base_msgs/include/drive_base_msgs/msg/detail/command_header__type_support.cpp
[4.289s] -- Up-to-date: /home/brsd/microros_ws/install/drive_base_msgs/include/drive_base_msgs/msg/detail/command_header__rosidl_typesupport_introspection_cpp.hpp
[4.289s] -- Up-to-date: /home/brsd/microros_ws/install/drive_base_msgs/include/drive_base_msgs/msg/detail/command_status__type_support.cpp
[4.290s] -- Up-to-date: /home/brsd/microros_ws/install/drive_base_msgs/include/drive_base_msgs/msg/detail/base_info__rosidl_typesupport_introspection_cpp.hpp
[4.290s] -- Up-to-date: /home/brsd/microros_ws/install/drive_base_msgs/include/drive_base_msgs/msg/detail/base_info__type_support.cpp
[4.291s] -- Up-to-date: /home/brsd/microros_ws/install/drive_base_msgs/include/drive_base_msgs/msg/detail/trv_command__type_support.cpp
[4.291s] -- Up-to-date: /home/brsd/microros_ws/install/drive_base_msgs/include/drive_base_msgs/msg/detail/trv_command__rosidl_typesupport_introspection_cpp.hpp
[4.292s] -- Up-to-date: /home/brsd/microros_ws/install/drive_base_msgs/include/drive_base_msgs/msg/detail/command_status__rosidl_typesupport_introspection_cpp.hpp
[4.292s] -- Up-to-date: /home/brsd/microros_ws/install/drive_base_msgs/lib/libdrive_base_msgs__rosidl_typesupport_introspection_cpp.so
[4.293s] -- Up-to-date: /home/brsd/microros_ws/install/drive_base_msgs/lib/libdrive_base_msgs__rosidl_typesupport_cpp.so
[4.293s] -- Up-to-date: /home/brsd/microros_ws/install/drive_base_msgs/share/drive_base_msgs/environment/pythonpath.sh
[4.294s] -- Up-to-date: /home/brsd/microros_ws/install/drive_base_msgs/share/drive_base_msgs/environment/pythonpath.dsv
[4.295s] -- Up-to-date: /home/brsd/microros_ws/install/drive_base_msgs/lib/python3.8/site-packages/drive_base_msgs/__init__.py
[4.410s] -- Up-to-date: /home/brsd/microros_ws/install/drive_base_msgs/lib/python3.8/site-packages/drive_base_msgs/msg
[4.411s] -- Up-to-date: /home/brsd/microros_ws/install/drive_base_msgs/lib/python3.8/site-packages/drive_base_msgs/msg/_command_status_s.c
[4.413s] -- Up-to-date: /home/brsd/microros_ws/install/drive_base_msgs/lib/python3.8/site-packages/drive_base_msgs/msg/__init__.py
[4.414s] -- Up-to-date: /home/brsd/microros_ws/install/drive_base_msgs/lib/python3.8/site-packages/drive_base_msgs/msg/_command_header_s.c
[4.414s] -- Up-to-date: /home/brsd/microros_ws/install/drive_base_msgs/lib/python3.8/site-packages/drive_base_msgs/msg/_trv_command_s.c
[4.415s] -- Up-to-date: /home/brsd/microros_ws/install/drive_base_msgs/lib/python3.8/site-packages/drive_base_msgs/msg/_base_info_s.c
[4.416s] -- Up-to-date: /home/brsd/microros_ws/install/drive_base_msgs/lib/python3.8/site-packages/drive_base_msgs/msg/_command_status.py
[4.422s] -- Up-to-date: /home/brsd/microros_ws/install/drive_base_msgs/lib/python3.8/site-packages/drive_base_msgs/msg/_base_info.py
[4.423s] -- Up-to-date: /home/brsd/microros_ws/install/drive_base_msgs/lib/python3.8/site-packages/drive_base_msgs/msg/_trv_command.py
[4.423s] -- Up-to-date: /home/brsd/microros_ws/install/drive_base_msgs/lib/python3.8/site-packages/drive_base_msgs/msg/_command_header.py
[4.424s] -- Up-to-date: /home/brsd/microros_ws/install/drive_base_msgs/lib/python3.8/site-packages/drive_base_msgs/drive_base_msgs_s__rosidl_typesupport_fastrtps_c.cpython-38-aarch64-linux-gnu.so
[4.433s] -- Up-to-date: /home/brsd/microros_ws/install/drive_base_msgs/lib/python3.8/site-packages/drive_base_msgs/drive_base_msgs_s__rosidl_typesupport_introspection_c.cpython-38-aarch64-linux-gnu.so
[4.437s] -- Up-to-date: /home/brsd/microros_ws/install/drive_base_msgs/lib/python3.8/site-packages/drive_base_msgs/drive_base_msgs_s__rosidl_typesupport_c.cpython-38-aarch64-linux-gnu.so
[4.442s] -- Up-to-date: /home/brsd/microros_ws/install/drive_base_msgs/lib/libdrive_base_msgs__python.so
[4.444s] -- Up-to-date: /home/brsd/microros_ws/install/drive_base_msgs/share/drive_base_msgs/msg/CommandHeader.idl
[4.467s] -- Up-to-date: /home/brsd/microros_ws/install/drive_base_msgs/share/drive_base_msgs/msg/BaseInfo.idl
[4.467s] -- Up-to-date: /home/brsd/microros_ws/install/drive_base_msgs/share/drive_base_msgs/msg/CommandStatus.idl
[4.468s] -- Up-to-date: /home/brsd/microros_ws/install/drive_base_msgs/share/drive_base_msgs/msg/TRVCommand.idl
[4.469s] -- Up-to-date: /home/brsd/microros_ws/install/drive_base_msgs/share/drive_base_msgs/msg/CommandHeader.msg
[4.469s] -- Up-to-date: /home/brsd/microros_ws/install/drive_base_msgs/share/drive_base_msgs/msg/BaseInfo.msg
[4.470s] -- Up-to-date: /home/brsd/microros_ws/install/drive_base_msgs/share/drive_base_msgs/msg/CommandStatus.msg
[4.470s] -- Up-to-date: /home/brsd/microros_ws/install/drive_base_msgs/share/drive_base_msgs/msg/TRVCommand.msg
[4.470s] -- Up-to-date: /home/brsd/microros_ws/install/drive_base_msgs/share/ament_index/resource_index/package_run_dependencies/drive_base_msgs
[4.471s] -- Up-to-date: /home/brsd/microros_ws/install/drive_base_msgs/share/ament_index/resource_index/parent_prefix_path/drive_base_msgs
[4.471s] -- Up-to-date: /home/brsd/microros_ws/install/drive_base_msgs/share/drive_base_msgs/environment/ament_prefix_path.sh
[4.472s] -- Up-to-date: /home/brsd/microros_ws/install/drive_base_msgs/share/drive_base_msgs/environment/ament_prefix_path.dsv
[4.475s] -- Up-to-date: /home/brsd/microros_ws/install/drive_base_msgs/share/drive_base_msgs/environment/path.sh
[4.481s] -- Up-to-date: /home/brsd/microros_ws/install/drive_base_msgs/share/drive_base_msgs/environment/path.dsv
[4.484s] -- Up-to-date: /home/brsd/microros_ws/install/drive_base_msgs/share/drive_base_msgs/local_setup.bash
[4.486s] -- Up-to-date: /home/brsd/microros_ws/install/drive_base_msgs/share/drive_base_msgs/local_setup.sh
[4.487s] -- Up-to-date: /home/brsd/microros_ws/install/drive_base_msgs/share/drive_base_msgs/local_setup.zsh
[4.487s] -- Up-to-date: /home/brsd/microros_ws/install/drive_base_msgs/share/drive_base_msgs/local_setup.dsv
[4.488s] -- Installing: /home/brsd/microros_ws/install/drive_base_msgs/share/drive_base_msgs/package.dsv
[4.488s] -- Up-to-date: /home/brsd/microros_ws/install/drive_base_msgs/share/ament_index/resource_index/packages/drive_base_msgs
[4.489s] -- Up-to-date: /home/brsd/microros_ws/install/drive_base_msgs/share/drive_base_msgs/cmake/drive_base_msgs__rosidl_generator_cExport.cmake
[4.490s] -- Up-to-date: /home/brsd/microros_ws/install/drive_base_msgs/share/drive_base_msgs/cmake/drive_base_msgs__rosidl_generator_cExport-noconfig.cmake
[4.490s] -- Up-to-date: /home/brsd/microros_ws/install/drive_base_msgs/share/drive_base_msgs/cmake/drive_base_msgs__rosidl_typesupport_introspection_cExport.cmake
[4.504s] -- Up-to-date: /home/brsd/microros_ws/install/drive_base_msgs/share/drive_base_msgs/cmake/drive_base_msgs__rosidl_typesupport_introspection_cExport-noconfig.cmake
[4.505s] -- Up-to-date: /home/brsd/microros_ws/install/drive_base_msgs/share/drive_base_msgs/cmake/drive_base_msgs__rosidl_typesupport_cExport.cmake
[4.518s] -- Up-to-date: /home/brsd/microros_ws/install/drive_base_msgs/share/drive_base_msgs/cmake/drive_base_msgs__rosidl_typesupport_cExport-noconfig.cmake
[4.518s] -- Up-to-date: /home/brsd/microros_ws/install/drive_base_msgs/share/drive_base_msgs/cmake/drive_base_msgs__rosidl_generator_cppExport.cmake
[4.519s] -- Up-to-date: /home/brsd/microros_ws/install/drive_base_msgs/share/drive_base_msgs/cmake/drive_base_msgs__rosidl_typesupport_introspection_cppExport.cmake
[4.519s] -- Up-to-date: /home/brsd/microros_ws/install/drive_base_msgs/share/drive_base_msgs/cmake/drive_base_msgs__rosidl_typesupport_introspection_cppExport-noconfig.cmake
[4.520s] -- Up-to-date: /home/brsd/microros_ws/install/drive_base_msgs/share/drive_base_msgs/cmake/drive_base_msgs__rosidl_typesupport_cppExport.cmake
[4.521s] -- Up-to-date: /home/brsd/microros_ws/install/drive_base_msgs/share/drive_base_msgs/cmake/drive_base_msgs__rosidl_typesupport_cppExport-noconfig.cmake
[4.521s] -- Up-to-date: /home/brsd/microros_ws/install/drive_base_msgs/share/drive_base_msgs/cmake/rosidl_cmake-extras.cmake
[4.522s] -- Up-to-date: /home/brsd/microros_ws/install/drive_base_msgs/share/drive_base_msgs/cmake/ament_cmake_export_dependencies-extras.cmake
[4.523s] -- Up-to-date: /home/brsd/microros_ws/install/drive_base_msgs/share/drive_base_msgs/cmake/ament_cmake_export_libraries-extras.cmake
[4.523s] -- Up-to-date: /home/brsd/microros_ws/install/drive_base_msgs/share/drive_base_msgs/cmake/ament_cmake_export_targets-extras.cmake
[4.524s] -- Up-to-date: /home/brsd/microros_ws/install/drive_base_msgs/share/drive_base_msgs/cmake/ament_cmake_export_include_directories-extras.cmake
[4.524s] -- Up-to-date: /home/brsd/microros_ws/install/drive_base_msgs/share/drive_base_msgs/cmake/rosidl_cmake_export_typesupport_libraries-extras.cmake
[4.525s] -- Up-to-date: /home/brsd/microros_ws/install/drive_base_msgs/share/drive_base_msgs/cmake/rosidl_cmake_export_typesupport_targets-extras.cmake
[4.525s] -- Up-to-date: /home/brsd/microros_ws/install/drive_base_msgs/share/drive_base_msgs/cmake/drive_base_msgsConfig.cmake
[4.525s] -- Up-to-date: /home/brsd/microros_ws/install/drive_base_msgs/share/drive_base_msgs/cmake/drive_base_msgsConfig-version.cmake
[4.526s] -- Up-to-date: /home/brsd/microros_ws/install/drive_base_msgs/share/drive_base_msgs/package.xml
[4.634s] Invoked command in '/home/brsd/microros_ws/build/drive_base_msgs' returned '0': CMAKE_PREFIX_PATH=${CMAKE_PREFIX_PATH}:/home/brsd/microros_ws/install/person_detection:/home/brsd/microros_ws/install/pathfinding:/home/brsd/microros_ws/install/object_detection_pkg:/home/brsd/microros_ws/install/joystick_input:/home/brsd/microros_ws/install/jetson_comm:/home/brsd/microros_ws/install/fsm:/opt/ros/foxy /usr/bin/cmake --install /home/brsd/microros_ws/build/drive_base_msgs
