[12.179s] Invoking command in '/home/brsd/microros_ws/src/joystick_input': PYTHONPATH=/home/brsd/microros_ws/build/joystick_input/prefix_override:/usr/lib/python3/dist-packages/colcon_core/task/python/colcon_distutils_commands:/home/brsd/microros_ws/install/joystick_input/lib/python3.8/site-packages:${PYTHONPATH} /usr/bin/python3 -W ignore:setup.py install is deprecated setup.py egg_info --egg-base ../../build/joystick_input build --build-base /home/brsd/microros_ws/build/joystick_input/build install --record /home/brsd/microros_ws/build/joystick_input/install.log --install-scripts $base/lib/joystick_input --single-version-externally-managed install_data
[14.545s] running egg_info
[14.549s] writing ../../build/joystick_input/joystick_input.egg-info/PKG-INFO
[14.556s] writing dependency_links to ../../build/joystick_input/joystick_input.egg-info/dependency_links.txt
[14.560s] writing entry points to ../../build/joystick_input/joystick_input.egg-info/entry_points.txt
[14.562s] writing requirements to ../../build/joystick_input/joystick_input.egg-info/requires.txt
[14.564s] writing top-level names to ../../build/joystick_input/joystick_input.egg-info/top_level.txt
[14.845s] reading manifest file '../../build/joystick_input/joystick_input.egg-info/SOURCES.txt'
[14.860s] writing manifest file '../../build/joystick_input/joystick_input.egg-info/SOURCES.txt'
[14.861s] running build
[14.862s] running build_py
[14.863s] running install
[14.867s] running install_lib
[14.880s] running install_data
[14.882s] running install_egg_info
[14.895s] removing '/home/brsd/microros_ws/install/joystick_input/lib/python3.8/site-packages/joystick_input-0.0.0-py3.8.egg-info' (and everything under it)
[14.897s] Copying ../../build/joystick_input/joystick_input.egg-info to /home/brsd/microros_ws/install/joystick_input/lib/python3.8/site-packages/joystick_input-0.0.0-py3.8.egg-info
[14.911s] running install_scripts
[15.111s] Installing joystick_node script to /home/brsd/microros_ws/install/joystick_input/lib/joystick_input
[15.112s] writing list of installed files to '/home/brsd/microros_ws/build/joystick_input/install.log'
[15.964s] Invoked command in '/home/brsd/microros_ws/src/joystick_input' returned '0': PYTHONPATH=/home/brsd/microros_ws/build/joystick_input/prefix_override:/usr/lib/python3/dist-packages/colcon_core/task/python/colcon_distutils_commands:/home/brsd/microros_ws/install/joystick_input/lib/python3.8/site-packages:${PYTHONPATH} /usr/bin/python3 -W ignore:setup.py install is deprecated setup.py egg_info --egg-base ../../build/joystick_input build --build-base /home/brsd/microros_ws/build/joystick_input/build install --record /home/brsd/microros_ws/build/joystick_input/install.log --install-scripts $base/lib/joystick_input --single-version-externally-managed install_data
