[0.186s] Invoking command in '/home/brsd/microros_ws/build/xacro': CMAKE_PREFIX_PATH=${CMAKE_PREFIX_PATH}:/home/brsd/microros_ws/install/person_detection:/home/brsd/microros_ws/install/pathfinding:/home/brsd/microros_ws/install/object_detection_pkg:/home/brsd/microros_ws/install/joystick_input:/home/brsd/microros_ws/install/jetson_comm:/home/brsd/microros_ws/install/fsm:/opt/ros/foxy /usr/bin/cmake --build /home/brsd/microros_ws/build/xacro -- -j4 -l4
[0.642s] Invoked command in '/home/brsd/microros_ws/build/xacro' returned '0': CMAKE_PREFIX_PATH=${CMAKE_PREFIX_PATH}:/home/brsd/microros_ws/install/person_detection:/home/brsd/microros_ws/install/pathfinding:/home/brsd/microros_ws/install/object_detection_pkg:/home/brsd/microros_ws/install/joystick_input:/home/brsd/microros_ws/install/jetson_comm:/home/brsd/microros_ws/install/fsm:/opt/ros/foxy /usr/bin/cmake --build /home/brsd/microros_ws/build/xacro -- -j4 -l4
[1.270s] Invoking command in '/home/brsd/microros_ws/build/xacro': CMAKE_PREFIX_PATH=${CMAKE_PREFIX_PATH}:/home/brsd/microros_ws/install/person_detection:/home/brsd/microros_ws/install/pathfinding:/home/brsd/microros_ws/install/object_detection_pkg:/home/brsd/microros_ws/install/joystick_input:/home/brsd/microros_ws/install/jetson_comm:/home/brsd/microros_ws/install/fsm:/opt/ros/foxy /usr/bin/cmake --install /home/brsd/microros_ws/build/xacro
[1.401s] -- Install configuration: ""
[1.403s] -- Up-to-date: /home/brsd/microros_ws/install/xacro/share/xacro/environment/completion.bash
[1.404s] -- Up-to-date: /home/brsd/microros_ws/install/xacro/share/xacro/environment/pythonpath.sh
[1.405s] -- Up-to-date: /home/brsd/microros_ws/install/xacro/share/xacro/environment/pythonpath.dsv
[1.405s] -- Up-to-date: /home/brsd/microros_ws/install/xacro/lib/python3.8/site-packages/xacro
[1.412s] -- Up-to-date: /home/brsd/microros_ws/install/xacro/lib/python3.8/site-packages/xacro/__init__.py
[1.413s] -- Up-to-date: /home/brsd/microros_ws/install/xacro/lib/python3.8/site-packages/xacro/substitution_args.py
[1.413s] -- Up-to-date: /home/brsd/microros_ws/install/xacro/lib/python3.8/site-packages/xacro/xmlutils.py
[1.414s] -- Up-to-date: /home/brsd/microros_ws/install/xacro/lib/python3.8/site-packages/xacro/color.py
[1.414s] -- Up-to-date: /home/brsd/microros_ws/install/xacro/lib/python3.8/site-packages/xacro/cli.py
[1.910s] Listing '/home/brsd/microros_ws/install/xacro/lib/python3.8/site-packages/xacro'...
[1.972s] -- Up-to-date: /home/brsd/microros_ws/install/xacro/bin/xacro
[1.974s] -- Up-to-date: /home/brsd/microros_ws/install/xacro/lib/xacro/xacro
[1.977s] -- Up-to-date: /home/brsd/microros_ws/install/xacro/share/ament_index/resource_index/package_run_dependencies/xacro
[1.979s] -- Up-to-date: /home/brsd/microros_ws/install/xacro/share/ament_index/resource_index/parent_prefix_path/xacro
[1.980s] -- Up-to-date: /home/brsd/microros_ws/install/xacro/share/xacro/environment/ament_prefix_path.sh
[1.983s] -- Up-to-date: /home/brsd/microros_ws/install/xacro/share/xacro/environment/ament_prefix_path.dsv
[1.991s] -- Up-to-date: /home/brsd/microros_ws/install/xacro/share/xacro/environment/path.sh
[1.993s] -- Up-to-date: /home/brsd/microros_ws/install/xacro/share/xacro/environment/path.dsv
[1.994s] -- Up-to-date: /home/brsd/microros_ws/install/xacro/share/xacro/local_setup.bash
[1.998s] -- Up-to-date: /home/brsd/microros_ws/install/xacro/share/xacro/local_setup.sh
[2.001s] -- Up-to-date: /home/brsd/microros_ws/install/xacro/share/xacro/local_setup.zsh
[2.003s] -- Up-to-date: /home/brsd/microros_ws/install/xacro/share/xacro/local_setup.dsv
[2.008s] -- Installing: /home/brsd/microros_ws/install/xacro/share/xacro/package.dsv
[2.019s] -- Up-to-date: /home/brsd/microros_ws/install/xacro/share/ament_index/resource_index/packages/xacro
[2.020s] -- Up-to-date: /home/brsd/microros_ws/install/xacro/share/xacro/cmake/xacro-extras.cmake
[2.021s] -- Up-to-date: /home/brsd/microros_ws/install/xacro/share/xacro/cmake/xacroConfig.cmake
[2.021s] -- Up-to-date: /home/brsd/microros_ws/install/xacro/share/xacro/cmake/xacroConfig-version.cmake
[2.050s] -- Up-to-date: /home/brsd/microros_ws/install/xacro/share/xacro/package.xml
[2.052s] Invoked command in '/home/brsd/microros_ws/build/xacro' returned '0': CMAKE_PREFIX_PATH=${CMAKE_PREFIX_PATH}:/home/brsd/microros_ws/install/person_detection:/home/brsd/microros_ws/install/pathfinding:/home/brsd/microros_ws/install/object_detection_pkg:/home/brsd/microros_ws/install/joystick_input:/home/brsd/microros_ws/install/jetson_comm:/home/brsd/microros_ws/install/fsm:/opt/ros/foxy /usr/bin/cmake --install /home/brsd/microros_ws/build/xacro
